92
0 23
1 71
2 20
3 65
4 26
5 47
6 59
7 28
8 21
9 66
10 64
11 84
12 14
13 68
14 1
15 48
16 81
17 49
18 22
19 82
20 19
21 24
22 38
23 87
24 13
25 18
26 77
27 34
28 76
29 73
30 69
31 36
32 41
33 67
34 72
35 12
36 17
37 43
38 50
39 80
40 75
41 37
42 70
43 33
44 35
45 11
46 16
47 39
48 79
49 74
50 86
51 78
52 46
53 32
54 10
55 15
56 85
57 52
58 58
59 83
60 27
61 91
62 9
63 45
64 90
65 53
66 51
67 29
68 54
69 8
70 89
71 40
72 56
73 88
74 31
75 7
76 44
77 30
78 61
79 5
80 55
81 57
82 62
83 42
84 6
85 63
86 3
87 60
88 25
89 4
90 2
91 0
