87
0 28
1 46
2 51
3 20
4 66
5 31
6 49
7 14
8 48
9 65
10 1
11 64
12 80
13 26
14 83
15 19
16 62
17 52
18 81
19 13
20 18
21 41
22 38
23 70
24 43
25 33
26 86
27 69
28 67
29 32
30 12
31 17
32 68
33 35
34 39
35 79
36 74
37 71
38 75
39 72
40 11
41 16
42 21
43 84
44 37
45 44
46 34
47 76
48 73
49 10
50 15
51 40
52 42
53 63
54 22
55 27
56 77
57 9
58 85
59 82
60 78
61 56
62 45
63 59
64 8
65 50
66 53
67 23
68 60
69 36
70 7
71 55
72 30
73 47
74 5
75 29
76 25
77 58
78 54
79 6
80 57
81 3
82 24
83 61
84 4
85 2
86 0
