125
1 2
2 2
3 1
4 1
5 1
6 0
7 1
8 2
9 2
10 0
11 0
12 3
13 0
14 1
15 1
16 2
17 3
18 3
19 1
20 2
21 3
22 1
23 1
24 1
25 0
26 1
27 3
28 1
29 1
30 1
31 0
32 2
33 0
34 0
35 3
36 2
37 1
38 0
39 2
40 2
41 0
42 3
43 3
44 1
45 3
46 2
47 0
48 2
49 2
50 1
51 0
52 2
53 1
54 3
55 2
56 3
57 1
58 1
59 1
60 2
61 0
62 0
63 0
64 2
65 2
66 0
67 2
68 2
69 2
70 2
71 1
72 0
73 3
74 2
75 2
76 3
77 0
78 3
79 0
80 1
81 3
82 3
83 1
84 3
85 0
86 0
87 2
88 0
89 1
90 2
91 1
92 1
93 0
94 2
95 3
96 3
97 2
98 2
99 2
100 2
101 0
102 1
103 3
104 3
105 1
106 0
107 0
108 2
109 1
110 0
111 1
112 0
113 1
114 2
115 2
116 3
117 3
118 0
119 0
120 3
121 2
122 0
123 0
124 1
125 1
