160
1 0
2 3
3 0
4 1
5 1
6 3
7 1
8 0
9 3
10 3
11 0
12 2
13 1
14 3
15 1
16 1
17 2
18 0
19 0
20 3
21 1
22 1
23 0
24 0
25 0
26 3
27 2
28 3
29 1
30 3
31 2
32 0
33 2
34 2
35 3
36 2
37 2
38 1
39 1
40 1
41 0
42 1
43 3
44 3
45 1
46 3
47 3
48 1
49 0
50 1
51 2
52 2
53 3
54 3
55 1
56 2
57 1
58 0
59 1
60 3
61 0
62 3
63 2
64 2
65 0
66 0
67 2
68 2
69 0
70 2
71 2
72 2
73 1
74 2
75 2
76 2
77 3
78 2
79 1
80 2
81 0
82 0
83 1
84 3
85 3
86 2
87 3
88 2
89 2
90 2
91 3
92 0
93 2
94 1
95 0
96 2
97 3
98 3
99 0
100 2
101 1
102 0
103 3
104 0
105 0
106 2
107 2
108 1
109 2
110 3
111 0
112 1
113 1
114 0
115 1
116 0
117 1
118 0
119 0
120 0
121 1
122 0
123 2
124 3
125 0
126 1
127 0
128 1
129 0
130 3
131 1
132 2
133 0
134 1
135 3
136 1
137 2
138 0
139 2
140 2
141 1
142 3
143 0
144 1
145 0
146 1
147 2
148 0
149 1
150 3
151 3
152 0
153 0
154 0
155 1
156 3
157 2
158 1
159 1
160 2
