163
1 2
2 3
3 2
4 3
5 2
6 1
7 2
8 2
9 3
10 1
11 3
12 3
13 0
14 2
15 3
16 2
17 1
18 3
19 0
20 2
21 0
22 1
23 2
24 0
25 1
26 2
27 3
28 0
29 3
30 0
31 0
32 1
33 0
34 1
35 2
36 1
37 2
38 3
39 1
40 0
41 1
42 0
43 3
44 2
45 2
46 0
47 1
48 2
49 1
50 1
51 0
52 1
53 1
54 0
55 1
56 0
57 3
58 3
59 1
60 2
61 3
62 3
63 0
64 1
65 3
66 3
67 3
68 3
69 3
70 1
71 2
72 3
73 2
74 2
75 3
76 3
77 3
78 2
79 2
80 1
81 1
82 2
83 1
84 2
85 2
86 1
87 3
88 1
89 3
90 0
91 3
92 1
93 0
94 2
95 1
96 3
97 3
98 0
99 0
100 1
101 1
102 1
103 3
104 1
105 1
106 0
107 0
108 2
109 1
110 2
111 0
112 0
113 3
114 1
115 0
116 0
117 1
118 0
119 2
120 0
121 1
122 0
123 0
124 3
125 0
126 2
127 2
128 0
129 1
130 3
131 0
132 3
133 1
134 2
135 0
136 0
137 2
138 3
139 2
140 1
141 1
142 2
143 0
144 0
145 1
146 3
147 1
148 2
149 1
150 1
151 2
152 0
153 2
154 0
155 0
156 1
157 2
158 1
159 2
160 2
161 0
162 2
163 0
