123
1 2
2 0
3 0
4 1
5 2
6 0
7 3
8 2
9 2
10 2
11 1
12 2
13 0
14 2
15 0
16 2
17 1
18 3
19 3
20 0
21 0
22 3
23 0
24 3
25 3
26 3
27 3
28 3
29 1
30 2
31 2
32 2
33 0
34 3
35 3
36 2
37 0
38 3
39 3
40 3
41 1
42 1
43 0
44 1
45 2
46 1
47 3
48 3
49 3
50 0
51 1
52 0
53 1
54 1
55 0
56 0
57 0
58 3
59 2
60 1
61 2
62 2
63 0
64 3
65 2
66 0
67 1
68 2
69 0
70 0
71 1
72 3
73 3
74 1
75 1
76 2
77 1
78 1
79 1
80 1
81 1
82 0
83 0
84 2
85 1
86 0
87 1
88 2
89 2
90 1
91 2
92 2
93 1
94 1
95 1
96 3
97 2
98 3
99 3
100 2
101 0
102 3
103 3
104 2
105 3
106 1
107 1
108 0
109 2
110 0
111 2
112 0
113 0
114 0
115 0
116 1
117 3
118 1
119 0
120 1
121 1
122 0
123 2
