156
1 2
2 1
3 2
4 1
5 1
6 3
7 2
8 0
9 1
10 1
11 3
12 3
13 3
14 1
15 3
16 0
17 2
18 0
19 2
20 1
21 0
22 3
23 2
24 2
25 0
26 0
27 3
28 3
29 1
30 0
31 1
32 1
33 0
34 1
35 0
36 0
37 2
38 2
39 3
40 2
41 1
42 0
43 0
44 0
45 3
46 3
47 0
48 0
49 3
50 2
51 1
52 1
53 3
54 0
55 0
56 1
57 1
58 1
59 2
60 1
61 2
62 0
63 3
64 1
65 1
66 3
67 1
68 0
69 3
70 1
71 1
72 0
73 0
74 1
75 0
76 0
77 1
78 2
79 2
80 3
81 1
82 3
83 2
84 3
85 2
86 3
87 1
88 2
89 3
90 2
91 1
92 2
93 3
94 3
95 2
96 2
97 2
98 2
99 0
100 2
101 2
102 0
103 3
104 1
105 1
106 2
107 3
108 2
109 0
110 1
111 3
112 2
113 1
114 0
115 2
116 0
117 0
118 2
119 0
120 0
121 2
122 3
123 0
124 0
125 1
126 1
127 0
128 3
129 1
130 2
131 2
132 3
133 0
134 1
135 3
136 1
137 1
138 1
139 1
140 1
141 0
142 2
143 3
144 2
145 3
146 1
147 3
148 3
149 0
150 2
151 0
152 1
153 0
154 1
155 2
156 0
