150
1 3
2 1
3 3
4 3
5 1
6 1
7 2
8 0
9 1
10 3
11 0
12 2
13 2
14 1
15 2
16 1
17 2
18 0
19 1
20 3
21 0
22 1
23 0
24 0
25 3
26 0
27 2
28 1
29 2
30 3
31 1
32 2
33 0
34 0
35 3
36 1
37 3
38 1
39 3
40 3
41 0
42 3
43 0
44 1
45 1
46 3
47 3
48 1
49 2
50 3
51 2
52 0
53 0
54 0
55 2
56 2
57 2
58 2
59 0
60 3
61 1
62 2
63 3
64 1
65 3
66 1
67 1
68 1
69 3
70 0
71 2
72 0
73 0
74 2
75 3
76 3
77 0
78 3
79 3
80 0
81 1
82 2
83 1
84 1
85 3
86 2
87 0
88 2
89 1
90 0
91 0
92 2
93 1
94 2
95 2
96 1
97 3
98 1
99 1
100 2
101 0
102 2
103 1
104 2
105 0
106 0
107 3
108 3
109 0
110 1
111 1
112 1
113 0
114 2
115 2
116 3
117 2
118 3
119 3
120 3
121 2
122 3
123 0
124 1
125 0
126 2
127 2
128 1
129 0
130 0
131 1
132 0
133 2
134 2
135 2
136 1
137 1
138 0
139 0
140 1
141 0
142 1
143 3
144 1
145 3
146 1
147 0
148 2
149 3
150 0
