184
1 1
2 1
3 2
4 0
5 3
6 2
7 0
8 0
9 2
10 3
11 3
12 0
13 2
14 3
15 2
16 1
17 2
18 0
19 1
20 1
21 3
22 3
23 3
24 2
25 1
26 0
27 0
28 0
29 3
30 0
31 2
32 0
33 3
34 1
35 2
36 2
37 2
38 0
39 0
40 1
41 2
42 3
43 1
44 1
45 0
46 0
47 1
48 1
49 3
50 0
51 3
52 0
53 0
54 2
55 1
56 1
57 3
58 1
59 1
60 2
61 2
62 2
63 3
64 2
65 2
66 3
67 1
68 3
69 0
70 1
71 3
72 2
73 1
74 3
75 0
76 1
77 1
78 0
79 3
80 1
81 3
82 3
83 0
84 1
85 3
86 1
87 0
88 0
89 3
90 1
91 2
92 0
93 1
94 1
95 2
96 1
97 2
98 0
99 1
100 2
101 0
102 1
103 3
104 1
105 0
106 0
107 0
108 1
109 2
110 3
111 1
112 2
113 0
114 1
115 0
116 3
117 0
118 2
119 1
120 1
121 0
122 2
123 3
124 1
125 0
126 0
127 0
128 0
129 2
130 3
131 2
132 0
133 2
134 2
135 1
136 2
137 2
138 3
139 1
140 2
141 3
142 0
143 0
144 2
145 1
146 2
147 3
148 2
149 1
150 1
151 2
152 3
153 3
154 2
155 3
156 0
157 2
158 0
159 2
160 2
161 0
162 0
163 2
164 0
165 0
166 0
167 3
168 2
169 1
170 2
171 3
172 3
173 2
174 3
175 1
176 0
177 0
178 1
179 0
180 1
181 1
182 2
183 1
184 2
