112
1 2
2 3
3 0
4 3
5 0
6 3
7 2
8 1
9 0
10 1
11 2
12 1
13 0
14 3
15 3
16 3
17 1
18 2
19 3
20 2
21 2
22 1
23 1
24 2
25 2
26 3
27 2
28 2
29 2
30 2
31 3
32 2
33 2
34 3
35 1
36 0
37 0
38 2
39 1
40 0
41 1
42 0
43 2
44 3
45 0
46 0
47 3
48 3
49 0
50 3
51 1
52 1
53 1
54 1
55 2
56 3
57 1
58 3
59 0
60 0
61 0
62 1
63 3
64 3
65 1
66 0
67 1
68 0
69 3
70 1
71 0
72 0
73 2
74 0
75 0
76 3
77 1
78 3
79 1
80 0
81 2
82 2
83 2
84 0
85 1
86 1
87 1
88 1
89 3
90 0
91 1
92 0
93 2
94 2
95 2
96 1
97 2
98 0
99 0
100 0
101 2
102 2
103 2
104 1
105 2
106 2
107 1
108 0
109 3
110 3
111 3
112 1
