189
1 3
2 1
3 3
4 2
5 3
6 3
7 3
8 3
9 3
10 3
11 3
12 3
13 1
14 3
15 1
16 1
17 2
18 1
19 2
20 3
21 0
22 0
23 3
24 1
25 3
26 3
27 2
28 3
29 3
30 1
31 1
32 0
33 3
34 2
35 0
36 1
37 1
38 0
39 0
40 0
41 3
42 2
43 0
44 0
45 0
46 1
47 1
48 1
49 3
50 2
51 2
52 1
53 0
54 1
55 0
56 1
57 1
58 0
59 3
60 1
61 3
62 1
63 0
64 3
65 2
66 1
67 3
68 2
69 0
70 2
71 1
72 2
73 2
74 3
75 0
76 0
77 0
78 1
79 0
80 2
81 2
82 3
83 0
84 3
85 3
86 1
87 2
88 0
89 2
90 1
91 3
92 3
93 1
94 1
95 2
96 2
97 1
98 3
99 3
100 1
101 1
102 3
103 0
104 3
105 2
106 2
107 1
108 2
109 1
110 2
111 2
112 3
113 3
114 1
115 3
116 2
117 0
118 3
119 0
120 3
121 2
122 2
123 1
124 1
125 3
126 2
127 0
128 1
129 1
130 2
131 2
132 0
133 0
134 0
135 1
136 1
137 1
138 3
139 2
140 2
141 2
142 2
143 2
144 2
145 0
146 2
147 0
148 0
149 1
150 0
151 1
152 2
153 2
154 0
155 1
156 0
157 1
158 0
159 1
160 1
161 2
162 1
163 0
164 2
165 2
166 0
167 2
168 3
169 1
170 1
171 3
172 0
173 1
174 0
175 0
176 2
177 1
178 0
179 2
180 0
181 0
182 3
183 0
184 0
185 0
186 2
187 3
188 1
189 2
