107
1 0
2 2
3 0
4 3
5 2
6 1
7 1
8 3
9 1
10 3
11 1
12 1
13 0
14 0
15 3
16 0
17 0
18 1
19 3
20 0
21 2
22 1
23 3
24 3
25 3
26 0
27 3
28 2
29 2
30 0
31 3
32 3
33 2
34 2
35 0
36 1
37 2
38 0
39 1
40 2
41 3
42 3
43 2
44 2
45 1
46 2
47 0
48 2
49 0
50 0
51 2
52 0
53 0
54 0
55 0
56 0
57 2
58 3
59 1
60 3
61 3
62 2
63 2
64 0
65 0
66 2
67 3
68 1
69 3
70 1
71 2
72 1
73 0
74 2
75 0
76 0
77 1
78 1
79 1
80 1
81 3
82 1
83 0
84 3
85 3
86 3
87 3
88 2
89 2
90 3
91 0
92 1
93 1
94 0
95 1
96 1
97 0
98 2
99 2
100 2
101 1
102 2
103 3
104 0
105 1
106 1
107 1
