130
1 2
2 3
3 3
4 1
5 2
6 3
7 0
8 0
9 3
10 1
11 1
12 1
13 0
14 2
15 2
16 2
17 1
18 3
19 2
20 3
21 2
22 3
23 0
24 0
25 3
26 1
27 3
28 1
29 2
30 2
31 0
32 0
33 2
34 1
35 3
36 0
37 3
38 2
39 3
40 3
41 2
42 3
43 2
44 0
45 2
46 1
47 3
48 1
49 0
50 0
51 2
52 2
53 0
54 0
55 1
56 2
57 3
58 3
59 0
60 2
61 2
62 0
63 2
64 3
65 1
66 3
67 1
68 2
69 0
70 1
71 1
72 3
73 2
74 2
75 3
76 2
77 0
78 1
79 2
80 2
81 0
82 3
83 1
84 0
85 0
86 3
87 2
88 1
89 2
90 0
91 0
92 1
93 2
94 2
95 2
96 0
97 2
98 1
99 3
100 3
101 0
102 2
103 0
104 0
105 0
106 1
107 3
108 1
109 0
110 1
111 0
112 3
113 1
114 1
115 0
116 1
117 1
118 1
119 1
120 1
121 0
122 1
123 3
124 3
125 0
126 0
127 1
128 0
129 2
130 0
