111
1 1
2 3
3 2
4 1
5 3
6 1
7 3
8 0
9 2
10 3
11 2
12 2
13 1
14 3
15 2
16 0
17 0
18 2
19 0
20 0
21 1
22 0
23 1
24 1
25 1
26 3
27 1
28 3
29 1
30 2
31 0
32 2
33 1
34 2
35 3
36 3
37 3
38 0
39 1
40 1
41 0
42 2
43 0
44 3
45 0
46 2
47 3
48 2
49 3
50 2
51 3
52 1
53 0
54 2
55 1
56 0
57 3
58 2
59 3
60 3
61 1
62 2
63 0
64 2
65 1
66 1
67 2
68 2
69 0
70 0
71 3
72 2
73 3
74 0
75 2
76 1
77 0
78 0
79 3
80 2
81 0
82 0
83 0
84 3
85 1
86 1
87 3
88 0
89 1
90 2
91 0
92 1
93 2
94 0
95 2
96 0
97 2
98 0
99 1
100 3
101 0
102 0
103 0
104 1
105 1
106 2
107 3
108 1
109 0
110 3
111 2
