158
1 3
2 1
3 0
4 1
5 3
6 1
7 3
8 1
9 3
10 0
11 2
12 2
13 2
14 0
15 1
16 0
17 1
18 0
19 3
20 2
21 3
22 2
23 0
24 1
25 1
26 3
27 3
28 2
29 2
30 2
31 0
32 2
33 2
34 2
35 1
36 1
37 3
38 2
39 3
40 1
41 3
42 1
43 2
44 1
45 1
46 0
47 0
48 2
49 0
50 0
51 0
52 0
53 1
54 0
55 1
56 3
57 3
58 1
59 3
60 2
61 1
62 0
63 0
64 0
65 2
66 3
67 3
68 1
69 0
70 3
71 0
72 3
73 3
74 2
75 2
76 2
77 1
78 1
79 1
80 0
81 0
82 2
83 1
84 1
85 1
86 2
87 3
88 3
89 0
90 0
91 1
92 2
93 3
94 3
95 1
96 2
97 2
98 1
99 0
100 2
101 2
102 1
103 2
104 3
105 2
106 1
107 3
108 3
109 1
110 1
111 2
112 2
113 3
114 0
115 2
116 0
117 2
118 0
119 3
120 0
121 0
122 1
123 3
124 0
125 1
126 2
127 1
128 0
129 2
130 2
131 2
132 1
133 3
134 0
135 2
136 1
137 2
138 1
139 2
140 0
141 2
142 0
143 1
144 1
145 1
146 1
147 0
148 3
149 0
150 0
151 0
152 3
153 0
154 2
155 1
156 1
157 0
158 2
