151
1 0
2 3
3 3
4 3
5 2
6 2
7 0
8 0
9 3
10 2
11 0
12 3
13 3
14 2
15 3
16 1
17 0
18 2
19 2
20 0
21 1
22 3
23 0
24 3
25 1
26 1
27 1
28 1
29 3
30 0
31 2
32 3
33 2
34 3
35 2
36 0
37 1
38 3
39 2
40 1
41 1
42 1
43 0
44 1
45 2
46 3
47 1
48 0
49 3
50 2
51 1
52 0
53 2
54 1
55 2
56 2
57 2
58 1
59 2
60 2
61 2
62 1
63 0
64 2
65 0
66 1
67 1
68 2
69 2
70 1
71 1
72 2
73 3
74 1
75 0
76 0
77 0
78 3
79 1
80 3
81 3
82 0
83 1
84 0
85 1
86 0
87 3
88 1
89 3
90 0
91 1
92 2
93 0
94 0
95 3
96 3
97 2
98 3
99 3
100 1
101 0
102 3
103 1
104 2
105 2
106 0
107 0
108 0
109 1
110 0
111 2
112 0
113 0
114 1
115 1
116 0
117 1
118 1
119 1
120 1
121 1
122 3
123 2
124 3
125 2
126 0
127 1
128 1
129 2
130 2
131 0
132 2
133 3
134 3
135 2
136 0
137 1
138 0
139 3
140 0
141 3
142 3
143 3
144 2
145 2
146 0
147 3
148 2
149 0
150 0
151 1
