134
1 3
2 3
3 0
4 1
5 0
6 3
7 2
8 1
9 1
10 0
11 0
12 1
13 2
14 1
15 3
16 3
17 0
18 1
19 1
20 3
21 0
22 1
23 1
24 1
25 2
26 2
27 1
28 0
29 0
30 1
31 2
32 3
33 3
34 1
35 0
36 2
37 0
38 1
39 3
40 2
41 1
42 2
43 1
44 1
45 1
46 0
47 1
48 1
49 0
50 2
51 1
52 2
53 3
54 3
55 3
56 0
57 3
58 2
59 3
60 0
61 1
62 2
63 3
64 0
65 3
66 1
67 2
68 1
69 2
70 2
71 1
72 2
73 2
74 1
75 2
76 3
77 0
78 3
79 0
80 2
81 3
82 2
83 0
84 0
85 2
86 3
87 2
88 1
89 2
90 0
91 0
92 2
93 1
94 0
95 0
96 3
97 0
98 0
99 2
100 0
101 2
102 1
103 2
104 0
105 1
106 3
107 0
108 0
109 3
110 0
111 1
112 1
113 2
114 2
115 3
116 3
117 0
118 1
119 2
120 0
121 3
122 2
123 1
124 3
125 3
126 2
127 3
128 3
129 1
130 3
131 0
132 3
133 1
134 0
