175
1 3
2 0
3 1
4 0
5 2
6 2
7 3
8 3
9 2
10 3
11 2
12 1
13 3
14 3
15 3
16 1
17 2
18 3
19 3
20 0
21 0
22 0
23 3
24 1
25 1
26 3
27 1
28 2
29 1
30 3
31 1
32 2
33 2
34 3
35 1
36 1
37 2
38 2
39 2
40 2
41 1
42 0
43 3
44 2
45 2
46 1
47 2
48 2
49 0
50 1
51 1
52 2
53 1
54 3
55 0
56 3
57 2
58 2
59 3
60 3
61 2
62 1
63 0
64 0
65 3
66 0
67 2
68 0
69 2
70 0
71 2
72 1
73 0
74 1
75 2
76 0
77 0
78 1
79 3
80 2
81 2
82 2
83 1
84 3
85 1
86 2
87 3
88 0
89 1
90 3
91 2
92 3
93 1
94 2
95 2
96 0
97 1
98 0
99 2
100 3
101 1
102 0
103 1
104 0
105 1
106 2
107 1
108 1
109 1
110 0
111 0
112 3
113 0
114 2
115 1
116 2
117 2
118 0
119 1
120 3
121 3
122 0
123 0
124 0
125 3
126 2
127 0
128 3
129 3
130 0
131 0
132 1
133 2
134 2
135 0
136 3
137 0
138 3
139 1
140 0
141 2
142 1
143 0
144 1
145 1
146 3
147 2
148 0
149 1
150 3
151 0
152 0
153 2
154 2
155 0
156 0
157 1
158 0
159 1
160 3
161 0
162 2
163 0
164 2
165 0
166 1
167 1
168 3
169 2
170 0
171 1
172 1
173 2
174 1
175 2
