117
1 2
2 2
3 1
4 0
5 3
6 3
7 2
8 1
9 2
10 1
11 2
12 3
13 2
14 1
15 3
16 3
17 3
18 0
19 0
20 3
21 1
22 2
23 1
24 3
25 1
26 2
27 1
28 3
29 0
30 0
31 1
32 2
33 1
34 2
35 0
36 3
37 3
38 2
39 1
40 3
41 2
42 0
43 3
44 0
45 3
46 3
47 0
48 0
49 1
50 0
51 2
52 3
53 1
54 0
55 3
56 2
57 0
58 3
59 3
60 2
61 0
62 1
63 3
64 3
65 0
66 1
67 1
68 0
69 2
70 2
71 1
72 1
73 3
74 1
75 0
76 0
77 0
78 2
79 2
80 1
81 2
82 1
83 0
84 2
85 2
86 2
87 1
88 0
89 0
90 2
91 2
92 2
93 1
94 2
95 1
96 0
97 1
98 3
99 0
100 2
101 0
102 1
103 1
104 0
105 1
106 3
107 2
108 3
109 1
110 1
111 2
112 0
113 1
114 3
115 3
116 0
117 0
