198
1 0
2 3
3 1
4 3
5 2
6 3
7 1
8 0
9 1
10 0
11 2
12 3
13 2
14 2
15 0
16 0
17 2
18 1
19 2
20 1
21 1
22 0
23 0
24 1
25 2
26 2
27 2
28 2
29 0
30 3
31 1
32 3
33 0
34 2
35 3
36 3
37 1
38 3
39 1
40 3
41 1
42 0
43 0
44 1
45 1
46 1
47 1
48 2
49 1
50 1
51 1
52 3
53 3
54 1
55 2
56 0
57 0
58 1
59 0
60 2
61 0
62 1
63 3
64 0
65 0
66 0
67 0
68 2
69 3
70 3
71 0
72 1
73 3
74 1
75 1
76 1
77 3
78 0
79 1
80 3
81 3
82 1
83 2
84 2
85 0
86 2
87 2
88 3
89 2
90 2
91 1
92 1
93 3
94 2
95 0
96 2
97 1
98 2
99 3
100 0
101 2
102 3
103 0
104 2
105 0
106 3
107 2
108 2
109 0
110 1
111 1
112 0
113 0
114 3
115 2
116 1
117 1
118 2
119 2
120 1
121 1
122 2
123 3
124 3
125 3
126 3
127 1
128 1
129 3
130 2
131 1
132 0
133 2
134 2
135 2
136 1
137 2
138 2
139 0
140 3
141 1
142 2
143 0
144 1
145 0
146 0
147 0
148 2
149 3
150 0
151 0
152 2
153 2
154 0
155 1
156 1
157 0
158 3
159 1
160 2
161 0
162 1
163 2
164 0
165 0
166 0
167 2
168 2
169 3
170 3
171 1
172 2
173 0
174 3
175 2
176 2
177 3
178 1
179 1
180 1
181 1
182 3
183 2
184 3
185 0
186 2
187 2
188 1
189 1
190 1
191 3
192 0
193 3
194 0
195 0
196 3
197 2
198 2
