178
1 2
2 2
3 1
4 0
5 1
6 0
7 1
8 1
9 1
10 2
11 2
12 3
13 1
14 0
15 0
16 2
17 1
18 2
19 2
20 3
21 1
22 0
23 2
24 2
25 3
26 0
27 2
28 2
29 0
30 1
31 1
32 1
33 1
34 1
35 3
36 1
37 2
38 2
39 3
40 1
41 3
42 2
43 1
44 1
45 3
46 0
47 3
48 0
49 2
50 2
51 2
52 1
53 3
54 0
55 2
56 3
57 0
58 3
59 3
60 2
61 0
62 3
63 2
64 2
65 1
66 0
67 2
68 2
69 3
70 1
71 2
72 2
73 0
74 3
75 0
76 2
77 3
78 0
79 1
80 0
81 0
82 1
83 0
84 2
85 3
86 2
87 2
88 0
89 1
90 1
91 0
92 0
93 1
94 3
95 3
96 0
97 1
98 0
99 2
100 0
101 1
102 2
103 0
104 2
105 1
106 3
107 2
108 0
109 1
110 3
111 0
112 0
113 2
114 3
115 0
116 2
117 3
118 2
119 2
120 3
121 0
122 3
123 1
124 1
125 0
126 1
127 3
128 3
129 1
130 3
131 0
132 3
133 1
134 0
135 0
136 1
137 1
138 0
139 0
140 1
141 0
142 2
143 0
144 1
145 1
146 2
147 1
148 3
149 2
150 2
151 1
152 0
153 1
154 0
155 0
156 1
157 1
158 2
159 0
160 2
161 2
162 1
163 3
164 3
165 2
166 1
167 1
168 0
169 1
170 3
171 1
172 3
173 0
174 0
175 2
176 0
177 1
178 2
