185
1 2
2 3
3 3
4 3
5 0
6 0
7 3
8 0
9 2
10 3
11 0
12 3
13 2
14 1
15 0
16 0
17 3
18 3
19 0
20 3
21 1
22 0
23 3
24 1
25 0
26 3
27 1
28 3
29 0
30 1
31 2
32 1
33 1
34 3
35 1
36 3
37 3
38 3
39 3
40 2
41 3
42 1
43 0
44 0
45 3
46 3
47 2
48 3
49 1
50 2
51 2
52 2
53 3
54 2
55 1
56 2
57 1
58 3
59 1
60 1
61 2
62 0
63 2
64 2
65 2
66 1
67 0
68 2
69 0
70 0
71 3
72 1
73 1
74 1
75 2
76 3
77 0
78 3
79 1
80 2
81 2
82 1
83 3
84 3
85 2
86 0
87 1
88 3
89 1
90 3
91 2
92 0
93 0
94 1
95 1
96 1
97 1
98 2
99 1
100 1
101 2
102 0
103 0
104 1
105 2
106 0
107 2
108 1
109 2
110 3
111 0
112 0
113 3
114 2
115 1
116 2
117 1
118 3
119 1
120 1
121 2
122 1
123 0
124 1
125 1
126 3
127 2
128 0
129 3
130 3
131 0
132 0
133 3
134 2
135 2
136 3
137 1
138 3
139 1
140 3
141 0
142 2
143 0
144 1
145 2
146 2
147 3
148 3
149 0
150 2
151 0
152 1
153 1
154 1
155 0
156 0
157 2
158 2
159 2
160 2
161 0
162 1
163 3
164 0
165 0
166 0
167 1
168 2
169 1
170 2
171 0
172 0
173 3
174 0
175 0
176 0
177 0
178 3
179 0
180 0
181 2
182 3
183 0
184 3
185 0
