145
1 3
2 2
3 1
4 0
5 3
6 3
7 3
8 3
9 2
10 0
11 3
12 1
13 3
14 0
15 3
16 0
17 1
18 2
19 0
20 2
21 3
22 3
23 2
24 2
25 1
26 1
27 0
28 3
29 1
30 3
31 3
32 1
33 2
34 3
35 2
36 1
37 0
38 0
39 3
40 2
41 3
42 1
43 2
44 0
45 3
46 0
47 1
48 3
49 3
50 2
51 1
52 0
53 3
54 2
55 0
56 2
57 2
58 1
59 1
60 0
61 0
62 0
63 2
64 1
65 0
66 1
67 0
68 2
69 3
70 0
71 1
72 3
73 0
74 2
75 2
76 3
77 3
78 2
79 3
80 3
81 0
82 1
83 1
84 0
85 2
86 1
87 1
88 3
89 2
90 3
91 1
92 0
93 0
94 0
95 3
96 3
97 0
98 3
99 2
100 1
101 2
102 2
103 0
104 2
105 1
106 1
107 2
108 3
109 2
110 0
111 0
112 3
113 1
114 1
115 2
116 0
117 3
118 2
119 2
120 0
121 1
122 1
123 0
124 0
125 1
126 2
127 0
128 2
129 1
130 0
131 1
132 2
133 2
134 3
135 1
136 1
137 1
138 3
139 1
140 3
141 1
142 1
143 2
144 3
145 2
