121
1 2
2 0
3 1
4 1
5 3
6 3
7 0
8 0
9 2
10 1
11 3
12 2
13 2
14 1
15 3
16 0
17 2
18 3
19 3
20 1
21 1
22 2
23 1
24 2
25 2
26 2
27 3
28 2
29 0
30 1
31 3
32 2
33 3
34 0
35 3
36 3
37 0
38 3
39 0
40 3
41 2
42 0
43 0
44 2
45 1
46 0
47 1
48 3
49 2
50 1
51 1
52 0
53 1
54 1
55 3
56 2
57 1
58 2
59 0
60 1
61 3
62 2
63 2
64 0
65 0
66 1
67 0
68 0
69 1
70 3
71 2
72 3
73 1
74 1
75 0
76 0
77 2
78 0
79 0
80 0
81 3
82 2
83 1
84 0
85 2
86 2
87 3
88 1
89 2
90 2
91 3
92 2
93 3
94 0
95 0
96 0
97 2
98 3
99 2
100 1
101 2
102 2
103 2
104 0
105 2
106 3
107 0
108 3
109 0
110 1
111 1
112 2
113 2
114 2
115 0
116 1
117 1
118 3
119 0
120 1
121 0
