164
1 2
2 2
3 3
4 3
5 2
6 0
7 3
8 0
9 2
10 1
11 2
12 0
13 0
14 1
15 3
16 0
17 2
18 1
19 0
20 1
21 3
22 0
23 2
24 2
25 2
26 2
27 3
28 3
29 3
30 2
31 1
32 0
33 0
34 3
35 1
36 3
37 0
38 2
39 1
40 3
41 2
42 3
43 2
44 1
45 0
46 2
47 3
48 0
49 1
50 3
51 1
52 1
53 2
54 1
55 0
56 3
57 0
58 3
59 2
60 2
61 0
62 3
63 1
64 2
65 3
66 1
67 0
68 2
69 2
70 2
71 2
72 0
73 2
74 3
75 2
76 1
77 1
78 0
79 3
80 0
81 3
82 1
83 3
84 0
85 3
86 3
87 1
88 1
89 0
90 1
91 0
92 1
93 2
94 1
95 0
96 0
97 0
98 0
99 0
100 1
101 3
102 1
103 3
104 1
105 1
106 0
107 0
108 0
109 0
110 0
111 1
112 3
113 0
114 3
115 2
116 3
117 3
118 0
119 3
120 1
121 2
122 3
123 2
124 2
125 1
126 0
127 1
128 2
129 1
130 1
131 2
132 0
133 1
134 2
135 0
136 1
137 1
138 3
139 2
140 3
141 2
142 3
143 2
144 1
145 1
146 1
147 1
148 1
149 0
150 0
151 1
152 1
153 2
154 1
155 3
156 1
157 0
158 3
159 1
160 0
161 1
162 3
163 2
164 3
