188
1 1
2 3
3 3
4 0
5 1
6 1
7 1
8 1
9 0
10 1
11 3
12 3
13 2
14 2
15 3
16 3
17 3
18 3
19 2
20 2
21 0
22 0
23 1
24 3
25 2
26 2
27 3
28 0
29 3
30 1
31 3
32 0
33 2
34 1
35 3
36 0
37 3
38 2
39 2
40 2
41 3
42 2
43 2
44 3
45 3
46 1
47 0
48 3
49 2
50 1
51 1
52 0
53 3
54 3
55 1
56 2
57 3
58 2
59 2
60 1
61 0
62 3
63 1
64 1
65 0
66 0
67 3
68 1
69 0
70 0
71 1
72 2
73 3
74 0
75 0
76 1
77 1
78 1
79 1
80 2
81 2
82 0
83 3
84 0
85 3
86 0
87 2
88 0
89 2
90 1
91 0
92 1
93 1
94 0
95 2
96 1
97 1
98 0
99 2
100 2
101 3
102 1
103 0
104 1
105 1
106 3
107 2
108 3
109 2
110 1
111 0
112 2
113 0
114 1
115 2
116 3
117 3
118 0
119 1
120 2
121 0
122 3
123 3
124 2
125 1
126 3
127 0
128 2
129 2
130 2
131 0
132 1
133 1
134 0
135 1
136 3
137 2
138 1
139 2
140 3
141 2
142 1
143 3
144 2
145 0
146 0
147 1
148 2
149 2
150 0
151 0
152 0
153 0
154 1
155 0
156 2
157 1
158 0
159 1
160 3
161 2
162 1
163 0
164 0
165 1
166 3
167 1
168 1
169 1
170 3
171 0
172 1
173 3
174 0
175 2
176 0
177 2
178 0
179 1
180 0
181 0
182 3
183 2
184 1
185 2
186 0
187 0
188 3
