146
1 0
2 2
3 2
4 3
5 3
6 2
7 1
8 1
9 0
10 3
11 0
12 0
13 2
14 1
15 2
16 0
17 3
18 0
19 2
20 1
21 0
22 1
23 3
24 1
25 3
26 3
27 3
28 0
29 0
30 0
31 3
32 2
33 1
34 0
35 3
36 2
37 3
38 1
39 0
40 2
41 0
42 2
43 2
44 0
45 0
46 1
47 0
48 2
49 0
50 3
51 2
52 1
53 1
54 0
55 2
56 2
57 1
58 1
59 2
60 1
61 3
62 1
63 3
64 2
65 1
66 3
67 0
68 3
69 3
70 0
71 0
72 0
73 2
74 1
75 3
76 0
77 1
78 2
79 2
80 0
81 1
82 1
83 1
84 3
85 0
86 2
87 3
88 1
89 2
90 3
91 0
92 3
93 3
94 2
95 3
96 0
97 1
98 3
99 2
100 2
101 2
102 1
103 0
104 2
105 3
106 1
107 1
108 3
109 1
110 0
111 1
112 1
113 3
114 1
115 3
116 0
117 2
118 0
119 2
120 2
121 1
122 0
123 2
124 0
125 1
126 3
127 1
128 2
129 2
130 1
131 0
132 2
133 1
134 0
135 2
136 2
137 1
138 2
139 0
140 1
141 2
142 2
143 0
144 1
145 3
146 2
