140
1 2
2 2
3 3
4 0
5 2
6 1
7 0
8 2
9 3
10 0
11 0
12 0
13 1
14 1
15 2
16 0
17 0
18 1
19 0
20 2
21 3
22 2
23 0
24 3
25 0
26 3
27 2
28 1
29 3
30 3
31 2
32 2
33 3
34 3
35 3
36 0
37 0
38 3
39 3
40 2
41 0
42 0
43 2
44 0
45 2
46 1
47 2
48 3
49 3
50 1
51 1
52 3
53 2
54 2
55 3
56 0
57 3
58 3
59 1
60 3
61 3
62 0
63 0
64 3
65 2
66 2
67 2
68 1
69 0
70 2
71 3
72 0
73 1
74 3
75 2
76 1
77 2
78 3
79 0
80 0
81 1
82 2
83 2
84 0
85 2
86 2
87 1
88 2
89 1
90 1
91 3
92 1
93 1
94 2
95 1
96 0
97 3
98 0
99 1
100 3
101 3
102 0
103 1
104 2
105 2
106 1
107 1
108 0
109 1
110 1
111 2
112 1
113 1
114 2
115 1
116 3
117 0
118 1
119 2
120 1
121 1
122 3
123 0
124 0
125 2
126 2
127 1
128 0
129 1
130 2
131 1
132 2
133 0
134 3
135 3
136 1
137 1
138 1
139 2
140 2
