103
1 1
2 0
3 0
4 2
5 2
6 3
7 2
8 0
9 2
10 2
11 2
12 0
13 1
14 2
15 0
16 3
17 1
18 2
19 3
20 0
21 0
22 3
23 2
24 0
25 2
26 1
27 0
28 2
29 3
30 3
31 1
32 0
33 1
34 1
35 0
36 0
37 2
38 1
39 1
40 2
41 1
42 2
43 1
44 3
45 2
46 1
47 2
48 2
49 2
50 3
51 1
52 3
53 3
54 1
55 1
56 2
57 0
58 1
59 0
60 3
61 1
62 3
63 2
64 1
65 3
66 1
67 3
68 0
69 0
70 3
71 1
72 1
73 1
74 1
75 0
76 1
77 2
78 3
79 0
80 3
81 3
82 2
83 1
84 0
85 2
86 3
87 2
88 0
89 0
90 1
91 0
92 0
93 1
94 2
95 3
96 0
97 2
98 0
99 3
100 0
101 1
102 0
103 3
