132
1 0
2 3
3 2
4 0
5 3
6 1
7 1
8 3
9 1
10 3
11 2
12 2
13 2
14 3
15 3
16 3
17 3
18 2
19 1
20 0
21 0
22 1
23 2
24 1
25 3
26 2
27 3
28 0
29 2
30 1
31 0
32 0
33 2
34 3
35 2
36 3
37 0
38 3
39 1
40 1
41 1
42 2
43 0
44 2
45 3
46 3
47 2
48 0
49 1
50 0
51 3
52 1
53 3
54 3
55 3
56 1
57 0
58 2
59 3
60 0
61 2
62 0
63 3
64 0
65 1
66 2
67 3
68 3
69 2
70 0
71 2
72 1
73 0
74 2
75 1
76 1
77 3
78 1
79 0
80 3
81 1
82 0
83 2
84 2
85 0
86 2
87 0
88 0
89 1
90 0
91 2
92 1
93 1
94 1
95 2
96 0
97 1
98 3
99 1
100 2
101 3
102 3
103 1
104 2
105 3
106 0
107 1
108 2
109 3
110 0
111 0
112 2
113 0
114 2
115 2
116 2
117 1
118 2
119 0
120 3
121 1
122 0
123 3
124 1
125 0
126 1
127 2
128 0
129 2
130 0
131 0
132 1
