196
1 3
2 1
3 3
4 0
5 3
6 3
7 0
8 1
9 1
10 3
11 1
12 2
13 0
14 3
15 1
16 0
17 1
18 3
19 2
20 2
21 2
22 0
23 1
24 1
25 2
26 3
27 2
28 2
29 3
30 3
31 1
32 3
33 3
34 1
35 0
36 3
37 3
38 2
39 0
40 2
41 0
42 0
43 1
44 1
45 2
46 3
47 0
48 0
49 2
50 3
51 0
52 1
53 2
54 0
55 1
56 0
57 2
58 2
59 2
60 1
61 0
62 2
63 2
64 1
65 3
66 2
67 0
68 2
69 2
70 1
71 0
72 1
73 3
74 3
75 1
76 0
77 0
78 3
79 1
80 0
81 2
82 0
83 0
84 3
85 1
86 2
87 1
88 1
89 0
90 3
91 1
92 2
93 2
94 2
95 3
96 2
97 3
98 1
99 2
100 2
101 3
102 1
103 1
104 0
105 2
106 0
107 3
108 0
109 1
110 0
111 0
112 1
113 1
114 3
115 3
116 1
117 1
118 3
119 2
120 0
121 3
122 3
123 1
124 3
125 1
126 0
127 0
128 2
129 2
130 3
131 0
132 3
133 2
134 1
135 2
136 1
137 1
138 1
139 2
140 2
141 1
142 2
143 1
144 2
145 0
146 0
147 2
148 3
149 2
150 1
151 0
152 1
153 1
154 3
155 2
156 0
157 0
158 1
159 0
160 0
161 0
162 0
163 3
164 2
165 1
166 2
167 0
168 1
169 2
170 0
171 3
172 3
173 0
174 1
175 2
176 0
177 3
178 3
179 0
180 2
181 0
182 0
183 1
184 1
185 2
186 2
187 0
188 3
189 0
190 2
191 1
192 1
193 2
194 3
195 2
196 0
