154
1 3
2 3
3 2
4 2
5 1
6 1
7 1
8 1
9 1
10 1
11 0
12 1
13 2
14 3
15 0
16 3
17 2
18 2
19 3
20 3
21 0
22 3
23 1
24 3
25 2
26 3
27 2
28 0
29 2
30 3
31 3
32 1
33 3
34 0
35 2
36 2
37 3
38 0
39 1
40 1
41 3
42 2
43 2
44 2
45 2
46 2
47 1
48 0
49 0
50 0
51 3
52 2
53 2
54 1
55 2
56 0
57 0
58 0
59 0
60 3
61 0
62 2
63 1
64 0
65 3
66 2
67 2
68 0
69 3
70 0
71 0
72 1
73 1
74 2
75 2
76 0
77 0
78 2
79 2
80 2
81 0
82 3
83 2
84 3
85 1
86 1
87 1
88 1
89 1
90 0
91 1
92 1
93 3
94 0
95 2
96 0
97 0
98 0
99 1
100 0
101 1
102 2
103 0
104 2
105 0
106 0
107 1
108 1
109 1
110 0
111 0
112 1
113 3
114 1
115 0
116 1
117 2
118 1
119 1
120 0
121 3
122 3
123 0
124 0
125 2
126 1
127 3
128 2
129 2
130 2
131 2
132 0
133 1
134 1
135 0
136 0
137 2
138 0
139 2
140 0
141 3
142 1
143 2
144 2
145 3
146 3
147 3
148 1
149 1
150 0
151 1
152 1
153 2
154 2
