177
1 1
2 3
3 2
4 3
5 2
6 1
7 1
8 3
9 3
10 1
11 2
12 1
13 2
14 3
15 1
16 2
17 0
18 0
19 3
20 3
21 0
22 3
23 0
24 3
25 0
26 2
27 0
28 1
29 0
30 3
31 2
32 2
33 3
34 3
35 0
36 2
37 0
38 0
39 2
40 2
41 1
42 2
43 0
44 1
45 2
46 1
47 3
48 3
49 1
50 1
51 3
52 1
53 1
54 3
55 0
56 1
57 0
58 3
59 2
60 0
61 1
62 1
63 2
64 1
65 1
66 0
67 3
68 2
69 2
70 0
71 2
72 3
73 0
74 2
75 0
76 0
77 3
78 2
79 0
80 0
81 2
82 0
83 0
84 3
85 1
86 1
87 3
88 3
89 3
90 3
91 1
92 2
93 0
94 3
95 2
96 1
97 0
98 1
99 0
100 1
101 2
102 1
103 0
104 2
105 2
106 3
107 0
108 2
109 3
110 1
111 1
112 2
113 2
114 3
115 2
116 0
117 2
118 1
119 1
120 0
121 2
122 1
123 0
124 1
125 2
126 2
127 1
128 2
129 0
130 1
131 2
132 1
133 2
134 0
135 1
136 1
137 1
138 1
139 1
140 1
141 0
142 2
143 3
144 3
145 0
146 1
147 0
148 3
149 3
150 0
151 1
152 1
153 1
154 0
155 3
156 2
157 3
158 1
159 1
160 3
161 0
162 2
163 2
164 1
165 3
166 2
167 1
168 2
169 3
170 3
171 0
172 3
173 2
174 0
175 0
176 3
177 1
