102
1 2
2 3
3 0
4 1
5 1
6 1
7 0
8 3
9 1
10 0
11 1
12 1
13 1
14 3
15 1
16 2
17 1
18 1
19 1
20 2
21 1
22 2
23 2
24 2
25 1
26 1
27 0
28 1
29 3
30 0
31 0
32 0
33 0
34 0
35 3
36 1
37 3
38 3
39 2
40 2
41 0
42 1
43 2
44 1
45 0
46 3
47 3
48 0
49 0
50 1
51 3
52 3
53 3
54 3
55 2
56 2
57 3
58 0
59 2
60 3
61 3
62 1
63 3
64 1
65 0
66 3
67 2
68 1
69 0
70 1
71 3
72 2
73 2
74 2
75 0
76 2
77 0
78 1
79 0
80 0
81 2
82 0
83 3
84 1
85 3
86 0
87 2
88 2
89 0
90 2
91 0
92 1
93 2
94 0
95 1
96 3
97 2
98 1
99 2
100 3
101 0
102 3
