167
1 3
2 1
3 2
4 2
5 1
6 0
7 1
8 3
9 1
10 0
11 2
12 0
13 0
14 0
15 3
16 0
17 1
18 2
19 0
20 2
21 2
22 3
23 3
24 2
25 0
26 1
27 0
28 1
29 3
30 2
31 3
32 3
33 1
34 3
35 0
36 3
37 3
38 3
39 2
40 1
41 1
42 2
43 3
44 0
45 1
46 3
47 3
48 0
49 3
50 0
51 3
52 1
53 1
54 1
55 1
56 3
57 0
58 0
59 2
60 0
61 3
62 0
63 0
64 0
65 1
66 3
67 2
68 1
69 3
70 2
71 0
72 3
73 1
74 2
75 3
76 0
77 3
78 0
79 1
80 2
81 2
82 1
83 1
84 1
85 0
86 3
87 0
88 0
89 1
90 2
91 0
92 2
93 2
94 1
95 0
96 2
97 0
98 0
99 0
100 2
101 0
102 1
103 2
104 1
105 1
106 1
107 0
108 3
109 1
110 3
111 1
112 2
113 2
114 1
115 3
116 1
117 0
118 1
119 0
120 2
121 1
122 0
123 2
124 2
125 0
126 0
127 2
128 2
129 1
130 2
131 1
132 2
133 1
134 0
135 3
136 1
137 3
138 2
139 3
140 2
141 1
142 2
143 3
144 0
145 0
146 1
147 1
148 2
149 1
150 2
151 2
152 3
153 1
154 3
155 0
156 2
157 2
158 2
159 0
160 1
161 3
162 2
163 1
164 3
165 2
166 3
167 0
