139
1 1
2 1
3 0
4 2
5 3
6 2
7 3
8 1
9 2
10 3
11 2
12 1
13 0
14 2
15 3
16 1
17 2
18 0
19 2
20 3
21 3
22 2
23 1
24 0
25 0
26 2
27 1
28 3
29 0
30 1
31 0
32 1
33 2
34 0
35 3
36 0
37 3
38 2
39 0
40 2
41 0
42 3
43 1
44 2
45 1
46 0
47 3
48 2
49 0
50 3
51 1
52 0
53 0
54 2
55 0
56 3
57 0
58 2
59 1
60 0
61 2
62 3
63 2
64 0
65 1
66 2
67 1
68 2
69 1
70 2
71 3
72 0
73 3
74 3
75 3
76 3
77 1
78 0
79 3
80 1
81 1
82 1
83 2
84 3
85 0
86 1
87 0
88 3
89 3
90 1
91 1
92 3
93 3
94 0
95 2
96 1
97 0
98 1
99 2
100 1
101 2
102 0
103 2
104 0
105 1
106 1
107 2
108 2
109 1
110 2
111 1
112 2
113 2
114 2
115 0
116 0
117 0
118 2
119 0
120 1
121 2
122 1
123 2
124 1
125 3
126 0
127 3
128 0
129 0
130 1
131 0
132 2
133 0
134 1
135 2
136 0
137 2
138 0
139 0
