115
1 2
2 2
3 0
4 1
5 1
6 0
7 2
8 0
9 3
10 0
11 1
12 2
13 1
14 2
15 0
16 3
17 0
18 1
19 1
20 2
21 3
22 3
23 0
24 2
25 0
26 1
27 0
28 3
29 3
30 1
31 3
32 3
33 0
34 3
35 1
36 2
37 1
38 3
39 1
40 0
41 2
42 2
43 3
44 1
45 1
46 3
47 1
48 2
49 0
50 1
51 3
52 2
53 3
54 3
55 2
56 1
57 0
58 1
59 0
60 1
61 0
62 0
63 2
64 2
65 0
66 2
67 3
68 0
69 1
70 3
71 0
72 3
73 3
74 2
75 2
76 0
77 1
78 2
79 1
80 2
81 1
82 2
83 0
84 0
85 3
86 0
87 2
88 0
89 1
90 2
91 1
92 3
93 0
94 2
95 1
96 0
97 1
98 3
99 1
100 3
101 2
102 0
103 0
104 0
105 0
106 1
107 1
108 2
109 3
110 2
111 1
112 3
113 2
114 2
115 3
