194
1 3
2 3
3 3
4 3
5 2
6 2
7 2
8 1
9 3
10 1
11 2
12 1
13 0
14 3
15 2
16 1
17 3
18 1
19 1
20 3
21 2
22 2
23 0
24 2
25 2
26 0
27 1
28 3
29 3
30 0
31 2
32 2
33 2
34 3
35 0
36 2
37 0
38 1
39 0
40 3
41 0
42 1
43 1
44 0
45 0
46 1
47 3
48 1
49 3
50 3
51 1
52 2
53 3
54 3
55 3
56 3
57 3
58 0
59 3
60 0
61 3
62 2
63 2
64 0
65 0
66 0
67 3
68 3
69 1
70 0
71 3
72 0
73 2
74 2
75 1
76 0
77 2
78 1
79 1
80 2
81 3
82 3
83 0
84 3
85 1
86 2
87 1
88 0
89 3
90 2
91 0
92 3
93 2
94 2
95 3
96 3
97 2
98 1
99 3
100 2
101 0
102 0
103 2
104 1
105 1
106 3
107 1
108 2
109 1
110 0
111 2
112 1
113 2
114 2
115 3
116 1
117 0
118 1
119 3
120 1
121 0
122 0
123 0
124 0
125 1
126 2
127 1
128 2
129 1
130 1
131 1
132 2
133 1
134 2
135 2
136 2
137 3
138 1
139 1
140 3
141 0
142 3
143 2
144 3
145 1
146 0
147 2
148 0
149 2
150 0
151 1
152 3
153 1
154 1
155 0
156 2
157 2
158 1
159 0
160 0
161 1
162 0
163 1
164 3
165 1
166 1
167 2
168 1
169 0
170 1
171 2
172 0
173 2
174 3
175 3
176 3
177 2
178 1
179 0
180 1
181 1
182 2
183 0
184 2
185 3
186 2
187 1
188 2
189 2
190 0
191 0
192 0
193 0
194 3
