108
1 3
2 3
3 0
4 1
5 2
6 2
7 1
8 1
9 0
10 0
11 0
12 1
13 2
14 0
15 2
16 0
17 2
18 3
19 1
20 0
21 3
22 1
23 2
24 3
25 3
26 2
27 2
28 3
29 1
30 0
31 0
32 1
33 3
34 0
35 1
36 3
37 0
38 2
39 0
40 2
41 2
42 2
43 2
44 0
45 1
46 0
47 2
48 3
49 1
50 2
51 3
52 0
53 2
54 0
55 3
56 0
57 1
58 0
59 1
60 1
61 2
62 1
63 1
64 2
65 2
66 2
67 1
68 2
69 3
70 3
71 0
72 0
73 0
74 0
75 2
76 0
77 0
78 2
79 3
80 0
81 1
82 3
83 0
84 0
85 3
86 3
87 1
88 3
89 3
90 1
91 0
92 1
93 2
94 1
95 1
96 0
97 1
98 3
99 1
100 0
101 0
102 3
103 1
104 3
105 3
106 1
107 2
108 2
