174
1 0
2 0
3 1
4 3
5 3
6 2
7 3
8 2
9 0
10 0
11 0
12 3
13 3
14 1
15 3
16 1
17 3
18 0
19 1
20 1
21 2
22 2
23 2
24 0
25 1
26 2
27 2
28 1
29 3
30 2
31 3
32 0
33 2
34 3
35 3
36 3
37 2
38 0
39 1
40 1
41 3
42 3
43 2
44 3
45 3
46 1
47 3
48 2
49 2
50 1
51 1
52 1
53 0
54 1
55 0
56 2
57 3
58 0
59 3
60 3
61 1
62 3
63 2
64 2
65 0
66 2
67 2
68 3
69 2
70 1
71 2
72 0
73 0
74 1
75 3
76 3
77 1
78 0
79 3
80 2
81 1
82 2
83 0
84 0
85 0
86 3
87 2
88 0
89 2
90 2
91 3
92 3
93 1
94 3
95 1
96 0
97 2
98 1
99 3
100 2
101 2
102 2
103 1
104 2
105 2
106 0
107 1
108 1
109 2
110 1
111 2
112 3
113 3
114 0
115 0
116 0
117 2
118 2
119 3
120 3
121 0
122 1
123 1
124 0
125 0
126 0
127 1
128 0
129 3
130 3
131 2
132 0
133 2
134 0
135 2
136 0
137 1
138 0
139 1
140 0
141 0
142 2
143 2
144 1
145 1
146 1
147 2
148 3
149 0
150 2
151 2
152 0
153 3
154 3
155 0
156 0
157 1
158 1
159 1
160 1
161 0
162 2
163 2
164 0
165 2
166 1
167 0
168 2
169 1
170 1
171 3
172 2
173 2
174 0
