114
1 0
2 2
3 2
4 3
5 2
6 0
7 1
8 3
9 2
10 2
11 3
12 2
13 1
14 0
15 3
16 0
17 0
18 2
19 2
20 2
21 3
22 3
23 0
24 0
25 1
26 3
27 3
28 3
29 2
30 1
31 3
32 2
33 0
34 3
35 1
36 2
37 1
38 1
39 0
40 2
41 0
42 1
43 1
44 2
45 2
46 2
47 1
48 3
49 1
50 2
51 2
52 3
53 0
54 3
55 0
56 0
57 3
58 2
59 3
60 1
61 2
62 3
63 3
64 2
65 3
66 1
67 1
68 0
69 0
70 1
71 0
72 1
73 3
74 0
75 1
76 2
77 1
78 0
79 3
80 0
81 3
82 0
83 1
84 1
85 1
86 0
87 2
88 3
89 1
90 3
91 1
92 2
93 3
94 0
95 0
96 3
97 3
98 2
99 0
100 1
101 2
102 0
103 0
104 2
105 3
106 0
107 0
108 0
109 0
110 2
111 0
112 2
113 1
114 1
