133
1 0
2 1
3 3
4 3
5 0
6 0
7 3
8 3
9 1
10 3
11 1
12 1
13 2
14 2
15 1
16 1
17 2
18 2
19 0
20 3
21 0
22 2
23 0
24 3
25 2
26 3
27 0
28 1
29 3
30 3
31 3
32 0
33 1
34 1
35 0
36 2
37 3
38 3
39 0
40 1
41 1
42 3
43 0
44 3
45 1
46 1
47 0
48 2
49 1
50 1
51 3
52 1
53 2
54 2
55 0
56 3
57 3
58 0
59 2
60 2
61 1
62 0
63 2
64 0
65 1
66 0
67 2
68 0
69 1
70 3
71 1
72 3
73 3
74 3
75 0
76 2
77 0
78 2
79 3
80 2
81 2
82 2
83 0
84 2
85 0
86 2
87 1
88 2
89 2
90 1
91 3
92 0
93 2
94 1
95 3
96 0
97 1
98 0
99 2
100 1
101 1
102 2
103 0
104 0
105 2
106 0
107 0
108 1
109 0
110 0
111 0
112 2
113 1
114 3
115 3
116 1
117 2
118 1
119 3
120 2
121 1
122 2
123 1
124 1
125 2
126 1
127 1
128 2
129 2
130 1
131 0
132 0
133 0
