116
1 1
2 0
3 3
4 3
5 2
6 3
7 3
8 0
9 3
10 2
11 2
12 2
13 0
14 1
15 1
16 1
17 0
18 3
19 2
20 2
21 2
22 3
23 2
24 0
25 2
26 0
27 1
28 1
29 2
30 0
31 3
32 2
33 3
34 1
35 2
36 3
37 0
38 2
39 1
40 2
41 1
42 2
43 3
44 2
45 2
46 0
47 3
48 2
49 1
50 0
51 0
52 3
53 1
54 1
55 3
56 1
57 1
58 0
59 3
60 1
61 1
62 0
63 3
64 3
65 0
66 3
67 3
68 1
69 2
70 2
71 1
72 2
73 3
74 3
75 2
76 3
77 1
78 1
79 1
80 0
81 0
82 0
83 3
84 1
85 2
86 3
87 0
88 0
89 1
90 0
91 1
92 1
93 2
94 0
95 1
96 0
97 0
98 0
99 0
100 0
101 0
102 3
103 2
104 0
105 1
106 0
107 2
108 1
109 2
110 0
111 3
112 0
113 0
114 3
115 0
116 1
