168
1 3
2 3
3 3
4 1
5 3
6 0
7 2
8 3
9 2
10 2
11 1
12 2
13 0
14 1
15 3
16 3
17 3
18 0
19 2
20 1
21 1
22 2
23 0
24 3
25 2
26 0
27 3
28 0
29 2
30 3
31 2
32 1
33 3
34 0
35 0
36 3
37 1
38 0
39 3
40 1
41 3
42 1
43 2
44 0
45 2
46 1
47 2
48 2
49 2
50 2
51 1
52 0
53 3
54 1
55 0
56 0
57 1
58 1
59 3
60 1
61 2
62 3
63 1
64 1
65 1
66 2
67 0
68 0
69 1
70 0
71 3
72 0
73 2
74 3
75 0
76 2
77 1
78 3
79 3
80 0
81 2
82 0
83 0
84 3
85 1
86 1
87 3
88 2
89 3
90 1
91 3
92 2
93 0
94 2
95 2
96 1
97 2
98 3
99 1
100 2
101 1
102 2
103 1
104 0
105 0
106 1
107 1
108 0
109 0
110 3
111 0
112 3
113 1
114 2
115 1
116 1
117 0
118 1
119 0
120 1
121 1
122 2
123 3
124 2
125 0
126 1
127 0
128 1
129 1
130 2
131 0
132 0
133 0
134 1
135 0
136 1
137 3
138 3
139 2
140 0
141 2
142 1
143 2
144 1
145 0
146 2
147 1
148 3
149 2
150 2
151 1
152 2
153 3
154 2
155 3
156 0
157 0
158 2
159 0
160 3
161 0
162 1
163 3
164 2
165 2
166 0
167 2
168 0
