136
1 0
2 0
3 1
4 0
5 2
6 3
7 1
8 2
9 1
10 2
11 3
12 3
13 1
14 3
15 3
16 1
17 0
18 3
19 2
20 1
21 1
22 2
23 0
24 1
25 1
26 1
27 0
28 3
29 2
30 2
31 0
32 2
33 3
34 0
35 1
36 3
37 1
38 2
39 2
40 1
41 0
42 3
43 2
44 3
45 3
46 2
47 0
48 2
49 0
50 0
51 2
52 2
53 1
54 1
55 3
56 2
57 0
58 1
59 3
60 2
61 3
62 3
63 2
64 1
65 0
66 0
67 3
68 2
69 1
70 1
71 0
72 1
73 2
74 2
75 1
76 2
77 2
78 0
79 1
80 0
81 1
82 2
83 1
84 1
85 1
86 0
87 2
88 1
89 0
90 1
91 1
92 3
93 2
94 3
95 3
96 2
97 0
98 3
99 3
100 3
101 0
102 1
103 2
104 0
105 0
106 0
107 1
108 2
109 3
110 0
111 3
112 0
113 1
114 2
115 0
116 0
117 0
118 0
119 3
120 0
121 0
122 2
123 3
124 0
125 0
126 0
127 1
128 3
129 0
130 2
131 1
132 3
133 0
134 2
135 3
136 1
