147
1 1
2 1
3 2
4 2
5 0
6 2
7 1
8 3
9 3
10 2
11 1
12 0
13 0
14 1
15 0
16 1
17 0
18 1
19 3
20 3
21 0
22 0
23 3
24 0
25 1
26 0
27 0
28 1
29 2
30 0
31 0
32 2
33 1
34 3
35 0
36 1
37 3
38 3
39 2
40 0
41 3
42 2
43 2
44 1
45 3
46 1
47 2
48 2
49 3
50 1
51 3
52 3
53 3
54 2
55 3
56 0
57 0
58 3
59 1
60 2
61 2
62 3
63 1
64 2
65 0
66 3
67 1
68 2
69 2
70 0
71 3
72 3
73 1
74 1
75 2
76 2
77 2
78 3
79 0
80 2
81 0
82 2
83 3
84 2
85 3
86 0
87 3
88 2
89 1
90 1
91 0
92 0
93 2
94 2
95 1
96 2
97 3
98 1
99 3
100 0
101 2
102 2
103 0
104 0
105 1
106 3
107 3
108 1
109 0
110 3
111 1
112 0
113 1
114 3
115 0
116 1
117 3
118 2
119 3
120 2
121 0
122 0
123 1
124 2
125 1
126 2
127 0
128 1
129 1
130 1
131 1
132 0
133 0
134 0
135 3
136 2
137 3
138 2
139 1
140 1
141 3
142 1
143 2
144 1
145 1
146 0
147 0
