149
1 1
2 1
3 0
4 0
5 3
6 0
7 3
8 0
9 3
10 2
11 2
12 3
13 3
14 2
15 3
16 0
17 2
18 0
19 2
20 2
21 1
22 2
23 3
24 1
25 0
26 0
27 2
28 1
29 2
30 1
31 3
32 1
33 2
34 2
35 3
36 0
37 1
38 3
39 0
40 2
41 1
42 1
43 1
44 1
45 0
46 2
47 3
48 2
49 2
50 3
51 2
52 3
53 2
54 2
55 3
56 0
57 3
58 2
59 0
60 1
61 3
62 2
63 0
64 0
65 2
66 3
67 1
68 1
69 1
70 0
71 1
72 0
73 0
74 1
75 2
76 2
77 0
78 2
79 0
80 0
81 2
82 0
83 2
84 1
85 3
86 2
87 1
88 3
89 2
90 1
91 1
92 2
93 0
94 0
95 0
96 1
97 1
98 3
99 1
100 2
101 3
102 1
103 1
104 2
105 1
106 2
107 0
108 2
109 2
110 3
111 3
112 0
113 0
114 1
115 1
116 3
117 0
118 0
119 1
120 2
121 0
122 1
123 2
124 3
125 3
126 0
127 0
128 0
129 0
130 0
131 2
132 2
133 1
134 0
135 0
136 3
137 0
138 1
139 0
140 0
141 1
142 3
143 2
144 0
145 2
146 1
147 1
148 3
149 2
