192
1 3
2 1
3 3
4 1
5 2
6 1
7 0
8 3
9 0
10 3
11 1
12 0
13 3
14 2
15 3
16 3
17 0
18 3
19 1
20 2
21 2
22 2
23 0
24 1
25 0
26 3
27 3
28 3
29 1
30 3
31 2
32 0
33 1
34 0
35 3
36 0
37 0
38 3
39 0
40 1
41 1
42 1
43 1
44 3
45 1
46 3
47 1
48 1
49 3
50 0
51 3
52 3
53 3
54 1
55 2
56 3
57 3
58 2
59 2
60 0
61 2
62 2
63 2
64 1
65 1
66 1
67 0
68 0
69 2
70 2
71 0
72 1
73 1
74 1
75 0
76 3
77 0
78 1
79 3
80 2
81 3
82 0
83 1
84 3
85 3
86 1
87 3
88 0
89 0
90 1
91 0
92 3
93 2
94 3
95 2
96 0
97 1
98 0
99 3
100 3
101 2
102 2
103 0
104 2
105 1
106 3
107 1
108 3
109 3
110 0
111 2
112 3
113 0
114 1
115 1
116 3
117 1
118 0
119 2
120 1
121 1
122 2
123 2
124 2
125 3
126 3
127 1
128 3
129 1
130 2
131 3
132 3
133 2
134 1
135 2
136 2
137 2
138 0
139 0
140 0
141 0
142 1
143 2
144 2
145 3
146 3
147 1
148 0
149 3
150 2
151 0
152 0
153 2
154 1
155 0
156 1
157 2
158 1
159 0
160 0
161 1
162 2
163 3
164 0
165 3
166 1
167 1
168 0
169 0
170 2
171 0
172 1
173 0
174 2
175 2
176 1
177 3
178 1
179 3
180 2
181 2
182 2
183 0
184 1
185 1
186 1
187 0
188 2
189 1
190 2
191 0
192 0
