181
1 3
2 1
3 0
4 3
5 1
6 1
7 3
8 1
9 3
10 1
11 0
12 1
13 3
14 0
15 0
16 0
17 1
18 0
19 3
20 0
21 0
22 1
23 3
24 3
25 3
26 2
27 1
28 2
29 3
30 2
31 0
32 3
33 0
34 3
35 2
36 3
37 2
38 2
39 3
40 3
41 2
42 1
43 2
44 3
45 1
46 1
47 2
48 3
49 2
50 2
51 0
52 1
53 3
54 0
55 0
56 1
57 0
58 0
59 1
60 3
61 0
62 3
63 0
64 1
65 3
66 1
67 3
68 3
69 1
70 3
71 1
72 3
73 2
74 2
75 0
76 1
77 0
78 3
79 3
80 2
81 3
82 1
83 1
84 1
85 2
86 3
87 2
88 1
89 1
90 2
91 1
92 1
93 3
94 3
95 2
96 2
97 1
98 2
99 2
100 0
101 0
102 0
103 2
104 3
105 1
106 3
107 3
108 1
109 2
110 1
111 1
112 0
113 2
114 2
115 0
116 0
117 0
118 0
119 2
120 2
121 2
122 2
123 2
124 1
125 3
126 0
127 2
128 3
129 3
130 2
131 0
132 1
133 0
134 1
135 2
136 1
137 0
138 0
139 0
140 0
141 0
142 2
143 0
144 0
145 1
146 2
147 3
148 1
149 3
150 3
151 2
152 0
153 1
154 0
155 2
156 0
157 1
158 2
159 0
160 1
161 0
162 2
163 1
164 0
165 1
166 3
167 1
168 2
169 2
170 0
171 2
172 1
173 0
174 2
175 2
176 1
177 0
178 0
179 2
180 0
181 2
