152
1 3
2 2
3 3
4 2
5 3
6 1
7 0
8 3
9 1
10 0
11 0
12 2
13 2
14 2
15 2
16 3
17 2
18 0
19 1
20 0
21 1
22 0
23 2
24 2
25 1
26 3
27 1
28 1
29 1
30 1
31 3
32 1
33 3
34 2
35 2
36 0
37 1
38 0
39 0
40 1
41 2
42 3
43 3
44 2
45 3
46 3
47 3
48 0
49 3
50 2
51 1
52 3
53 2
54 0
55 1
56 1
57 3
58 1
59 3
60 1
61 2
62 0
63 2
64 3
65 1
66 1
67 0
68 1
69 2
70 1
71 1
72 3
73 3
74 3
75 2
76 0
77 1
78 1
79 1
80 0
81 3
82 2
83 1
84 2
85 1
86 0
87 0
88 1
89 0
90 0
91 0
92 0
93 3
94 2
95 1
96 3
97 0
98 2
99 1
100 2
101 0
102 0
103 0
104 0
105 3
106 3
107 0
108 0
109 0
110 2
111 0
112 2
113 3
114 1
115 2
116 2
117 3
118 3
119 1
120 0
121 3
122 3
123 3
124 3
125 1
126 3
127 3
128 0
129 1
130 0
131 2
132 1
133 1
134 0
135 2
136 1
137 3
138 1
139 2
140 3
141 0
142 2
143 0
144 2
145 2
146 0
147 1
148 0
149 2
150 1
151 0
152 2
