157
1 1
2 1
3 1
4 3
5 3
6 3
7 2
8 0
9 0
10 1
11 0
12 0
13 3
14 2
15 2
16 2
17 2
18 1
19 2
20 3
21 3
22 1
23 1
24 1
25 2
26 0
27 0
28 0
29 3
30 2
31 0
32 1
33 3
34 1
35 1
36 1
37 2
38 1
39 3
40 1
41 0
42 1
43 3
44 2
45 1
46 0
47 0
48 0
49 3
50 1
51 3
52 2
53 2
54 1
55 1
56 3
57 1
58 1
59 0
60 3
61 2
62 1
63 0
64 1
65 1
66 0
67 3
68 2
69 2
70 2
71 2
72 2
73 0
74 2
75 3
76 3
77 1
78 0
79 3
80 1
81 2
82 0
83 2
84 2
85 3
86 2
87 3
88 2
89 0
90 0
91 2
92 3
93 3
94 0
95 1
96 3
97 0
98 3
99 3
100 0
101 3
102 1
103 0
104 2
105 3
106 2
107 3
108 1
109 2
110 3
111 0
112 1
113 1
114 3
115 2
116 0
117 0
118 1
119 1
120 0
121 0
122 1
123 3
124 1
125 1
126 0
127 1
128 2
129 2
130 2
131 1
132 0
133 0
134 2
135 1
136 0
137 1
138 0
139 0
140 0
141 1
142 3
143 0
144 2
145 0
146 0
147 2
148 0
149 3
150 3
151 2
152 1
153 2
154 1
155 0
156 2
157 0
