110
1 3
2 0
3 2
4 3
5 1
6 0
7 1
8 0
9 3
10 0
11 2
12 2
13 0
14 0
15 3
16 0
17 0
18 0
19 1
20 1
21 3
22 2
23 2
24 1
25 1
26 2
27 2
28 2
29 3
30 2
31 0
32 1
33 3
34 0
35 3
36 3
37 0
38 3
39 3
40 2
41 0
42 2
43 0
44 2
45 3
46 1
47 2
48 1
49 1
50 0
51 0
52 3
53 1
54 1
55 2
56 1
57 2
58 1
59 3
60 2
61 3
62 3
63 0
64 0
65 1
66 1
67 2
68 1
69 2
70 1
71 0
72 0
73 2
74 1
75 3
76 3
77 1
78 0
79 0
80 0
81 2
82 2
83 1
84 0
85 0
86 0
87 0
88 3
89 3
90 3
91 1
92 0
93 3
94 3
95 0
96 1
97 2
98 2
99 3
100 3
101 2
102 3
103 1
104 2
105 1
106 0
107 1
108 2
109 2
110 1
