172
1 2
2 2
3 3
4 1
5 0
6 3
7 2
8 1
9 3
10 1
11 2
12 2
13 1
14 2
15 2
16 2
17 2
18 1
19 1
20 3
21 0
22 0
23 0
24 0
25 1
26 0
27 3
28 0
29 3
30 3
31 2
32 0
33 1
34 0
35 3
36 1
37 2
38 3
39 1
40 1
41 2
42 2
43 2
44 1
45 2
46 2
47 0
48 1
49 3
50 0
51 0
52 0
53 2
54 1
55 0
56 0
57 0
58 3
59 2
60 3
61 2
62 2
63 3
64 0
65 0
66 0
67 0
68 1
69 1
70 2
71 0
72 0
73 1
74 2
75 2
76 3
77 1
78 2
79 1
80 1
81 1
82 2
83 0
84 2
85 0
86 0
87 2
88 1
89 3
90 0
91 3
92 3
93 3
94 3
95 3
96 3
97 1
98 0
99 2
100 2
101 2
102 3
103 2
104 0
105 3
106 1
107 2
108 0
109 0
110 2
111 1
112 1
113 1
114 2
115 1
116 2
117 3
118 2
119 1
120 3
121 0
122 0
123 0
124 1
125 3
126 1
127 0
128 0
129 2
130 1
131 1
132 1
133 2
134 3
135 3
136 1
137 2
138 3
139 0
140 2
141 3
142 2
143 2
144 1
145 2
146 2
147 1
148 3
149 1
150 1
151 1
152 0
153 3
154 0
155 0
156 2
157 3
158 3
159 0
160 1
161 0
162 2
163 1
164 2
165 3
166 3
167 3
168 1
169 0
170 1
171 0
172 1
