144
1 0
2 3
3 2
4 0
5 3
6 1
7 0
8 2
9 3
10 1
11 3
12 2
13 3
14 0
15 2
16 2
17 1
18 1
19 0
20 0
21 2
22 3
23 3
24 3
25 0
26 2
27 1
28 3
29 2
30 0
31 2
32 3
33 3
34 3
35 1
36 3
37 3
38 2
39 3
40 1
41 0
42 0
43 2
44 2
45 0
46 2
47 0
48 1
49 3
50 2
51 0
52 2
53 3
54 3
55 3
56 0
57 1
58 1
59 1
60 2
61 0
62 2
63 3
64 0
65 0
66 2
67 1
68 3
69 2
70 2
71 3
72 3
73 1
74 3
75 1
76 0
77 3
78 1
79 2
80 2
81 2
82 2
83 1
84 2
85 1
86 1
87 0
88 1
89 0
90 0
91 1
92 1
93 1
94 1
95 3
96 0
97 3
98 1
99 2
100 0
101 1
102 2
103 0
104 3
105 2
106 3
107 0
108 0
109 1
110 0
111 1
112 1
113 1
114 2
115 2
116 3
117 1
118 0
119 1
120 1
121 1
122 1
123 0
124 2
125 2
126 2
127 0
128 0
129 0
130 0
131 2
132 0
133 1
134 2
135 1
136 0
137 1
138 1
139 3
140 2
141 1
142 3
143 0
144 2
