171
1 3
2 3
3 2
4 1
5 1
6 3
7 3
8 3
9 2
10 1
11 0
12 2
13 3
14 1
15 2
16 3
17 0
18 0
19 2
20 1
21 3
22 1
23 2
24 0
25 2
26 2
27 0
28 0
29 2
30 2
31 2
32 3
33 0
34 0
35 1
36 3
37 0
38 3
39 0
40 3
41 2
42 1
43 0
44 0
45 2
46 2
47 3
48 0
49 1
50 3
51 0
52 0
53 1
54 2
55 1
56 2
57 0
58 1
59 1
60 3
61 0
62 3
63 2
64 3
65 2
66 1
67 0
68 3
69 1
70 1
71 1
72 0
73 1
74 1
75 3
76 0
77 0
78 3
79 2
80 0
81 2
82 0
83 3
84 2
85 3
86 0
87 2
88 0
89 1
90 0
91 1
92 3
93 3
94 1
95 1
96 0
97 0
98 2
99 1
100 1
101 2
102 1
103 2
104 3
105 1
106 2
107 2
108 3
109 1
110 0
111 3
112 1
113 0
114 1
115 1
116 0
117 2
118 3
119 1
120 3
121 2
122 2
123 3
124 1
125 0
126 3
127 0
128 1
129 0
130 0
131 1
132 1
133 2
134 2
135 3
136 0
137 1
138 0
139 3
140 3
141 3
142 1
143 2
144 1
145 2
146 2
147 2
148 3
149 2
150 2
151 1
152 0
153 1
154 2
155 0
156 0
157 1
158 0
159 0
160 0
161 1
162 2
163 2
164 0
165 2
166 1
167 3
168 3
169 3
170 1
171 1
