173
1 3
2 2
3 3
4 2
5 1
6 1
7 3
8 3
9 0
10 2
11 1
12 1
13 2
14 1
15 1
16 0
17 3
18 3
19 1
20 0
21 1
22 2
23 3
24 1
25 3
26 0
27 2
28 1
29 0
30 3
31 2
32 1
33 1
34 0
35 3
36 3
37 2
38 2
39 0
40 3
41 2
42 3
43 1
44 1
45 2
46 2
47 2
48 0
49 1
50 0
51 0
52 3
53 0
54 1
55 2
56 1
57 2
58 2
59 0
60 1
61 0
62 2
63 2
64 0
65 2
66 1
67 2
68 0
69 1
70 3
71 0
72 2
73 2
74 0
75 1
76 1
77 2
78 1
79 3
80 3
81 0
82 3
83 0
84 1
85 1
86 1
87 2
88 2
89 1
90 2
91 0
92 3
93 0
94 0
95 0
96 0
97 0
98 0
99 0
100 3
101 2
102 0
103 0
104 2
105 3
106 0
107 2
108 3
109 1
110 2
111 1
112 0
113 0
114 2
115 3
116 2
117 2
118 0
119 1
120 2
121 2
122 1
123 2
124 3
125 1
126 2
127 2
128 1
129 1
130 3
131 3
132 1
133 1
134 0
135 1
136 0
137 1
138 2
139 0
140 3
141 1
142 3
143 0
144 2
145 2
146 2
147 1
148 2
149 1
150 0
151 2
152 3
153 0
154 0
155 0
156 1
157 0
158 3
159 2
160 1
161 2
162 2
163 1
164 0
165 2
166 0
167 1
168 2
169 0
170 3
171 0
172 3
173 3
