176
1 3
2 1
3 2
4 3
5 3
6 0
7 1
8 0
9 0
10 0
11 2
12 0
13 1
14 2
15 1
16 1
17 0
18 0
19 2
20 1
21 3
22 0
23 3
24 3
25 3
26 0
27 0
28 2
29 1
30 1
31 3
32 2
33 0
34 2
35 0
36 3
37 3
38 3
39 2
40 0
41 1
42 2
43 0
44 2
45 1
46 3
47 1
48 2
49 2
50 3
51 3
52 0
53 2
54 3
55 3
56 2
57 2
58 0
59 1
60 1
61 2
62 1
63 0
64 0
65 3
66 1
67 3
68 2
69 3
70 1
71 0
72 2
73 1
74 1
75 2
76 2
77 3
78 1
79 1
80 1
81 0
82 2
83 1
84 1
85 0
86 3
87 0
88 1
89 2
90 3
91 1
92 3
93 0
94 0
95 1
96 0
97 0
98 1
99 3
100 0
101 1
102 2
103 0
104 1
105 2
106 1
107 1
108 2
109 2
110 1
111 1
112 0
113 1
114 0
115 0
116 0
117 2
118 2
119 0
120 3
121 0
122 3
123 2
124 1
125 1
126 0
127 0
128 3
129 1
130 3
131 0
132 0
133 1
134 2
135 2
136 0
137 0
138 2
139 0
140 3
141 2
142 2
143 1
144 3
145 3
146 1
147 3
148 1
149 3
150 1
151 3
152 2
153 3
154 2
155 3
156 3
157 0
158 2
159 2
160 0
161 2
162 2
163 1
164 2
165 2
166 2
167 3
168 2
169 0
170 0
171 1
172 1
173 1
174 0
175 3
176 0
