104
1 3
2 1
3 2
4 3
5 0
6 2
7 2
8 0
9 1
10 0
11 3
12 3
13 1
14 3
15 0
16 0
17 3
18 3
19 1
20 2
21 1
22 2
23 0
24 1
25 1
26 2
27 0
28 2
29 3
30 0
31 2
32 0
33 1
34 0
35 2
36 2
37 0
38 1
39 0
40 3
41 2
42 2
43 2
44 2
45 2
46 3
47 3
48 1
49 1
50 0
51 0
52 1
53 0
54 3
55 1
56 0
57 2
58 3
59 0
60 1
61 2
62 0
63 2
64 3
65 2
66 2
67 0
68 1
69 1
70 1
71 0
72 2
73 3
74 1
75 2
76 2
77 0
78 3
79 3
80 1
81 3
82 3
83 1
84 1
85 3
86 1
87 1
88 1
89 3
90 1
91 0
92 1
93 3
94 1
95 0
96 2
97 3
98 2
99 0
100 2
101 0
102 2
103 0
104 0
