105
1 2
2 2
3 0
4 1
5 0
6 1
7 3
8 3
9 3
10 1
11 2
12 2
13 0
14 2
15 0
16 3
17 1
18 0
19 1
20 0
21 3
22 3
23 1
24 1
25 3
26 3
27 1
28 3
29 3
30 0
31 2
32 3
33 2
34 3
35 1
36 1
37 1
38 0
39 3
40 0
41 0
42 3
43 2
44 3
45 1
46 2
47 0
48 1
49 0
50 0
51 2
52 1
53 1
54 1
55 0
56 2
57 1
58 2
59 0
60 3
61 3
62 0
63 1
64 2
65 2
66 0
67 1
68 1
69 3
70 1
71 2
72 1
73 2
74 0
75 0
76 1
77 2
78 1
79 0
80 2
81 2
82 2
83 1
84 2
85 0
86 2
87 0
88 2
89 2
90 2
91 0
92 2
93 0
94 1
95 0
96 0
97 1
98 2
99 1
100 1
101 1
102 2
103 0
104 1
105 0
