124
1 0
2 3
3 3
4 3
5 2
6 0
7 2
8 3
9 1
10 2
11 0
12 0
13 3
14 2
15 3
16 2
17 0
18 3
19 2
20 3
21 2
22 3
23 3
24 3
25 3
26 0
27 3
28 1
29 3
30 3
31 0
32 1
33 2
34 1
35 1
36 0
37 0
38 1
39 1
40 1
41 3
42 1
43 2
44 1
45 0
46 0
47 3
48 2
49 0
50 1
51 2
52 2
53 2
54 2
55 0
56 1
57 0
58 2
59 2
60 3
61 1
62 1
63 2
64 0
65 0
66 2
67 1
68 2
69 1
70 2
71 1
72 2
73 3
74 0
75 3
76 2
77 2
78 1
79 0
80 0
81 2
82 1
83 1
84 0
85 1
86 0
87 0
88 0
89 1
90 1
91 1
92 2
93 3
94 2
95 0
96 1
97 2
98 3
99 2
100 0
101 3
102 0
103 1
104 1
105 1
106 2
107 2
108 3
109 1
110 0
111 1
112 2
113 0
114 2
115 2
116 1
117 2
118 1
119 0
120 1
121 0
122 3
123 0
124 3
