106
1 3
2 3
3 3
4 1
5 0
6 0
7 1
8 2
9 2
10 0
11 3
12 1
13 3
14 3
15 0
16 3
17 1
18 3
19 2
20 1
21 0
22 1
23 3
24 2
25 1
26 2
27 2
28 2
29 0
30 0
31 2
32 0
33 2
34 3
35 3
36 3
37 2
38 0
39 3
40 3
41 3
42 3
43 3
44 3
45 0
46 1
47 3
48 1
49 0
50 3
51 0
52 2
53 1
54 3
55 0
56 1
57 0
58 2
59 0
60 0
61 1
62 2
63 3
64 1
65 2
66 3
67 1
68 0
69 2
70 1
71 1
72 2
73 0
74 1
75 1
76 2
77 2
78 0
79 2
80 1
81 3
82 1
83 2
84 2
85 0
86 1
87 3
88 0
89 2
90 0
91 0
92 1
93 2
94 0
95 1
96 1
97 1
98 1
99 1
100 0
101 3
102 0
103 0
104 2
105 1
106 0
