131
1 2
2 3
3 3
4 3
5 0
6 0
7 0
8 3
9 0
10 3
11 1
12 0
13 2
14 2
15 3
16 1
17 3
18 1
19 0
20 2
21 2
22 1
23 2
24 2
25 3
26 1
27 1
28 0
29 1
30 3
31 3
32 3
33 1
34 1
35 2
36 2
37 0
38 2
39 3
40 3
41 1
42 3
43 2
44 0
45 0
46 0
47 1
48 1
49 0
50 0
51 0
52 1
53 2
54 0
55 1
56 3
57 0
58 1
59 3
60 0
61 2
62 1
63 3
64 1
65 2
66 1
67 3
68 3
69 0
70 1
71 1
72 2
73 0
74 0
75 3
76 3
77 2
78 0
79 0
80 2
81 2
82 1
83 3
84 0
85 2
86 2
87 3
88 3
89 2
90 2
91 3
92 0
93 1
94 1
95 2
96 1
97 0
98 1
99 2
100 2
101 0
102 0
103 1
104 0
105 2
106 2
107 3
108 0
109 0
110 1
111 3
112 3
113 1
114 3
115 2
116 3
117 0
118 0
119 2
120 1
121 1
122 0
123 1
124 2
125 1
126 2
127 3
128 2
129 3
130 3
131 0
