159
1 1
2 1
3 2
4 1
5 3
6 3
7 2
8 3
9 3
10 2
11 0
12 2
13 1
14 1
15 1
16 1
17 2
18 0
19 3
20 0
21 0
22 2
23 3
24 3
25 1
26 1
27 0
28 0
29 3
30 1
31 2
32 0
33 1
34 2
35 1
36 3
37 0
38 1
39 2
40 1
41 3
42 2
43 1
44 0
45 1
46 3
47 2
48 3
49 3
50 3
51 3
52 2
53 3
54 1
55 2
56 2
57 0
58 0
59 0
60 0
61 0
62 0
63 0
64 1
65 3
66 2
67 0
68 3
69 3
70 3
71 2
72 1
73 1
74 1
75 0
76 0
77 0
78 3
79 1
80 3
81 2
82 2
83 1
84 1
85 1
86 3
87 1
88 0
89 1
90 0
91 1
92 3
93 2
94 3
95 0
96 0
97 0
98 0
99 1
100 2
101 1
102 2
103 3
104 0
105 0
106 0
107 2
108 3
109 0
110 2
111 0
112 1
113 0
114 2
115 2
116 0
117 1
118 2
119 0
120 1
121 2
122 0
123 2
124 0
125 1
126 3
127 3
128 2
129 0
130 0
131 0
132 2
133 2
134 2
135 3
136 2
137 2
138 2
139 2
140 0
141 2
142 2
143 1
144 2
145 2
146 1
147 1
148 1
149 1
150 1
151 2
152 0
153 1
154 1
155 2
156 2
157 0
158 0
159 3
