155
1 3
2 3
3 1
4 3
5 3
6 3
7 2
8 3
9 3
10 2
11 3
12 3
13 1
14 0
15 3
16 0
17 1
18 2
19 1
20 3
21 2
22 1
23 0
24 2
25 0
26 2
27 0
28 3
29 0
30 0
31 2
32 3
33 0
34 0
35 2
36 2
37 1
38 1
39 2
40 2
41 3
42 0
43 2
44 1
45 0
46 1
47 0
48 2
49 3
50 0
51 0
52 3
53 1
54 0
55 0
56 0
57 1
58 0
59 2
60 3
61 1
62 1
63 2
64 0
65 0
66 2
67 0
68 0
69 0
70 2
71 2
72 1
73 1
74 3
75 3
76 0
77 1
78 1
79 1
80 1
81 3
82 3
83 3
84 2
85 0
86 3
87 1
88 2
89 2
90 0
91 0
92 2
93 2
94 1
95 0
96 1
97 1
98 3
99 2
100 1
101 1
102 1
103 2
104 0
105 3
106 2
107 0
108 1
109 2
110 2
111 3
112 3
113 1
114 0
115 1
116 0
117 1
118 2
119 2
120 3
121 1
122 2
123 1
124 3
125 0
126 1
127 0
128 1
129 1
130 2
131 0
132 1
133 2
134 0
135 2
136 0
137 2
138 1
139 0
140 1
141 1
142 2
143 0
144 0
145 3
146 0
147 1
148 1
149 0
150 3
151 2
152 1
153 2
154 2
155 2
