141
1 2
2 3
3 0
4 2
5 1
6 3
7 3
8 3
9 1
10 3
11 1
12 1
13 2
14 1
15 1
16 3
17 3
18 3
19 0
20 2
21 3
22 1
23 0
24 1
25 2
26 2
27 2
28 0
29 2
30 1
31 3
32 1
33 2
34 3
35 1
36 1
37 2
38 3
39 2
40 3
41 1
42 0
43 2
44 1
45 3
46 2
47 3
48 1
49 2
50 2
51 3
52 1
53 3
54 1
55 1
56 2
57 3
58 0
59 1
60 2
61 0
62 0
63 0
64 1
65 2
66 0
67 0
68 2
69 2
70 1
71 2
72 0
73 3
74 0
75 3
76 2
77 3
78 3
79 1
80 0
81 3
82 2
83 0
84 1
85 1
86 0
87 2
88 3
89 0
90 2
91 3
92 0
93 1
94 3
95 2
96 2
97 0
98 1
99 1
100 3
101 3
102 0
103 2
104 1
105 3
106 0
107 3
108 0
109 0
110 0
111 0
112 3
113 2
114 1
115 1
116 1
117 0
118 1
119 1
120 0
121 1
122 0
123 2
124 0
125 1
126 1
127 2
128 2
129 0
130 0
131 0
132 0
133 2
134 0
135 3
136 3
137 3
138 0
139 0
140 2
141 2
