182
1 2
2 3
3 0
4 3
5 3
6 0
7 2
8 3
9 1
10 2
11 3
12 0
13 2
14 0
15 0
16 3
17 1
18 3
19 1
20 3
21 2
22 3
23 2
24 1
25 1
26 3
27 2
28 0
29 0
30 1
31 0
32 3
33 2
34 1
35 2
36 1
37 0
38 3
39 3
40 3
41 0
42 3
43 0
44 2
45 0
46 0
47 3
48 1
49 1
50 2
51 1
52 3
53 0
54 1
55 0
56 0
57 1
58 2
59 0
60 1
61 1
62 3
63 0
64 2
65 2
66 1
67 3
68 3
69 2
70 1
71 3
72 2
73 2
74 1
75 2
76 1
77 0
78 2
79 0
80 3
81 2
82 3
83 2
84 3
85 0
86 2
87 0
88 2
89 3
90 0
91 1
92 3
93 2
94 0
95 0
96 1
97 1
98 2
99 3
100 2
101 0
102 1
103 2
104 1
105 1
106 1
107 0
108 1
109 0
110 1
111 0
112 1
113 0
114 0
115 2
116 2
117 2
118 3
119 1
120 2
121 3
122 2
123 1
124 2
125 1
126 0
127 0
128 2
129 1
130 0
131 3
132 0
133 0
134 2
135 3
136 0
137 1
138 1
139 1
140 0
141 2
142 1
143 1
144 2
145 0
146 1
147 0
148 3
149 0
150 1
151 2
152 3
153 3
154 1
155 3
156 3
157 1
158 3
159 0
160 1
161 1
162 3
163 1
164 2
165 0
166 3
167 3
168 0
169 0
170 1
171 2
172 3
173 3
174 0
175 0
176 2
177 1
178 2
179 2
180 2
181 2
182 1
