166
1 3
2 1
3 3
4 1
5 2
6 1
7 3
8 0
9 1
10 0
11 1
12 3
13 2
14 2
15 0
16 0
17 2
18 2
19 1
20 0
21 3
22 0
23 3
24 2
25 0
26 3
27 1
28 1
29 3
30 2
31 2
32 0
33 3
34 0
35 0
36 2
37 2
38 3
39 3
40 2
41 2
42 1
43 1
44 3
45 0
46 3
47 2
48 1
49 2
50 3
51 2
52 2
53 0
54 1
55 3
56 2
57 1
58 0
59 3
60 3
61 3
62 3
63 1
64 1
65 3
66 3
67 2
68 0
69 2
70 1
71 3
72 2
73 0
74 0
75 3
76 1
77 2
78 3
79 2
80 1
81 0
82 1
83 1
84 2
85 0
86 1
87 3
88 1
89 0
90 0
91 0
92 2
93 3
94 1
95 2
96 1
97 2
98 0
99 1
100 2
101 0
102 3
103 1
104 3
105 2
106 0
107 3
108 3
109 1
110 2
111 0
112 1
113 0
114 0
115 0
116 0
117 0
118 1
119 1
120 0
121 2
122 0
123 0
124 3
125 0
126 2
127 3
128 2
129 2
130 1
131 3
132 2
133 2
134 1
135 1
136 2
137 3
138 1
139 1
140 0
141 1
142 3
143 2
144 1
145 1
146 0
147 0
148 0
149 0
150 2
151 0
152 2
153 0
154 2
155 2
156 1
157 0
158 2
159 0
160 1
161 0
162 2
163 1
164 2
165 0
166 1
