153
1 3
2 3
3 3
4 2
5 2
6 1
7 1
8 1
9 3
10 3
11 2
12 3
13 2
14 2
15 0
16 1
17 2
18 1
19 3
20 0
21 2
22 1
23 2
24 1
25 1
26 0
27 0
28 3
29 2
30 2
31 2
32 0
33 0
34 0
35 2
36 1
37 2
38 2
39 1
40 3
41 2
42 3
43 1
44 0
45 3
46 0
47 2
48 0
49 3
50 2
51 1
52 0
53 0
54 2
55 2
56 2
57 3
58 3
59 2
60 2
61 1
62 1
63 0
64 3
65 0
66 2
67 1
68 1
69 3
70 3
71 1
72 3
73 0
74 3
75 0
76 1
77 1
78 0
79 0
80 1
81 0
82 1
83 0
84 3
85 1
86 1
87 1
88 2
89 2
90 1
91 3
92 0
93 0
94 2
95 1
96 0
97 3
98 3
99 1
100 0
101 2
102 3
103 0
104 0
105 3
106 3
107 0
108 2
109 0
110 2
111 2
112 2
113 1
114 0
115 1
116 3
117 2
118 2
119 1
120 3
121 0
122 1
123 1
124 0
125 1
126 3
127 3
128 3
129 0
130 0
131 2
132 2
133 3
134 1
135 2
136 0
137 0
138 0
139 3
140 1
141 0
142 1
143 1
144 0
145 2
146 0
147 2
148 1
149 2
150 0
151 3
152 1
153 2
