161
1 3
2 0
3 3
4 3
5 0
6 3
7 0
8 1
9 3
10 0
11 0
12 1
13 1
14 3
15 0
16 0
17 1
18 2
19 1
20 1
21 3
22 0
23 1
24 2
25 0
26 0
27 0
28 3
29 3
30 3
31 3
32 1
33 1
34 0
35 3
36 2
37 0
38 2
39 1
40 3
41 1
42 2
43 2
44 1
45 3
46 1
47 3
48 3
49 3
50 3
51 1
52 2
53 3
54 2
55 3
56 1
57 3
58 3
59 3
60 2
61 0
62 1
63 2
64 2
65 2
66 2
67 3
68 3
69 1
70 1
71 1
72 2
73 0
74 0
75 1
76 0
77 1
78 2
79 0
80 0
81 1
82 3
83 0
84 2
85 2
86 1
87 2
88 0
89 1
90 1
91 3
92 1
93 0
94 2
95 1
96 0
97 2
98 1
99 0
100 3
101 3
102 1
103 0
104 3
105 2
106 2
107 3
108 0
109 1
110 2
111 0
112 0
113 0
114 1
115 3
116 0
117 1
118 1
119 2
120 2
121 1
122 1
123 0
124 1
125 3
126 1
127 3
128 2
129 0
130 1
131 2
132 2
133 2
134 0
135 0
136 2
137 3
138 2
139 2
140 2
141 2
142 3
143 2
144 0
145 0
146 3
147 2
148 2
149 1
150 1
151 1
152 0
153 0
154 1
155 2
156 1
157 1
158 0
159 3
160 0
161 3
