101
1 0
2 3
3 2
4 3
5 2
6 3
7 2
8 1
9 3
10 2
11 1
12 1
13 3
14 0
15 0
16 1
17 3
18 3
19 0
20 1
21 3
22 1
23 3
24 2
25 0
26 3
27 1
28 2
29 1
30 3
31 2
32 0
33 0
34 2
35 3
36 0
37 3
38 3
39 0
40 0
41 1
42 1
43 2
44 2
45 3
46 0
47 0
48 3
49 1
50 2
51 1
52 2
53 0
54 1
55 1
56 3
57 1
58 2
59 2
60 2
61 3
62 2
63 1
64 3
65 1
66 1
67 2
68 0
69 3
70 3
71 2
72 1
73 2
74 0
75 0
76 1
77 2
78 3
79 0
80 2
81 1
82 0
83 2
84 1
85 1
86 2
87 3
88 0
89 0
90 0
91 1
92 1
93 0
94 3
95 2
96 3
97 0
98 2
99 1
100 0
101 0
