179
1 0
2 3
3 3
4 0
5 0
6 1
7 2
8 1
9 3
10 1
11 1
12 0
13 0
14 1
15 3
16 0
17 3
18 3
19 3
20 0
21 2
22 2
23 1
24 0
25 2
26 2
27 2
28 3
29 1
30 2
31 0
32 3
33 0
34 2
35 2
36 3
37 3
38 2
39 3
40 2
41 0
42 1
43 0
44 0
45 2
46 1
47 3
48 0
49 1
50 2
51 3
52 3
53 3
54 1
55 3
56 2
57 1
58 0
59 2
60 1
61 0
62 2
63 3
64 1
65 3
66 1
67 0
68 1
69 2
70 1
71 3
72 0
73 2
74 2
75 1
76 3
77 2
78 1
79 0
80 3
81 0
82 1
83 3
84 1
85 2
86 2
87 0
88 1
89 0
90 3
91 2
92 2
93 2
94 3
95 0
96 0
97 1
98 2
99 3
100 1
101 0
102 1
103 2
104 0
105 0
106 2
107 3
108 1
109 0
110 2
111 1
112 2
113 0
114 2
115 1
116 2
117 2
118 3
119 1
120 3
121 1
122 1
123 2
124 2
125 3
126 2
127 0
128 1
129 0
130 1
131 1
132 0
133 1
134 1
135 0
136 1
137 0
138 3
139 3
140 1
141 3
142 2
143 1
144 3
145 2
146 1
147 1
148 3
149 0
150 3
151 1
152 0
153 0
154 1
155 2
156 1
157 3
158 3
159 0
160 3
161 0
162 0
163 2
164 2
165 1
166 0
167 0
168 0
169 0
170 2
171 3
172 2
173 1
174 0
175 0
176 3
177 2
178 3
179 2
