187
1 2
2 2
3 3
4 1
5 1
6 3
7 2
8 0
9 2
10 3
11 2
12 0
13 0
14 0
15 3
16 1
17 0
18 0
19 3
20 0
21 3
22 1
23 2
24 1
25 2
26 0
27 2
28 1
29 3
30 3
31 3
32 3
33 3
34 3
35 0
36 0
37 2
38 2
39 2
40 2
41 1
42 2
43 3
44 1
45 1
46 2
47 3
48 2
49 3
50 3
51 1
52 3
53 3
54 3
55 1
56 2
57 0
58 0
59 2
60 3
61 1
62 2
63 0
64 3
65 2
66 2
67 2
68 1
69 3
70 2
71 3
72 2
73 1
74 0
75 3
76 0
77 1
78 0
79 3
80 1
81 2
82 0
83 1
84 1
85 0
86 0
87 1
88 3
89 3
90 1
91 2
92 0
93 0
94 1
95 0
96 1
97 0
98 1
99 2
100 1
101 1
102 1
103 0
104 1
105 2
106 1
107 1
108 2
109 2
110 3
111 3
112 0
113 3
114 3
115 0
116 2
117 0
118 0
119 2
120 2
121 1
122 1
123 0
124 3
125 0
126 3
127 2
128 0
129 0
130 0
131 1
132 0
133 1
134 0
135 2
136 2
137 3
138 3
139 0
140 3
141 0
142 2
143 1
144 1
145 1
146 0
147 3
148 2
149 2
150 1
151 0
152 3
153 0
154 1
155 1
156 2
157 1
158 2
159 0
160 2
161 1
162 2
163 1
164 1
165 0
166 0
167 2
168 1
169 2
170 0
171 1
172 1
173 2
174 3
175 0
176 1
177 2
178 1
179 0
180 1
181 0
182 1
183 0
184 1
185 1
186 3
187 3
