129
1 2
2 0
3 2
4 0
5 2
6 2
7 3
8 3
9 0
10 2
11 2
12 1
13 3
14 1
15 1
16 1
17 3
18 0
19 3
20 2
21 2
22 1
23 1
24 3
25 0
26 3
27 1
28 2
29 0
30 3
31 2
32 2
33 2
34 2
35 3
36 0
37 0
38 1
39 3
40 3
41 1
42 1
43 1
44 3
45 1
46 0
47 3
48 2
49 0
50 0
51 0
52 3
53 0
54 1
55 2
56 2
57 0
58 1
59 2
60 3
61 2
62 2
63 3
64 1
65 2
66 0
67 0
68 0
69 1
70 0
71 1
72 1
73 1
74 1
75 2
76 2
77 2
78 1
79 3
80 0
81 0
82 1
83 1
84 0
85 1
86 2
87 1
88 0
89 0
90 2
91 0
92 3
93 1
94 0
95 0
96 1
97 0
98 0
99 3
100 0
101 3
102 3
103 2
104 2
105 0
106 1
107 0
108 2
109 2
110 1
111 2
112 2
113 2
114 1
115 0
116 0
117 1
118 1
119 2
120 3
121 0
122 2
123 1
124 3
125 1
126 0
127 3
128 2
129 1
