109
1 2
2 3
3 1
4 3
5 0
6 2
7 3
8 1
9 2
10 3
11 1
12 2
13 1
14 3
15 2
16 3
17 1
18 0
19 2
20 1
21 1
22 1
23 2
24 3
25 3
26 1
27 1
28 0
29 1
30 1
31 1
32 3
33 0
34 0
35 0
36 2
37 0
38 3
39 2
40 3
41 1
42 0
43 2
44 1
45 1
46 3
47 0
48 1
49 1
50 3
51 2
52 3
53 2
54 2
55 0
56 0
57 3
58 3
59 1
60 1
61 0
62 1
63 3
64 0
65 0
66 1
67 3
68 1
69 1
70 2
71 0
72 0
73 3
74 2
75 3
76 0
77 2
78 0
79 2
80 2
81 0
82 1
83 0
84 1
85 2
86 0
87 0
88 3
89 1
90 0
91 3
92 0
93 1
94 2
95 2
96 3
97 1
98 2
99 0
100 2
101 0
102 2
103 2
104 0
105 2
106 2
107 0
108 3
109 0
