127
1 2
2 3
3 1
4 3
5 2
6 0
7 2
8 0
9 3
10 3
11 1
12 0
13 3
14 2
15 2
16 0
17 2
18 3
19 2
20 2
21 0
22 3
23 3
24 2
25 1
26 3
27 1
28 1
29 3
30 3
31 0
32 2
33 1
34 1
35 2
36 0
37 3
38 2
39 3
40 2
41 0
42 3
43 1
44 2
45 3
46 1
47 0
48 0
49 1
50 2
51 2
52 2
53 0
54 1
55 2
56 0
57 0
58 3
59 1
60 1
61 3
62 0
63 2
64 1
65 1
66 1
67 3
68 1
69 3
70 3
71 2
72 1
73 3
74 0
75 0
76 2
77 2
78 1
79 1
80 2
81 1
82 1
83 1
84 2
85 0
86 0
87 0
88 0
89 3
90 1
91 3
92 1
93 0
94 0
95 1
96 1
97 2
98 0
99 3
100 2
101 3
102 0
103 0
104 1
105 1
106 0
107 1
108 0
109 3
110 2
111 2
112 2
113 1
114 1
115 2
116 2
117 2
118 1
119 0
120 0
121 0
122 0
123 1
124 0
125 0
126 1
127 1
