138
1 0
2 2
3 3
4 0
5 0
6 2
7 2
8 1
9 1
10 1
11 1
12 1
13 3
14 3
15 1
16 0
17 2
18 3
19 2
20 3
21 2
22 3
23 1
24 3
25 1
26 1
27 0
28 0
29 0
30 2
31 3
32 3
33 0
34 0
35 2
36 2
37 1
38 3
39 3
40 2
41 0
42 2
43 1
44 3
45 0
46 3
47 3
48 2
49 2
50 1
51 2
52 3
53 1
54 3
55 0
56 2
57 0
58 0
59 3
60 1
61 0
62 0
63 1
64 0
65 2
66 0
67 0
68 2
69 0
70 3
71 0
72 1
73 3
74 3
75 1
76 2
77 1
78 3
79 0
80 1
81 3
82 1
83 3
84 1
85 3
86 3
87 1
88 1
89 1
90 1
91 3
92 2
93 1
94 0
95 1
96 1
97 1
98 2
99 2
100 3
101 0
102 2
103 2
104 3
105 0
106 2
107 3
108 3
109 0
110 2
111 1
112 0
113 1
114 1
115 2
116 0
117 0
118 1
119 0
120 0
121 0
122 2
123 0
124 0
125 0
126 1
127 2
128 3
129 1
130 2
131 3
132 0
133 2
134 2
135 2
136 2
137 2
138 2
