148
1 0
2 3
3 3
4 1
5 0
6 2
7 3
8 1
9 0
10 2
11 2
12 0
13 0
14 2
15 0
16 1
17 3
18 0
19 0
20 3
21 0
22 0
23 2
24 2
25 0
26 0
27 1
28 1
29 2
30 1
31 1
32 2
33 3
34 2
35 3
36 1
37 1
38 1
39 2
40 3
41 1
42 0
43 0
44 1
45 3
46 2
47 3
48 3
49 2
50 0
51 1
52 2
53 0
54 3
55 0
56 2
57 3
58 1
59 1
60 1
61 0
62 0
63 2
64 1
65 2
66 2
67 0
68 1
69 2
70 1
71 1
72 0
73 2
74 0
75 1
76 0
77 0
78 2
79 1
80 0
81 0
82 1
83 0
84 0
85 3
86 3
87 0
88 1
89 3
90 1
91 1
92 1
93 3
94 2
95 1
96 2
97 1
98 3
99 3
100 0
101 0
102 2
103 2
104 0
105 2
106 2
107 2
108 0
109 2
110 3
111 0
112 3
113 2
114 3
115 1
116 0
117 2
118 3
119 2
120 3
121 0
122 1
123 2
124 2
125 1
126 0
127 2
128 3
129 1
130 2
131 2
132 2
133 1
134 1
135 3
136 3
137 0
138 1
139 0
140 3
141 1
142 1
143 1
144 2
145 2
146 1
147 1
148 2
