119
1 2
2 0
3 1
4 0
5 0
6 2
7 3
8 0
9 0
10 2
11 1
12 2
13 0
14 0
15 1
16 3
17 2
18 0
19 2
20 1
21 2
22 0
23 0
24 0
25 2
26 1
27 3
28 3
29 3
30 0
31 2
32 1
33 3
34 1
35 1
36 2
37 0
38 0
39 1
40 1
41 2
42 1
43 3
44 0
45 3
46 0
47 1
48 1
49 2
50 2
51 0
52 2
53 3
54 3
55 3
56 0
57 2
58 1
59 0
60 3
61 1
62 3
63 2
64 0
65 2
66 1
67 0
68 3
69 0
70 2
71 0
72 3
73 2
74 0
75 3
76 3
77 0
78 0
79 0
80 3
81 1
82 1
83 3
84 3
85 3
86 1
87 2
88 2
89 0
90 2
91 2
92 3
93 3
94 2
95 1
96 1
97 0
98 0
99 1
100 1
101 3
102 2
103 2
104 1
105 1
106 0
107 1
108 2
109 1
110 1
111 0
112 1
113 2
114 3
115 2
116 1
117 0
118 3
119 1
