191
1 3
2 3
3 3
4 3
5 3
6 2
7 0
8 1
9 1
10 3
11 1
12 3
13 3
14 1
15 1
16 0
17 3
18 2
19 2
20 0
21 0
22 2
23 0
24 1
25 1
26 1
27 2
28 1
29 3
30 3
31 2
32 1
33 2
34 1
35 0
36 2
37 3
38 3
39 0
40 2
41 3
42 1
43 2
44 1
45 3
46 0
47 1
48 1
49 1
50 3
51 1
52 2
53 2
54 3
55 1
56 3
57 3
58 1
59 3
60 2
61 1
62 2
63 0
64 3
65 1
66 3
67 2
68 2
69 2
70 1
71 2
72 0
73 1
74 0
75 0
76 0
77 0
78 3
79 2
80 1
81 0
82 2
83 2
84 0
85 1
86 1
87 0
88 0
89 0
90 0
91 1
92 0
93 3
94 3
95 0
96 0
97 2
98 1
99 2
100 2
101 1
102 0
103 2
104 2
105 3
106 1
107 0
108 3
109 3
110 1
111 3
112 0
113 2
114 1
115 0
116 0
117 1
118 3
119 2
120 1
121 2
122 1
123 3
124 2
125 1
126 0
127 0
128 2
129 0
130 3
131 2
132 0
133 3
134 2
135 2
136 1
137 3
138 1
139 2
140 3
141 1
142 2
143 2
144 0
145 0
146 1
147 0
148 2
149 0
150 1
151 0
152 0
153 0
154 3
155 1
156 3
157 1
158 0
159 3
160 3
161 2
162 3
163 2
164 3
165 0
166 1
167 3
168 2
169 2
170 0
171 2
172 1
173 3
174 0
175 3
176 1
177 0
178 0
179 1
180 3
181 1
182 1
183 2
184 1
185 1
186 2
187 3
188 0
189 2
190 3
191 2
