193
1 2
2 2
3 0
4 3
5 0
6 3
7 2
8 1
9 0
10 2
11 2
12 2
13 1
14 2
15 0
16 3
17 3
18 3
19 3
20 0
21 0
22 3
23 3
24 0
25 0
26 3
27 3
28 2
29 0
30 1
31 1
32 0
33 1
34 0
35 3
36 2
37 0
38 0
39 0
40 3
41 1
42 3
43 0
44 2
45 3
46 1
47 0
48 3
49 2
50 2
51 0
52 2
53 0
54 3
55 2
56 1
57 0
58 3
59 0
60 1
61 3
62 0
63 3
64 2
65 0
66 0
67 3
68 1
69 1
70 0
71 3
72 2
73 3
74 1
75 0
76 3
77 2
78 0
79 0
80 2
81 2
82 1
83 3
84 2
85 3
86 2
87 1
88 2
89 0
90 3
91 2
92 3
93 0
94 3
95 2
96 1
97 1
98 3
99 1
100 3
101 0
102 3
103 3
104 1
105 2
106 1
107 2
108 0
109 0
110 2
111 3
112 0
113 1
114 1
115 1
116 1
117 3
118 1
119 2
120 0
121 1
122 2
123 0
124 1
125 2
126 0
127 2
128 2
129 2
130 1
131 1
132 3
133 2
134 0
135 0
136 2
137 2
138 2
139 1
140 2
141 1
142 3
143 0
144 1
145 1
146 1
147 2
148 0
149 1
150 1
151 3
152 1
153 2
154 0
155 1
156 3
157 1
158 2
159 2
160 0
161 2
162 1
163 3
164 0
165 1
166 0
167 2
168 1
169 0
170 2
171 1
172 1
173 2
174 0
175 0
176 3
177 2
178 1
179 2
180 2
181 0
182 3
183 1
184 0
185 2
186 0
187 1
188 1
189 0
190 1
191 1
192 1
193 1
