118
1 3
2 2
3 3
4 3
5 0
6 1
7 1
8 2
9 0
10 2
11 0
12 3
13 3
14 1
15 1
16 0
17 3
18 3
19 2
20 2
21 1
22 2
23 2
24 2
25 0
26 1
27 3
28 3
29 3
30 1
31 3
32 2
33 3
34 0
35 3
36 0
37 3
38 2
39 2
40 2
41 1
42 3
43 0
44 3
45 0
46 3
47 2
48 0
49 0
50 0
51 3
52 1
53 0
54 3
55 1
56 3
57 0
58 2
59 1
60 1
61 3
62 3
63 1
64 2
65 0
66 0
67 1
68 2
69 2
70 2
71 1
72 0
73 2
74 1
75 0
76 0
77 0
78 1
79 1
80 2
81 0
82 1
83 1
84 1
85 3
86 0
87 0
88 2
89 3
90 2
91 1
92 2
93 0
94 1
95 1
96 1
97 2
98 1
99 0
100 1
101 1
102 0
103 0
104 2
105 2
106 0
107 0
108 1
109 1
110 0
111 2
112 2
113 1
114 2
115 2
116 0
117 2
118 1
