186
1 1
2 0
3 0
4 3
5 0
6 0
7 1
8 0
9 2
10 1
11 1
12 0
13 3
14 0
15 1
16 3
17 2
18 2
19 3
20 2
21 3
22 0
23 2
24 1
25 2
26 2
27 0
28 0
29 1
30 2
31 1
32 3
33 3
34 1
35 3
36 3
37 2
38 3
39 2
40 3
41 0
42 2
43 1
44 2
45 2
46 2
47 1
48 3
49 0
50 0
51 2
52 1
53 0
54 0
55 0
56 1
57 3
58 2
59 0
60 3
61 0
62 3
63 3
64 3
65 1
66 3
67 2
68 3
69 3
70 1
71 1
72 0
73 0
74 2
75 3
76 3
77 3
78 0
79 1
80 0
81 2
82 1
83 2
84 1
85 3
86 2
87 0
88 2
89 3
90 2
91 0
92 1
93 2
94 1
95 3
96 2
97 3
98 1
99 0
100 2
101 2
102 2
103 3
104 3
105 2
106 0
107 0
108 2
109 0
110 1
111 0
112 0
113 2
114 3
115 0
116 2
117 2
118 3
119 1
120 2
121 0
122 3
123 1
124 2
125 0
126 1
127 1
128 1
129 2
130 0
131 0
132 0
133 3
134 0
135 0
136 1
137 2
138 0
139 1
140 0
141 1
142 0
143 1
144 1
145 2
146 1
147 3
148 2
149 0
150 0
151 2
152 1
153 3
154 1
155 3
156 2
157 2
158 0
159 0
160 2
161 1
162 1
163 2
164 1
165 1
166 3
167 0
168 2
169 1
170 0
171 0
172 1
173 1
174 1
175 0
176 0
177 2
178 2
179 1
180 1
181 3
182 0
183 2
184 0
185 2
186 1
