183
1 3
2 0
3 2
4 2
5 0
6 2
7 0
8 0
9 3
10 0
11 0
12 3
13 1
14 3
15 2
16 2
17 1
18 3
19 3
20 1
21 0
22 2
23 0
24 1
25 0
26 1
27 1
28 2
29 3
30 3
31 2
32 0
33 0
34 2
35 0
36 2
37 1
38 0
39 2
40 3
41 1
42 0
43 0
44 0
45 1
46 1
47 2
48 2
49 0
50 3
51 3
52 3
53 1
54 0
55 3
56 1
57 3
58 0
59 3
60 0
61 3
62 3
63 3
64 0
65 2
66 2
67 1
68 1
69 0
70 1
71 2
72 2
73 2
74 1
75 3
76 1
77 1
78 0
79 3
80 1
81 1
82 2
83 0
84 0
85 0
86 3
87 1
88 2
89 1
90 0
91 3
92 1
93 0
94 2
95 3
96 2
97 0
98 1
99 1
100 1
101 1
102 2
103 0
104 3
105 2
106 3
107 0
108 3
109 0
110 0
111 3
112 1
113 2
114 3
115 0
116 2
117 2
118 0
119 1
120 1
121 1
122 0
123 2
124 1
125 0
126 0
127 2
128 0
129 2
130 2
131 3
132 3
133 3
134 1
135 3
136 0
137 1
138 2
139 0
140 3
141 3
142 0
143 3
144 1
145 1
146 1
147 2
148 2
149 3
150 1
151 0
152 2
153 2
154 1
155 3
156 2
157 0
158 2
159 2
160 3
161 0
162 0
163 1
164 3
165 1
166 0
167 3
168 0
169 2
170 0
171 3
172 0
173 3
174 2
175 1
176 1
177 3
178 3
179 2
180 1
181 0
182 0
183 2
