122
1 3
2 2
3 0
4 0
5 0
6 2
7 3
8 3
9 0
10 2
11 2
12 3
13 0
14 0
15 1
16 1
17 1
18 2
19 2
20 3
21 1
22 1
23 0
24 1
25 1
26 0
27 2
28 2
29 0
30 3
31 1
32 1
33 1
34 1
35 0
36 1
37 2
38 3
39 2
40 2
41 3
42 1
43 3
44 3
45 3
46 1
47 0
48 0
49 2
50 2
51 2
52 1
53 3
54 2
55 0
56 1
57 1
58 3
59 1
60 0
61 2
62 2
63 2
64 2
65 0
66 0
67 1
68 0
69 1
70 0
71 3
72 2
73 1
74 1
75 2
76 1
77 2
78 1
79 2
80 1
81 1
82 0
83 0
84 1
85 0
86 2
87 0
88 1
89 0
90 0
91 0
92 0
93 0
94 1
95 3
96 1
97 3
98 2
99 3
100 2
101 0
102 2
103 3
104 2
105 2
106 2
107 1
108 2
109 2
110 1
111 2
112 2
113 1
114 0
115 2
116 1
117 0
118 0
119 1
120 2
121 0
122 0
