142
1 3
2 0
3 3
4 2
5 3
6 1
7 3
8 1
9 2
10 2
11 2
12 0
13 2
14 2
15 3
16 2
17 0
18 0
19 1
20 0
21 0
22 3
23 0
24 3
25 0
26 2
27 0
28 3
29 0
30 2
31 0
32 0
33 3
34 0
35 3
36 2
37 2
38 0
39 1
40 2
41 2
42 2
43 1
44 1
45 1
46 0
47 1
48 1
49 0
50 2
51 0
52 3
53 2
54 3
55 3
56 3
57 2
58 0
59 1
60 1
61 0
62 1
63 3
64 1
65 1
66 1
67 0
68 3
69 2
70 3
71 1
72 1
73 1
74 1
75 2
76 3
77 1
78 2
79 0
80 0
81 3
82 1
83 3
84 2
85 0
86 3
87 1
88 1
89 2
90 3
91 2
92 0
93 0
94 2
95 1
96 1
97 1
98 1
99 1
100 0
101 3
102 3
103 2
104 2
105 2
106 0
107 3
108 0
109 1
110 0
111 2
112 1
113 3
114 0
115 2
116 0
117 1
118 3
119 0
120 3
121 1
122 2
123 2
124 0
125 0
126 1
127 1
128 3
129 0
130 1
131 0
132 3
133 1
134 1
135 1
136 3
137 3
138 0
139 2
140 0
141 0
142 2
