190
1 2
2 3
3 0
4 0
5 3
6 3
7 2
8 1
9 3
10 3
11 0
12 2
13 1
14 2
15 2
16 2
17 1
18 0
19 2
20 0
21 1
22 2
23 1
24 1
25 0
26 3
27 0
28 2
29 1
30 2
31 1
32 2
33 2
34 0
35 1
36 0
37 0
38 3
39 2
40 1
41 3
42 3
43 0
44 0
45 0
46 0
47 0
48 1
49 1
50 1
51 3
52 3
53 0
54 0
55 0
56 3
57 0
58 2
59 1
60 3
61 2
62 3
63 2
64 2
65 1
66 0
67 3
68 3
69 1
70 2
71 1
72 1
73 2
74 3
75 0
76 1
77 0
78 3
79 1
80 1
81 2
82 2
83 0
84 0
85 3
86 3
87 0
88 1
89 2
90 3
91 3
92 0
93 1
94 0
95 1
96 3
97 2
98 0
99 2
100 2
101 0
102 1
103 2
104 1
105 1
106 0
107 1
108 3
109 1
110 2
111 1
112 2
113 0
114 1
115 2
116 2
117 2
118 3
119 1
120 2
121 2
122 2
123 2
124 1
125 1
126 2
127 0
128 0
129 1
130 3
131 2
132 1
133 0
134 2
135 3
136 0
137 3
138 1
139 2
140 1
141 0
142 1
143 3
144 0
145 0
146 2
147 1
148 1
149 0
150 0
151 0
152 1
153 0
154 2
155 2
156 0
157 2
158 0
159 0
160 3
161 3
162 0
163 0
164 2
165 2
166 1
167 1
168 2
169 3
170 1
171 1
172 3
173 2
174 1
175 2
176 1
177 3
178 2
179 3
180 2
181 0
182 0
183 1
184 1
185 1
186 0
187 0
188 3
189 1
190 2
