197
1 0
2 1
3 3
4 3
5 2
6 3
7 1
8 3
9 3
10 2
11 1
12 0
13 2
14 1
15 2
16 3
17 3
18 1
19 3
20 1
21 3
22 3
23 0
24 2
25 2
26 1
27 0
28 3
29 0
30 0
31 1
32 1
33 3
34 2
35 0
36 2
37 0
38 0
39 3
40 2
41 2
42 2
43 1
44 1
45 2
46 3
47 1
48 1
49 2
50 1
51 0
52 3
53 1
54 3
55 0
56 0
57 2
58 3
59 0
60 0
61 2
62 2
63 0
64 3
65 2
66 1
67 1
68 2
69 2
70 3
71 3
72 2
73 1
74 1
75 2
76 0
77 0
78 2
79 3
80 3
81 2
82 2
83 1
84 3
85 0
86 0
87 1
88 2
89 3
90 1
91 1
92 3
93 2
94 0
95 0
96 1
97 1
98 2
99 0
100 1
101 3
102 1
103 3
104 2
105 0
106 0
107 1
108 3
109 1
110 3
111 0
112 1
113 0
114 3
115 1
116 2
117 3
118 1
119 0
120 2
121 2
122 0
123 1
124 1
125 2
126 2
127 0
128 1
129 1
130 0
131 1
132 3
133 3
134 0
135 1
136 0
137 1
138 2
139 2
140 2
141 0
142 2
143 3
144 1
145 3
146 2
147 2
148 1
149 3
150 3
151 0
152 0
153 3
154 2
155 0
156 1
157 0
158 3
159 0
160 2
161 0
162 1
163 2
164 0
165 2
166 3
167 1
168 1
169 3
170 0
171 0
172 0
173 2
174 1
175 0
176 2
177 1
178 1
179 1
180 0
181 1
182 0
183 0
184 2
185 3
186 0
187 1
188 3
189 2
190 2
191 2
192 0
193 0
194 1
195 3
196 1
197 0
