199
1 2
2 2
3 0
4 0
5 1
6 3
7 1
8 3
9 3
10 2
11 3
12 3
13 3
14 0
15 2
16 1
17 0
18 1
19 2
20 3
21 1
22 2
23 0
24 1
25 3
26 3
27 2
28 2
29 3
30 0
31 1
32 2
33 2
34 3
35 3
36 1
37 2
38 1
39 3
40 0
41 3
42 2
43 3
44 1
45 3
46 1
47 1
48 1
49 0
50 0
51 1
52 0
53 3
54 1
55 1
56 3
57 2
58 2
59 1
60 0
61 2
62 0
63 3
64 1
65 0
66 2
67 1
68 3
69 1
70 0
71 2
72 0
73 1
74 2
75 2
76 2
77 3
78 0
79 0
80 3
81 0
82 0
83 1
84 0
85 2
86 3
87 2
88 1
89 2
90 2
91 3
92 0
93 1
94 1
95 0
96 3
97 1
98 2
99 1
100 1
101 2
102 2
103 0
104 1
105 2
106 3
107 3
108 2
109 1
110 0
111 3
112 3
113 2
114 0
115 2
116 2
117 2
118 0
119 1
120 1
121 0
122 1
123 3
124 0
125 0
126 3
127 1
128 0
129 3
130 2
131 0
132 1
133 2
134 2
135 0
136 3
137 0
138 2
139 0
140 0
141 2
142 1
143 0
144 1
145 3
146 2
147 3
148 3
149 0
150 1
151 0
152 2
153 2
154 3
155 0
156 1
157 0
158 1
159 3
160 1
161 0
162 3
163 0
164 2
165 2
166 2
167 1
168 3
169 2
170 1
171 3
172 1
173 3
174 0
175 0
176 2
177 1
178 0
179 0
180 3
181 3
182 2
183 2
184 1
185 0
186 0
187 2
188 0
189 1
190 1
191 0
192 1
193 3
194 2
195 0
196 0
197 1
198 3
199 3
