195
1 0
2 2
3 1
4 3
5 1
6 2
7 1
8 0
9 3
10 2
11 0
12 1
13 3
14 0
15 1
16 1
17 2
18 0
19 2
20 2
21 3
22 0
23 3
24 3
25 0
26 0
27 2
28 1
29 3
30 1
31 3
32 2
33 3
34 3
35 0
36 0
37 3
38 0
39 3
40 1
41 3
42 3
43 1
44 1
45 1
46 3
47 0
48 0
49 2
50 2
51 2
52 2
53 2
54 1
55 0
56 3
57 2
58 0
59 0
60 1
61 2
62 1
63 3
64 0
65 0
66 0
67 3
68 1
69 2
70 2
71 3
72 0
73 3
74 0
75 2
76 0
77 3
78 3
79 1
80 1
81 2
82 1
83 2
84 2
85 2
86 3
87 3
88 3
89 2
90 1
91 2
92 0
93 1
94 1
95 2
96 3
97 0
98 0
99 1
100 2
101 0
102 0
103 3
104 3
105 2
106 1
107 2
108 2
109 3
110 0
111 1
112 0
113 1
114 3
115 1
116 1
117 1
118 2
119 0
120 2
121 2
122 0
123 2
124 0
125 0
126 1
127 0
128 3
129 0
130 0
131 3
132 2
133 1
134 0
135 0
136 0
137 3
138 2
139 1
140 1
141 3
142 2
143 1
144 3
145 0
146 1
147 0
148 0
149 3
150 1
151 0
152 0
153 0
154 2
155 2
156 2
157 2
158 3
159 1
160 3
161 1
162 1
163 3
164 2
165 2
166 1
167 1
168 1
169 1
170 2
171 0
172 2
173 2
174 1
175 0
176 1
177 3
178 2
179 0
180 2
181 0
182 1
183 2
184 2
185 2
186 3
187 1
188 1
189 0
190 2
191 3
192 1
193 3
194 2
195 2
