165
1 1
2 1
3 1
4 0
5 2
6 1
7 1
8 3
9 0
10 1
11 1
12 1
13 2
14 0
15 2
16 2
17 3
18 3
19 3
20 0
21 0
22 1
23 0
24 2
25 1
26 1
27 2
28 1
29 1
30 2
31 0
32 2
33 3
34 0
35 2
36 3
37 0
38 1
39 1
40 2
41 0
42 3
43 2
44 2
45 0
46 3
47 0
48 2
49 0
50 1
51 1
52 3
53 3
54 1
55 3
56 2
57 2
58 0
59 3
60 1
61 3
62 3
63 1
64 2
65 0
66 2
67 0
68 1
69 3
70 0
71 3
72 2
73 1
74 3
75 0
76 3
77 3
78 3
79 0
80 0
81 0
82 3
83 3
84 0
85 3
86 3
87 3
88 2
89 2
90 3
91 0
92 0
93 1
94 1
95 0
96 2
97 2
98 0
99 1
100 1
101 3
102 3
103 2
104 1
105 0
106 2
107 1
108 2
109 0
110 3
111 2
112 0
113 3
114 0
115 2
116 0
117 0
118 2
119 1
120 3
121 2
122 1
123 1
124 1
125 3
126 1
127 0
128 0
129 1
130 3
131 2
132 1
133 1
134 3
135 2
136 2
137 2
138 0
139 0
140 0
141 2
142 0
143 3
144 2
145 1
146 0
147 1
148 0
149 2
150 0
151 1
152 3
153 2
154 1
155 2
156 1
157 2
158 0
159 3
160 1
161 1
162 0
163 3
164 3
165 2
