180
1 3
2 3
3 2
4 3
5 0
6 3
7 3
8 3
9 3
10 1
11 3
12 0
13 2
14 1
15 0
16 0
17 2
18 1
19 0
20 2
21 0
22 3
23 0
24 3
25 2
26 1
27 2
28 3
29 0
30 2
31 1
32 0
33 3
34 3
35 2
36 2
37 1
38 1
39 1
40 2
41 1
42 3
43 2
44 1
45 3
46 1
47 2
48 3
49 2
50 0
51 3
52 2
53 0
54 0
55 2
56 2
57 3
58 0
59 0
60 1
61 0
62 3
63 2
64 1
65 3
66 1
67 3
68 0
69 1
70 2
71 2
72 3
73 1
74 3
75 1
76 3
77 0
78 3
79 0
80 0
81 0
82 0
83 2
84 2
85 3
86 2
87 1
88 0
89 1
90 2
91 2
92 1
93 2
94 0
95 2
96 3
97 2
98 2
99 1
100 2
101 3
102 3
103 0
104 0
105 3
106 3
107 3
108 1
109 1
110 3
111 0
112 2
113 1
114 2
115 0
116 0
117 0
118 0
119 1
120 0
121 0
122 1
123 1
124 0
125 1
126 2
127 2
128 1
129 1
130 0
131 2
132 2
133 1
134 1
135 2
136 1
137 2
138 1
139 1
140 0
141 3
142 3
143 3
144 3
145 1
146 3
147 3
148 0
149 1
150 0
151 2
152 0
153 0
154 0
155 1
156 2
157 3
158 2
159 2
160 3
161 1
162 2
163 3
164 0
165 0
166 1
167 2
168 1
169 2
170 3
171 0
172 0
173 1
174 1
175 1
176 0
177 2
178 0
179 0
180 0
