126
1 0
2 1
3 0
4 1
5 0
6 2
7 0
8 0
9 2
10 0
11 0
12 1
13 2
14 1
15 0
16 2
17 3
18 3
19 2
20 3
21 2
22 1
23 1
24 3
25 0
26 3
27 1
28 0
29 0
30 2
31 0
32 3
33 1
34 1
35 3
36 2
37 3
38 0
39 3
40 0
41 3
42 1
43 1
44 2
45 1
46 3
47 2
48 3
49 1
50 3
51 0
52 1
53 1
54 1
55 1
56 3
57 2
58 2
59 0
60 2
61 1
62 1
63 2
64 3
65 0
66 2
67 1
68 2
69 0
70 0
71 3
72 2
73 2
74 0
75 2
76 3
77 0
78 0
79 2
80 3
81 3
82 2
83 0
84 2
85 0
86 2
87 2
88 0
89 3
90 1
91 2
92 3
93 1
94 1
95 0
96 1
97 1
98 3
99 0
100 1
101 1
102 1
103 2
104 2
105 2
106 1
107 0
108 3
109 0
110 0
111 0
112 1
113 1
114 1
115 2
116 3
117 0
118 0
119 1
120 0
121 0
122 1
123 0
124 1
125 2
126 2
