128
1 0
2 1
3 3
4 1
5 0
6 3
7 1
8 1
9 0
10 1
11 3
12 0
13 1
14 3
15 2
16 2
17 1
18 1
19 1
20 0
21 1
22 2
23 0
24 0
25 3
26 3
27 1
28 2
29 3
30 1
31 0
32 2
33 2
34 2
35 3
36 0
37 2
38 0
39 3
40 3
41 3
42 2
43 2
44 1
45 3
46 2
47 0
48 3
49 1
50 2
51 1
52 1
53 1
54 0
55 3
56 3
57 3
58 1
59 2
60 2
61 0
62 3
63 0
64 0
65 1
66 0
67 1
68 0
69 3
70 1
71 3
72 0
73 3
74 2
75 2
76 0
77 2
78 1
79 0
80 2
81 2
82 2
83 0
84 2
85 0
86 0
87 2
88 1
89 2
90 3
91 0
92 2
93 1
94 0
95 2
96 2
97 3
98 1
99 0
100 1
101 3
102 3
103 0
104 1
105 0
106 2
107 1
108 3
109 0
110 3
111 2
112 1
113 2
114 1
115 2
116 1
117 1
118 1
119 1
120 3
121 2
122 0
123 2
124 1
125 2
126 0
127 2
128 2
