113
1 1
2 2
3 0
4 0
5 0
6 1
7 3
8 1
9 3
10 2
11 1
12 1
13 0
14 2
15 2
16 1
17 0
18 3
19 0
20 2
21 0
22 0
23 0
24 3
25 3
26 2
27 1
28 1
29 0
30 0
31 0
32 0
33 2
34 2
35 3
36 1
37 0
38 3
39 3
40 3
41 3
42 0
43 2
44 3
45 1
46 3
47 2
48 3
49 0
50 1
51 2
52 0
53 0
54 0
55 0
56 1
57 1
58 2
59 2
60 1
61 0
62 0
63 1
64 0
65 3
66 1
67 3
68 1
69 0
70 3
71 2
72 0
73 1
74 0
75 0
76 0
77 2
78 3
79 1
80 3
81 2
82 2
83 1
84 0
85 1
86 1
87 3
88 2
89 1
90 2
91 0
92 2
93 2
94 0
95 3
96 3
97 1
98 1
99 1
100 1
101 2
102 1
103 2
104 3
105 2
106 1
107 0
108 2
109 1
110 2
111 2
112 1
113 2
