135
1 3
2 3
3 2
4 1
5 0
6 2
7 0
8 0
9 3
10 0
11 2
12 0
13 3
14 2
15 3
16 1
17 0
18 1
19 2
20 0
21 1
22 2
23 3
24 1
25 0
26 3
27 0
28 2
29 3
30 1
31 1
32 3
33 3
34 3
35 3
36 3
37 0
38 3
39 1
40 1
41 0
42 2
43 2
44 2
45 0
46 3
47 2
48 3
49 0
50 0
51 3
52 0
53 1
54 2
55 2
56 3
57 0
58 0
59 2
60 1
61 2
62 3
63 0
64 2
65 3
66 2
67 2
68 3
69 2
70 0
71 0
72 0
73 1
74 1
75 1
76 1
77 1
78 1
79 0
80 0
81 3
82 1
83 1
84 2
85 0
86 0
87 0
88 3
89 1
90 3
91 1
92 0
93 2
94 0
95 2
96 0
97 1
98 3
99 0
100 0
101 0
102 1
103 2
104 3
105 0
106 2
107 3
108 1
109 2
110 1
111 2
112 3
113 1
114 2
115 2
116 1
117 1
118 3
119 1
120 1
121 3
122 2
123 0
124 2
125 2
126 1
127 3
128 2
129 2
130 1
131 3
132 0
133 1
134 1
135 0
