162
1 3
2 1
3 2
4 2
5 1
6 1
7 0
8 0
9 3
10 3
11 2
12 1
13 0
14 2
15 3
16 2
17 0
18 0
19 2
20 1
21 3
22 1
23 0
24 3
25 2
26 1
27 0
28 0
29 2
30 2
31 2
32 3
33 2
34 0
35 0
36 3
37 0
38 0
39 2
40 1
41 3
42 2
43 1
44 2
45 2
46 2
47 1
48 0
49 0
50 3
51 0
52 0
53 2
54 0
55 3
56 0
57 0
58 0
59 0
60 1
61 2
62 3
63 0
64 2
65 3
66 3
67 0
68 1
69 2
70 1
71 1
72 3
73 3
74 2
75 0
76 1
77 2
78 2
79 3
80 3
81 1
82 3
83 1
84 3
85 2
86 1
87 0
88 0
89 0
90 3
91 0
92 0
93 1
94 2
95 2
96 2
97 1
98 2
99 1
100 1
101 2
102 1
103 2
104 0
105 1
106 0
107 1
108 3
109 2
110 2
111 3
112 3
113 0
114 2
115 2
116 0
117 0
118 1
119 0
120 0
121 2
122 2
123 3
124 1
125 1
126 2
127 1
128 2
129 0
130 3
131 3
132 1
133 0
134 1
135 1
136 1
137 3
138 0
139 0
140 2
141 2
142 1
143 1
144 3
145 1
146 2
147 3
148 3
149 1
150 2
151 2
152 3
153 1
154 0
155 1
156 2
157 0
158 1
159 0
160 1
161 1
162 0
