120
1 1
2 3
3 3
4 2
5 0
6 1
7 1
8 0
9 1
10 3
11 0
12 1
13 3
14 3
15 1
16 2
17 1
18 2
19 0
20 1
21 1
22 3
23 1
24 2
25 1
26 0
27 3
28 2
29 3
30 1
31 3
32 1
33 3
34 3
35 2
36 3
37 1
38 3
39 2
40 0
41 3
42 0
43 3
44 2
45 3
46 2
47 0
48 2
49 2
50 2
51 3
52 0
53 0
54 3
55 1
56 1
57 2
58 2
59 1
60 0
61 2
62 1
63 2
64 0
65 1
66 2
67 0
68 1
69 1
70 2
71 3
72 2
73 0
74 3
75 1
76 0
77 1
78 2
79 3
80 3
81 1
82 2
83 2
84 0
85 0
86 1
87 1
88 0
89 2
90 2
91 3
92 2
93 1
94 2
95 0
96 3
97 2
98 2
99 1
100 0
101 1
102 0
103 0
104 2
105 0
106 0
107 2
108 0
109 1
110 0
111 0
112 0
113 3
114 1
115 0
116 3
117 0
118 2
119 2
120 3
