143
1 3
2 3
3 1
4 3
5 2
6 0
7 0
8 3
9 2
10 2
11 1
12 1
13 1
14 1
15 3
16 0
17 0
18 0
19 0
20 3
21 3
22 0
23 3
24 2
25 2
26 0
27 3
28 3
29 0
30 3
31 2
32 3
33 0
34 3
35 3
36 0
37 2
38 3
39 2
40 2
41 0
42 2
43 3
44 0
45 0
46 1
47 0
48 0
49 3
50 0
51 3
52 1
53 2
54 3
55 1
56 0
57 3
58 1
59 2
60 2
61 1
62 3
63 3
64 2
65 3
66 3
67 2
68 3
69 0
70 2
71 2
72 1
73 3
74 1
75 2
76 1
77 3
78 2
79 0
80 0
81 1
82 1
83 1
84 0
85 1
86 3
87 2
88 3
89 1
90 2
91 2
92 3
93 1
94 0
95 0
96 0
97 0
98 0
99 0
100 1
101 2
102 0
103 1
104 1
105 3
106 1
107 3
108 1
109 3
110 2
111 1
112 2
113 3
114 0
115 1
116 3
117 0
118 1
119 0
120 1
121 1
122 2
123 0
124 2
125 1
126 1
127 3
128 1
129 2
130 2
131 2
132 1
133 1
134 2
135 2
136 0
137 2
138 2
139 0
140 1
141 1
142 1
143 1
