170
1 1
2 3
3 3
4 0
5 1
6 3
7 1
8 3
9 3
10 2
11 1
12 1
13 3
14 1
15 3
16 0
17 2
18 3
19 1
20 2
21 1
22 2
23 1
24 1
25 1
26 0
27 2
28 2
29 2
30 0
31 3
32 2
33 2
34 3
35 2
36 3
37 1
38 1
39 1
40 3
41 3
42 1
43 0
44 1
45 1
46 2
47 1
48 3
49 2
50 2
51 0
52 2
53 0
54 0
55 3
56 0
57 0
58 0
59 1
60 2
61 1
62 0
63 1
64 1
65 2
66 2
67 1
68 0
69 1
70 1
71 0
72 2
73 1
74 0
75 3
76 3
77 1
78 1
79 1
80 0
81 2
82 0
83 2
84 3
85 0
86 3
87 2
88 0
89 1
90 2
91 0
92 2
93 0
94 1
95 1
96 2
97 2
98 0
99 1
100 3
101 3
102 1
103 2
104 3
105 2
106 2
107 1
108 2
109 0
110 0
111 2
112 3
113 3
114 1
115 3
116 2
117 1
118 2
119 0
120 1
121 0
122 1
123 1
124 2
125 3
126 0
127 1
128 0
129 0
130 1
131 0
132 1
133 3
134 0
135 0
136 0
137 0
138 0
139 0
140 2
141 0
142 0
143 2
144 3
145 2
146 3
147 2
148 0
149 0
150 2
151 0
152 0
153 2
154 0
155 3
156 0
157 0
158 0
159 1
160 2
161 1
162 2
163 1
164 1
165 1
166 2
167 2
168 2
169 2
170 3
