137
1 0
2 0
3 2
4 1
5 0
6 2
7 3
8 0
9 3
10 1
11 2
12 3
13 2
14 3
15 0
16 3
17 3
18 1
19 0
20 0
21 3
22 1
23 0
24 0
25 3
26 0
27 2
28 1
29 2
30 1
31 2
32 0
33 1
34 1
35 1
36 0
37 3
38 0
39 0
40 2
41 1
42 1
43 0
44 0
45 2
46 0
47 1
48 0
49 1
50 0
51 1
52 3
53 2
54 0
55 2
56 2
57 1
58 1
59 3
60 1
61 3
62 2
63 1
64 2
65 0
66 0
67 1
68 3
69 1
70 0
71 1
72 0
73 3
74 2
75 3
76 2
77 2
78 0
79 2
80 3
81 3
82 3
83 2
84 1
85 1
86 2
87 0
88 0
89 3
90 0
91 0
92 2
93 2
94 3
95 2
96 1
97 0
98 0
99 3
100 2
101 0
102 1
103 2
104 3
105 1
106 1
107 1
108 1
109 2
110 0
111 3
112 2
113 3
114 1
115 2
116 2
117 3
118 2
119 1
120 3
121 1
122 0
123 1
124 3
125 1
126 2
127 1
128 0
129 2
130 3
131 0
132 0
133 2
134 1
135 0
136 2
137 3
