169
1 1
2 0
3 1
4 3
5 1
6 0
7 3
8 2
9 2
10 1
11 0
12 0
13 0
14 3
15 1
16 0
17 2
18 1
19 3
20 3
21 1
22 1
23 2
24 3
25 3
26 2
27 1
28 1
29 2
30 3
31 1
32 2
33 3
34 0
35 1
36 2
37 3
38 2
39 3
40 3
41 0
42 3
43 1
44 2
45 0
46 2
47 0
48 2
49 2
50 0
51 0
52 3
53 2
54 3
55 3
56 3
57 3
58 1
59 1
60 2
61 0
62 3
63 3
64 0
65 0
66 1
67 1
68 0
69 0
70 1
71 3
72 3
73 2
74 3
75 2
76 1
77 1
78 0
79 0
80 3
81 2
82 2
83 1
84 0
85 0
86 0
87 2
88 1
89 0
90 1
91 1
92 2
93 0
94 2
95 1
96 1
97 0
98 2
99 2
100 3
101 1
102 3
103 0
104 2
105 1
106 2
107 2
108 0
109 3
110 0
111 3
112 0
113 3
114 1
115 2
116 2
117 2
118 1
119 0
120 0
121 0
122 0
123 3
124 1
125 0
126 1
127 2
128 2
129 1
130 3
131 1
132 0
133 1
134 3
135 2
136 1
137 1
138 3
139 3
140 2
141 2
142 0
143 1
144 0
145 3
146 3
147 1
148 2
149 0
150 2
151 2
152 0
153 3
154 2
155 1
156 1
157 2
158 1
159 1
160 0
161 3
162 2
163 0
164 2
165 0
166 0
167 2
168 1
169 2
