228
1 1
2 1
3 0
4 3
5 2
6 1
7 3
8 0
9 2
10 0
11 0
12 3
13 1
14 0
15 1
16 0
17 3
18 2
19 3
20 1
21 3
22 2
23 3
24 1
25 2
26 3
27 2
28 2
29 3
30 3
31 1
32 3
33 3
34 0
35 2
36 2
37 0
38 0
39 2
40 1
41 0
42 3
43 1
44 0
45 3
46 1
47 1
48 0
49 0
50 3
51 1
52 2
53 2
54 2
55 2
56 3
57 1
58 0
59 0
60 1
61 0
62 2
63 1
64 0
65 2
66 1
67 3
68 2
69 1
70 3
71 3
72 1
73 0
74 1
75 0
76 1
77 0
78 0
79 3
80 0
81 1
82 3
83 2
84 3
85 2
86 3
87 1
88 2
89 3
90 1
91 0
92 3
93 2
94 2
95 2
96 0
97 2
98 0
99 0
100 0
101 3
102 1
103 2
104 3
105 0
106 3
107 3
108 1
109 2
110 3
111 1
112 3
113 3
114 3
115 2
116 2
117 1
118 3
119 1
120 0
121 0
122 1
123 2
124 3
125 1
126 2
127 2
128 3
129 1
130 0
131 3
132 1
133 1
134 1
135 1
136 1
137 0
138 3
139 2
140 3
141 2
142 1
143 0
144 2
145 3
146 2
147 0
148 0
149 0
150 2
151 3
152 2
153 3
154 3
155 3
156 1
157 2
158 2
159 0
160 3
161 2
162 1
163 1
164 0
165 1
166 1
167 2
168 0
169 2
170 0
171 0
172 2
173 1
174 2
175 1
176 1
177 0
178 2
179 0
180 3
181 2
182 3
183 3
184 1
185 2
186 3
187 1
188 0
189 1
190 3
191 2
192 2
193 0
194 3
195 2
196 0
197 2
198 1
199 0
200 0
201 1
202 0
203 0
204 1
205 2
206 0
207 3
208 0
209 1
210 2
211 2
212 0
213 1
214 3
215 1
216 1
217 3
218 1
219 1
220 0
221 1
222 0
223 2
224 2
225 0
226 1
227 3
228 1
