255
1 3
2 2
3 0
4 0
5 3
6 0
7 1
8 3
9 3
10 1
11 2
12 3
13 0
14 2
15 0
16 3
17 2
18 2
19 0
20 3
21 3
22 1
23 2
24 1
25 0
26 2
27 1
28 2
29 0
30 0
31 1
32 1
33 0
34 3
35 1
36 2
37 0
38 0
39 3
40 0
41 1
42 0
43 3
44 1
45 0
46 3
47 3
48 2
49 1
50 0
51 2
52 2
53 1
54 3
55 2
56 2
57 0
58 0
59 2
60 3
61 3
62 2
63 1
64 0
65 0
66 1
67 1
68 1
69 0
70 3
71 2
72 3
73 1
74 1
75 3
76 2
77 2
78 1
79 2
80 1
81 1
82 2
83 0
84 1
85 0
86 1
87 2
88 0
89 3
90 1
91 3
92 2
93 2
94 2
95 3
96 2
97 2
98 1
99 2
100 3
101 3
102 1
103 2
104 1
105 3
106 0
107 0
108 0
109 0
110 1
111 0
112 1
113 0
114 2
115 0
116 1
117 0
118 0
119 2
120 1
121 1
122 2
123 1
124 1
125 0
126 3
127 2
128 3
129 1
130 2
131 0
132 2
133 1
134 2
135 0
136 3
137 2
138 2
139 1
140 1
141 3
142 2
143 1
144 2
145 2
146 2
147 3
148 3
149 1
150 3
151 0
152 1
153 3
154 1
155 3
156 3
157 1
158 0
159 1
160 3
161 0
162 0
163 3
164 1
165 0
166 2
167 1
168 0
169 1
170 2
171 2
172 3
173 0
174 0
175 1
176 2
177 0
178 1
179 0
180 2
181 1
182 3
183 1
184 2
185 1
186 2
187 3
188 3
189 2
190 1
191 0
192 2
193 3
194 1
195 3
196 2
197 2
198 3
199 2
200 1
201 0
202 2
203 0
204 3
205 2
206 3
207 2
208 2
209 0
210 3
211 0
212 3
213 3
214 2
215 2
216 1
217 0
218 0
219 0
220 1
221 0
222 0
223 0
224 0
225 1
226 2
227 1
228 0
229 1
230 1
231 0
232 2
233 2
234 0
235 1
236 3
237 2
238 0
239 1
240 1
241 2
242 3
243 2
244 2
245 1
246 3
247 3
248 0
249 0
250 1
251 1
252 0
253 0
254 3
255 0
