209
1 2
2 0
3 1
4 3
5 1
6 1
7 3
8 0
9 0
10 1
11 0
12 2
13 3
14 0
15 3
16 2
17 2
18 3
19 3
20 2
21 0
22 2
23 0
24 2
25 2
26 3
27 3
28 3
29 0
30 2
31 3
32 2
33 2
34 1
35 1
36 2
37 0
38 3
39 1
40 2
41 1
42 3
43 1
44 3
45 0
46 1
47 3
48 1
49 3
50 2
51 3
52 3
53 0
54 2
55 2
56 0
57 1
58 3
59 2
60 0
61 0
62 1
63 1
64 1
65 0
66 3
67 1
68 3
69 2
70 2
71 3
72 2
73 2
74 3
75 2
76 3
77 3
78 1
79 1
80 0
81 3
82 1
83 0
84 2
85 1
86 3
87 0
88 1
89 2
90 0
91 1
92 2
93 1
94 0
95 3
96 1
97 1
98 2
99 1
100 1
101 3
102 1
103 2
104 3
105 1
106 1
107 1
108 1
109 1
110 2
111 0
112 3
113 1
114 0
115 0
116 0
117 2
118 1
119 3
120 0
121 0
122 0
123 2
124 3
125 2
126 1
127 0
128 0
129 0
130 3
131 1
132 0
133 0
134 1
135 2
136 0
137 3
138 2
139 0
140 0
141 2
142 0
143 2
144 0
145 2
146 3
147 3
148 2
149 1
150 3
151 0
152 3
153 1
154 3
155 2
156 3
157 1
158 2
159 1
160 0
161 0
162 1
163 0
164 1
165 0
166 3
167 1
168 1
169 3
170 2
171 2
172 1
173 3
174 1
175 0
176 1
177 0
178 0
179 2
180 0
181 2
182 1
183 2
184 1
185 2
186 1
187 0
188 2
189 3
190 1
191 3
192 0
193 2
194 1
195 2
196 0
197 0
198 2
199 2
200 0
201 2
202 2
203 0
204 2
205 3
206 0
207 0
208 3
209 0
