214
1 0
2 3
3 3
4 1
5 3
6 1
7 2
8 1
9 3
10 1
11 1
12 3
13 3
14 0
15 0
16 0
17 3
18 3
19 0
20 2
21 0
22 3
23 0
24 2
25 0
26 1
27 1
28 0
29 0
30 2
31 1
32 0
33 0
34 0
35 1
36 3
37 2
38 3
39 0
40 2
41 2
42 1
43 1
44 2
45 0
46 1
47 2
48 2
49 1
50 1
51 3
52 0
53 3
54 3
55 3
56 2
57 0
58 3
59 2
60 0
61 0
62 2
63 1
64 3
65 0
66 3
67 2
68 1
69 2
70 2
71 2
72 3
73 0
74 3
75 2
76 1
77 3
78 2
79 0
80 3
81 0
82 1
83 2
84 1
85 2
86 3
87 0
88 2
89 1
90 1
91 2
92 1
93 1
94 3
95 2
96 0
97 0
98 3
99 2
100 2
101 3
102 1
103 3
104 3
105 0
106 0
107 1
108 1
109 3
110 0
111 0
112 0
113 1
114 1
115 1
116 0
117 1
118 1
119 2
120 1
121 2
122 3
123 0
124 3
125 0
126 2
127 0
128 0
129 1
130 2
131 1
132 3
133 1
134 3
135 2
136 3
137 3
138 2
139 1
140 3
141 1
142 0
143 3
144 1
145 3
146 1
147 2
148 2
149 3
150 3
151 1
152 1
153 1
154 3
155 0
156 2
157 1
158 1
159 2
160 0
161 2
162 0
163 3
164 3
165 2
166 0
167 1
168 2
169 0
170 1
171 2
172 0
173 3
174 2
175 0
176 3
177 0
178 0
179 3
180 3
181 3
182 0
183 1
184 2
185 1
186 2
187 0
188 3
189 3
190 0
191 0
192 3
193 1
194 0
195 0
196 0
197 2
198 0
199 1
200 2
201 1
202 1
203 2
204 0
205 2
206 2
207 3
208 1
209 2
210 2
211 1
212 0
213 0
214 0
