299
1 3
2 2
3 1
4 0
5 2
6 3
7 2
8 0
9 3
10 3
11 0
12 2
13 1
14 0
15 2
16 1
17 0
18 2
19 3
20 3
21 1
22 0
23 3
24 3
25 2
26 0
27 2
28 1
29 2
30 0
31 0
32 3
33 0
34 3
35 1
36 2
37 3
38 2
39 0
40 3
41 1
42 1
43 1
44 3
45 2
46 2
47 0
48 0
49 1
50 2
51 2
52 3
53 3
54 1
55 2
56 0
57 2
58 0
59 0
60 2
61 0
62 3
63 1
64 0
65 3
66 3
67 1
68 2
69 3
70 2
71 3
72 3
73 2
74 3
75 3
76 0
77 2
78 1
79 2
80 1
81 3
82 1
83 0
84 1
85 3
86 0
87 3
88 3
89 0
90 1
91 1
92 2
93 0
94 1
95 0
96 3
97 0
98 3
99 0
100 1
101 3
102 3
103 3
104 3
105 2
106 1
107 2
108 2
109 2
110 1
111 0
112 1
113 1
114 0
115 1
116 1
117 2
118 0
119 0
120 1
121 0
122 0
123 3
124 3
125 2
126 2
127 0
128 0
129 1
130 1
131 2
132 1
133 1
134 0
135 1
136 3
137 1
138 3
139 3
140 2
141 1
142 2
143 1
144 2
145 1
146 2
147 0
148 2
149 2
150 0
151 0
152 2
153 2
154 0
155 0
156 1
157 1
158 2
159 1
160 0
161 3
162 0
163 3
164 3
165 1
166 1
167 2
168 3
169 3
170 0
171 3
172 3
173 2
174 3
175 1
176 1
177 1
178 0
179 0
180 1
181 3
182 1
183 2
184 2
185 0
186 1
187 1
188 1
189 0
190 2
191 0
192 3
193 1
194 2
195 1
196 1
197 2
198 2
199 0
200 1
201 2
202 1
203 1
204 2
205 3
206 1
207 3
208 1
209 2
210 3
211 1
212 0
213 1
214 0
215 1
216 2
217 1
218 3
219 0
220 2
221 2
222 1
223 3
224 1
225 2
226 2
227 2
228 3
229 0
230 1
231 0
232 1
233 1
234 3
235 1
236 0
237 1
238 2
239 0
240 0
241 3
242 0
243 3
244 0
245 2
246 1
247 2
248 2
249 0
250 3
251 0
252 2
253 1
254 3
255 0
256 3
257 0
258 0
259 1
260 0
261 1
262 0
263 1
264 0
265 3
266 2
267 1
268 0
269 1
270 2
271 0
272 1
273 1
274 0
275 0
276 3
277 1
278 1
279 0
280 2
281 0
282 2
283 1
284 1
285 1
286 1
287 1
288 2
289 3
290 2
291 2
292 0
293 2
294 3
295 1
296 3
297 2
298 0
299 3
