204
1 0
2 2
3 2
4 1
5 2
6 0
7 2
8 3
9 3
10 2
11 3
12 3
13 0
14 3
15 2
16 3
17 3
18 3
19 1
20 1
21 3
22 3
23 0
24 3
25 2
26 1
27 1
28 2
29 0
30 3
31 1
32 2
33 1
34 1
35 1
36 2
37 2
38 3
39 2
40 0
41 2
42 3
43 2
44 0
45 3
46 0
47 3
48 0
49 1
50 1
51 1
52 2
53 1
54 1
55 0
56 3
57 2
58 3
59 3
60 2
61 1
62 0
63 1
64 0
65 1
66 2
67 0
68 1
69 0
70 2
71 2
72 1
73 0
74 1
75 2
76 3
77 0
78 0
79 2
80 3
81 3
82 3
83 3
84 3
85 3
86 3
87 1
88 3
89 3
90 2
91 1
92 2
93 3
94 2
95 0
96 2
97 1
98 1
99 2
100 1
101 1
102 0
103 2
104 2
105 0
106 0
107 2
108 2
109 3
110 3
111 2
112 1
113 1
114 1
115 1
116 3
117 0
118 0
119 2
120 0
121 1
122 0
123 0
124 0
125 3
126 1
127 0
128 2
129 0
130 0
131 3
132 0
133 1
134 0
135 0
136 0
137 0
138 2
139 3
140 2
141 2
142 3
143 0
144 2
145 0
146 1
147 0
148 0
149 2
150 2
151 1
152 2
153 1
154 2
155 1
156 0
157 0
158 1
159 1
160 2
161 0
162 1
163 0
164 2
165 1
166 0
167 3
168 0
169 1
170 2
171 3
172 2
173 3
174 3
175 1
176 3
177 0
178 0
179 2
180 0
181 1
182 0
183 0
184 1
185 3
186 1
187 3
188 3
189 1
190 2
191 2
192 2
193 1
194 3
195 0
196 0
197 1
198 1
199 1
200 0
201 2
202 0
203 1
204 1
