294
1 0
2 3
3 2
4 2
5 3
6 3
7 3
8 3
9 3
10 3
11 0
12 2
13 0
14 2
15 3
16 0
17 0
18 2
19 2
20 2
21 1
22 3
23 0
24 1
25 2
26 2
27 0
28 3
29 2
30 2
31 2
32 3
33 2
34 3
35 3
36 3
37 0
38 3
39 1
40 2
41 3
42 3
43 0
44 1
45 1
46 2
47 2
48 1
49 0
50 2
51 3
52 1
53 3
54 2
55 0
56 3
57 1
58 0
59 1
60 2
61 2
62 2
63 0
64 0
65 1
66 1
67 1
68 0
69 1
70 3
71 3
72 0
73 2
74 2
75 2
76 3
77 0
78 3
79 3
80 1
81 2
82 0
83 0
84 1
85 3
86 0
87 3
88 0
89 0
90 1
91 2
92 3
93 3
94 1
95 1
96 3
97 0
98 2
99 3
100 2
101 1
102 0
103 0
104 0
105 3
106 2
107 1
108 1
109 0
110 0
111 1
112 0
113 1
114 2
115 1
116 3
117 3
118 3
119 1
120 1
121 0
122 2
123 0
124 0
125 1
126 3
127 2
128 3
129 0
130 1
131 3
132 0
133 3
134 3
135 2
136 2
137 2
138 0
139 1
140 3
141 1
142 3
143 3
144 2
145 1
146 2
147 0
148 3
149 2
150 2
151 3
152 0
153 1
154 2
155 1
156 2
157 1
158 3
159 2
160 0
161 2
162 3
163 2
164 2
165 2
166 2
167 3
168 1
169 0
170 2
171 2
172 1
173 1
174 0
175 0
176 1
177 2
178 2
179 3
180 1
181 2
182 3
183 1
184 1
185 3
186 2
187 2
188 2
189 1
190 1
191 3
192 2
193 2
194 0
195 1
196 1
197 1
198 0
199 1
200 1
201 3
202 0
203 3
204 3
205 0
206 0
207 1
208 2
209 2
210 2
211 1
212 1
213 3
214 0
215 1
216 1
217 3
218 1
219 3
220 1
221 2
222 0
223 2
224 2
225 0
226 0
227 3
228 2
229 1
230 1
231 2
232 1
233 3
234 3
235 2
236 0
237 1
238 0
239 1
240 0
241 0
242 0
243 2
244 1
245 3
246 3
247 1
248 0
249 2
250 2
251 0
252 1
253 1
254 0
255 2
256 3
257 1
258 3
259 2
260 1
261 2
262 3
263 0
264 0
265 2
266 1
267 1
268 1
269 1
270 1
271 1
272 1
273 0
274 0
275 1
276 0
277 0
278 2
279 3
280 1
281 2
282 1
283 0
284 0
285 1
286 0
287 0
288 1
289 0
290 3
291 3
292 0
293 1
294 0
