222
1 3
2 1
3 3
4 2
5 3
6 3
7 3
8 3
9 3
10 1
11 1
12 1
13 2
14 1
15 0
16 0
17 1
18 1
19 0
20 1
21 1
22 2
23 3
24 0
25 0
26 0
27 1
28 3
29 0
30 1
31 1
32 3
33 3
34 3
35 0
36 0
37 2
38 2
39 3
40 3
41 2
42 0
43 3
44 2
45 2
46 0
47 2
48 3
49 3
50 3
51 3
52 1
53 2
54 1
55 1
56 3
57 3
58 1
59 1
60 2
61 1
62 2
63 3
64 1
65 0
66 1
67 2
68 0
69 1
70 0
71 2
72 3
73 0
74 0
75 3
76 0
77 1
78 1
79 0
80 0
81 1
82 0
83 2
84 0
85 0
86 3
87 1
88 2
89 3
90 1
91 0
92 3
93 1
94 3
95 2
96 2
97 3
98 2
99 2
100 0
101 3
102 0
103 2
104 2
105 2
106 2
107 0
108 1
109 2
110 2
111 2
112 3
113 1
114 3
115 3
116 2
117 0
118 2
119 1
120 2
121 0
122 1
123 2
124 1
125 3
126 0
127 0
128 2
129 3
130 0
131 0
132 2
133 0
134 0
135 3
136 0
137 0
138 3
139 2
140 2
141 0
142 2
143 3
144 1
145 0
146 2
147 1
148 3
149 3
150 0
151 3
152 1
153 1
154 3
155 2
156 1
157 2
158 2
159 0
160 1
161 2
162 3
163 0
164 1
165 0
166 0
167 1
168 1
169 2
170 0
171 0
172 0
173 1
174 2
175 2
176 2
177 1
178 1
179 2
180 0
181 0
182 2
183 3
184 1
185 0
186 1
187 0
188 1
189 0
190 2
191 1
192 1
193 3
194 0
195 1
196 2
197 1
198 0
199 2
200 0
201 3
202 1
203 0
204 1
205 1
206 3
207 0
208 2
209 3
210 1
211 0
212 2
213 1
214 0
215 0
216 1
217 2
218 0
219 2
220 2
221 0
222 1
