216
1 1
2 0
3 0
4 3
5 1
6 3
7 0
8 3
9 0
10 1
11 0
12 1
13 3
14 2
15 2
16 2
17 1
18 2
19 3
20 1
21 0
22 0
23 0
24 3
25 1
26 3
27 1
28 3
29 1
30 3
31 3
32 2
33 2
34 2
35 2
36 0
37 0
38 3
39 1
40 3
41 1
42 0
43 3
44 0
45 1
46 3
47 0
48 2
49 1
50 1
51 2
52 3
53 3
54 0
55 3
56 2
57 1
58 0
59 0
60 3
61 2
62 3
63 1
64 0
65 0
66 3
67 1
68 1
69 2
70 2
71 3
72 3
73 2
74 1
75 0
76 2
77 1
78 0
79 3
80 1
81 3
82 1
83 0
84 1
85 3
86 1
87 0
88 0
89 0
90 1
91 2
92 1
93 0
94 1
95 0
96 1
97 1
98 1
99 3
100 2
101 2
102 2
103 0
104 2
105 3
106 3
107 0
108 0
109 0
110 3
111 0
112 1
113 2
114 2
115 0
116 1
117 2
118 0
119 0
120 0
121 2
122 2
123 2
124 1
125 0
126 2
127 0
128 2
129 3
130 0
131 1
132 2
133 0
134 2
135 1
136 3
137 1
138 0
139 3
140 2
141 0
142 2
143 1
144 3
145 2
146 0
147 3
148 3
149 1
150 1
151 1
152 1
153 2
154 1
155 2
156 0
157 0
158 2
159 3
160 3
161 3
162 3
163 2
164 1
165 0
166 2
167 1
168 1
169 2
170 2
171 3
172 0
173 2
174 1
175 2
176 2
177 1
178 1
179 3
180 3
181 0
182 0
183 2
184 1
185 2
186 0
187 1
188 1
189 2
190 0
191 2
192 0
193 1
194 0
195 1
196 0
197 1
198 2
199 0
200 1
201 0
202 1
203 3
204 3
205 2
206 0
207 0
208 3
209 1
210 0
211 0
212 2
213 2
214 2
215 3
216 2
