298
1 3
2 2
3 3
4 0
5 1
6 1
7 1
8 3
9 3
10 3
11 2
12 1
13 2
14 1
15 3
16 3
17 3
18 2
19 0
20 0
21 2
22 0
23 1
24 3
25 2
26 1
27 3
28 3
29 1
30 1
31 0
32 3
33 3
34 0
35 1
36 3
37 1
38 1
39 1
40 0
41 3
42 1
43 1
44 0
45 1
46 2
47 2
48 2
49 0
50 2
51 0
52 1
53 3
54 2
55 2
56 3
57 0
58 0
59 1
60 1
61 1
62 3
63 3
64 0
65 1
66 0
67 2
68 3
69 2
70 2
71 3
72 0
73 2
74 3
75 3
76 2
77 2
78 0
79 1
80 1
81 0
82 2
83 2
84 2
85 3
86 2
87 0
88 1
89 0
90 0
91 1
92 1
93 3
94 1
95 0
96 0
97 1
98 1
99 3
100 3
101 2
102 2
103 2
104 2
105 0
106 1
107 0
108 2
109 1
110 0
111 1
112 3
113 0
114 0
115 3
116 2
117 2
118 2
119 0
120 1
121 0
122 0
123 3
124 1
125 3
126 3
127 1
128 1
129 0
130 0
131 3
132 0
133 2
134 0
135 2
136 3
137 1
138 0
139 0
140 1
141 3
142 3
143 2
144 0
145 0
146 0
147 2
148 0
149 1
150 3
151 1
152 2
153 3
154 0
155 2
156 2
157 0
158 2
159 0
160 1
161 1
162 2
163 0
164 2
165 0
166 2
167 1
168 0
169 2
170 0
171 3
172 3
173 2
174 2
175 3
176 2
177 1
178 3
179 3
180 0
181 2
182 2
183 1
184 1
185 1
186 2
187 0
188 3
189 2
190 0
191 1
192 3
193 3
194 3
195 0
196 1
197 0
198 3
199 1
200 1
201 2
202 3
203 2
204 2
205 0
206 2
207 1
208 3
209 0
210 1
211 2
212 1
213 3
214 0
215 2
216 1
217 2
218 0
219 1
220 0
221 3
222 3
223 0
224 1
225 0
226 3
227 3
228 2
229 2
230 2
231 0
232 1
233 2
234 3
235 2
236 0
237 1
238 2
239 1
240 3
241 1
242 1
243 0
244 2
245 2
246 0
247 1
248 0
249 2
250 2
251 1
252 3
253 2
254 2
255 0
256 0
257 1
258 2
259 1
260 0
261 0
262 0
263 2
264 1
265 0
266 1
267 1
268 1
269 2
270 1
271 1
272 1
273 1
274 3
275 0
276 0
277 3
278 2
279 0
280 2
281 0
282 1
283 2
284 3
285 0
286 0
287 0
288 0
289 2
290 3
291 2
292 2
293 1
294 3
295 3
296 3
297 2
298 2
