224
1 1
2 3
3 0
4 0
5 2
6 3
7 0
8 0
9 0
10 3
11 1
12 3
13 2
14 1
15 3
16 2
17 3
18 2
19 0
20 1
21 1
22 1
23 3
24 0
25 2
26 1
27 0
28 0
29 1
30 2
31 3
32 2
33 0
34 0
35 0
36 1
37 2
38 3
39 2
40 3
41 2
42 2
43 1
44 2
45 3
46 3
47 3
48 1
49 2
50 1
51 1
52 3
53 3
54 0
55 0
56 2
57 1
58 2
59 1
60 1
61 3
62 2
63 2
64 2
65 2
66 1
67 2
68 3
69 3
70 2
71 3
72 1
73 3
74 3
75 1
76 1
77 3
78 3
79 2
80 2
81 1
82 1
83 0
84 1
85 3
86 2
87 2
88 0
89 0
90 1
91 3
92 1
93 0
94 0
95 1
96 3
97 0
98 2
99 0
100 2
101 0
102 0
103 2
104 1
105 3
106 0
107 3
108 2
109 2
110 2
111 1
112 2
113 3
114 2
115 1
116 0
117 1
118 3
119 0
120 3
121 0
122 2
123 3
124 2
125 3
126 0
127 0
128 3
129 2
130 3
131 0
132 1
133 0
134 1
135 2
136 2
137 1
138 0
139 1
140 2
141 3
142 3
143 1
144 1
145 2
146 3
147 2
148 3
149 2
150 2
151 1
152 1
153 1
154 1
155 0
156 1
157 0
158 1
159 3
160 2
161 3
162 1
163 1
164 2
165 0
166 2
167 2
168 0
169 1
170 0
171 3
172 1
173 0
174 0
175 0
176 0
177 2
178 0
179 2
180 0
181 3
182 0
183 2
184 2
185 0
186 1
187 1
188 0
189 1
190 0
191 3
192 2
193 1
194 2
195 1
196 2
197 2
198 1
199 0
200 2
201 0
202 0
203 3
204 1
205 0
206 3
207 0
208 3
209 0
210 3
211 0
212 1
213 0
214 0
215 0
216 2
217 2
218 1
219 2
220 0
221 2
222 1
223 0
224 1
