252
1 3
2 1
3 2
4 3
5 1
6 3
7 3
8 1
9 0
10 2
11 2
12 2
13 1
14 2
15 0
16 3
17 0
18 2
19 3
20 2
21 1
22 3
23 0
24 3
25 0
26 2
27 3
28 3
29 0
30 3
31 3
32 0
33 3
34 2
35 0
36 2
37 0
38 0
39 2
40 0
41 2
42 2
43 1
44 1
45 0
46 1
47 2
48 3
49 2
50 3
51 2
52 0
53 2
54 0
55 1
56 0
57 1
58 3
59 3
60 1
61 1
62 2
63 3
64 3
65 0
66 1
67 1
68 0
69 1
70 3
71 2
72 2
73 1
74 3
75 2
76 0
77 2
78 0
79 3
80 0
81 0
82 0
83 0
84 2
85 1
86 2
87 0
88 2
89 3
90 1
91 1
92 0
93 2
94 3
95 0
96 0
97 0
98 2
99 0
100 2
101 1
102 2
103 1
104 2
105 1
106 2
107 3
108 2
109 3
110 0
111 1
112 0
113 2
114 3
115 3
116 1
117 2
118 3
119 2
120 1
121 0
122 3
123 1
124 3
125 1
126 1
127 1
128 2
129 3
130 2
131 3
132 1
133 3
134 0
135 2
136 1
137 3
138 0
139 3
140 3
141 2
142 0
143 0
144 3
145 2
146 1
147 3
148 0
149 0
150 1
151 1
152 0
153 1
154 0
155 1
156 1
157 1
158 2
159 1
160 2
161 1
162 1
163 0
164 0
165 0
166 2
167 2
168 0
169 2
170 2
171 2
172 3
173 0
174 0
175 2
176 3
177 1
178 1
179 3
180 2
181 0
182 2
183 0
184 0
185 0
186 2
187 0
188 0
189 3
190 2
191 1
192 1
193 0
194 2
195 3
196 1
197 0
198 0
199 1
200 2
201 3
202 3
203 0
204 3
205 3
206 1
207 1
208 0
209 1
210 1
211 3
212 1
213 0
214 2
215 1
216 0
217 0
218 2
219 0
220 2
221 1
222 3
223 3
224 0
225 3
226 3
227 2
228 0
229 1
230 1
231 2
232 2
233 0
234 0
235 0
236 0
237 2
238 3
239 2
240 3
241 1
242 3
243 1
244 1
245 3
246 3
247 1
248 1
249 2
250 3
251 1
252 2
