256
1 1
2 2
3 0
4 2
5 1
6 1
7 3
8 0
9 2
10 3
11 3
12 3
13 0
14 3
15 0
16 3
17 2
18 2
19 1
20 0
21 2
22 2
23 0
24 1
25 1
26 0
27 3
28 2
29 2
30 0
31 1
32 0
33 3
34 2
35 0
36 0
37 3
38 1
39 2
40 3
41 3
42 1
43 1
44 1
45 0
46 0
47 3
48 3
49 3
50 0
51 3
52 2
53 3
54 3
55 3
56 1
57 0
58 2
59 1
60 2
61 2
62 3
63 2
64 1
65 3
66 0
67 2
68 0
69 3
70 2
71 2
72 3
73 2
74 1
75 1
76 2
77 1
78 0
79 2
80 0
81 0
82 3
83 0
84 3
85 2
86 2
87 3
88 2
89 1
90 3
91 3
92 3
93 3
94 0
95 2
96 0
97 1
98 1
99 2
100 0
101 1
102 3
103 3
104 3
105 3
106 1
107 0
108 1
109 3
110 2
111 1
112 2
113 0
114 2
115 3
116 0
117 1
118 1
119 3
120 1
121 1
122 0
123 3
124 0
125 2
126 2
127 3
128 2
129 0
130 2
131 2
132 2
133 2
134 0
135 1
136 3
137 1
138 0
139 2
140 0
141 2
142 2
143 3
144 2
145 1
146 0
147 2
148 2
149 3
150 2
151 0
152 2
153 3
154 1
155 0
156 1
157 1
158 2
159 1
160 3
161 1
162 3
163 0
164 1
165 0
166 1
167 1
168 2
169 2
170 2
171 1
172 3
173 0
174 3
175 0
176 1
177 0
178 2
179 3
180 0
181 0
182 0
183 3
184 0
185 1
186 1
187 1
188 2
189 2
190 0
191 2
192 0
193 0
194 1
195 1
196 1
197 1
198 0
199 1
200 0
201 1
202 2
203 0
204 1
205 0
206 2
207 2
208 3
209 3
210 3
211 1
212 3
213 0
214 1
215 3
216 3
217 2
218 1
219 1
220 0
221 1
222 0
223 1
224 0
225 0
226 0
227 1
228 2
229 2
230 2
231 2
232 3
233 0
234 1
235 0
236 2
237 0
238 2
239 2
240 0
241 2
242 1
243 0
244 3
245 0
246 1
247 1
248 0
249 2
250 0
251 0
252 3
253 2
254 1
255 2
256 2
