257
1 3
2 3
3 3
4 3
5 1
6 3
7 1
8 3
9 3
10 1
11 2
12 2
13 1
14 3
15 2
16 1
17 3
18 3
19 0
20 3
21 1
22 1
23 0
24 1
25 1
26 2
27 3
28 2
29 3
30 1
31 0
32 1
33 1
34 0
35 1
36 3
37 3
38 2
39 1
40 1
41 2
42 2
43 0
44 3
45 1
46 3
47 1
48 3
49 1
50 2
51 0
52 2
53 3
54 3
55 1
56 0
57 3
58 0
59 2
60 1
61 2
62 1
63 3
64 3
65 3
66 3
67 2
68 0
69 2
70 1
71 2
72 0
73 3
74 2
75 1
76 2
77 1
78 0
79 1
80 3
81 2
82 3
83 0
84 0
85 0
86 1
87 3
88 1
89 1
90 0
91 0
92 0
93 3
94 2
95 2
96 0
97 0
98 2
99 0
100 3
101 1
102 3
103 2
104 2
105 3
106 2
107 3
108 2
109 2
110 1
111 0
112 0
113 3
114 3
115 2
116 2
117 0
118 0
119 1
120 2
121 3
122 1
123 2
124 0
125 1
126 0
127 1
128 0
129 2
130 0
131 0
132 1
133 3
134 1
135 1
136 2
137 2
138 2
139 0
140 0
141 0
142 0
143 0
144 1
145 1
146 3
147 3
148 1
149 2
150 1
151 1
152 0
153 0
154 3
155 3
156 1
157 2
158 1
159 1
160 0
161 2
162 2
163 3
164 1
165 2
166 2
167 3
168 2
169 2
170 0
171 2
172 0
173 1
174 0
175 3
176 2
177 3
178 3
179 3
180 2
181 3
182 3
183 2
184 2
185 0
186 0
187 0
188 2
189 0
190 1
191 2
192 1
193 2
194 2
195 3
196 0
197 3
198 2
199 0
200 1
201 2
202 1
203 3
204 3
205 2
206 1
207 2
208 3
209 1
210 2
211 2
212 1
213 0
214 0
215 3
216 0
217 0
218 2
219 1
220 0
221 1
222 0
223 0
224 0
225 1
226 2
227 1
228 0
229 0
230 0
231 0
232 1
233 3
234 3
235 2
236 0
237 1
238 2
239 1
240 2
241 1
242 2
243 1
244 1
245 1
246 0
247 3
248 2
249 1
250 0
251 1
252 0
253 0
254 2
255 0
256 2
257 3
