219
1 0
2 2
3 1
4 1
5 0
6 0
7 3
8 1
9 2
10 3
11 1
12 1
13 2
14 2
15 3
16 3
17 2
18 2
19 2
20 2
21 1
22 0
23 2
24 1
25 0
26 3
27 3
28 1
29 1
30 0
31 2
32 3
33 2
34 0
35 0
36 0
37 3
38 2
39 3
40 0
41 0
42 3
43 0
44 3
45 2
46 3
47 3
48 2
49 1
50 1
51 1
52 2
53 3
54 1
55 1
56 3
57 0
58 3
59 3
60 2
61 1
62 1
63 2
64 2
65 0
66 2
67 0
68 0
69 2
70 1
71 2
72 3
73 2
74 3
75 0
76 3
77 0
78 1
79 2
80 0
81 2
82 0
83 1
84 2
85 3
86 1
87 1
88 3
89 3
90 3
91 1
92 1
93 1
94 0
95 1
96 1
97 1
98 2
99 2
100 3
101 3
102 0
103 2
104 0
105 3
106 1
107 0
108 0
109 3
110 0
111 1
112 0
113 0
114 1
115 3
116 0
117 3
118 3
119 0
120 0
121 2
122 2
123 0
124 0
125 3
126 0
127 3
128 2
129 2
130 2
131 3
132 3
133 0
134 0
135 0
136 1
137 0
138 0
139 0
140 1
141 2
142 1
143 1
144 2
145 0
146 0
147 2
148 2
149 1
150 1
151 2
152 2
153 3
154 1
155 2
156 3
157 3
158 0
159 2
160 2
161 3
162 1
163 1
164 2
165 3
166 1
167 1
168 1
169 2
170 1
171 1
172 2
173 0
174 1
175 0
176 3
177 0
178 3
179 2
180 3
181 3
182 1
183 1
184 0
185 1
186 1
187 0
188 0
189 0
190 1
191 2
192 1
193 1
194 3
195 2
196 2
197 2
198 2
199 0
200 0
201 1
202 1
203 0
204 0
205 1
206 0
207 0
208 2
209 2
210 2
211 0
212 1
213 3
214 3
215 0
216 3
217 2
218 2
219 3
