225
1 2
2 3
3 3
4 0
5 0
6 1
7 3
8 1
9 0
10 2
11 3
12 3
13 2
14 1
15 1
16 2
17 0
18 2
19 3
20 3
21 0
22 2
23 1
24 3
25 2
26 0
27 2
28 3
29 1
30 2
31 2
32 3
33 3
34 3
35 3
36 0
37 3
38 0
39 2
40 3
41 2
42 0
43 0
44 1
45 0
46 0
47 1
48 3
49 1
50 2
51 2
52 3
53 2
54 1
55 2
56 1
57 3
58 1
59 1
60 1
61 2
62 2
63 0
64 3
65 2
66 0
67 0
68 3
69 2
70 1
71 2
72 1
73 1
74 2
75 1
76 3
77 0
78 3
79 0
80 0
81 2
82 0
83 2
84 1
85 3
86 1
87 3
88 3
89 1
90 2
91 0
92 2
93 3
94 0
95 0
96 1
97 2
98 0
99 3
100 1
101 0
102 0
103 0
104 1
105 1
106 0
107 3
108 1
109 2
110 2
111 2
112 0
113 2
114 1
115 2
116 1
117 3
118 1
119 1
120 3
121 0
122 0
123 0
124 3
125 1
126 0
127 0
128 0
129 2
130 1
131 2
132 0
133 0
134 2
135 3
136 2
137 2
138 2
139 2
140 0
141 1
142 1
143 3
144 3
145 0
146 3
147 2
148 0
149 0
150 0
151 0
152 1
153 3
154 3
155 2
156 2
157 3
158 1
159 0
160 1
161 3
162 2
163 2
164 1
165 3
166 0
167 2
168 0
169 0
170 1
171 1
172 3
173 1
174 3
175 3
176 1
177 2
178 0
179 2
180 3
181 3
182 2
183 1
184 0
185 1
186 0
187 0
188 1
189 1
190 1
191 1
192 0
193 1
194 3
195 2
196 3
197 2
198 1
199 0
200 0
201 3
202 2
203 0
204 0
205 1
206 0
207 3
208 3
209 2
210 1
211 1
212 2
213 1
214 2
215 1
216 2
217 0
218 0
219 0
220 2
221 2
222 2
223 0
224 3
225 1
