201
1 2
2 1
3 0
4 0
5 0
6 0
7 0
8 0
9 2
10 3
11 0
12 3
13 1
14 1
15 0
16 2
17 2
18 1
19 1
20 3
21 1
22 1
23 1
24 1
25 3
26 3
27 1
28 2
29 3
30 2
31 2
32 3
33 3
34 0
35 0
36 3
37 0
38 0
39 1
40 0
41 0
42 3
43 3
44 0
45 0
46 0
47 2
48 3
49 0
50 2
51 1
52 1
53 1
54 1
55 3
56 1
57 0
58 1
59 3
60 2
61 0
62 2
63 2
64 3
65 1
66 1
67 3
68 2
69 2
70 3
71 1
72 1
73 0
74 0
75 2
76 3
77 3
78 0
79 2
80 2
81 2
82 2
83 0
84 3
85 0
86 3
87 3
88 1
89 2
90 3
91 2
92 2
93 2
94 1
95 0
96 0
97 2
98 1
99 2
100 0
101 1
102 3
103 0
104 0
105 0
106 2
107 2
108 2
109 0
110 0
111 2
112 1
113 3
114 3
115 1
116 1
117 0
118 1
119 3
120 2
121 0
122 1
123 3
124 1
125 3
126 1
127 1
128 1
129 0
130 0
131 0
132 0
133 1
134 2
135 3
136 3
137 2
138 0
139 2
140 3
141 1
142 2
143 3
144 0
145 1
146 0
147 1
148 2
149 2
150 3
151 0
152 1
153 0
154 0
155 1
156 2
157 2
158 2
159 1
160 3
161 3
162 2
163 2
164 3
165 3
166 3
167 3
168 1
169 0
170 1
171 3
172 0
173 1
174 2
175 2
176 3
177 2
178 1
179 1
180 1
181 1
182 3
183 0
184 2
185 3
186 1
187 1
188 1
189 2
190 1
191 0
192 3
193 1
194 2
195 3
196 2
197 3
198 3
199 0
200 3
201 1
