237
1 2
2 1
3 0
4 3
5 2
6 0
7 0
8 1
9 2
10 3
11 3
12 2
13 1
14 3
15 2
16 0
17 3
18 3
19 3
20 1
21 0
22 2
23 2
24 1
25 3
26 2
27 3
28 2
29 3
30 0
31 3
32 3
33 2
34 3
35 1
36 0
37 3
38 2
39 3
40 1
41 2
42 2
43 3
44 3
45 0
46 1
47 1
48 3
49 0
50 0
51 1
52 0
53 1
54 2
55 2
56 3
57 3
58 2
59 0
60 2
61 2
62 1
63 1
64 2
65 0
66 3
67 1
68 1
69 0
70 1
71 2
72 3
73 2
74 3
75 2
76 3
77 0
78 2
79 0
80 2
81 0
82 1
83 3
84 2
85 0
86 1
87 0
88 3
89 0
90 3
91 1
92 2
93 0
94 0
95 1
96 0
97 0
98 1
99 3
100 3
101 2
102 2
103 1
104 2
105 1
106 0
107 1
108 2
109 1
110 0
111 1
112 0
113 0
114 3
115 1
116 3
117 1
118 3
119 3
120 1
121 1
122 1
123 3
124 3
125 2
126 0
127 3
128 3
129 2
130 0
131 2
132 0
133 2
134 3
135 3
136 3
137 1
138 1
139 3
140 2
141 1
142 1
143 2
144 1
145 3
146 3
147 0
148 0
149 0
150 1
151 0
152 1
153 2
154 1
155 0
156 2
157 0
158 0
159 3
160 2
161 0
162 1
163 2
164 2
165 1
166 0
167 1
168 0
169 0
170 0
171 2
172 0
173 0
174 1
175 2
176 0
177 3
178 2
179 0
180 2
181 0
182 3
183 2
184 1
185 1
186 2
187 2
188 1
189 0
190 3
191 0
192 1
193 0
194 0
195 2
196 0
197 2
198 0
199 1
200 3
201 1
202 1
203 1
204 2
205 0
206 1
207 3
208 1
209 2
210 1
211 1
212 1
213 2
214 3
215 3
216 1
217 2
218 2
219 3
220 0
221 1
222 2
223 0
224 0
225 1
226 3
227 2
228 1
229 2
230 1
231 0
232 2
233 3
234 2
235 0
236 1
237 1
