292
1 1
2 1
3 2
4 3
5 2
6 1
7 3
8 3
9 2
10 3
11 2
12 3
13 2
14 0
15 0
16 0
17 2
18 2
19 3
20 3
21 3
22 3
23 0
24 1
25 2
26 2
27 2
28 0
29 1
30 2
31 2
32 2
33 3
34 3
35 0
36 3
37 2
38 2
39 3
40 1
41 2
42 2
43 3
44 3
45 0
46 3
47 0
48 3
49 2
50 3
51 3
52 1
53 0
54 3
55 0
56 1
57 2
58 3
59 2
60 2
61 2
62 2
63 2
64 3
65 3
66 1
67 3
68 0
69 1
70 2
71 3
72 2
73 0
74 3
75 0
76 2
77 0
78 0
79 2
80 1
81 1
82 3
83 1
84 2
85 0
86 3
87 1
88 2
89 2
90 2
91 2
92 1
93 0
94 1
95 1
96 1
97 1
98 1
99 2
100 2
101 0
102 1
103 1
104 2
105 1
106 1
107 1
108 3
109 1
110 1
111 2
112 0
113 3
114 2
115 0
116 1
117 1
118 3
119 1
120 2
121 0
122 0
123 1
124 3
125 2
126 2
127 3
128 1
129 0
130 0
131 1
132 0
133 1
134 2
135 3
136 1
137 1
138 0
139 0
140 3
141 2
142 0
143 2
144 0
145 0
146 0
147 1
148 0
149 1
150 1
151 3
152 2
153 0
154 1
155 3
156 3
157 1
158 2
159 3
160 1
161 2
162 3
163 2
164 1
165 1
166 2
167 1
168 2
169 0
170 3
171 2
172 1
173 0
174 3
175 1
176 0
177 0
178 2
179 1
180 2
181 0
182 3
183 3
184 0
185 3
186 2
187 1
188 1
189 2
190 1
191 2
192 2
193 0
194 3
195 3
196 1
197 0
198 2
199 3
200 0
201 3
202 3
203 1
204 1
205 1
206 0
207 2
208 2
209 1
210 0
211 1
212 1
213 0
214 0
215 3
216 0
217 3
218 3
219 3
220 0
221 1
222 0
223 3
224 2
225 3
226 3
227 0
228 2
229 2
230 3
231 1
232 1
233 0
234 2
235 3
236 0
237 0
238 0
239 2
240 1
241 2
242 2
243 0
244 1
245 1
246 3
247 3
248 1
249 2
250 0
251 1
252 3
253 3
254 2
255 1
256 1
257 0
258 0
259 2
260 1
261 0
262 1
263 2
264 1
265 0
266 0
267 1
268 2
269 3
270 1
271 3
272 0
273 3
274 1
275 0
276 0
277 3
278 0
279 1
280 2
281 3
282 0
283 1
284 0
285 2
286 0
287 2
288 0
289 0
290 1
291 0
292 0
