284
1 1
2 1
3 3
4 1
5 3
6 3
7 0
8 3
9 3
10 2
11 3
12 3
13 2
14 1
15 3
16 2
17 3
18 1
19 0
20 1
21 0
22 1
23 1
24 1
25 3
26 2
27 2
28 1
29 0
30 1
31 0
32 2
33 1
34 2
35 2
36 2
37 3
38 1
39 0
40 3
41 3
42 3
43 1
44 2
45 3
46 0
47 1
48 0
49 3
50 0
51 2
52 1
53 0
54 3
55 0
56 0
57 3
58 2
59 1
60 0
61 0
62 2
63 3
64 2
65 0
66 2
67 2
68 0
69 0
70 2
71 3
72 1
73 1
74 0
75 2
76 3
77 2
78 1
79 3
80 3
81 0
82 2
83 2
84 2
85 1
86 3
87 0
88 0
89 0
90 0
91 2
92 2
93 2
94 2
95 1
96 3
97 1
98 1
99 1
100 3
101 1
102 3
103 1
104 0
105 2
106 2
107 3
108 0
109 2
110 3
111 0
112 0
113 1
114 1
115 3
116 3
117 1
118 0
119 0
120 2
121 1
122 3
123 1
124 0
125 0
126 0
127 3
128 2
129 3
130 3
131 3
132 2
133 0
134 1
135 3
136 2
137 0
138 1
139 2
140 0
141 3
142 1
143 3
144 0
145 3
146 3
147 2
148 0
149 0
150 2
151 1
152 1
153 2
154 2
155 1
156 1
157 0
158 3
159 0
160 3
161 2
162 1
163 3
164 3
165 2
166 1
167 0
168 0
169 1
170 0
171 0
172 2
173 1
174 1
175 1
176 1
177 2
178 2
179 2
180 0
181 3
182 0
183 0
184 3
185 3
186 0
187 0
188 3
189 3
190 2
191 2
192 2
193 1
194 3
195 1
196 3
197 1
198 1
199 3
200 3
201 0
202 3
203 1
204 2
205 3
206 2
207 0
208 3
209 1
210 0
211 0
212 2
213 3
214 0
215 0
216 1
217 2
218 1
219 0
220 0
221 0
222 2
223 1
224 1
225 1
226 3
227 3
228 1
229 0
230 2
231 3
232 0
233 2
234 3
235 1
236 2
237 0
238 0
239 0
240 1
241 2
242 2
243 1
244 0
245 2
246 3
247 1
248 0
249 0
250 0
251 2
252 3
253 2
254 2
255 1
256 0
257 2
258 3
259 3
260 3
261 0
262 0
263 0
264 1
265 1
266 0
267 0
268 3
269 2
270 2
271 1
272 0
273 0
274 0
275 1
276 1
277 2
278 1
279 2
280 0
281 1
282 1
283 2
284 2
