297
1 3
2 2
3 3
4 2
5 3
6 3
7 2
8 0
9 1
10 3
11 1
12 2
13 2
14 2
15 0
16 2
17 3
18 2
19 3
20 1
21 2
22 3
23 3
24 0
25 2
26 1
27 3
28 2
29 2
30 1
31 1
32 0
33 3
34 0
35 0
36 0
37 1
38 1
39 1
40 1
41 3
42 1
43 3
44 2
45 3
46 0
47 0
48 2
49 2
50 3
51 1
52 0
53 2
54 3
55 3
56 2
57 3
58 0
59 2
60 2
61 3
62 3
63 2
64 0
65 0
66 3
67 2
68 1
69 0
70 2
71 2
72 3
73 3
74 1
75 3
76 0
77 2
78 2
79 0
80 0
81 2
82 1
83 2
84 3
85 2
86 3
87 1
88 3
89 2
90 1
91 2
92 3
93 2
94 3
95 3
96 0
97 1
98 1
99 0
100 1
101 0
102 0
103 3
104 0
105 1
106 0
107 2
108 2
109 3
110 1
111 1
112 3
113 0
114 0
115 1
116 3
117 0
118 3
119 0
120 1
121 0
122 0
123 2
124 2
125 2
126 3
127 2
128 2
129 1
130 3
131 1
132 1
133 3
134 0
135 1
136 0
137 1
138 1
139 2
140 1
141 0
142 1
143 0
144 0
145 0
146 1
147 0
148 0
149 1
150 3
151 0
152 2
153 0
154 2
155 2
156 2
157 2
158 2
159 0
160 0
161 3
162 2
163 1
164 3
165 1
166 3
167 0
168 0
169 1
170 1
171 1
172 2
173 1
174 0
175 0
176 0
177 1
178 1
179 3
180 3
181 2
182 3
183 2
184 3
185 2
186 3
187 2
188 2
189 1
190 1
191 0
192 3
193 1
194 1
195 3
196 3
197 1
198 2
199 1
200 1
201 3
202 0
203 1
204 1
205 2
206 1
207 2
208 1
209 1
210 1
211 2
212 1
213 0
214 0
215 0
216 1
217 1
218 1
219 2
220 2
221 0
222 1
223 0
224 2
225 3
226 2
227 3
228 0
229 3
230 2
231 1
232 1
233 1
234 2
235 1
236 0
237 0
238 2
239 3
240 3
241 1
242 2
243 0
244 0
245 1
246 3
247 0
248 3
249 2
250 1
251 0
252 2
253 3
254 3
255 2
256 1
257 2
258 3
259 0
260 0
261 3
262 0
263 2
264 1
265 3
266 0
267 3
268 2
269 3
270 1
271 0
272 2
273 2
274 0
275 3
276 3
277 2
278 3
279 3
280 2
281 0
282 1
283 1
284 0
285 0
286 3
287 2
288 3
289 0
290 1
291 0
292 0
293 2
294 2
295 1
296 0
297 0
