211
1 2
2 2
3 3
4 0
5 0
6 0
7 2
8 3
9 1
10 1
11 1
12 3
13 1
14 3
15 0
16 2
17 1
18 3
19 0
20 0
21 3
22 1
23 0
24 2
25 0
26 1
27 2
28 0
29 2
30 3
31 0
32 1
33 1
34 3
35 0
36 0
37 1
38 3
39 0
40 3
41 2
42 2
43 3
44 3
45 2
46 3
47 1
48 2
49 0
50 3
51 1
52 1
53 2
54 2
55 0
56 3
57 0
58 0
59 2
60 1
61 1
62 1
63 2
64 3
65 0
66 0
67 0
68 2
69 1
70 1
71 2
72 3
73 3
74 1
75 3
76 0
77 0
78 1
79 2
80 0
81 3
82 0
83 1
84 1
85 2
86 0
87 2
88 3
89 0
90 0
91 1
92 3
93 2
94 0
95 2
96 3
97 3
98 1
99 3
100 3
101 2
102 2
103 2
104 0
105 1
106 0
107 3
108 2
109 1
110 0
111 1
112 2
113 2
114 2
115 2
116 1
117 0
118 0
119 1
120 0
121 0
122 1
123 3
124 3
125 2
126 0
127 1
128 1
129 0
130 0
131 0
132 1
133 1
134 3
135 1
136 3
137 3
138 0
139 3
140 3
141 2
142 1
143 2
144 2
145 1
146 0
147 1
148 0
149 1
150 0
151 1
152 0
153 2
154 2
155 3
156 2
157 0
158 1
159 1
160 2
161 3
162 2
163 0
164 0
165 0
166 1
167 1
168 0
169 0
170 2
171 3
172 3
173 3
174 2
175 0
176 2
177 3
178 0
179 3
180 1
181 2
182 1
183 0
184 2
185 2
186 3
187 0
188 3
189 3
190 3
191 2
192 1
193 1
194 1
195 1
196 2
197 1
198 2
199 0
200 2
201 2
202 1
203 2
204 1
205 2
206 0
207 0
208 1
209 2
210 1
211 2
