244
1 2
2 2
3 1
4 3
5 0
6 3
7 3
8 3
9 3
10 2
11 3
12 3
13 3
14 1
15 1
16 1
17 2
18 0
19 2
20 0
21 3
22 3
23 3
24 0
25 2
26 2
27 3
28 0
29 0
30 1
31 0
32 2
33 2
34 3
35 3
36 1
37 2
38 2
39 1
40 0
41 1
42 0
43 3
44 0
45 1
46 0
47 1
48 2
49 2
50 1
51 0
52 0
53 1
54 1
55 3
56 0
57 2
58 2
59 1
60 0
61 2
62 3
63 1
64 0
65 3
66 1
67 3
68 1
69 2
70 1
71 2
72 2
73 0
74 1
75 2
76 1
77 3
78 3
79 1
80 2
81 2
82 0
83 1
84 3
85 0
86 0
87 3
88 3
89 3
90 2
91 2
92 2
93 1
94 2
95 3
96 0
97 1
98 3
99 1
100 0
101 2
102 0
103 3
104 0
105 1
106 1
107 2
108 3
109 0
110 2
111 2
112 1
113 3
114 1
115 0
116 3
117 0
118 1
119 1
120 0
121 1
122 2
123 1
124 2
125 3
126 2
127 2
128 1
129 1
130 3
131 2
132 1
133 3
134 3
135 0
136 2
137 3
138 2
139 3
140 1
141 2
142 3
143 1
144 1
145 0
146 0
147 3
148 0
149 1
150 0
151 3
152 0
153 3
154 1
155 3
156 3
157 0
158 1
159 0
160 2
161 2
162 1
163 0
164 0
165 3
166 2
167 3
168 0
169 3
170 0
171 1
172 2
173 1
174 2
175 3
176 1
177 1
178 0
179 2
180 3
181 0
182 3
183 0
184 1
185 1
186 1
187 3
188 1
189 3
190 1
191 2
192 0
193 1
194 3
195 1
196 0
197 2
198 0
199 0
200 2
201 1
202 2
203 0
204 3
205 2
206 1
207 0
208 2
209 0
210 0
211 2
212 2
213 3
214 2
215 3
216 0
217 1
218 2
219 2
220 0
221 2
222 2
223 3
224 1
225 1
226 2
227 0
228 1
229 3
230 2
231 1
232 0
233 0
234 1
235 0
236 3
237 0
238 2
239 0
240 2
241 3
242 3
243 0
244 1
