240
1 0
2 2
3 1
4 1
5 3
6 3
7 0
8 0
9 1
10 1
11 0
12 2
13 2
14 0
15 0
16 3
17 1
18 3
19 2
20 1
21 0
22 2
23 2
24 1
25 0
26 3
27 3
28 3
29 3
30 0
31 1
32 2
33 2
34 1
35 3
36 1
37 3
38 0
39 3
40 1
41 0
42 1
43 2
44 2
45 3
46 2
47 3
48 2
49 2
50 0
51 1
52 3
53 3
54 1
55 1
56 2
57 2
58 3
59 3
60 0
61 1
62 3
63 1
64 0
65 0
66 0
67 2
68 2
69 3
70 3
71 1
72 1
73 2
74 1
75 1
76 1
77 2
78 2
79 2
80 2
81 3
82 2
83 2
84 1
85 1
86 0
87 1
88 2
89 0
90 1
91 0
92 0
93 1
94 3
95 0
96 3
97 3
98 1
99 2
100 2
101 1
102 1
103 2
104 2
105 3
106 0
107 1
108 2
109 1
110 1
111 0
112 1
113 1
114 2
115 2
116 0
117 3
118 0
119 2
120 0
121 3
122 2
123 0
124 2
125 3
126 2
127 0
128 1
129 1
130 3
131 2
132 1
133 2
134 1
135 1
136 3
137 2
138 0
139 2
140 0
141 3
142 0
143 2
144 2
145 3
146 0
147 3
148 3
149 1
150 2
151 2
152 3
153 2
154 2
155 2
156 1
157 1
158 3
159 1
160 1
161 3
162 1
163 3
164 2
165 0
166 3
167 1
168 3
169 0
170 0
171 1
172 2
173 1
174 2
175 1
176 1
177 2
178 0
179 2
180 0
181 0
182 0
183 1
184 0
185 1
186 0
187 0
188 1
189 1
190 1
191 2
192 0
193 2
194 3
195 3
196 1
197 0
198 2
199 3
200 1
201 1
202 0
203 1
204 3
205 2
206 2
207 2
208 2
209 1
210 2
211 0
212 3
213 3
214 0
215 1
216 3
217 3
218 0
219 0
220 0
221 2
222 0
223 0
224 2
225 0
226 3
227 0
228 0
229 0
230 0
231 0
232 3
233 0
234 3
235 0
236 1
237 3
238 0
239 0
240 2
