217
1 3
2 1
3 1
4 3
5 2
6 3
7 2
8 3
9 1
10 2
11 3
12 2
13 0
14 1
15 1
16 2
17 1
18 3
19 3
20 3
21 2
22 2
23 0
24 0
25 0
26 2
27 2
28 1
29 0
30 2
31 3
32 1
33 3
34 3
35 0
36 3
37 0
38 1
39 2
40 3
41 1
42 0
43 0
44 1
45 1
46 0
47 2
48 1
49 1
50 3
51 3
52 1
53 3
54 1
55 1
56 2
57 3
58 2
59 3
60 0
61 1
62 1
63 3
64 2
65 0
66 3
67 2
68 1
69 0
70 2
71 0
72 3
73 2
74 0
75 1
76 0
77 0
78 1
79 1
80 2
81 2
82 0
83 0
84 0
85 2
86 1
87 1
88 2
89 0
90 2
91 0
92 2
93 3
94 3
95 3
96 2
97 2
98 3
99 0
100 0
101 3
102 3
103 2
104 0
105 3
106 1
107 2
108 3
109 0
110 3
111 0
112 1
113 1
114 1
115 0
116 0
117 2
118 1
119 1
120 2
121 0
122 0
123 2
124 1
125 2
126 1
127 2
128 0
129 3
130 1
131 1
132 1
133 0
134 1
135 2
136 1
137 1
138 3
139 1
140 0
141 2
142 3
143 1
144 2
145 3
146 3
147 2
148 3
149 1
150 3
151 0
152 0
153 3
154 0
155 1
156 0
157 0
158 3
159 1
160 0
161 1
162 2
163 3
164 1
165 2
166 2
167 0
168 0
169 2
170 2
171 3
172 3
173 3
174 0
175 0
176 1
177 3
178 3
179 3
180 3
181 0
182 2
183 1
184 0
185 0
186 2
187 2
188 2
189 2
190 3
191 0
192 0
193 0
194 0
195 0
196 2
197 2
198 1
199 0
200 1
201 3
202 0
203 1
204 2
205 2
206 2
207 0
208 0
209 1
210 2
211 0
212 1
213 1
214 0
215 2
216 1
217 2
