235
1 2
2 2
3 3
4 2
5 2
6 3
7 1
8 2
9 1
10 1
11 1
12 2
13 3
14 0
15 0
16 1
17 2
18 3
19 2
20 1
21 2
22 2
23 1
24 1
25 1
26 3
27 3
28 0
29 3
30 1
31 2
32 1
33 0
34 3
35 1
36 2
37 1
38 3
39 2
40 1
41 2
42 2
43 2
44 0
45 0
46 1
47 2
48 3
49 3
50 2
51 3
52 2
53 2
54 3
55 1
56 1
57 0
58 3
59 1
60 3
61 3
62 2
63 1
64 0
65 3
66 0
67 0
68 1
69 2
70 0
71 2
72 2
73 1
74 1
75 1
76 0
77 0
78 2
79 3
80 0
81 2
82 0
83 1
84 1
85 0
86 1
87 2
88 2
89 3
90 3
91 0
92 3
93 2
94 1
95 0
96 0
97 1
98 2
99 0
100 2
101 3
102 1
103 1
104 0
105 2
106 0
107 2
108 0
109 3
110 3
111 3
112 2
113 1
114 0
115 2
116 3
117 1
118 2
119 1
120 0
121 2
122 1
123 0
124 2
125 3
126 0
127 0
128 3
129 1
130 2
131 0
132 3
133 3
134 1
135 3
136 0
137 1
138 2
139 3
140 1
141 3
142 1
143 0
144 3
145 1
146 3
147 2
148 3
149 0
150 0
151 2
152 1
153 2
154 3
155 0
156 3
157 0
158 1
159 0
160 0
161 1
162 2
163 0
164 1
165 3
166 2
167 1
168 2
169 2
170 3
171 3
172 1
173 3
174 3
175 0
176 1
177 3
178 2
179 0
180 0
181 3
182 0
183 1
184 2
185 0
186 3
187 1
188 3
189 0
190 3
191 3
192 0
193 0
194 1
195 2
196 0
197 1
198 1
199 1
200 1
201 0
202 3
203 3
204 2
205 0
206 0
207 2
208 2
209 3
210 1
211 0
212 3
213 1
214 1
215 0
216 2
217 2
218 1
219 0
220 0
221 3
222 0
223 0
224 2
225 2
226 2
227 0
228 1
229 3
230 1
231 3
232 2
233 0
234 0
235 1
