246
1 3
2 3
3 0
4 0
5 3
6 0
7 0
8 2
9 3
10 1
11 3
12 2
13 3
14 2
15 2
16 0
17 1
18 2
19 2
20 0
21 3
22 3
23 3
24 0
25 2
26 2
27 3
28 0
29 2
30 0
31 0
32 3
33 2
34 3
35 2
36 3
37 2
38 3
39 0
40 3
41 1
42 3
43 3
44 3
45 2
46 1
47 3
48 0
49 0
50 2
51 2
52 0
53 1
54 2
55 2
56 3
57 2
58 3
59 1
60 0
61 1
62 0
63 3
64 2
65 2
66 3
67 1
68 1
69 0
70 2
71 2
72 3
73 0
74 2
75 3
76 0
77 1
78 3
79 1
80 0
81 2
82 0
83 0
84 1
85 0
86 0
87 1
88 1
89 1
90 2
91 0
92 2
93 3
94 3
95 1
96 2
97 0
98 0
99 0
100 3
101 2
102 2
103 0
104 1
105 0
106 1
107 3
108 0
109 0
110 0
111 0
112 2
113 1
114 3
115 1
116 3
117 3
118 3
119 3
120 0
121 3
122 1
123 3
124 3
125 0
126 2
127 2
128 3
129 3
130 1
131 0
132 3
133 1
134 1
135 0
136 2
137 3
138 1
139 3
140 0
141 3
142 2
143 1
144 2
145 0
146 0
147 2
148 3
149 1
150 0
151 2
152 1
153 0
154 0
155 0
156 3
157 2
158 3
159 2
160 1
161 2
162 3
163 0
164 1
165 0
166 3
167 1
168 0
169 2
170 0
171 1
172 0
173 1
174 2
175 1
176 3
177 1
178 0
179 2
180 1
181 0
182 1
183 2
184 1
185 3
186 3
187 1
188 1
189 3
190 3
191 1
192 3
193 1
194 2
195 3
196 3
197 3
198 2
199 2
200 1
201 1
202 2
203 1
204 3
205 2
206 1
207 0
208 2
209 0
210 0
211 1
212 3
213 1
214 0
215 1
216 2
217 2
218 1
219 1
220 1
221 1
222 1
223 2
224 0
225 0
226 0
227 2
228 1
229 0
230 1
231 0
232 0
233 2
234 2
235 1
236 1
237 0
238 1
239 2
240 2
241 2
242 1
243 1
244 3
245 0
246 2
