280
1 2
2 2
3 0
4 1
5 1
6 2
7 0
8 3
9 0
10 3
11 2
12 0
13 0
14 3
15 2
16 1
17 1
18 0
19 2
20 1
21 0
22 2
23 3
24 1
25 3
26 0
27 1
28 2
29 2
30 3
31 3
32 1
33 3
34 3
35 2
36 2
37 0
38 2
39 1
40 1
41 2
42 2
43 1
44 2
45 1
46 2
47 3
48 0
49 1
50 0
51 0
52 2
53 1
54 1
55 3
56 3
57 0
58 3
59 1
60 3
61 2
62 3
63 2
64 3
65 2
66 3
67 1
68 1
69 2
70 1
71 3
72 3
73 0
74 3
75 2
76 1
77 3
78 1
79 3
80 3
81 1
82 0
83 2
84 2
85 0
86 2
87 0
88 0
89 1
90 1
91 2
92 3
93 3
94 0
95 1
96 3
97 2
98 2
99 2
100 3
101 1
102 1
103 1
104 1
105 2
106 2
107 3
108 0
109 1
110 1
111 1
112 2
113 0
114 1
115 3
116 0
117 3
118 3
119 2
120 2
121 0
122 2
123 0
124 1
125 1
126 1
127 2
128 2
129 3
130 2
131 1
132 1
133 3
134 0
135 0
136 1
137 0
138 0
139 2
140 2
141 2
142 2
143 3
144 3
145 3
146 2
147 1
148 0
149 0
150 2
151 0
152 3
153 2
154 1
155 3
156 0
157 0
158 1
159 3
160 1
161 0
162 0
163 2
164 3
165 1
166 2
167 2
168 1
169 2
170 1
171 2
172 0
173 0
174 2
175 2
176 2
177 3
178 0
179 0
180 0
181 2
182 0
183 2
184 3
185 0
186 2
187 0
188 0
189 1
190 1
191 2
192 0
193 0
194 0
195 3
196 2
197 3
198 2
199 2
200 0
201 2
202 2
203 3
204 0
205 2
206 0
207 2
208 2
209 0
210 3
211 0
212 1
213 3
214 0
215 3
216 2
217 1
218 2
219 2
220 0
221 3
222 3
223 1
224 0
225 3
226 0
227 3
228 1
229 0
230 1
231 3
232 2
233 1
234 3
235 0
236 1
237 0
238 2
239 3
240 2
241 3
242 0
243 1
244 2
245 2
246 1
247 0
248 0
249 1
250 1
251 2
252 1
253 3
254 1
255 0
256 0
257 3
258 2
259 0
260 3
261 1
262 0
263 1
264 1
265 1
266 0
267 2
268 1
269 1
270 2
271 3
272 1
273 1
274 2
275 3
276 2
277 1
278 0
279 1
280 1
