229
1 2
2 0
3 0
4 1
5 3
6 0
7 1
8 1
9 2
10 3
11 3
12 3
13 2
14 0
15 0
16 3
17 3
18 1
19 2
20 0
21 1
22 2
23 3
24 2
25 0
26 0
27 1
28 2
29 3
30 2
31 0
32 1
33 0
34 1
35 1
36 2
37 0
38 3
39 1
40 1
41 0
42 3
43 3
44 1
45 2
46 1
47 1
48 2
49 2
50 3
51 3
52 2
53 2
54 2
55 3
56 3
57 1
58 3
59 2
60 2
61 0
62 1
63 0
64 3
65 2
66 3
67 3
68 2
69 2
70 3
71 1
72 0
73 1
74 0
75 1
76 0
77 1
78 1
79 0
80 0
81 0
82 0
83 1
84 3
85 3
86 2
87 3
88 3
89 0
90 0
91 0
92 3
93 0
94 3
95 3
96 1
97 2
98 2
99 1
100 3
101 2
102 0
103 0
104 2
105 1
106 1
107 3
108 1
109 1
110 3
111 0
112 0
113 1
114 0
115 3
116 2
117 0
118 2
119 3
120 3
121 2
122 1
123 3
124 3
125 1
126 2
127 2
128 0
129 1
130 2
131 0
132 3
133 0
134 0
135 3
136 0
137 0
138 2
139 1
140 1
141 1
142 3
143 0
144 0
145 0
146 3
147 2
148 2
149 1
150 1
151 3
152 3
153 1
154 0
155 2
156 0
157 3
158 2
159 2
160 2
161 0
162 0
163 1
164 1
165 2
166 3
167 2
168 0
169 0
170 3
171 0
172 2
173 1
174 3
175 0
176 1
177 1
178 3
179 2
180 1
181 1
182 0
183 1
184 0
185 2
186 1
187 3
188 0
189 2
190 1
191 0
192 1
193 2
194 1
195 2
196 2
197 3
198 0
199 1
200 2
201 0
202 2
203 1
204 1
205 3
206 2
207 2
208 2
209 0
210 2
211 2
212 0
213 0
214 1
215 2
216 0
217 3
218 2
219 2
220 3
221 1
222 2
223 1
224 1
225 1
226 0
227 1
228 0
229 0
