275
1 3
2 0
3 3
4 2
5 3
6 1
7 2
8 1
9 0
10 3
11 2
12 3
13 2
14 0
15 0
16 0
17 3
18 1
19 1
20 3
21 1
22 1
23 1
24 0
25 0
26 3
27 1
28 2
29 0
30 0
31 0
32 2
33 1
34 1
35 3
36 1
37 1
38 1
39 1
40 2
41 2
42 1
43 3
44 1
45 3
46 0
47 3
48 2
49 1
50 0
51 3
52 1
53 1
54 3
55 0
56 0
57 2
58 2
59 3
60 0
61 2
62 2
63 3
64 2
65 1
66 0
67 3
68 1
69 0
70 1
71 3
72 3
73 3
74 3
75 2
76 3
77 1
78 1
79 3
80 1
81 2
82 2
83 3
84 1
85 2
86 1
87 3
88 2
89 3
90 3
91 0
92 3
93 3
94 3
95 3
96 2
97 0
98 3
99 0
100 0
101 2
102 2
103 1
104 2
105 0
106 1
107 0
108 0
109 0
110 0
111 0
112 1
113 1
114 0
115 0
116 2
117 3
118 0
119 1
120 3
121 3
122 0
123 0
124 3
125 3
126 1
127 2
128 0
129 3
130 0
131 3
132 2
133 1
134 0
135 1
136 3
137 0
138 2
139 2
140 0
141 0
142 0
143 1
144 1
145 1
146 0
147 2
148 3
149 2
150 1
151 1
152 1
153 1
154 0
155 3
156 2
157 1
158 3
159 2
160 3
161 3
162 3
163 3
164 2
165 3
166 2
167 1
168 1
169 2
170 2
171 3
172 0
173 2
174 0
175 0
176 1
177 2
178 1
179 2
180 2
181 1
182 2
183 1
184 0
185 0
186 1
187 1
188 0
189 1
190 1
191 2
192 1
193 0
194 0
195 1
196 3
197 2
198 0
199 0
200 3
201 1
202 3
203 0
204 3
205 1
206 3
207 0
208 0
209 2
210 1
211 1
212 2
213 3
214 2
215 0
216 3
217 0
218 1
219 2
220 2
221 1
222 2
223 1
224 2
225 0
226 0
227 2
228 2
229 3
230 2
231 3
232 1
233 1
234 0
235 1
236 2
237 3
238 1
239 1
240 3
241 0
242 2
243 1
244 2
245 2
246 1
247 1
248 0
249 3
250 1
251 0
252 1
253 0
254 2
255 2
256 0
257 0
258 2
259 0
260 0
261 3
262 2
263 2
264 0
265 0
266 3
267 0
268 3
269 1
270 0
271 0
272 3
273 2
274 2
275 0
