254
1 3
2 2
3 2
4 0
5 3
6 1
7 0
8 2
9 2
10 3
11 1
12 0
13 1
14 3
15 2
16 0
17 3
18 2
19 0
20 3
21 3
22 3
23 0
24 1
25 1
26 2
27 3
28 2
29 2
30 0
31 1
32 0
33 0
34 1
35 2
36 0
37 2
38 0
39 3
40 0
41 0
42 3
43 1
44 3
45 0
46 3
47 2
48 3
49 2
50 2
51 3
52 1
53 0
54 1
55 3
56 1
57 0
58 3
59 1
60 2
61 0
62 2
63 3
64 2
65 3
66 0
67 2
68 2
69 1
70 0
71 3
72 3
73 0
74 0
75 3
76 3
77 2
78 3
79 0
80 2
81 3
82 1
83 1
84 0
85 1
86 2
87 2
88 1
89 0
90 1
91 3
92 1
93 1
94 1
95 3
96 2
97 1
98 0
99 3
100 1
101 3
102 1
103 1
104 1
105 0
106 1
107 1
108 0
109 0
110 3
111 1
112 1
113 1
114 2
115 1
116 3
117 2
118 2
119 2
120 3
121 2
122 3
123 1
124 2
125 1
126 2
127 0
128 3
129 2
130 1
131 3
132 0
133 1
134 2
135 0
136 0
137 2
138 1
139 3
140 1
141 3
142 1
143 0
144 0
145 2
146 1
147 3
148 2
149 2
150 0
151 0
152 0
153 3
154 2
155 2
156 3
157 2
158 0
159 3
160 1
161 0
162 2
163 0
164 3
165 3
166 0
167 1
168 1
169 2
170 0
171 2
172 0
173 2
174 2
175 1
176 0
177 2
178 1
179 2
180 1
181 3
182 3
183 2
184 0
185 2
186 0
187 3
188 2
189 0
190 0
191 2
192 3
193 0
194 0
195 3
196 0
197 3
198 1
199 2
200 0
201 3
202 1
203 1
204 3
205 1
206 0
207 0
208 0
209 2
210 0
211 1
212 0
213 3
214 1
215 0
216 2
217 3
218 1
219 2
220 1
221 0
222 1
223 2
224 3
225 1
226 3
227 3
228 2
229 0
230 3
231 0
232 0
233 2
234 0
235 3
236 2
237 1
238 2
239 1
240 2
241 1
242 2
243 0
244 0
245 1
246 0
247 3
248 3
249 3
250 2
251 0
252 1
253 1
254 0
