200
1 3
2 1
3 3
4 3
5 2
6 0
7 1
8 0
9 3
10 1
11 2
12 0
13 0
14 3
15 3
16 0
17 1
18 3
19 1
20 2
21 3
22 3
23 3
24 3
25 2
26 3
27 1
28 2
29 2
30 2
31 3
32 0
33 1
34 1
35 1
36 2
37 1
38 0
39 3
40 1
41 0
42 3
43 1
44 1
45 2
46 3
47 2
48 2
49 0
50 0
51 0
52 0
53 3
54 1
55 1
56 3
57 2
58 3
59 2
60 0
61 0
62 0
63 1
64 0
65 0
66 1
67 2
68 0
69 0
70 0
71 2
72 2
73 3
74 3
75 0
76 3
77 3
78 2
79 0
80 2
81 1
82 1
83 0
84 1
85 1
86 1
87 2
88 3
89 1
90 1
91 2
92 0
93 0
94 2
95 1
96 3
97 2
98 2
99 0
100 1
101 1
102 2
103 0
104 1
105 1
106 0
107 2
108 1
109 2
110 3
111 1
112 3
113 1
114 0
115 1
116 2
117 0
118 3
119 1
120 1
121 0
122 0
123 1
124 1
125 0
126 0
127 1
128 1
129 0
130 0
131 1
132 0
133 1
134 2
135 3
136 0
137 3
138 0
139 2
140 0
141 0
142 3
143 3
144 2
145 2
146 2
147 1
148 2
149 3
150 1
151 2
152 3
153 3
154 0
155 2
156 2
157 2
158 2
159 1
160 3
161 2
162 0
163 2
164 3
165 3
166 2
167 2
168 2
169 2
170 1
171 2
172 2
173 2
174 0
175 1
176 2
177 2
178 1
179 3
180 0
181 0
182 3
183 1
184 3
185 0
186 1
187 2
188 3
189 1
190 1
191 0
192 0
193 0
194 1
195 3
196 0
197 3
198 3
199 3
200 1
