287
1 1
2 0
3 1
4 1
5 2
6 1
7 1
8 2
9 3
10 2
11 0
12 1
13 0
14 1
15 3
16 3
17 3
18 2
19 0
20 2
21 2
22 0
23 1
24 2
25 0
26 1
27 3
28 3
29 0
30 3
31 2
32 3
33 1
34 0
35 0
36 3
37 3
38 1
39 1
40 0
41 2
42 0
43 2
44 2
45 0
46 0
47 3
48 3
49 3
50 1
51 0
52 2
53 1
54 2
55 0
56 1
57 1
58 1
59 3
60 1
61 3
62 3
63 3
64 3
65 0
66 0
67 1
68 2
69 1
70 1
71 0
72 2
73 2
74 3
75 0
76 3
77 0
78 1
79 1
80 2
81 1
82 2
83 3
84 0
85 2
86 1
87 0
88 0
89 2
90 2
91 3
92 2
93 2
94 1
95 1
96 0
97 2
98 0
99 1
100 1
101 2
102 3
103 3
104 3
105 3
106 0
107 1
108 1
109 2
110 3
111 3
112 0
113 3
114 2
115 2
116 3
117 1
118 0
119 1
120 0
121 2
122 2
123 0
124 2
125 1
126 2
127 1
128 1
129 2
130 0
131 1
132 0
133 3
134 3
135 3
136 1
137 0
138 3
139 3
140 0
141 1
142 0
143 1
144 3
145 2
146 0
147 3
148 1
149 2
150 3
151 3
152 0
153 0
154 2
155 0
156 3
157 1
158 0
159 2
160 2
161 2
162 3
163 1
164 2
165 2
166 1
167 0
168 1
169 3
170 3
171 0
172 1
173 0
174 0
175 1
176 0
177 0
178 0
179 2
180 1
181 1
182 0
183 2
184 2
185 2
186 0
187 2
188 3
189 0
190 1
191 3
192 1
193 0
194 0
195 0
196 0
197 0
198 1
199 2
200 2
201 1
202 0
203 2
204 0
205 1
206 1
207 1
208 2
209 3
210 2
211 3
212 1
213 1
214 2
215 0
216 1
217 3
218 0
219 1
220 3
221 0
222 1
223 1
224 2
225 3
226 1
227 2
228 3
229 2
230 0
231 2
232 0
233 0
234 3
235 3
236 3
237 1
238 3
239 1
240 2
241 2
242 1
243 0
244 3
245 2
246 2
247 2
248 3
249 2
250 1
251 0
252 1
253 0
254 0
255 2
256 1
257 3
258 0
259 2
260 0
261 0
262 0
263 1
264 2
265 3
266 2
267 2
268 2
269 2
270 0
271 0
272 0
273 2
274 3
275 1
276 2
277 1
278 1
279 1
280 0
281 1
282 0
283 0
284 1
285 1
286 2
287 2
