281
1 3
2 3
3 3
4 0
5 3
6 2
7 2
8 3
9 2
10 1
11 3
12 0
13 3
14 3
15 2
16 1
17 1
18 2
19 0
20 2
21 1
22 3
23 3
24 0
25 1
26 1
27 1
28 1
29 3
30 3
31 1
32 0
33 1
34 0
35 0
36 3
37 0
38 3
39 3
40 0
41 3
42 0
43 1
44 3
45 3
46 0
47 0
48 0
49 2
50 2
51 3
52 3
53 3
54 1
55 0
56 1
57 2
58 0
59 2
60 2
61 2
62 0
63 3
64 0
65 2
66 0
67 1
68 0
69 2
70 2
71 2
72 2
73 2
74 0
75 0
76 0
77 3
78 3
79 3
80 2
81 2
82 2
83 1
84 3
85 3
86 3
87 1
88 3
89 3
90 0
91 0
92 3
93 3
94 1
95 2
96 3
97 2
98 0
99 3
100 1
101 3
102 3
103 1
104 1
105 2
106 0
107 0
108 1
109 2
110 3
111 2
112 3
113 3
114 1
115 0
116 0
117 2
118 2
119 2
120 1
121 0
122 2
123 1
124 1
125 2
126 0
127 2
128 0
129 0
130 1
131 2
132 0
133 3
134 2
135 2
136 3
137 0
138 2
139 0
140 0
141 2
142 3
143 0
144 0
145 2
146 1
147 1
148 1
149 1
150 2
151 1
152 3
153 0
154 0
155 3
156 1
157 3
158 3
159 0
160 2
161 1
162 1
163 3
164 2
165 3
166 0
167 3
168 2
169 1
170 2
171 0
172 2
173 3
174 1
175 0
176 3
177 3
178 3
179 3
180 0
181 1
182 2
183 2
184 1
185 2
186 1
187 0
188 0
189 2
190 0
191 2
192 1
193 1
194 2
195 2
196 1
197 3
198 1
199 0
200 2
201 0
202 1
203 2
204 1
205 1
206 1
207 3
208 2
209 1
210 1
211 1
212 3
213 1
214 2
215 1
216 1
217 3
218 1
219 0
220 2
221 0
222 3
223 0
224 0
225 0
226 1
227 0
228 1
229 0
230 2
231 1
232 1
233 0
234 0
235 1
236 1
237 3
238 2
239 2
240 2
241 2
242 2
243 1
244 3
245 2
246 0
247 3
248 2
249 0
250 3
251 1
252 3
253 1
254 1
255 2
256 0
257 1
258 2
259 0
260 3
261 1
262 1
263 0
264 3
265 1
266 2
267 0
268 1
269 0
270 0
271 2
272 1
273 1
274 0
275 3
276 2
277 0
278 0
279 1
280 0
281 2
