232
1 2
2 3
3 1
4 3
5 0
6 3
7 1
8 3
9 1
10 1
11 3
12 1
13 3
14 0
15 1
16 3
17 0
18 1
19 3
20 0
21 1
22 0
23 2
24 0
25 1
26 2
27 1
28 2
29 1
30 3
31 2
32 3
33 1
34 1
35 3
36 0
37 3
38 2
39 0
40 3
41 2
42 1
43 0
44 3
45 3
46 2
47 1
48 0
49 3
50 2
51 0
52 0
53 3
54 3
55 0
56 2
57 2
58 3
59 1
60 1
61 3
62 0
63 3
64 1
65 0
66 2
67 3
68 3
69 3
70 0
71 2
72 0
73 0
74 0
75 2
76 0
77 1
78 2
79 2
80 2
81 2
82 3
83 2
84 2
85 2
86 3
87 3
88 3
89 0
90 3
91 0
92 0
93 1
94 2
95 0
96 0
97 1
98 1
99 3
100 3
101 0
102 3
103 1
104 0
105 1
106 3
107 2
108 1
109 2
110 2
111 2
112 3
113 1
114 3
115 2
116 2
117 3
118 3
119 2
120 2
121 0
122 1
123 2
124 3
125 0
126 0
127 3
128 2
129 1
130 1
131 1
132 3
133 0
134 1
135 0
136 1
137 1
138 2
139 3
140 2
141 2
142 1
143 2
144 2
145 1
146 3
147 0
148 1
149 3
150 1
151 2
152 0
153 3
154 2
155 3
156 3
157 1
158 0
159 0
160 1
161 2
162 2
163 2
164 1
165 2
166 1
167 0
168 0
169 3
170 0
171 2
172 2
173 0
174 3
175 2
176 2
177 0
178 1
179 2
180 1
181 2
182 1
183 0
184 3
185 3
186 1
187 0
188 0
189 3
190 0
191 0
192 3
193 2
194 1
195 2
196 2
197 1
198 0
199 3
200 1
201 0
202 2
203 0
204 1
205 0
206 0
207 2
208 0
209 0
210 2
211 2
212 1
213 2
214 1
215 3
216 2
217 2
218 0
219 0
220 2
221 0
222 1
223 0
224 1
225 0
226 1
227 2
228 1
229 0
230 0
231 1
232 2
