231
1 3
2 1
3 2
4 3
5 0
6 0
7 0
8 3
9 1
10 3
11 2
12 0
13 2
14 3
15 3
16 0
17 1
18 1
19 2
20 3
21 1
22 3
23 2
24 2
25 3
26 0
27 0
28 3
29 2
30 2
31 3
32 1
33 2
34 1
35 3
36 2
37 0
38 2
39 3
40 2
41 1
42 1
43 0
44 3
45 1
46 1
47 2
48 1
49 2
50 1
51 0
52 0
53 1
54 2
55 0
56 2
57 3
58 0
59 3
60 3
61 1
62 2
63 0
64 1
65 2
66 2
67 3
68 1
69 2
70 0
71 2
72 1
73 0
74 2
75 0
76 1
77 3
78 2
79 2
80 1
81 1
82 0
83 3
84 1
85 1
86 0
87 2
88 1
89 2
90 3
91 0
92 0
93 0
94 3
95 3
96 0
97 2
98 3
99 2
100 1
101 1
102 1
103 3
104 3
105 1
106 0
107 1
108 1
109 1
110 1
111 2
112 3
113 0
114 0
115 0
116 3
117 2
118 3
119 1
120 2
121 1
122 1
123 3
124 2
125 1
126 3
127 0
128 1
129 2
130 2
131 0
132 3
133 3
134 0
135 0
136 0
137 2
138 3
139 3
140 2
141 0
142 3
143 0
144 2
145 0
146 2
147 3
148 0
149 0
150 1
151 3
152 3
153 3
154 1
155 3
156 1
157 0
158 2
159 1
160 0
161 1
162 2
163 0
164 0
165 1
166 1
167 0
168 0
169 3
170 1
171 1
172 0
173 1
174 3
175 1
176 2
177 3
178 2
179 2
180 2
181 0
182 0
183 0
184 0
185 0
186 3
187 1
188 3
189 2
190 1
191 3
192 2
193 1
194 2
195 2
196 0
197 2
198 0
199 0
200 2
201 2
202 0
203 0
204 0
205 1
206 0
207 1
208 3
209 0
210 2
211 1
212 1
213 2
214 1
215 1
216 3
217 0
218 2
219 1
220 1
221 2
222 2
223 3
224 2
225 1
226 2
227 2
228 0
229 1
230 1
231 2
