295
1 2
2 3
3 2
4 0
5 0
6 2
7 3
8 2
9 0
10 0
11 0
12 3
13 3
14 2
15 1
16 0
17 1
18 0
19 1
20 2
21 0
22 1
23 3
24 1
25 0
26 3
27 2
28 3
29 3
30 3
31 0
32 3
33 1
34 2
35 3
36 1
37 3
38 0
39 3
40 1
41 0
42 0
43 2
44 3
45 3
46 3
47 3
48 1
49 1
50 2
51 2
52 2
53 2
54 3
55 1
56 3
57 2
58 3
59 0
60 2
61 1
62 1
63 0
64 3
65 1
66 2
67 2
68 1
69 2
70 0
71 0
72 3
73 1
74 1
75 0
76 3
77 3
78 1
79 1
80 1
81 0
82 1
83 0
84 1
85 1
86 0
87 1
88 0
89 1
90 3
91 0
92 0
93 0
94 2
95 3
96 3
97 0
98 3
99 3
100 1
101 1
102 2
103 3
104 1
105 3
106 2
107 2
108 2
109 2
110 0
111 2
112 3
113 2
114 0
115 3
116 2
117 0
118 2
119 1
120 2
121 2
122 0
123 2
124 2
125 1
126 2
127 1
128 3
129 1
130 3
131 3
132 3
133 2
134 3
135 3
136 1
137 0
138 0
139 3
140 1
141 0
142 1
143 3
144 1
145 2
146 2
147 3
148 1
149 2
150 0
151 3
152 1
153 1
154 3
155 2
156 3
157 0
158 1
159 0
160 1
161 2
162 0
163 2
164 0
165 0
166 2
167 3
168 0
169 1
170 3
171 2
172 1
173 3
174 3
175 1
176 1
177 3
178 0
179 1
180 0
181 2
182 1
183 2
184 3
185 0
186 1
187 0
188 1
189 0
190 0
191 2
192 1
193 2
194 2
195 1
196 3
197 0
198 2
199 1
200 2
201 0
202 3
203 0
204 1
205 3
206 0
207 0
208 2
209 2
210 3
211 3
212 0
213 1
214 3
215 0
216 0
217 0
218 2
219 2
220 0
221 1
222 0
223 2
224 1
225 0
226 0
227 3
228 1
229 2
230 0
231 3
232 2
233 1
234 1
235 2
236 1
237 1
238 3
239 0
240 1
241 1
242 2
243 1
244 0
245 3
246 2
247 2
248 2
249 3
250 3
251 3
252 3
253 3
254 0
255 0
256 1
257 0
258 2
259 0
260 3
261 3
262 1
263 2
264 0
265 1
266 2
267 0
268 3
269 0
270 2
271 2
272 3
273 2
274 0
275 2
276 0
277 1
278 0
279 1
280 2
281 0
282 2
283 1
284 1
285 1
286 0
287 3
288 1
289 2
290 2
291 3
292 2
293 3
294 2
295 1
