205
1 0
2 3
3 3
4 3
5 1
6 0
7 1
8 1
9 2
10 3
11 3
12 1
13 1
14 0
15 0
16 1
17 2
18 1
19 2
20 0
21 0
22 2
23 0
24 3
25 2
26 1
27 0
28 3
29 2
30 0
31 3
32 2
33 0
34 0
35 2
36 3
37 1
38 3
39 1
40 0
41 1
42 2
43 2
44 2
45 0
46 3
47 3
48 1
49 3
50 3
51 2
52 3
53 0
54 0
55 1
56 0
57 1
58 3
59 0
60 0
61 2
62 0
63 2
64 2
65 2
66 1
67 2
68 2
69 0
70 2
71 0
72 3
73 3
74 3
75 0
76 0
77 2
78 2
79 0
80 2
81 2
82 0
83 3
84 1
85 1
86 2
87 3
88 0
89 3
90 3
91 2
92 1
93 3
94 0
95 0
96 3
97 3
98 2
99 0
100 1
101 2
102 3
103 1
104 1
105 1
106 0
107 3
108 1
109 3
110 2
111 2
112 2
113 2
114 2
115 1
116 2
117 0
118 3
119 0
120 0
121 1
122 0
123 0
124 1
125 1
126 3
127 3
128 0
129 0
130 3
131 3
132 2
133 0
134 1
135 0
136 0
137 3
138 2
139 0
140 1
141 2
142 3
143 1
144 3
145 0
146 2
147 2
148 3
149 2
150 3
151 0
152 0
153 0
154 2
155 1
156 0
157 0
158 1
159 1
160 2
161 2
162 1
163 1
164 1
165 0
166 3
167 2
168 0
169 3
170 1
171 1
172 2
173 1
174 1
175 1
176 0
177 3
178 3
179 0
180 1
181 2
182 3
183 0
184 3
185 1
186 0
187 1
188 1
189 2
190 0
191 1
192 2
193 1
194 0
195 2
196 0
197 2
198 0
199 0
200 1
201 0
202 1
203 1
204 3
205 2
