233
1 0
2 2
3 3
4 2
5 0
6 0
7 1
8 1
9 3
10 1
11 2
12 0
13 0
14 3
15 3
16 1
17 2
18 0
19 3
20 2
21 0
22 1
23 2
24 3
25 1
26 2
27 3
28 3
29 2
30 1
31 0
32 1
33 3
34 1
35 1
36 1
37 0
38 0
39 3
40 1
41 1
42 2
43 0
44 0
45 2
46 1
47 0
48 2
49 3
50 3
51 2
52 1
53 2
54 1
55 0
56 0
57 0
58 3
59 1
60 0
61 1
62 2
63 1
64 0
65 0
66 3
67 2
68 2
69 1
70 2
71 1
72 2
73 3
74 0
75 0
76 1
77 2
78 3
79 1
80 3
81 1
82 3
83 2
84 3
85 2
86 2
87 3
88 3
89 3
90 1
91 1
92 2
93 3
94 1
95 3
96 0
97 3
98 3
99 3
100 2
101 2
102 3
103 1
104 0
105 0
106 2
107 2
108 3
109 0
110 1
111 0
112 0
113 0
114 1
115 1
116 3
117 3
118 1
119 2
120 1
121 2
122 1
123 2
124 1
125 3
126 1
127 0
128 2
129 2
130 1
131 1
132 1
133 0
134 0
135 3
136 2
137 0
138 0
139 0
140 1
141 2
142 2
143 3
144 0
145 3
146 0
147 1
148 2
149 1
150 0
151 2
152 0
153 2
154 0
155 0
156 1
157 3
158 2
159 1
160 3
161 1
162 3
163 3
164 3
165 3
166 1
167 3
168 3
169 1
170 3
171 0
172 0
173 3
174 2
175 0
176 3
177 2
178 1
179 0
180 0
181 3
182 1
183 0
184 0
185 1
186 3
187 0
188 1
189 2
190 3
191 2
192 0
193 1
194 0
195 1
196 0
197 3
198 2
199 3
200 2
201 2
202 1
203 2
204 2
205 3
206 1
207 1
208 0
209 0
210 0
211 2
212 1
213 2
214 2
215 1
216 2
217 2
218 0
219 0
220 0
221 2
222 2
223 1
224 1
225 3
226 0
227 3
228 1
229 2
230 0
231 1
232 3
233 3
