247
1 1
2 3
3 2
4 0
5 3
6 2
7 1
8 2
9 0
10 3
11 0
12 1
13 0
14 1
15 1
16 3
17 0
18 2
19 2
20 2
21 0
22 3
23 0
24 3
25 2
26 3
27 2
28 1
29 1
30 0
31 0
32 3
33 0
34 0
35 2
36 1
37 3
38 3
39 3
40 0
41 1
42 3
43 2
44 2
45 3
46 0
47 0
48 3
49 3
50 2
51 1
52 2
53 2
54 3
55 3
56 2
57 1
58 1
59 3
60 2
61 0
62 2
63 3
64 2
65 3
66 2
67 1
68 1
69 3
70 1
71 1
72 1
73 3
74 3
75 2
76 3
77 1
78 3
79 2
80 3
81 2
82 2
83 3
84 1
85 3
86 2
87 1
88 1
89 1
90 2
91 2
92 0
93 1
94 0
95 0
96 0
97 0
98 3
99 1
100 3
101 1
102 3
103 3
104 2
105 1
106 1
107 0
108 0
109 3
110 0
111 2
112 3
113 2
114 2
115 1
116 1
117 3
118 3
119 0
120 1
121 2
122 3
123 0
124 3
125 2
126 1
127 0
128 1
129 3
130 1
131 1
132 0
133 2
134 1
135 1
136 0
137 2
138 3
139 0
140 3
141 3
142 0
143 1
144 2
145 0
146 0
147 0
148 0
149 1
150 3
151 1
152 1
153 2
154 2
155 1
156 2
157 0
158 0
159 3
160 0
161 0
162 1
163 1
164 1
165 0
166 2
167 2
168 3
169 0
170 3
171 1
172 0
173 3
174 3
175 2
176 2
177 2
178 0
179 0
180 2
181 1
182 2
183 2
184 1
185 0
186 1
187 3
188 0
189 2
190 0
191 1
192 2
193 1
194 0
195 3
196 0
197 2
198 0
199 0
200 0
201 0
202 2
203 0
204 0
205 1
206 1
207 2
208 1
209 1
210 0
211 3
212 1
213 0
214 1
215 1
216 1
217 0
218 1
219 2
220 0
221 2
222 1
223 2
224 0
225 1
226 3
227 3
228 3
229 1
230 3
231 0
232 2
233 2
234 3
235 1
236 1
237 3
238 0
239 2
240 1
241 0
242 1
243 0
244 3
245 2
246 2
247 2
