230
1 1
2 0
3 2
4 2
5 2
6 2
7 2
8 1
9 1
10 1
11 3
12 2
13 2
14 0
15 0
16 3
17 1
18 2
19 3
20 1
21 1
22 3
23 3
24 0
25 0
26 2
27 3
28 1
29 0
30 3
31 3
32 0
33 1
34 1
35 1
36 2
37 3
38 2
39 0
40 1
41 1
42 0
43 0
44 2
45 0
46 3
47 3
48 0
49 2
50 3
51 1
52 0
53 3
54 2
55 2
56 0
57 2
58 1
59 2
60 2
61 2
62 3
63 1
64 0
65 3
66 1
67 0
68 3
69 1
70 3
71 2
72 0
73 0
74 2
75 2
76 1
77 2
78 1
79 2
80 0
81 0
82 3
83 3
84 2
85 2
86 0
87 3
88 3
89 1
90 3
91 2
92 3
93 2
94 1
95 2
96 0
97 0
98 2
99 0
100 2
101 3
102 0
103 2
104 2
105 0
106 1
107 0
108 1
109 1
110 3
111 1
112 1
113 2
114 2
115 3
116 3
117 2
118 1
119 0
120 3
121 3
122 0
123 1
124 3
125 2
126 2
127 3
128 1
129 3
130 0
131 0
132 0
133 0
134 2
135 0
136 0
137 1
138 2
139 1
140 1
141 3
142 1
143 0
144 0
145 3
146 3
147 3
148 0
149 3
150 1
151 3
152 1
153 0
154 0
155 1
156 1
157 2
158 0
159 2
160 2
161 3
162 3
163 1
164 2
165 1
166 0
167 1
168 1
169 2
170 1
171 2
172 3
173 0
174 3
175 1
176 1
177 3
178 3
179 3
180 3
181 1
182 0
183 2
184 1
185 3
186 1
187 1
188 2
189 1
190 1
191 1
192 0
193 0
194 1
195 3
196 0
197 3
198 3
199 0
200 0
201 2
202 1
203 3
204 0
205 1
206 2
207 3
208 2
209 1
210 1
211 0
212 0
213 1
214 2
215 2
216 0
217 2
218 0
219 0
220 0
221 1
222 3
223 0
224 2
225 0
226 2
227 3
228 0
229 0
230 0
