263
1 1
2 1
3 0
4 3
5 2
6 1
7 0
8 2
9 3
10 1
11 1
12 2
13 0
14 0
15 3
16 0
17 3
18 3
19 2
20 3
21 2
22 2
23 0
24 2
25 3
26 1
27 1
28 2
29 3
30 2
31 3
32 1
33 3
34 2
35 3
36 0
37 2
38 3
39 0
40 3
41 0
42 2
43 1
44 0
45 2
46 0
47 1
48 0
49 1
50 0
51 3
52 0
53 2
54 3
55 2
56 2
57 0
58 0
59 3
60 0
61 1
62 2
63 1
64 1
65 3
66 3
67 0
68 0
69 0
70 2
71 1
72 1
73 3
74 3
75 0
76 0
77 3
78 2
79 2
80 2
81 1
82 0
83 1
84 1
85 3
86 3
87 3
88 2
89 2
90 3
91 3
92 0
93 2
94 0
95 2
96 3
97 2
98 3
99 0
100 0
101 2
102 3
103 1
104 0
105 0
106 0
107 0
108 2
109 3
110 1
111 1
112 2
113 0
114 3
115 0
116 3
117 0
118 0
119 0
120 1
121 1
122 1
123 0
124 3
125 1
126 1
127 2
128 3
129 1
130 1
131 3
132 3
133 1
134 3
135 1
136 0
137 2
138 1
139 3
140 1
141 1
142 2
143 1
144 3
145 0
146 3
147 1
148 3
149 1
150 3
151 1
152 0
153 2
154 2
155 3
156 3
157 1
158 0
159 3
160 2
161 0
162 2
163 1
164 2
165 3
166 2
167 2
168 3
169 0
170 2
171 0
172 0
173 3
174 0
175 1
176 2
177 2
178 0
179 2
180 2
181 0
182 2
183 2
184 1
185 1
186 2
187 0
188 1
189 1
190 1
191 1
192 2
193 0
194 3
195 3
196 1
197 2
198 0
199 3
200 3
201 3
202 2
203 0
204 0
205 3
206 3
207 2
208 1
209 0
210 2
211 0
212 0
213 0
214 1
215 1
216 1
217 2
218 0
219 2
220 1
221 1
222 0
223 1
224 2
225 2
226 3
227 1
228 1
229 3
230 2
231 1
232 1
233 3
234 2
235 2
236 1
237 2
238 1
239 0
240 3
241 1
242 1
243 0
244 3
245 2
246 1
247 1
248 0
249 3
250 2
251 2
252 3
253 1
254 0
255 0
256 0
257 3
258 2
259 2
260 1
261 1
262 0
263 3
