203
1 2
2 1
3 3
4 2
5 1
6 1
7 0
8 0
9 1
10 1
11 2
12 3
13 3
14 2
15 2
16 3
17 0
18 3
19 0
20 1
21 0
22 2
23 2
24 2
25 3
26 0
27 2
28 3
29 3
30 2
31 1
32 0
33 2
34 3
35 0
36 1
37 3
38 1
39 1
40 3
41 3
42 0
43 1
44 0
45 2
46 1
47 3
48 0
49 3
50 2
51 1
52 3
53 0
54 2
55 2
56 0
57 3
58 2
59 0
60 3
61 2
62 3
63 3
64 3
65 2
66 3
67 1
68 3
69 0
70 0
71 1
72 2
73 1
74 2
75 2
76 0
77 1
78 1
79 1
80 0
81 0
82 0
83 0
84 1
85 3
86 2
87 3
88 0
89 0
90 3
91 3
92 1
93 0
94 3
95 1
96 0
97 1
98 0
99 2
100 2
101 0
102 0
103 2
104 2
105 0
106 0
107 2
108 2
109 2
110 2
111 2
112 0
113 1
114 1
115 3
116 2
117 1
118 1
119 2
120 1
121 0
122 1
123 2
124 0
125 3
126 0
127 2
128 1
129 3
130 0
131 0
132 1
133 0
134 2
135 0
136 0
137 0
138 3
139 2
140 0
141 3
142 3
143 0
144 0
145 1
146 3
147 2
148 1
149 3
150 2
151 2
152 1
153 1
154 1
155 1
156 1
157 1
158 2
159 3
160 3
161 0
162 2
163 2
164 3
165 2
166 1
167 1
168 0
169 2
170 1
171 1
172 3
173 1
174 2
175 1
176 0
177 3
178 2
179 1
180 1
181 1
182 1
183 1
184 3
185 1
186 3
187 2
188 1
189 0
190 0
191 3
192 2
193 1
194 0
195 0
196 3
197 0
198 2
199 0
200 2
201 2
202 1
203 3
