239
1 2
2 3
3 3
4 1
5 1
6 0
7 2
8 0
9 0
10 1
11 1
12 2
13 1
14 3
15 2
16 3
17 3
18 1
19 1
20 1
21 3
22 3
23 2
24 1
25 0
26 1
27 2
28 3
29 0
30 3
31 2
32 2
33 2
34 3
35 2
36 0
37 2
38 3
39 3
40 0
41 3
42 1
43 1
44 3
45 3
46 2
47 3
48 2
49 3
50 2
51 1
52 1
53 2
54 0
55 1
56 2
57 0
58 2
59 1
60 2
61 1
62 3
63 0
64 0
65 1
66 3
67 2
68 0
69 0
70 0
71 3
72 3
73 0
74 3
75 0
76 1
77 3
78 3
79 1
80 0
81 1
82 1
83 0
84 1
85 3
86 0
87 3
88 0
89 2
90 3
91 0
92 2
93 1
94 2
95 2
96 3
97 0
98 2
99 3
100 1
101 2
102 0
103 3
104 2
105 0
106 0
107 0
108 0
109 1
110 3
111 1
112 2
113 1
114 3
115 3
116 0
117 1
118 1
119 0
120 1
121 1
122 1
123 1
124 3
125 1
126 0
127 1
128 1
129 1
130 1
131 2
132 3
133 0
134 2
135 1
136 2
137 3
138 1
139 0
140 0
141 1
142 2
143 1
144 3
145 1
146 3
147 3
148 2
149 0
150 0
151 3
152 0
153 3
154 1
155 0
156 2
157 0
158 2
159 0
160 3
161 1
162 2
163 0
164 2
165 3
166 2
167 3
168 2
169 3
170 2
171 1
172 2
173 2
174 1
175 1
176 2
177 0
178 1
179 2
180 1
181 2
182 1
183 2
184 2
185 2
186 1
187 0
188 0
189 3
190 1
191 1
192 3
193 0
194 0
195 2
196 0
197 2
198 1
199 2
200 2
201 0
202 0
203 2
204 2
205 1
206 2
207 2
208 0
209 2
210 2
211 0
212 0
213 0
214 0
215 1
216 1
217 1
218 2
219 0
220 1
221 3
222 0
223 3
224 3
225 2
226 0
227 1
228 2
229 2
230 0
231 3
232 1
233 1
234 3
235 3
236 2
237 2
238 0
239 0
