276
1 1
2 2
3 2
4 0
5 2
6 0
7 1
8 0
9 2
10 3
11 1
12 2
13 2
14 3
15 2
16 1
17 1
18 1
19 3
20 2
21 2
22 3
23 1
24 2
25 3
26 0
27 3
28 0
29 3
30 0
31 0
32 1
33 2
34 2
35 1
36 2
37 0
38 0
39 0
40 2
41 2
42 2
43 2
44 1
45 3
46 0
47 2
48 2
49 2
50 0
51 0
52 2
53 0
54 0
55 2
56 3
57 3
58 3
59 2
60 0
61 0
62 1
63 0
64 3
65 3
66 1
67 3
68 3
69 1
70 3
71 0
72 3
73 1
74 3
75 1
76 2
77 3
78 0
79 2
80 3
81 1
82 0
83 1
84 1
85 1
86 0
87 0
88 1
89 1
90 1
91 3
92 2
93 3
94 1
95 0
96 1
97 2
98 2
99 2
100 1
101 3
102 0
103 3
104 1
105 1
106 0
107 2
108 1
109 2
110 3
111 2
112 2
113 1
114 1
115 2
116 0
117 1
118 0
119 1
120 0
121 3
122 1
123 0
124 1
125 2
126 3
127 3
128 2
129 1
130 2
131 3
132 1
133 0
134 3
135 0
136 1
137 1
138 3
139 2
140 3
141 3
142 2
143 0
144 1
145 0
146 3
147 1
148 3
149 3
150 1
151 2
152 1
153 0
154 0
155 0
156 2
157 1
158 0
159 0
160 0
161 0
162 1
163 3
164 3
165 2
166 3
167 1
168 0
169 0
170 3
171 2
172 1
173 3
174 2
175 3
176 2
177 2
178 0
179 2
180 0
181 1
182 3
183 1
184 1
185 3
186 3
187 1
188 3
189 2
190 1
191 1
192 2
193 2
194 0
195 1
196 3
197 0
198 1
199 3
200 0
201 0
202 1
203 3
204 2
205 2
206 3
207 1
208 2
209 2
210 2
211 3
212 3
213 0
214 1
215 0
216 0
217 1
218 1
219 2
220 3
221 0
222 0
223 0
224 1
225 2
226 3
227 3
228 2
229 1
230 0
231 2
232 2
233 2
234 0
235 2
236 2
237 2
238 1
239 2
240 1
241 0
242 2
243 1
244 3
245 3
246 2
247 1
248 0
249 0
250 0
251 0
252 2
253 0
254 0
255 3
256 3
257 2
258 1
259 3
260 0
261 3
262 3
263 1
264 2
265 0
266 0
267 2
268 3
269 2
270 3
271 1
272 0
273 1
274 1
275 1
276 2
