274
1 1
2 3
3 0
4 1
5 2
6 2
7 1
8 0
9 0
10 3
11 2
12 2
13 2
14 1
15 1
16 2
17 3
18 3
19 3
20 3
21 3
22 3
23 0
24 1
25 2
26 2
27 2
28 2
29 0
30 3
31 0
32 0
33 0
34 0
35 3
36 1
37 0
38 1
39 2
40 1
41 2
42 2
43 2
44 3
45 1
46 2
47 3
48 2
49 1
50 1
51 2
52 3
53 3
54 2
55 1
56 0
57 2
58 1
59 1
60 0
61 1
62 1
63 0
64 1
65 0
66 1
67 3
68 0
69 2
70 2
71 1
72 1
73 3
74 3
75 2
76 1
77 3
78 3
79 3
80 2
81 1
82 0
83 3
84 2
85 1
86 0
87 0
88 0
89 3
90 0
91 3
92 0
93 0
94 2
95 3
96 0
97 3
98 0
99 1
100 2
101 2
102 3
103 0
104 1
105 3
106 3
107 0
108 1
109 3
110 1
111 1
112 0
113 2
114 3
115 0
116 0
117 1
118 1
119 0
120 2
121 1
122 0
123 1
124 1
125 0
126 1
127 3
128 0
129 1
130 3
131 1
132 3
133 1
134 3
135 0
136 2
137 0
138 1
139 2
140 1
141 0
142 3
143 1
144 3
145 2
146 2
147 0
148 0
149 3
150 0
151 2
152 1
153 0
154 0
155 0
156 2
157 3
158 1
159 1
160 2
161 0
162 3
163 0
164 3
165 3
166 3
167 2
168 0
169 1
170 2
171 1
172 0
173 3
174 0
175 1
176 1
177 1
178 0
179 1
180 2
181 3
182 2
183 2
184 2
185 0
186 3
187 2
188 2
189 0
190 3
191 3
192 3
193 0
194 2
195 3
196 0
197 0
198 1
199 1
200 2
201 3
202 1
203 1
204 3
205 0
206 0
207 1
208 2
209 2
210 0
211 1
212 2
213 0
214 1
215 2
216 2
217 1
218 0
219 0
220 0
221 1
222 1
223 3
224 1
225 1
226 3
227 3
228 2
229 2
230 1
231 1
232 1
233 0
234 2
235 2
236 1
237 2
238 1
239 3
240 2
241 3
242 0
243 1
244 3
245 0
246 2
247 0
248 3
249 0
250 2
251 2
252 1
253 0
254 3
255 0
256 1
257 2
258 0
259 0
260 1
261 0
262 2
263 2
264 2
265 2
266 0
267 2
268 2
269 3
270 3
271 2
272 1
273 0
274 0
