250
1 2
2 0
3 0
4 2
5 1
6 3
7 3
8 0
9 3
10 1
11 2
12 3
13 2
14 1
15 0
16 1
17 1
18 1
19 2
20 2
21 3
22 3
23 3
24 3
25 1
26 0
27 0
28 1
29 3
30 0
31 2
32 1
33 0
34 0
35 3
36 3
37 0
38 3
39 3
40 1
41 2
42 3
43 2
44 0
45 1
46 2
47 1
48 3
49 3
50 1
51 1
52 3
53 2
54 1
55 3
56 0
57 3
58 3
59 3
60 2
61 0
62 2
63 0
64 1
65 1
66 1
67 1
68 1
69 2
70 3
71 2
72 3
73 2
74 2
75 0
76 0
77 1
78 2
79 0
80 1
81 1
82 0
83 0
84 0
85 3
86 0
87 3
88 1
89 2
90 0
91 0
92 1
93 3
94 3
95 2
96 1
97 0
98 2
99 0
100 2
101 1
102 1
103 0
104 1
105 0
106 0
107 3
108 2
109 3
110 1
111 0
112 1
113 2
114 2
115 3
116 2
117 2
118 3
119 2
120 0
121 2
122 2
123 2
124 2
125 0
126 1
127 2
128 3
129 3
130 0
131 2
132 1
133 1
134 1
135 2
136 2
137 1
138 3
139 0
140 0
141 1
142 1
143 2
144 2
145 1
146 3
147 1
148 3
149 3
150 3
151 0
152 2
153 3
154 1
155 2
156 0
157 2
158 2
159 2
160 1
161 3
162 1
163 3
164 3
165 0
166 1
167 3
168 0
169 0
170 0
171 1
172 2
173 3
174 2
175 2
176 0
177 0
178 0
179 1
180 2
181 1
182 0
183 0
184 1
185 0
186 1
187 1
188 2
189 2
190 1
191 3
192 0
193 3
194 2
195 2
196 0
197 3
198 0
199 2
200 2
201 2
202 0
203 0
204 0
205 2
206 3
207 1
208 0
209 0
210 0
211 3
212 2
213 3
214 1
215 1
216 0
217 0
218 1
219 0
220 1
221 1
222 1
223 3
224 2
225 0
226 0
227 3
228 1
229 3
230 2
231 0
232 3
233 1
234 2
235 0
236 2
237 2
238 0
239 1
240 3
241 1
242 2
243 1
244 1
245 2
246 2
247 1
248 0
249 3
250 0
