259
1 2
2 3
3 3
4 0
5 1
6 1
7 2
8 3
9 1
10 1
11 3
12 0
13 3
14 3
15 0
16 0
17 2
18 3
19 2
20 0
21 0
22 1
23 2
24 2
25 2
26 1
27 0
28 3
29 3
30 0
31 0
32 0
33 1
34 2
35 0
36 1
37 0
38 2
39 3
40 3
41 2
42 2
43 2
44 1
45 3
46 2
47 1
48 1
49 0
50 1
51 2
52 1
53 3
54 3
55 3
56 3
57 1
58 1
59 3
60 3
61 2
62 0
63 3
64 3
65 3
66 2
67 2
68 3
69 3
70 1
71 1
72 1
73 3
74 3
75 0
76 3
77 2
78 3
79 1
80 0
81 0
82 1
83 3
84 1
85 0
86 3
87 3
88 0
89 3
90 1
91 3
92 3
93 1
94 1
95 3
96 0
97 0
98 1
99 2
100 0
101 3
102 2
103 3
104 3
105 1
106 0
107 3
108 0
109 1
110 1
111 3
112 2
113 0
114 0
115 2
116 2
117 1
118 1
119 3
120 3
121 1
122 1
123 1
124 3
125 3
126 2
127 0
128 3
129 3
130 1
131 2
132 3
133 1
134 0
135 2
136 2
137 2
138 1
139 2
140 3
141 2
142 3
143 2
144 1
145 0
146 1
147 1
148 0
149 1
150 3
151 3
152 1
153 2
154 2
155 1
156 2
157 2
158 0
159 1
160 3
161 0
162 1
163 1
164 2
165 3
166 0
167 0
168 3
169 3
170 2
171 2
172 1
173 0
174 0
175 2
176 1
177 2
178 2
179 1
180 2
181 0
182 0
183 2
184 2
185 1
186 1
187 1
188 2
189 0
190 0
191 1
192 1
193 0
194 0
195 1
196 3
197 2
198 2
199 3
200 0
201 0
202 0
203 2
204 3
205 0
206 1
207 1
208 3
209 1
210 0
211 3
212 0
213 2
214 3
215 0
216 1
217 3
218 2
219 0
220 2
221 0
222 0
223 1
224 2
225 0
226 0
227 0
228 2
229 3
230 0
231 0
232 0
233 2
234 2
235 3
236 1
237 3
238 0
239 1
240 1
241 3
242 0
243 1
244 2
245 2
246 1
247 1
248 2
249 2
250 1
251 0
252 1
253 1
254 2
255 1
256 0
257 2
258 0
259 3
