249
1 0
2 0
3 3
4 0
5 0
6 1
7 0
8 3
9 2
10 3
11 0
12 0
13 0
14 2
15 3
16 1
17 1
18 3
19 0
20 2
21 1
22 2
23 2
24 2
25 1
26 1
27 0
28 2
29 3
30 2
31 2
32 2
33 0
34 2
35 3
36 3
37 0
38 0
39 3
40 3
41 3
42 1
43 3
44 1
45 3
46 1
47 1
48 3
49 0
50 0
51 1
52 3
53 1
54 2
55 0
56 1
57 0
58 2
59 0
60 2
61 1
62 1
63 3
64 1
65 2
66 1
67 3
68 1
69 2
70 3
71 3
72 2
73 2
74 1
75 2
76 0
77 2
78 1
79 2
80 0
81 0
82 1
83 2
84 0
85 2
86 1
87 3
88 1
89 3
90 3
91 1
92 2
93 3
94 2
95 3
96 2
97 2
98 0
99 1
100 3
101 1
102 0
103 0
104 3
105 1
106 2
107 3
108 1
109 1
110 0
111 3
112 3
113 0
114 1
115 2
116 0
117 2
118 0
119 1
120 1
121 1
122 3
123 3
124 1
125 2
126 3
127 0
128 3
129 3
130 1
131 0
132 2
133 1
134 3
135 1
136 3
137 1
138 2
139 2
140 2
141 3
142 0
143 3
144 2
145 0
146 3
147 3
148 3
149 0
150 3
151 1
152 2
153 3
154 2
155 3
156 0
157 2
158 0
159 1
160 0
161 2
162 0
163 2
164 1
165 2
166 2
167 3
168 2
169 1
170 1
171 3
172 3
173 2
174 1
175 1
176 1
177 0
178 0
179 0
180 0
181 0
182 3
183 0
184 3
185 2
186 0
187 0
188 0
189 3
190 1
191 0
192 1
193 2
194 3
195 2
196 2
197 3
198 1
199 1
200 0
201 0
202 2
203 1
204 1
205 0
206 2
207 2
208 1
209 1
210 0
211 3
212 1
213 1
214 0
215 2
216 2
217 3
218 0
219 3
220 0
221 0
222 0
223 2
224 0
225 3
226 0
227 0
228 2
229 2
230 2
231 0
232 1
233 0
234 3
235 0
236 1
237 0
238 2
239 3
240 0
241 2
242 0
243 0
244 1
245 2
246 3
247 3
248 0
249 2
