202
1 0
2 1
3 0
4 1
5 1
6 2
7 3
8 2
9 3
10 3
11 3
12 2
13 3
14 3
15 2
16 1
17 2
18 2
19 2
20 0
21 0
22 0
23 3
24 3
25 2
26 2
27 3
28 0
29 2
30 2
31 0
32 3
33 0
34 0
35 2
36 0
37 3
38 2
39 0
40 2
41 3
42 1
43 3
44 2
45 1
46 0
47 0
48 0
49 1
50 3
51 2
52 0
53 0
54 1
55 3
56 1
57 2
58 0
59 1
60 3
61 1
62 1
63 1
64 1
65 1
66 1
67 2
68 2
69 3
70 1
71 3
72 2
73 0
74 3
75 3
76 1
77 2
78 1
79 0
80 3
81 3
82 1
83 1
84 1
85 0
86 0
87 2
88 1
89 3
90 0
91 0
92 2
93 0
94 0
95 1
96 3
97 2
98 3
99 0
100 3
101 0
102 1
103 0
104 2
105 1
106 0
107 0
108 0
109 1
110 1
111 2
112 3
113 0
114 3
115 2
116 3
117 0
118 0
119 3
120 2
121 2
122 1
123 1
124 1
125 2
126 1
127 2
128 3
129 2
130 1
131 0
132 2
133 1
134 3
135 1
136 2
137 3
138 0
139 0
140 3
141 3
142 2
143 1
144 1
145 1
146 0
147 2
148 1
149 2
150 0
151 3
152 3
153 1
154 3
155 0
156 3
157 3
158 3
159 1
160 3
161 1
162 2
163 3
164 0
165 0
166 2
167 3
168 0
169 2
170 2
171 2
172 3
173 2
174 2
175 3
176 0
177 2
178 1
179 3
180 0
181 2
182 0
183 2
184 1
185 0
186 2
187 3
188 2
189 1
190 2
191 0
192 2
193 1
194 0
195 0
196 1
197 0
198 1
199 1
200 1
201 3
202 1
