210
1 2
2 3
3 3
4 3
5 3
6 0
7 1
8 0
9 1
10 0
11 0
12 0
13 3
14 1
15 1
16 1
17 2
18 3
19 1
20 1
21 2
22 3
23 2
24 3
25 3
26 1
27 3
28 3
29 3
30 1
31 3
32 0
33 0
34 2
35 0
36 3
37 0
38 3
39 1
40 0
41 2
42 2
43 0
44 2
45 1
46 3
47 2
48 3
49 3
50 2
51 0
52 0
53 2
54 0
55 1
56 0
57 2
58 1
59 0
60 3
61 1
62 2
63 0
64 2
65 3
66 0
67 2
68 2
69 3
70 1
71 2
72 1
73 1
74 3
75 3
76 2
77 2
78 3
79 2
80 3
81 2
82 2
83 1
84 2
85 0
86 1
87 2
88 0
89 0
90 3
91 3
92 3
93 2
94 2
95 0
96 0
97 2
98 0
99 2
100 3
101 1
102 3
103 1
104 1
105 0
106 1
107 0
108 1
109 3
110 1
111 2
112 2
113 1
114 1
115 0
116 1
117 2
118 0
119 2
120 2
121 2
122 3
123 2
124 3
125 1
126 3
127 2
128 2
129 0
130 0
131 0
132 1
133 3
134 1
135 1
136 0
137 2
138 0
139 3
140 1
141 0
142 1
143 0
144 1
145 2
146 2
147 3
148 3
149 1
150 1
151 0
152 1
153 0
154 2
155 2
156 3
157 2
158 2
159 3
160 2
161 1
162 0
163 3
164 1
165 0
166 0
167 0
168 2
169 1
170 2
171 0
172 0
173 3
174 2
175 3
176 0
177 1
178 3
179 1
180 0
181 1
182 2
183 0
184 2
185 1
186 0
187 2
188 2
189 2
190 1
191 1
192 0
193 1
194 1
195 1
196 0
197 3
198 3
199 1
200 0
201 3
202 3
203 0
204 1
205 3
206 3
207 0
208 2
209 0
210 1
