248
1 2
2 3
3 1
4 3
5 2
6 2
7 1
8 1
9 2
10 3
11 1
12 1
13 3
14 0
15 0
16 1
17 3
18 3
19 1
20 2
21 1
22 0
23 1
24 3
25 1
26 0
27 1
28 0
29 0
30 2
31 0
32 0
33 0
34 2
35 0
36 2
37 1
38 3
39 0
40 2
41 0
42 1
43 3
44 3
45 1
46 3
47 3
48 2
49 3
50 0
51 0
52 3
53 0
54 2
55 0
56 1
57 2
58 1
59 0
60 1
61 0
62 1
63 1
64 3
65 2
66 1
67 0
68 1
69 2
70 1
71 2
72 2
73 1
74 2
75 1
76 2
77 0
78 3
79 2
80 2
81 1
82 0
83 0
84 0
85 1
86 2
87 1
88 3
89 1
90 3
91 0
92 0
93 0
94 0
95 2
96 0
97 2
98 3
99 2
100 3
101 2
102 2
103 0
104 0
105 1
106 2
107 1
108 3
109 0
110 0
111 2
112 1
113 2
114 1
115 1
116 3
117 2
118 3
119 1
120 2
121 1
122 3
123 1
124 1
125 1
126 2
127 1
128 3
129 2
130 1
131 2
132 3
133 2
134 2
135 0
136 0
137 1
138 2
139 1
140 1
141 0
142 2
143 0
144 0
145 1
146 3
147 2
148 2
149 1
150 2
151 0
152 3
153 0
154 1
155 2
156 3
157 3
158 3
159 0
160 3
161 3
162 3
163 1
164 0
165 3
166 1
167 0
168 2
169 0
170 0
171 0
172 2
173 2
174 1
175 2
176 1
177 3
178 2
179 2
180 0
181 2
182 3
183 2
184 1
185 1
186 2
187 0
188 2
189 0
190 1
191 0
192 3
193 2
194 0
195 1
196 0
197 1
198 0
199 0
200 2
201 1
202 1
203 0
204 3
205 3
206 1
207 2
208 2
209 2
210 0
211 3
212 1
213 3
214 1
215 0
216 0
217 3
218 3
219 2
220 2
221 3
222 1
223 3
224 0
225 3
226 3
227 2
228 3
229 0
230 2
231 2
232 3
233 0
234 2
235 0
236 1
237 2
238 1
239 0
240 0
241 1
242 1
243 0
244 0
245 0
246 2
247 2
248 1
