242
1 3
2 0
3 3
4 0
5 3
6 2
7 3
8 1
9 0
10 1
11 0
12 0
13 3
14 1
15 3
16 0
17 3
18 1
19 1
20 1
21 2
22 1
23 3
24 2
25 0
26 0
27 3
28 0
29 2
30 1
31 1
32 2
33 2
34 1
35 0
36 1
37 2
38 1
39 1
40 0
41 1
42 0
43 2
44 0
45 0
46 0
47 3
48 2
49 3
50 1
51 3
52 1
53 0
54 1
55 2
56 0
57 3
58 1
59 0
60 2
61 3
62 1
63 1
64 1
65 3
66 2
67 0
68 3
69 1
70 1
71 0
72 1
73 0
74 3
75 3
76 1
77 0
78 1
79 3
80 1
81 0
82 3
83 3
84 3
85 3
86 2
87 3
88 1
89 1
90 3
91 2
92 0
93 3
94 2
95 3
96 3
97 1
98 1
99 0
100 2
101 2
102 1
103 2
104 1
105 3
106 2
107 2
108 2
109 2
110 2
111 0
112 2
113 1
114 2
115 3
116 1
117 1
118 3
119 1
120 1
121 1
122 0
123 1
124 2
125 1
126 3
127 3
128 0
129 0
130 3
131 0
132 3
133 0
134 1
135 3
136 3
137 0
138 2
139 3
140 3
141 0
142 3
143 1
144 2
145 3
146 0
147 2
148 0
149 1
150 2
151 0
152 0
153 0
154 2
155 0
156 1
157 3
158 1
159 3
160 0
161 1
162 1
163 1
164 2
165 1
166 2
167 2
168 1
169 2
170 3
171 2
172 0
173 2
174 2
175 2
176 0
177 3
178 2
179 0
180 0
181 3
182 0
183 1
184 1
185 1
186 0
187 0
188 3
189 0
190 1
191 2
192 0
193 1
194 0
195 2
196 0
197 3
198 3
199 0
200 2
201 3
202 3
203 2
204 0
205 1
206 3
207 1
208 1
209 3
210 0
211 2
212 1
213 3
214 0
215 2
216 2
217 0
218 0
219 2
220 0
221 3
222 1
223 2
224 2
225 1
226 2
227 1
228 0
229 2
230 2
231 0
232 3
233 2
234 0
235 0
236 0
237 2
238 1
239 2
240 0
241 3
242 0
