278
1 3
2 0
3 2
4 2
5 2
6 1
7 3
8 3
9 1
10 1
11 3
12 1
13 3
14 3
15 2
16 3
17 2
18 0
19 2
20 0
21 1
22 1
23 0
24 3
25 2
26 3
27 1
28 2
29 1
30 2
31 3
32 3
33 2
34 1
35 2
36 0
37 2
38 1
39 2
40 1
41 1
42 1
43 0
44 3
45 0
46 1
47 2
48 0
49 2
50 3
51 0
52 0
53 0
54 0
55 1
56 2
57 3
58 1
59 2
60 3
61 3
62 3
63 2
64 3
65 3
66 0
67 2
68 3
69 2
70 2
71 3
72 3
73 3
74 2
75 0
76 1
77 0
78 3
79 3
80 0
81 3
82 0
83 2
84 2
85 1
86 3
87 1
88 3
89 1
90 0
91 1
92 1
93 3
94 1
95 1
96 0
97 1
98 2
99 3
100 0
101 2
102 1
103 0
104 0
105 0
106 2
107 2
108 1
109 0
110 0
111 0
112 1
113 2
114 1
115 1
116 2
117 1
118 3
119 2
120 0
121 2
122 2
123 0
124 0
125 2
126 0
127 2
128 0
129 2
130 2
131 0
132 2
133 0
134 2
135 3
136 2
137 1
138 0
139 3
140 2
141 0
142 3
143 1
144 3
145 1
146 1
147 1
148 0
149 1
150 2
151 1
152 0
153 2
154 2
155 1
156 2
157 0
158 2
159 2
160 1
161 0
162 2
163 1
164 0
165 3
166 0
167 1
168 0
169 1
170 0
171 1
172 2
173 2
174 3
175 1
176 0
177 1
178 1
179 0
180 0
181 2
182 3
183 1
184 0
185 1
186 1
187 0
188 1
189 1
190 0
191 3
192 1
193 2
194 2
195 1
196 3
197 3
198 0
199 2
200 2
201 3
202 0
203 2
204 2
205 3
206 0
207 2
208 0
209 1
210 0
211 0
212 0
213 1
214 0
215 0
216 1
217 3
218 1
219 0
220 0
221 0
222 1
223 2
224 0
225 3
226 2
227 3
228 3
229 2
230 1
231 3
232 0
233 3
234 3
235 2
236 0
237 1
238 1
239 2
240 2
241 0
242 0
243 0
244 2
245 1
246 1
247 2
248 0
249 0
250 1
251 1
252 2
253 1
254 3
255 0
256 2
257 2
258 3
259 1
260 3
261 3
262 2
263 1
264 0
265 0
266 3
267 3
268 3
269 0
270 1
271 0
272 2
273 2
274 0
275 2
276 0
277 0
278 1
