226
1 2
2 1
3 2
4 3
5 0
6 1
7 0
8 1
9 1
10 2
11 3
12 3
13 0
14 3
15 0
16 2
17 3
18 1
19 3
20 0
21 1
22 3
23 2
24 0
25 0
26 2
27 1
28 2
29 2
30 2
31 2
32 3
33 0
34 1
35 0
36 0
37 3
38 0
39 3
40 2
41 3
42 1
43 0
44 1
45 3
46 2
47 2
48 3
49 2
50 1
51 2
52 2
53 0
54 1
55 2
56 0
57 3
58 3
59 3
60 3
61 0
62 0
63 0
64 2
65 0
66 0
67 0
68 1
69 2
70 3
71 0
72 1
73 3
74 3
75 1
76 3
77 2
78 2
79 1
80 2
81 2
82 3
83 2
84 3
85 3
86 2
87 3
88 0
89 0
90 3
91 0
92 0
93 2
94 2
95 3
96 2
97 0
98 0
99 1
100 2
101 1
102 1
103 2
104 2
105 0
106 0
107 3
108 1
109 2
110 1
111 3
112 3
113 0
114 2
115 1
116 1
117 2
118 2
119 2
120 2
121 2
122 0
123 0
124 2
125 0
126 2
127 0
128 1
129 3
130 3
131 1
132 1
133 2
134 0
135 1
136 2
137 2
138 1
139 0
140 1
141 1
142 3
143 1
144 0
145 3
146 3
147 1
148 2
149 3
150 3
151 1
152 3
153 1
154 1
155 0
156 3
157 0
158 3
159 3
160 1
161 0
162 3
163 3
164 1
165 0
166 0
167 0
168 2
169 1
170 3
171 0
172 3
173 2
174 0
175 1
176 0
177 0
178 1
179 1
180 2
181 1
182 3
183 3
184 1
185 1
186 3
187 0
188 0
189 2
190 0
191 1
192 3
193 2
194 0
195 3
196 0
197 2
198 1
199 1
200 0
201 3
202 1
203 3
204 0
205 0
206 1
207 1
208 3
209 0
210 0
211 1
212 2
213 1
214 1
215 2
216 2
217 1
218 0
219 1
220 0
221 3
222 0
223 1
224 2
225 2
226 1
