289
1 3
2 3
3 1
4 3
5 0
6 0
7 3
8 0
9 1
10 3
11 3
12 1
13 0
14 2
15 2
16 3
17 3
18 0
19 1
20 3
21 1
22 2
23 1
24 3
25 2
26 0
27 3
28 3
29 1
30 3
31 2
32 2
33 3
34 2
35 3
36 1
37 0
38 3
39 3
40 3
41 3
42 1
43 3
44 0
45 0
46 3
47 0
48 3
49 0
50 0
51 3
52 0
53 2
54 2
55 0
56 0
57 3
58 0
59 2
60 1
61 3
62 2
63 0
64 3
65 1
66 0
67 3
68 1
69 3
70 0
71 1
72 2
73 2
74 1
75 1
76 2
77 2
78 1
79 1
80 1
81 1
82 0
83 1
84 3
85 3
86 1
87 2
88 1
89 2
90 3
91 1
92 3
93 2
94 0
95 1
96 2
97 2
98 3
99 3
100 0
101 1
102 2
103 3
104 3
105 0
106 2
107 1
108 2
109 0
110 2
111 2
112 3
113 3
114 1
115 3
116 0
117 1
118 0
119 2
120 2
121 2
122 1
123 2
124 2
125 1
126 2
127 1
128 2
129 3
130 0
131 2
132 0
133 0
134 0
135 0
136 1
137 2
138 1
139 3
140 2
141 0
142 0
143 1
144 2
145 2
146 0
147 1
148 1
149 1
150 0
151 2
152 2
153 3
154 3
155 2
156 0
157 0
158 0
159 3
160 2
161 3
162 0
163 2
164 2
165 1
166 2
167 3
168 1
169 2
170 1
171 1
172 0
173 3
174 3
175 2
176 1
177 0
178 1
179 2
180 0
181 2
182 3
183 0
184 0
185 0
186 1
187 1
188 0
189 1
190 1
191 0
192 1
193 0
194 2
195 2
196 0
197 3
198 1
199 1
200 2
201 2
202 0
203 2
204 3
205 3
206 1
207 1
208 2
209 2
210 3
211 2
212 3
213 2
214 2
215 1
216 1
217 0
218 1
219 0
220 0
221 1
222 0
223 0
224 0
225 0
226 3
227 3
228 0
229 3
230 0
231 3
232 2
233 3
234 3
235 1
236 0
237 1
238 2
239 2
240 1
241 2
242 1
243 1
244 1
245 1
246 0
247 2
248 0
249 2
250 0
251 2
252 1
253 1
254 0
255 1
256 1
257 1
258 3
259 2
260 0
261 0
262 2
263 0
264 1
265 1
266 0
267 0
268 1
269 2
270 3
271 3
272 3
273 3
274 2
275 0
276 2
277 0
278 2
279 1
280 2
281 2
282 2
283 0
284 0
285 3
286 0
287 0
288 3
289 3
