236
1 1
2 0
3 0
4 2
5 0
6 1
7 0
8 0
9 2
10 1
11 1
12 2
13 3
14 3
15 0
16 3
17 1
18 0
19 3
20 1
21 0
22 1
23 2
24 1
25 2
26 2
27 1
28 2
29 2
30 1
31 3
32 0
33 0
34 2
35 2
36 0
37 2
38 2
39 1
40 3
41 3
42 0
43 0
44 2
45 2
46 0
47 1
48 3
49 0
50 0
51 2
52 0
53 3
54 3
55 0
56 0
57 3
58 2
59 3
60 1
61 1
62 1
63 1
64 0
65 3
66 3
67 2
68 0
69 3
70 0
71 1
72 2
73 1
74 2
75 2
76 2
77 0
78 1
79 1
80 3
81 2
82 2
83 1
84 1
85 1
86 3
87 1
88 2
89 3
90 1
91 3
92 3
93 1
94 3
95 2
96 1
97 1
98 2
99 3
100 3
101 1
102 1
103 0
104 1
105 3
106 0
107 0
108 0
109 2
110 2
111 2
112 1
113 0
114 3
115 3
116 1
117 2
118 3
119 1
120 0
121 1
122 3
123 3
124 3
125 3
126 2
127 2
128 3
129 1
130 0
131 3
132 0
133 1
134 0
135 1
136 1
137 0
138 1
139 1
140 3
141 0
142 3
143 1
144 3
145 2
146 2
147 0
148 1
149 3
150 2
151 1
152 0
153 0
154 3
155 0
156 0
157 3
158 0
159 1
160 2
161 3
162 3
163 1
164 2
165 3
166 2
167 0
168 1
169 3
170 2
171 3
172 0
173 1
174 0
175 3
176 1
177 1
178 3
179 1
180 1
181 2
182 0
183 0
184 1
185 2
186 1
187 0
188 0
189 1
190 2
191 0
192 0
193 3
194 1
195 2
196 3
197 0
198 3
199 2
200 0
201 2
202 2
203 2
204 1
205 3
206 2
207 0
208 0
209 0
210 3
211 2
212 0
213 1
214 2
215 2
216 1
217 2
218 3
219 3
220 0
221 1
222 2
223 1
224 3
225 2
226 3
227 1
228 0
229 3
230 2
231 0
232 3
233 0
234 2
235 3
236 2
