262
1 2
2 1
3 3
4 1
5 1
6 3
7 2
8 3
9 0
10 0
11 1
12 3
13 2
14 2
15 2
16 2
17 2
18 3
19 1
20 1
21 1
22 3
23 0
24 3
25 2
26 0
27 0
28 0
29 0
30 3
31 3
32 3
33 0
34 1
35 1
36 2
37 0
38 1
39 2
40 1
41 1
42 0
43 2
44 3
45 0
46 1
47 2
48 3
49 1
50 2
51 0
52 3
53 2
54 3
55 3
56 1
57 0
58 3
59 1
60 3
61 3
62 0
63 3
64 0
65 1
66 0
67 2
68 1
69 2
70 1
71 3
72 3
73 3
74 1
75 0
76 3
77 0
78 2
79 3
80 3
81 2
82 2
83 2
84 0
85 2
86 1
87 1
88 3
89 1
90 0
91 3
92 0
93 3
94 1
95 0
96 1
97 0
98 2
99 0
100 2
101 2
102 2
103 1
104 0
105 2
106 3
107 2
108 2
109 0
110 3
111 1
112 3
113 2
114 1
115 2
116 0
117 1
118 1
119 3
120 2
121 2
122 0
123 2
124 3
125 2
126 2
127 2
128 2
129 0
130 0
131 3
132 0
133 3
134 1
135 0
136 3
137 3
138 1
139 0
140 0
141 3
142 2
143 3
144 0
145 3
146 0
147 3
148 0
149 3
150 1
151 0
152 1
153 1
154 2
155 2
156 0
157 0
158 0
159 0
160 3
161 0
162 1
163 2
164 2
165 0
166 2
167 1
168 2
169 0
170 1
171 0
172 1
173 2
174 1
175 0
176 0
177 1
178 3
179 2
180 1
181 2
182 2
183 0
184 0
185 0
186 0
187 1
188 2
189 2
190 1
191 1
192 3
193 1
194 2
195 2
196 1
197 1
198 3
199 3
200 3
201 2
202 1
203 1
204 1
205 1
206 1
207 1
208 0
209 0
210 1
211 0
212 0
213 0
214 2
215 1
216 3
217 0
218 2
219 0
220 3
221 3
222 1
223 0
224 2
225 3
226 2
227 2
228 0
229 0
230 2
231 1
232 1
233 0
234 1
235 0
236 2
237 3
238 3
239 1
240 3
241 2
242 1
243 2
244 2
245 1
246 3
247 0
248 3
249 1
250 2
251 3
252 0
253 0
254 2
255 0
256 1
257 1
258 3
259 3
260 1
261 3
262 1
