293
1 1
2 1
3 0
4 0
5 3
6 1
7 2
8 1
9 1
10 2
11 3
12 2
13 3
14 2
15 0
16 1
17 3
18 2
19 1
20 3
21 0
22 1
23 3
24 2
25 1
26 0
27 0
28 2
29 2
30 3
31 1
32 1
33 0
34 3
35 3
36 3
37 1
38 3
39 2
40 0
41 3
42 0
43 3
44 0
45 2
46 3
47 0
48 1
49 3
50 3
51 1
52 3
53 0
54 2
55 0
56 0
57 3
58 2
59 1
60 1
61 1
62 1
63 2
64 2
65 0
66 3
67 1
68 2
69 3
70 2
71 0
72 3
73 2
74 3
75 3
76 1
77 0
78 3
79 3
80 2
81 0
82 2
83 3
84 0
85 3
86 1
87 0
88 2
89 3
90 3
91 1
92 2
93 2
94 2
95 2
96 3
97 2
98 1
99 3
100 0
101 1
102 3
103 1
104 2
105 0
106 0
107 1
108 3
109 1
110 3
111 0
112 2
113 0
114 1
115 3
116 1
117 1
118 0
119 3
120 0
121 1
122 0
123 1
124 2
125 2
126 3
127 2
128 0
129 3
130 1
131 0
132 0
133 0
134 2
135 1
136 0
137 1
138 3
139 3
140 0
141 2
142 3
143 2
144 0
145 2
146 0
147 2
148 3
149 3
150 0
151 2
152 0
153 2
154 2
155 1
156 3
157 0
158 2
159 0
160 1
161 2
162 3
163 3
164 2
165 2
166 2
167 3
168 2
169 3
170 3
171 1
172 2
173 1
174 3
175 0
176 1
177 3
178 0
179 0
180 1
181 2
182 3
183 2
184 3
185 1
186 1
187 2
188 3
189 2
190 3
191 0
192 3
193 3
194 0
195 3
196 2
197 0
198 1
199 1
200 0
201 3
202 0
203 1
204 1
205 1
206 1
207 0
208 2
209 1
210 2
211 0
212 0
213 0
214 2
215 0
216 0
217 1
218 3
219 1
220 3
221 1
222 2
223 1
224 3
225 2
226 1
227 2
228 2
229 1
230 1
231 2
232 0
233 2
234 0
235 1
236 2
237 2
238 2
239 1
240 1
241 2
242 0
243 3
244 2
245 1
246 0
247 1
248 0
249 1
250 0
251 1
252 1
253 2
254 3
255 1
256 0
257 0
258 1
259 0
260 0
261 0
262 2
263 2
264 1
265 2
266 1
267 0
268 0
269 0
270 2
271 2
272 2
273 0
274 0
275 1
276 2
277 2
278 2
279 3
280 2
281 0
282 0
283 2
284 1
285 0
286 3
287 2
288 3
289 1
290 1
291 0
292 0
293 1
