208
1 2
2 2
3 2
4 1
5 2
6 2
7 2
8 1
9 2
10 0
11 0
12 3
13 0
14 3
15 1
16 3
17 0
18 1
19 3
20 2
21 3
22 2
23 1
24 3
25 2
26 1
27 2
28 0
29 2
30 1
31 3
32 3
33 2
34 3
35 3
36 3
37 3
38 3
39 2
40 2
41 2
42 3
43 3
44 0
45 1
46 0
47 2
48 1
49 1
50 0
51 2
52 2
53 0
54 1
55 3
56 1
57 2
58 3
59 0
60 1
61 0
62 0
63 3
64 0
65 0
66 3
67 3
68 2
69 1
70 1
71 3
72 3
73 0
74 0
75 1
76 1
77 2
78 0
79 1
80 2
81 3
82 2
83 0
84 1
85 2
86 2
87 2
88 0
89 1
90 1
91 0
92 0
93 0
94 2
95 1
96 0
97 3
98 2
99 2
100 3
101 1
102 2
103 3
104 0
105 1
106 1
107 0
108 3
109 3
110 2
111 2
112 1
113 2
114 0
115 2
116 1
117 0
118 1
119 2
120 0
121 2
122 0
123 2
124 0
125 0
126 2
127 0
128 2
129 0
130 1
131 3
132 3
133 1
134 2
135 2
136 3
137 1
138 0
139 3
140 0
141 3
142 1
143 0
144 1
145 1
146 1
147 0
148 2
149 1
150 1
151 2
152 2
153 3
154 3
155 0
156 0
157 3
158 0
159 3
160 1
161 3
162 0
163 2
164 0
165 2
166 1
167 0
168 1
169 1
170 1
171 1
172 3
173 1
174 2
175 0
176 1
177 2
178 1
179 2
180 2
181 2
182 0
183 3
184 3
185 1
186 1
187 0
188 1
189 2
190 1
191 1
192 0
193 3
194 0
195 0
196 1
197 0
198 3
199 0
200 3
201 2
202 0
203 1
204 1
205 0
206 2
207 3
208 0
