258
1 3
2 0
3 3
4 3
5 2
6 3
7 0
8 3
9 3
10 0
11 3
12 0
13 3
14 1
15 3
16 1
17 2
18 2
19 3
20 1
21 2
22 2
23 0
24 2
25 3
26 2
27 3
28 2
29 3
30 0
31 0
32 1
33 0
34 1
35 3
36 3
37 2
38 3
39 0
40 3
41 2
42 0
43 2
44 0
45 0
46 2
47 3
48 1
49 3
50 2
51 1
52 2
53 2
54 3
55 2
56 2
57 3
58 2
59 0
60 2
61 0
62 0
63 0
64 1
65 1
66 2
67 0
68 0
69 1
70 3
71 2
72 0
73 0
74 2
75 3
76 2
77 3
78 1
79 1
80 3
81 3
82 3
83 1
84 1
85 1
86 3
87 1
88 0
89 2
90 1
91 3
92 0
93 3
94 2
95 1
96 1
97 1
98 0
99 2
100 0
101 2
102 3
103 0
104 0
105 1
106 2
107 1
108 0
109 2
110 2
111 1
112 1
113 3
114 2
115 1
116 0
117 2
118 1
119 0
120 0
121 1
122 1
123 1
124 1
125 3
126 3
127 1
128 0
129 1
130 3
131 2
132 1
133 1
134 0
135 3
136 0
137 3
138 1
139 0
140 0
141 0
142 1
143 1
144 2
145 3
146 2
147 0
148 3
149 1
150 1
151 0
152 0
153 2
154 1
155 1
156 1
157 2
158 0
159 0
160 0
161 2
162 2
163 1
164 2
165 1
166 1
167 2
168 2
169 2
170 1
171 0
172 3
173 1
174 0
175 0
176 0
177 3
178 0
179 3
180 1
181 2
182 1
183 3
184 3
185 3
186 2
187 1
188 0
189 3
190 2
191 2
192 2
193 2
194 1
195 0
196 2
197 1
198 1
199 1
200 1
201 2
202 1
203 3
204 2
205 0
206 2
207 3
208 3
209 1
210 0
211 1
212 3
213 2
214 1
215 2
216 2
217 2
218 0
219 2
220 3
221 3
222 2
223 0
224 3
225 1
226 2
227 3
228 0
229 1
230 2
231 1
232 0
233 2
234 0
235 1
236 1
237 0
238 0
239 3
240 0
241 0
242 3
243 2
244 0
245 0
246 3
247 0
248 0
249 0
250 2
251 0
252 0
253 0
254 0
255 3
256 0
257 0
258 0
