264
1 0
2 1
3 0
4 0
5 0
6 2
7 3
8 3
9 1
10 0
11 3
12 0
13 0
14 3
15 2
16 3
17 1
18 0
19 0
20 2
21 2
22 2
23 3
24 1
25 2
26 2
27 1
28 3
29 0
30 2
31 2
32 1
33 0
34 2
35 0
36 2
37 1
38 0
39 2
40 1
41 3
42 3
43 1
44 3
45 3
46 2
47 0
48 3
49 2
50 1
51 0
52 3
53 0
54 3
55 0
56 3
57 0
58 1
59 3
60 3
61 1
62 1
63 1
64 1
65 1
66 3
67 2
68 3
69 1
70 0
71 0
72 2
73 1
74 3
75 3
76 1
77 3
78 0
79 2
80 0
81 0
82 2
83 1
84 2
85 2
86 3
87 2
88 1
89 2
90 2
91 2
92 0
93 3
94 2
95 1
96 0
97 0
98 0
99 2
100 3
101 0
102 3
103 3
104 2
105 0
106 2
107 3
108 0
109 3
110 0
111 1
112 2
113 0
114 2
115 2
116 3
117 1
118 1
119 3
120 1
121 3
122 0
123 1
124 1
125 2
126 2
127 2
128 3
129 1
130 2
131 1
132 0
133 3
134 2
135 3
136 0
137 1
138 0
139 1
140 0
141 0
142 0
143 3
144 0
145 2
146 1
147 3
148 0
149 1
150 3
151 0
152 1
153 2
154 2
155 1
156 0
157 3
158 0
159 0
160 3
161 2
162 0
163 1
164 1
165 0
166 0
167 1
168 3
169 3
170 0
171 1
172 0
173 1
174 1
175 2
176 2
177 3
178 2
179 1
180 2
181 3
182 0
183 2
184 2
185 0
186 0
187 1
188 3
189 0
190 3
191 2
192 2
193 1
194 1
195 2
196 1
197 3
198 0
199 0
200 2
201 3
202 3
203 2
204 2
205 3
206 3
207 3
208 1
209 1
210 1
211 3
212 2
213 2
214 1
215 2
216 1
217 1
218 2
219 2
220 3
221 2
222 1
223 1
224 3
225 0
226 2
227 3
228 0
229 0
230 1
231 0
232 0
233 0
234 2
235 0
236 1
237 1
238 1
239 0
240 3
241 3
242 3
243 2
244 1
245 0
246 3
247 3
248 1
249 0
250 0
251 1
252 0
253 2
254 1
255 1
256 2
257 1
258 1
259 2
260 2
261 0
262 0
263 0
264 2
