283
1 3
2 3
3 1
4 1
5 3
6 2
7 3
8 2
9 3
10 2
11 2
12 1
13 2
14 3
15 0
16 0
17 2
18 1
19 3
20 2
21 0
22 2
23 1
24 0
25 3
26 3
27 0
28 0
29 2
30 2
31 2
32 3
33 3
34 1
35 2
36 2
37 3
38 3
39 1
40 2
41 1
42 1
43 1
44 1
45 2
46 3
47 1
48 0
49 3
50 2
51 1
52 2
53 3
54 1
55 1
56 0
57 1
58 3
59 0
60 2
61 1
62 3
63 3
64 2
65 1
66 0
67 0
68 3
69 0
70 1
71 1
72 1
73 1
74 1
75 0
76 1
77 0
78 1
79 1
80 1
81 3
82 0
83 3
84 3
85 0
86 2
87 0
88 1
89 1
90 2
91 2
92 2
93 3
94 2
95 1
96 2
97 3
98 3
99 1
100 3
101 0
102 2
103 1
104 3
105 2
106 1
107 2
108 2
109 0
110 1
111 0
112 1
113 2
114 2
115 0
116 1
117 3
118 2
119 2
120 2
121 0
122 0
123 0
124 2
125 1
126 0
127 1
128 3
129 1
130 1
131 2
132 3
133 3
134 1
135 2
136 3
137 2
138 0
139 3
140 2
141 2
142 3
143 0
144 3
145 3
146 3
147 1
148 1
149 1
150 1
151 3
152 1
153 1
154 2
155 2
156 1
157 3
158 0
159 1
160 1
161 2
162 0
163 3
164 1
165 1
166 3
167 1
168 0
169 0
170 2
171 2
172 1
173 2
174 1
175 2
176 2
177 0
178 0
179 0
180 2
181 2
182 3
183 1
184 1
185 0
186 2
187 2
188 0
189 3
190 0
191 3
192 3
193 0
194 3
195 3
196 0
197 2
198 0
199 3
200 0
201 1
202 2
203 2
204 3
205 0
206 1
207 3
208 3
209 2
210 3
211 3
212 0
213 0
214 2
215 3
216 2
217 0
218 1
219 3
220 0
221 2
222 0
223 1
224 0
225 1
226 3
227 1
228 0
229 0
230 3
231 0
232 3
233 2
234 0
235 3
236 1
237 0
238 1
239 3
240 0
241 2
242 0
243 0
244 0
245 3
246 0
247 3
248 1
249 3
250 0
251 0
252 1
253 3
254 2
255 0
256 1
257 3
258 2
259 1
260 1
261 0
262 2
263 3
264 0
265 2
266 1
267 0
268 2
269 0
270 1
271 2
272 2
273 3
274 2
275 3
276 0
277 0
278 0
279 3
280 0
281 2
282 2
283 0
