273
1 1
2 0
3 3
4 1
5 0
6 2
7 1
8 3
9 1
10 3
11 2
12 1
13 1
14 2
15 3
16 2
17 1
18 0
19 3
20 2
21 3
22 3
23 3
24 0
25 1
26 2
27 3
28 3
29 2
30 0
31 0
32 3
33 1
34 2
35 3
36 3
37 3
38 0
39 2
40 3
41 2
42 2
43 2
44 3
45 2
46 1
47 3
48 2
49 2
50 2
51 0
52 0
53 3
54 2
55 0
56 1
57 2
58 3
59 0
60 2
61 0
62 3
63 1
64 3
65 2
66 1
67 1
68 1
69 2
70 2
71 2
72 1
73 3
74 0
75 0
76 2
77 2
78 1
79 3
80 3
81 0
82 1
83 0
84 0
85 1
86 3
87 1
88 1
89 1
90 3
91 0
92 3
93 2
94 1
95 1
96 3
97 2
98 0
99 3
100 3
101 3
102 0
103 3
104 3
105 2
106 1
107 1
108 3
109 0
110 1
111 1
112 0
113 0
114 3
115 2
116 0
117 0
118 1
119 1
120 3
121 1
122 2
123 1
124 0
125 2
126 1
127 2
128 2
129 3
130 3
131 2
132 0
133 0
134 3
135 0
136 0
137 2
138 1
139 0
140 0
141 3
142 0
143 3
144 3
145 0
146 2
147 3
148 1
149 0
150 3
151 1
152 3
153 0
154 1
155 2
156 2
157 0
158 2
159 0
160 2
161 0
162 1
163 1
164 2
165 3
166 3
167 1
168 2
169 2
170 0
171 0
172 0
173 2
174 2
175 1
176 0
177 2
178 2
179 0
180 1
181 3
182 1
183 3
184 2
185 0
186 1
187 3
188 3
189 2
190 3
191 2
192 2
193 0
194 2
195 1
196 2
197 2
198 1
199 1
200 2
201 1
202 1
203 2
204 1
205 2
206 0
207 0
208 1
209 0
210 0
211 2
212 2
213 3
214 2
215 0
216 0
217 1
218 3
219 3
220 0
221 1
222 0
223 0
224 2
225 0
226 0
227 0
228 0
229 3
230 1
231 1
232 0
233 2
234 3
235 3
236 0
237 1
238 1
239 1
240 0
241 3
242 1
243 0
244 0
245 1
246 1
247 2
248 2
249 0
250 0
251 3
252 0
253 1
254 1
255 2
256 0
257 1
258 3
259 2
260 1
261 0
262 1
263 1
264 2
265 1
266 3
267 3
268 2
269 2
270 2
271 1
272 0
273 0
