215
1 3
2 2
3 0
4 2
5 2
6 2
7 0
8 3
9 1
10 1
11 2
12 2
13 1
14 2
15 0
16 3
17 1
18 1
19 3
20 3
21 0
22 3
23 2
24 0
25 3
26 0
27 2
28 0
29 1
30 1
31 3
32 3
33 0
34 1
35 0
36 3
37 0
38 2
39 0
40 0
41 1
42 2
43 2
44 2
45 3
46 3
47 2
48 0
49 1
50 1
51 2
52 2
53 3
54 3
55 0
56 0
57 0
58 2
59 2
60 1
61 0
62 2
63 0
64 2
65 3
66 0
67 1
68 3
69 3
70 3
71 2
72 1
73 1
74 0
75 1
76 3
77 1
78 2
79 0
80 1
81 3
82 3
83 2
84 2
85 2
86 2
87 3
88 0
89 0
90 0
91 0
92 1
93 3
94 2
95 1
96 2
97 1
98 3
99 0
100 2
101 3
102 1
103 0
104 2
105 0
106 2
107 1
108 2
109 3
110 0
111 3
112 2
113 1
114 0
115 0
116 0
117 3
118 0
119 1
120 2
121 0
122 3
123 0
124 1
125 2
126 0
127 0
128 1
129 3
130 2
131 1
132 0
133 3
134 0
135 1
136 2
137 1
138 1
139 0
140 2
141 1
142 1
143 2
144 3
145 0
146 0
147 2
148 1
149 1
150 3
151 2
152 1
153 1
154 1
155 0
156 0
157 2
158 3
159 3
160 1
161 1
162 1
163 0
164 1
165 3
166 3
167 0
168 0
169 1
170 2
171 0
172 0
173 1
174 3
175 1
176 0
177 2
178 2
179 0
180 1
181 3
182 3
183 1
184 1
185 2
186 2
187 3
188 3
189 2
190 0
191 1
192 0
193 2
194 1
195 0
196 2
197 2
198 3
199 0
200 1
201 2
202 2
203 1
204 0
205 0
206 1
207 1
208 1
209 3
210 2
211 3
212 0
213 2
214 1
215 0
