243
1 1
2 2
3 0
4 0
5 0
6 2
7 0
8 3
9 1
10 3
11 3
12 3
13 0
14 0
15 3
16 1
17 2
18 2
19 0
20 1
21 2
22 3
23 3
24 2
25 1
26 1
27 2
28 0
29 1
30 3
31 0
32 1
33 2
34 0
35 0
36 2
37 1
38 2
39 1
40 3
41 1
42 1
43 3
44 0
45 2
46 1
47 1
48 2
49 0
50 1
51 0
52 1
53 2
54 0
55 0
56 1
57 2
58 2
59 3
60 2
61 0
62 3
63 3
64 2
65 3
66 0
67 2
68 2
69 0
70 3
71 2
72 0
73 1
74 2
75 1
76 0
77 0
78 0
79 2
80 0
81 2
82 3
83 1
84 1
85 2
86 2
87 2
88 1
89 0
90 3
91 0
92 2
93 1
94 0
95 1
96 1
97 0
98 1
99 0
100 2
101 1
102 0
103 0
104 2
105 0
106 2
107 3
108 2
109 2
110 2
111 1
112 3
113 1
114 2
115 1
116 2
117 0
118 0
119 2
120 1
121 0
122 2
123 1
124 2
125 0
126 2
127 1
128 1
129 3
130 1
131 0
132 0
133 0
134 1
135 2
136 1
137 3
138 2
139 2
140 1
141 3
142 1
143 3
144 1
145 0
146 3
147 0
148 1
149 3
150 2
151 0
152 2
153 3
154 3
155 0
156 1
157 3
158 2
159 1
160 0
161 2
162 1
163 3
164 3
165 3
166 1
167 3
168 1
169 3
170 0
171 0
172 3
173 3
174 2
175 1
176 3
177 3
178 0
179 2
180 0
181 3
182 3
183 0
184 2
185 0
186 2
187 1
188 1
189 1
190 3
191 0
192 0
193 3
194 0
195 0
196 2
197 2
198 0
199 1
200 2
201 1
202 1
203 2
204 2
205 0
206 1
207 0
208 3
209 1
210 3
211 3
212 1
213 3
214 2
215 3
216 2
217 3
218 2
219 2
220 2
221 1
222 1
223 3
224 3
225 1
226 3
227 3
228 1
229 1
230 3
231 1
232 2
233 0
234 1
235 0
236 1
237 1
238 3
239 2
240 2
241 2
242 1
243 0
