212
1 1
2 1
3 3
4 0
5 0
6 1
7 2
8 0
9 0
10 0
11 0
12 3
13 1
14 0
15 2
16 3
17 1
18 3
19 1
20 0
21 3
22 0
23 1
24 2
25 2
26 1
27 2
28 3
29 0
30 2
31 3
32 0
33 1
34 3
35 0
36 3
37 3
38 3
39 2
40 1
41 0
42 0
43 1
44 3
45 1
46 3
47 0
48 0
49 2
50 3
51 3
52 3
53 0
54 1
55 2
56 1
57 0
58 1
59 2
60 2
61 1
62 2
63 0
64 3
65 2
66 0
67 3
68 3
69 2
70 1
71 2
72 3
73 2
74 1
75 2
76 1
77 2
78 0
79 0
80 3
81 3
82 0
83 3
84 1
85 0
86 3
87 3
88 3
89 1
90 2
91 3
92 3
93 1
94 3
95 0
96 2
97 3
98 3
99 2
100 0
101 1
102 1
103 1
104 3
105 2
106 0
107 3
108 3
109 0
110 1
111 2
112 0
113 1
114 3
115 2
116 2
117 3
118 1
119 3
120 2
121 0
122 1
123 1
124 1
125 0
126 0
127 1
128 0
129 2
130 2
131 0
132 0
133 1
134 1
135 2
136 0
137 3
138 1
139 1
140 0
141 1
142 3
143 2
144 1
145 1
146 0
147 0
148 2
149 3
150 1
151 1
152 1
153 3
154 0
155 0
156 2
157 1
158 3
159 2
160 2
161 3
162 0
163 1
164 1
165 1
166 1
167 3
168 1
169 3
170 1
171 0
172 3
173 0
174 1
175 0
176 0
177 1
178 1
179 3
180 3
181 0
182 2
183 3
184 2
185 0
186 3
187 0
188 0
189 0
190 3
191 0
192 3
193 1
194 2
195 2
196 2
197 2
198 1
199 1
200 0
201 3
202 2
203 3
204 2
205 2
206 3
207 1
208 2
209 2
210 2
211 2
212 2
