221
1 3
2 1
3 2
4 1
5 2
6 2
7 2
8 3
9 3
10 0
11 0
12 0
13 3
14 2
15 3
16 1
17 3
18 3
19 3
20 3
21 0
22 2
23 3
24 2
25 1
26 1
27 0
28 0
29 2
30 1
31 1
32 2
33 3
34 2
35 1
36 1
37 3
38 0
39 3
40 1
41 2
42 1
43 3
44 1
45 3
46 0
47 1
48 0
49 0
50 2
51 3
52 2
53 3
54 0
55 3
56 2
57 1
58 2
59 0
60 0
61 3
62 1
63 1
64 0
65 1
66 0
67 1
68 1
69 1
70 1
71 0
72 0
73 3
74 2
75 2
76 2
77 2
78 1
79 3
80 0
81 1
82 1
83 3
84 1
85 0
86 2
87 2
88 0
89 2
90 2
91 0
92 0
93 0
94 3
95 0
96 0
97 0
98 1
99 2
100 3
101 2
102 3
103 3
104 3
105 1
106 0
107 1
108 0
109 1
110 2
111 1
112 3
113 3
114 1
115 2
116 2
117 1
118 0
119 2
120 3
121 3
122 1
123 3
124 2
125 3
126 1
127 3
128 3
129 0
130 1
131 3
132 0
133 2
134 0
135 3
136 2
137 0
138 0
139 3
140 0
141 1
142 0
143 1
144 0
145 2
146 2
147 0
148 3
149 0
150 3
151 2
152 2
153 0
154 1
155 3
156 3
157 2
158 1
159 3
160 3
161 0
162 0
163 0
164 2
165 3
166 1
167 2
168 0
169 2
170 2
171 2
172 2
173 1
174 0
175 1
176 0
177 2
178 3
179 3
180 1
181 1
182 0
183 0
184 2
185 3
186 1
187 1
188 0
189 2
190 1
191 2
192 0
193 0
194 0
195 1
196 3
197 1
198 1
199 0
200 1
201 0
202 1
203 1
204 1
205 3
206 0
207 3
208 2
209 2
210 2
211 1
212 3
213 2
214 0
215 0
216 0
217 3
218 1
219 1
220 0
221 2
