269
1 1
2 2
3 2
4 3
5 0
6 0
7 3
8 1
9 3
10 1
11 2
12 2
13 0
14 1
15 3
16 2
17 3
18 3
19 1
20 0
21 3
22 1
23 1
24 1
25 2
26 1
27 3
28 1
29 1
30 2
31 2
32 0
33 3
34 2
35 2
36 0
37 1
38 3
39 3
40 1
41 2
42 1
43 3
44 0
45 1
46 3
47 2
48 0
49 1
50 3
51 0
52 2
53 3
54 1
55 1
56 1
57 0
58 2
59 2
60 0
61 2
62 3
63 2
64 1
65 1
66 3
67 1
68 2
69 3
70 0
71 3
72 1
73 0
74 1
75 0
76 0
77 1
78 1
79 3
80 1
81 1
82 2
83 1
84 1
85 2
86 1
87 3
88 3
89 3
90 2
91 0
92 0
93 0
94 0
95 2
96 3
97 2
98 2
99 2
100 1
101 0
102 0
103 0
104 0
105 1
106 0
107 3
108 0
109 0
110 3
111 1
112 3
113 2
114 3
115 1
116 0
117 3
118 1
119 3
120 3
121 2
122 1
123 2
124 0
125 1
126 2
127 1
128 0
129 3
130 0
131 2
132 3
133 3
134 3
135 0
136 3
137 3
138 1
139 0
140 1
141 0
142 0
143 1
144 1
145 0
146 2
147 2
148 0
149 2
150 2
151 0
152 0
153 1
154 3
155 1
156 0
157 3
158 1
159 2
160 1
161 2
162 2
163 2
164 0
165 3
166 2
167 0
168 3
169 0
170 1
171 1
172 0
173 1
174 1
175 2
176 3
177 2
178 3
179 2
180 0
181 1
182 0
183 3
184 2
185 0
186 2
187 3
188 0
189 0
190 1
191 3
192 3
193 2
194 3
195 0
196 2
197 3
198 2
199 0
200 2
201 1
202 3
203 2
204 2
205 0
206 2
207 2
208 0
209 3
210 1
211 0
212 3
213 0
214 0
215 2
216 2
217 1
218 0
219 0
220 2
221 3
222 0
223 0
224 1
225 0
226 0
227 3
228 2
229 1
230 1
231 0
232 1
233 3
234 1
235 1
236 3
237 0
238 0
239 3
240 1
241 0
242 2
243 1
244 2
245 2
246 1
247 3
248 3
249 0
250 2
251 2
252 0
253 1
254 2
255 1
256 0
257 2
258 3
259 1
260 1
261 2
262 0
263 3
264 0
265 3
266 0
267 2
268 2
269 1
