270
1 2
2 1
3 1
4 3
5 3
6 3
7 0
8 3
9 2
10 1
11 3
12 1
13 3
14 3
15 1
16 2
17 3
18 0
19 0
20 0
21 2
22 0
23 3
24 0
25 2
26 3
27 0
28 3
29 1
30 0
31 1
32 1
33 3
34 2
35 1
36 2
37 0
38 1
39 1
40 2
41 0
42 0
43 2
44 2
45 2
46 1
47 2
48 1
49 3
50 1
51 0
52 3
53 3
54 3
55 3
56 1
57 0
58 1
59 1
60 3
61 0
62 2
63 3
64 0
65 1
66 3
67 3
68 1
69 2
70 2
71 3
72 3
73 0
74 0
75 1
76 0
77 0
78 3
79 3
80 3
81 0
82 3
83 0
84 2
85 3
86 1
87 0
88 1
89 0
90 2
91 1
92 2
93 0
94 0
95 2
96 3
97 2
98 0
99 0
100 2
101 0
102 2
103 3
104 3
105 0
106 3
107 2
108 0
109 0
110 1
111 0
112 3
113 0
114 1
115 2
116 1
117 0
118 2
119 2
120 2
121 2
122 2
123 3
124 2
125 2
126 2
127 3
128 1
129 0
130 0
131 2
132 0
133 1
134 0
135 2
136 2
137 2
138 0
139 2
140 1
141 2
142 2
143 3
144 0
145 3
146 2
147 3
148 1
149 2
150 0
151 2
152 2
153 0
154 2
155 2
156 1
157 0
158 3
159 1
160 3
161 0
162 0
163 1
164 3
165 1
166 1
167 1
168 2
169 1
170 0
171 1
172 2
173 1
174 0
175 2
176 2
177 3
178 1
179 2
180 1
181 0
182 3
183 3
184 1
185 2
186 3
187 1
188 0
189 1
190 0
191 0
192 3
193 2
194 1
195 0
196 2
197 1
198 3
199 0
200 3
201 1
202 0
203 3
204 0
205 1
206 2
207 1
208 2
209 2
210 3
211 2
212 2
213 1
214 2
215 3
216 1
217 3
218 3
219 1
220 0
221 0
222 3
223 0
224 0
225 3
226 3
227 3
228 3
229 1
230 1
231 0
232 0
233 2
234 3
235 1
236 1
237 0
238 0
239 0
240 0
241 1
242 0
243 3
244 2
245 0
246 3
247 3
248 0
249 1
250 2
251 1
252 0
253 2
254 2
255 1
256 3
257 2
258 1
259 2
260 0
261 1
262 3
263 2
264 3
265 2
266 3
267 3
268 2
269 1
270 2
