206
1 0
2 0
3 2
4 2
5 2
6 3
7 2
8 0
9 0
10 2
11 2
12 3
13 3
14 0
15 2
16 2
17 1
18 0
19 3
20 0
21 3
22 3
23 1
24 0
25 0
26 3
27 1
28 0
29 1
30 3
31 0
32 2
33 2
34 3
35 0
36 2
37 1
38 0
39 1
40 2
41 3
42 1
43 0
44 3
45 3
46 0
47 2
48 0
49 2
50 2
51 3
52 1
53 2
54 2
55 2
56 2
57 2
58 1
59 2
60 3
61 3
62 0
63 3
64 3
65 3
66 1
67 2
68 3
69 1
70 2
71 0
72 2
73 2
74 3
75 3
76 3
77 1
78 1
79 0
80 1
81 3
82 1
83 3
84 3
85 2
86 0
87 0
88 0
89 2
90 3
91 2
92 2
93 0
94 3
95 2
96 1
97 2
98 0
99 0
100 0
101 2
102 1
103 3
104 3
105 1
106 1
107 3
108 1
109 0
110 0
111 1
112 1
113 1
114 1
115 0
116 1
117 1
118 0
119 0
120 0
121 2
122 2
123 1
124 3
125 2
126 2
127 2
128 3
129 1
130 3
131 3
132 2
133 1
134 0
135 0
136 2
137 0
138 2
139 0
140 2
141 1
142 1
143 0
144 0
145 3
146 1
147 2
148 0
149 1
150 1
151 1
152 2
153 0
154 3
155 2
156 0
157 2
158 2
159 0
160 1
161 2
162 2
163 1
164 1
165 2
166 1
167 1
168 1
169 1
170 0
171 2
172 3
173 1
174 2
175 2
176 1
177 3
178 2
179 2
180 0
181 0
182 1
183 1
184 0
185 0
186 1
187 3
188 3
189 3
190 1
191 0
192 3
193 3
194 3
195 3
196 0
197 1
198 2
199 1
200 1
201 0
202 2
203 0
204 0
205 2
206 3
