286
1 1
2 0
3 0
4 1
5 3
6 1
7 0
8 3
9 2
10 2
11 1
12 0
13 3
14 1
15 1
16 0
17 0
18 2
19 3
20 2
21 0
22 1
23 3
24 3
25 0
26 2
27 1
28 0
29 1
30 0
31 0
32 2
33 1
34 2
35 0
36 2
37 0
38 2
39 1
40 3
41 2
42 1
43 1
44 0
45 3
46 1
47 2
48 1
49 1
50 0
51 2
52 2
53 1
54 3
55 0
56 0
57 1
58 0
59 1
60 3
61 3
62 3
63 3
64 1
65 1
66 3
67 1
68 2
69 1
70 2
71 3
72 2
73 2
74 3
75 1
76 0
77 2
78 1
79 1
80 1
81 3
82 0
83 2
84 0
85 1
86 3
87 0
88 0
89 3
90 1
91 3
92 2
93 2
94 1
95 2
96 2
97 1
98 1
99 2
100 1
101 2
102 1
103 2
104 3
105 2
106 2
107 1
108 0
109 2
110 1
111 0
112 1
113 0
114 2
115 1
116 3
117 2
118 0
119 0
120 3
121 3
122 2
123 3
124 3
125 0
126 0
127 2
128 2
129 2
130 0
131 1
132 1
133 1
134 0
135 1
136 1
137 0
138 1
139 1
140 2
141 0
142 0
143 3
144 0
145 0
146 2
147 2
148 0
149 2
150 2
151 0
152 2
153 1
154 2
155 1
156 3
157 0
158 2
159 2
160 3
161 2
162 1
163 3
164 3
165 0
166 0
167 3
168 1
169 3
170 1
171 1
172 1
173 2
174 3
175 3
176 3
177 0
178 0
179 0
180 2
181 0
182 3
183 2
184 3
185 3
186 3
187 2
188 2
189 1
190 0
191 1
192 0
193 3
194 2
195 0
196 0
197 0
198 2
199 2
200 1
201 2
202 0
203 1
204 3
205 2
206 3
207 0
208 2
209 1
210 0
211 1
212 2
213 0
214 1
215 1
216 0
217 2
218 2
219 2
220 3
221 0
222 3
223 2
224 3
225 0
226 2
227 0
228 0
229 2
230 3
231 2
232 2
233 1
234 2
235 3
236 1
237 0
238 0
239 1
240 0
241 3
242 1
243 1
244 1
245 3
246 3
247 3
248 0
249 0
250 3
251 0
252 0
253 0
254 2
255 3
256 0
257 1
258 3
259 2
260 3
261 0
262 1
263 0
264 2
265 2
266 3
267 3
268 3
269 2
270 1
271 1
272 0
273 1
274 3
275 1
276 1
277 0
278 0
279 3
280 3
281 2
282 1
283 1
284 2
285 3
286 1
