268
1 1
2 1
3 0
4 1
5 0
6 0
7 1
8 3
9 2
10 1
11 3
12 1
13 1
14 3
15 2
16 2
17 0
18 3
19 3
20 1
21 2
22 3
23 2
24 1
25 2
26 3
27 2
28 3
29 2
30 0
31 1
32 3
33 3
34 0
35 3
36 0
37 3
38 1
39 2
40 3
41 0
42 0
43 2
44 1
45 3
46 2
47 1
48 1
49 2
50 0
51 2
52 1
53 1
54 0
55 1
56 2
57 3
58 2
59 2
60 1
61 3
62 1
63 3
64 2
65 1
66 3
67 2
68 2
69 1
70 0
71 3
72 2
73 0
74 2
75 1
76 2
77 0
78 2
79 0
80 0
81 3
82 2
83 0
84 1
85 1
86 3
87 2
88 2
89 3
90 2
91 1
92 2
93 1
94 2
95 1
96 1
97 0
98 3
99 2
100 2
101 3
102 0
103 1
104 0
105 2
106 2
107 0
108 3
109 0
110 1
111 1
112 2
113 1
114 3
115 0
116 2
117 1
118 3
119 0
120 3
121 3
122 1
123 2
124 2
125 3
126 2
127 0
128 2
129 2
130 1
131 1
132 0
133 3
134 3
135 1
136 3
137 3
138 1
139 0
140 3
141 3
142 2
143 0
144 3
145 0
146 3
147 1
148 3
149 1
150 0
151 1
152 1
153 1
154 0
155 3
156 3
157 2
158 0
159 2
160 1
161 3
162 1
163 0
164 3
165 1
166 2
167 3
168 0
169 0
170 0
171 0
172 0
173 1
174 2
175 3
176 2
177 1
178 3
179 0
180 3
181 2
182 0
183 1
184 0
185 0
186 0
187 2
188 3
189 1
190 2
191 2
192 0
193 2
194 3
195 1
196 3
197 0
198 0
199 1
200 2
201 2
202 0
203 1
204 3
205 3
206 0
207 3
208 2
209 0
210 3
211 3
212 0
213 0
214 0
215 2
216 2
217 3
218 3
219 0
220 1
221 3
222 2
223 1
224 3
225 1
226 3
227 1
228 0
229 2
230 0
231 0
232 2
233 0
234 1
235 0
236 0
237 1
238 3
239 2
240 2
241 2
242 0
243 1
244 2
245 0
246 1
247 3
248 1
249 1
250 2
251 2
252 0
253 2
254 2
255 0
256 1
257 3
258 0
259 0
260 3
261 0
262 1
263 0
264 2
265 1
266 1
267 1
268 0
