290
1 1
2 0
3 3
4 3
5 2
6 2
7 1
8 1
9 1
10 1
11 0
12 3
13 3
14 2
15 2
16 0
17 2
18 1
19 0
20 0
21 0
22 3
23 3
24 3
25 0
26 0
27 3
28 2
29 0
30 3
31 1
32 3
33 2
34 1
35 1
36 2
37 0
38 3
39 1
40 3
41 3
42 0
43 0
44 3
45 2
46 1
47 0
48 2
49 1
50 3
51 3
52 0
53 3
54 1
55 3
56 2
57 1
58 0
59 3
60 2
61 0
62 3
63 1
64 3
65 2
66 2
67 1
68 2
69 1
70 0
71 3
72 0
73 2
74 2
75 1
76 2
77 3
78 1
79 0
80 2
81 2
82 3
83 3
84 3
85 2
86 1
87 3
88 1
89 0
90 1
91 2
92 1
93 0
94 3
95 2
96 3
97 3
98 1
99 0
100 2
101 3
102 3
103 0
104 3
105 3
106 1
107 0
108 3
109 1
110 1
111 2
112 3
113 0
114 1
115 3
116 2
117 3
118 3
119 2
120 1
121 0
122 1
123 0
124 0
125 2
126 2
127 2
128 2
129 2
130 2
131 0
132 0
133 1
134 0
135 1
136 0
137 1
138 0
139 3
140 2
141 1
142 0
143 2
144 3
145 3
146 3
147 1
148 2
149 1
150 3
151 1
152 3
153 0
154 0
155 2
156 0
157 0
158 2
159 2
160 1
161 2
162 0
163 2
164 2
165 2
166 2
167 3
168 1
169 2
170 0
171 1
172 2
173 2
174 2
175 3
176 1
177 0
178 3
179 2
180 3
181 1
182 0
183 0
184 2
185 2
186 1
187 1
188 0
189 2
190 2
191 3
192 1
193 3
194 0
195 3
196 1
197 0
198 1
199 1
200 1
201 1
202 2
203 0
204 0
205 0
206 3
207 0
208 0
209 2
210 3
211 1
212 2
213 0
214 0
215 1
216 0
217 2
218 1
219 1
220 1
221 3
222 2
223 3
224 2
225 0
226 0
227 3
228 2
229 0
230 0
231 0
232 2
233 0
234 1
235 3
236 2
237 3
238 0
239 1
240 2
241 1
242 0
243 3
244 0
245 0
246 2
247 1
248 0
249 0
250 2
251 2
252 0
253 2
254 0
255 2
256 0
257 1
258 3
259 0
260 0
261 0
262 1
263 1
264 0
265 2
266 1
267 1
268 2
269 3
270 0
271 2
272 1
273 1
274 2
275 2
276 1
277 2
278 0
279 0
280 2
281 1
282 1
283 2
284 0
285 0
286 0
287 2
288 3
289 0
290 1
