260
1 0
2 0
3 1
4 1
5 0
6 3
7 1
8 0
9 1
10 3
11 3
12 3
13 2
14 1
15 2
16 1
17 2
18 3
19 0
20 2
21 3
22 3
23 1
24 2
25 3
26 0
27 0
28 0
29 3
30 3
31 1
32 0
33 2
34 2
35 2
36 3
37 2
38 2
39 0
40 3
41 0
42 0
43 2
44 1
45 3
46 3
47 1
48 1
49 1
50 1
51 2
52 1
53 1
54 3
55 3
56 3
57 0
58 0
59 2
60 1
61 3
62 1
63 1
64 1
65 1
66 3
67 3
68 3
69 0
70 0
71 0
72 3
73 2
74 0
75 2
76 0
77 3
78 2
79 0
80 0
81 1
82 1
83 2
84 0
85 0
86 1
87 3
88 3
89 1
90 1
91 1
92 1
93 0
94 2
95 0
96 2
97 3
98 2
99 0
100 3
101 2
102 1
103 1
104 1
105 2
106 0
107 2
108 1
109 2
110 0
111 2
112 2
113 3
114 0
115 1
116 3
117 2
118 2
119 0
120 0
121 0
122 2
123 0
124 0
125 1
126 1
127 1
128 3
129 0
130 1
131 1
132 1
133 1
134 3
135 0
136 1
137 1
138 3
139 0
140 1
141 3
142 3
143 2
144 2
145 0
146 2
147 0
148 0
149 0
150 0
151 1
152 3
153 3
154 1
155 0
156 2
157 2
158 3
159 2
160 1
161 0
162 2
163 1
164 2
165 0
166 2
167 2
168 1
169 3
170 0
171 0
172 3
173 0
174 1
175 1
176 2
177 2
178 1
179 2
180 0
181 2
182 1
183 0
184 1
185 2
186 2
187 0
188 1
189 0
190 1
191 0
192 1
193 1
194 3
195 1
196 1
197 2
198 0
199 2
200 2
201 0
202 1
203 0
204 3
205 3
206 2
207 2
208 2
209 0
210 0
211 2
212 1
213 1
214 2
215 2
216 2
217 0
218 1
219 2
220 1
221 3
222 0
223 2
224 0
225 3
226 2
227 1
228 1
229 0
230 3
231 0
232 0
233 1
234 0
235 0
236 3
237 3
238 1
239 1
240 0
241 2
242 2
243 3
244 0
245 1
246 2
247 1
248 3
249 2
250 1
251 2
252 3
253 3
254 3
255 2
256 0
257 2
258 3
259 1
260 2
