218
1 2
2 0
3 0
4 0
5 2
6 0
7 3
8 1
9 2
10 1
11 1
12 2
13 1
14 2
15 3
16 0
17 0
18 1
19 3
20 2
21 1
22 3
23 3
24 2
25 2
26 3
27 0
28 0
29 3
30 2
31 0
32 1
33 1
34 0
35 1
36 2
37 0
38 0
39 1
40 0
41 3
42 3
43 3
44 3
45 2
46 3
47 1
48 1
49 0
50 2
51 2
52 1
53 2
54 3
55 1
56 3
57 1
58 1
59 0
60 3
61 0
62 1
63 2
64 2
65 2
66 3
67 2
68 1
69 1
70 2
71 2
72 0
73 2
74 0
75 0
76 1
77 1
78 3
79 2
80 3
81 0
82 1
83 0
84 0
85 0
86 2
87 2
88 1
89 1
90 3
91 3
92 1
93 0
94 2
95 0
96 3
97 0
98 2
99 2
100 3
101 2
102 2
103 1
104 3
105 0
106 3
107 2
108 2
109 3
110 0
111 0
112 1
113 2
114 0
115 0
116 3
117 3
118 3
119 2
120 1
121 1
122 0
123 2
124 3
125 1
126 3
127 3
128 1
129 2
130 0
131 1
132 3
133 0
134 1
135 2
136 2
137 2
138 2
139 0
140 0
141 0
142 1
143 2
144 1
145 3
146 2
147 3
148 3
149 1
150 1
151 0
152 1
153 2
154 2
155 3
156 1
157 0
158 1
159 0
160 0
161 3
162 1
163 3
164 0
165 3
166 0
167 3
168 1
169 0
170 0
171 2
172 2
173 1
174 0
175 1
176 1
177 2
178 0
179 2
180 2
181 2
182 3
183 0
184 2
185 3
186 2
187 0
188 0
189 1
190 2
191 3
192 0
193 1
194 3
195 2
196 0
197 2
198 1
199 0
200 3
201 3
202 0
203 1
204 2
205 2
206 0
207 0
208 0
209 1
210 1
211 1
212 2
213 3
214 0
215 3
216 1
217 1
218 1
