285
1 1
2 1
3 3
4 3
5 0
6 3
7 0
8 1
9 3
10 1
11 0
12 0
13 3
14 1
15 2
16 3
17 3
18 3
19 2
20 2
21 3
22 3
23 3
24 1
25 0
26 1
27 2
28 3
29 1
30 3
31 1
32 2
33 3
34 2
35 1
36 2
37 3
38 2
39 1
40 2
41 1
42 1
43 2
44 0
45 0
46 1
47 2
48 0
49 0
50 1
51 0
52 0
53 3
54 2
55 3
56 3
57 3
58 0
59 2
60 0
61 2
62 2
63 2
64 3
65 1
66 0
67 3
68 0
69 3
70 3
71 3
72 1
73 2
74 1
75 2
76 1
77 3
78 0
79 1
80 2
81 2
82 0
83 1
84 1
85 1
86 1
87 2
88 1
89 0
90 2
91 2
92 0
93 3
94 1
95 3
96 2
97 1
98 0
99 2
100 3
101 2
102 2
103 1
104 1
105 3
106 0
107 0
108 0
109 0
110 3
111 2
112 0
113 1
114 3
115 3
116 3
117 2
118 2
119 1
120 2
121 2
122 3
123 2
124 2
125 3
126 3
127 1
128 2
129 3
130 2
131 2
132 2
133 0
134 2
135 1
136 1
137 2
138 3
139 2
140 0
141 1
142 3
143 0
144 0
145 1
146 0
147 0
148 1
149 2
150 0
151 1
152 2
153 0
154 3
155 0
156 3
157 3
158 0
159 2
160 2
161 2
162 2
163 1
164 1
165 0
166 1
167 2
168 1
169 3
170 0
171 0
172 2
173 1
174 1
175 1
176 3
177 0
178 2
179 1
180 2
181 3
182 2
183 1
184 2
185 2
186 1
187 2
188 1
189 2
190 3
191 1
192 1
193 2
194 0
195 1
196 1
197 2
198 1
199 0
200 2
201 0
202 2
203 0
204 2
205 1
206 0
207 1
208 1
209 0
210 0
211 2
212 2
213 3
214 2
215 0
216 0
217 1
218 3
219 2
220 3
221 3
222 1
223 0
224 0
225 2
226 2
227 0
228 0
229 1
230 2
231 2
232 1
233 1
234 1
235 0
236 1
237 1
238 2
239 3
240 0
241 1
242 2
243 0
244 0
245 1
246 0
247 1
248 1
249 3
250 0
251 0
252 0
253 3
254 0
255 2
256 0
257 1
258 1
259 3
260 1
261 0
262 2
263 0
264 2
265 0
266 1
267 0
268 1
269 0
270 3
271 0
272 0
273 3
274 0
275 0
276 1
277 2
278 0
279 0
280 1
281 2
282 3
283 3
284 2
285 0
