213
1 0
2 0
3 3
4 3
5 2
6 2
7 3
8 2
9 0
10 0
11 3
12 0
13 3
14 2
15 3
16 3
17 3
18 3
19 1
20 0
21 0
22 3
23 2
24 1
25 0
26 0
27 1
28 3
29 0
30 0
31 3
32 0
33 0
34 1
35 3
36 3
37 1
38 0
39 3
40 1
41 1
42 2
43 1
44 1
45 0
46 0
47 1
48 3
49 2
50 1
51 3
52 3
53 3
54 3
55 2
56 1
57 3
58 2
59 3
60 2
61 2
62 3
63 0
64 1
65 1
66 2
67 1
68 1
69 2
70 1
71 0
72 0
73 2
74 0
75 1
76 0
77 1
78 3
79 1
80 2
81 1
82 3
83 2
84 1
85 1
86 1
87 0
88 2
89 2
90 2
91 2
92 3
93 2
94 2
95 3
96 2
97 2
98 2
99 0
100 1
101 3
102 0
103 2
104 0
105 1
106 0
107 1
108 0
109 1
110 3
111 1
112 3
113 3
114 1
115 1
116 3
117 3
118 0
119 1
120 1
121 2
122 2
123 1
124 1
125 0
126 3
127 3
128 0
129 2
130 2
131 1
132 2
133 2
134 2
135 0
136 2
137 0
138 0
139 0
140 0
141 0
142 3
143 0
144 2
145 2
146 2
147 2
148 0
149 1
150 3
151 1
152 2
153 3
154 0
155 3
156 3
157 3
158 2
159 1
160 3
161 3
162 2
163 3
164 1
165 2
166 0
167 0
168 2
169 2
170 0
171 1
172 1
173 2
174 0
175 3
176 0
177 2
178 1
179 2
180 0
181 2
182 1
183 0
184 0
185 1
186 0
187 2
188 3
189 0
190 1
191 0
192 1
193 2
194 2
195 1
196 1
197 3
198 0
199 0
200 2
201 2
202 0
203 1
204 3
205 0
206 1
207 1
208 1
209 0
210 1
211 1
212 3
213 2
