251
1 0
2 1
3 2
4 1
5 2
6 1
7 1
8 1
9 1
10 3
11 1
12 0
13 1
14 2
15 2
16 1
17 0
18 1
19 2
20 0
21 2
22 0
23 1
24 3
25 0
26 3
27 0
28 0
29 2
30 0
31 0
32 2
33 1
34 3
35 0
36 0
37 0
38 1
39 0
40 2
41 2
42 3
43 0
44 2
45 1
46 3
47 0
48 2
49 2
50 0
51 2
52 2
53 2
54 3
55 0
56 0
57 3
58 0
59 3
60 1
61 2
62 1
63 1
64 0
65 1
66 1
67 3
68 1
69 3
70 1
71 3
72 3
73 1
74 3
75 2
76 3
77 1
78 0
79 0
80 0
81 3
82 1
83 2
84 2
85 1
86 2
87 3
88 3
89 2
90 3
91 1
92 3
93 3
94 3
95 3
96 1
97 1
98 1
99 2
100 1
101 3
102 3
103 3
104 1
105 0
106 0
107 1
108 0
109 2
110 2
111 3
112 3
113 1
114 2
115 2
116 2
117 3
118 2
119 2
120 3
121 0
122 0
123 1
124 2
125 1
126 1
127 2
128 0
129 0
130 0
131 2
132 1
133 0
134 3
135 3
136 0
137 0
138 1
139 0
140 3
141 1
142 3
143 3
144 2
145 2
146 1
147 2
148 2
149 0
150 0
151 2
152 2
153 1
154 2
155 3
156 0
157 0
158 0
159 3
160 0
161 2
162 3
163 3
164 1
165 3
166 2
167 1
168 0
169 2
170 3
171 0
172 1
173 2
174 3
175 1
176 3
177 0
178 0
179 0
180 3
181 2
182 2
183 1
184 1
185 2
186 3
187 0
188 3
189 3
190 0
191 0
192 3
193 0
194 3
195 2
196 3
197 2
198 1
199 2
200 3
201 0
202 0
203 0
204 1
205 1
206 2
207 1
208 2
209 2
210 3
211 0
212 2
213 3
214 1
215 0
216 0
217 1
218 2
219 0
220 0
221 1
222 2
223 0
224 0
225 2
226 2
227 3
228 1
229 3
230 1
231 2
232 3
233 1
234 2
235 2
236 3
237 2
238 1
239 2
240 1
241 1
242 0
243 1
244 0
245 0
246 3
247 1
248 3
249 1
250 2
251 3
