267
1 3
2 0
3 1
4 1
5 3
6 3
7 2
8 2
9 0
10 1
11 0
12 0
13 2
14 2
15 2
16 0
17 3
18 2
19 0
20 2
21 2
22 3
23 2
24 1
25 2
26 0
27 2
28 0
29 2
30 0
31 1
32 0
33 1
34 3
35 2
36 1
37 3
38 3
39 2
40 2
41 2
42 0
43 1
44 2
45 2
46 0
47 3
48 1
49 0
50 0
51 2
52 3
53 2
54 3
55 3
56 1
57 1
58 1
59 3
60 0
61 1
62 1
63 3
64 0
65 1
66 0
67 3
68 3
69 0
70 0
71 2
72 1
73 2
74 2
75 1
76 3
77 3
78 1
79 3
80 1
81 1
82 1
83 3
84 2
85 1
86 1
87 0
88 3
89 1
90 1
91 1
92 0
93 3
94 3
95 3
96 1
97 0
98 2
99 0
100 0
101 0
102 1
103 2
104 3
105 2
106 1
107 2
108 3
109 1
110 3
111 2
112 3
113 1
114 2
115 0
116 3
117 0
118 2
119 2
120 2
121 1
122 3
123 2
124 0
125 3
126 3
127 2
128 2
129 1
130 1
131 1
132 0
133 0
134 3
135 0
136 1
137 1
138 3
139 1
140 0
141 0
142 0
143 3
144 3
145 2
146 2
147 3
148 0
149 2
150 1
151 3
152 0
153 2
154 1
155 2
156 2
157 0
158 1
159 0
160 0
161 3
162 3
163 0
164 0
165 0
166 0
167 1
168 3
169 3
170 2
171 3
172 1
173 0
174 1
175 0
176 3
177 2
178 0
179 1
180 2
181 0
182 1
183 3
184 0
185 2
186 0
187 3
188 2
189 0
190 1
191 2
192 0
193 0
194 3
195 2
196 0
197 1
198 0
199 3
200 1
201 3
202 3
203 2
204 2
205 1
206 0
207 1
208 3
209 1
210 3
211 2
212 1
213 3
214 3
215 2
216 3
217 0
218 3
219 2
220 0
221 2
222 1
223 0
224 0
225 3
226 0
227 3
228 1
229 2
230 1
231 3
232 1
233 3
234 1
235 3
236 1
237 2
238 1
239 1
240 3
241 3
242 1
243 2
244 0
245 0
246 1
247 0
248 0
249 2
250 2
251 3
252 1
253 1
254 1
255 2
256 2
257 0
258 1
259 0
260 3
261 2
262 2
263 0
264 1
265 3
266 3
267 3
