245
1 0
2 3
3 3
4 1
5 3
6 3
7 2
8 2
9 3
10 1
11 3
12 0
13 3
14 0
15 1
16 3
17 3
18 3
19 0
20 3
21 0
22 1
23 2
24 3
25 3
26 0
27 1
28 3
29 0
30 2
31 1
32 2
33 1
34 2
35 0
36 1
37 2
38 3
39 3
40 0
41 0
42 0
43 2
44 1
45 0
46 3
47 2
48 1
49 1
50 0
51 2
52 1
53 2
54 2
55 3
56 2
57 0
58 0
59 3
60 2
61 3
62 2
63 3
64 2
65 3
66 1
67 2
68 3
69 0
70 2
71 1
72 0
73 0
74 2
75 1
76 3
77 1
78 0
79 2
80 0
81 2
82 1
83 1
84 3
85 2
86 2
87 2
88 2
89 0
90 3
91 2
92 1
93 0
94 0
95 0
96 1
97 3
98 3
99 3
100 3
101 3
102 0
103 3
104 0
105 2
106 2
107 2
108 2
109 1
110 0
111 0
112 3
113 0
114 1
115 1
116 1
117 1
118 1
119 2
120 0
121 2
122 2
123 3
124 3
125 3
126 3
127 3
128 1
129 2
130 2
131 1
132 3
133 2
134 1
135 2
136 3
137 3
138 1
139 3
140 3
141 2
142 2
143 1
144 0
145 1
146 1
147 1
148 3
149 2
150 1
151 0
152 0
153 3
154 1
155 2
156 2
157 1
158 1
159 0
160 1
161 1
162 1
163 2
164 2
165 3
166 0
167 3
168 2
169 2
170 1
171 2
172 2
173 1
174 1
175 3
176 0
177 1
178 3
179 1
180 0
181 1
182 0
183 0
184 3
185 1
186 2
187 0
188 0
189 1
190 0
191 3
192 0
193 3
194 3
195 1
196 2
197 0
198 0
199 3
200 2
201 0
202 0
203 2
204 0
205 1
206 1
207 3
208 3
209 0
210 3
211 0
212 1
213 0
214 0
215 3
216 0
217 1
218 1
219 2
220 1
221 0
222 1
223 1
224 2
225 0
226 0
227 2
228 1
229 1
230 3
231 1
232 2
233 0
234 2
235 2
236 1
237 2
238 1
239 2
240 0
241 1
242 2
243 1
244 1
245 2
