271
1 1
2 2
3 0
4 2
5 1
6 3
7 1
8 1
9 3
10 1
11 1
12 3
13 3
14 1
15 1
16 0
17 3
18 2
19 0
20 0
21 3
22 1
23 1
24 2
25 3
26 3
27 2
28 2
29 1
30 1
31 3
32 3
33 3
34 1
35 3
36 0
37 3
38 0
39 0
40 1
41 2
42 1
43 1
44 1
45 1
46 1
47 0
48 3
49 3
50 3
51 3
52 3
53 3
54 0
55 2
56 0
57 0
58 3
59 1
60 2
61 1
62 2
63 2
64 0
65 2
66 3
67 0
68 2
69 3
70 2
71 0
72 3
73 3
74 3
75 3
76 3
77 0
78 2
79 2
80 0
81 2
82 1
83 1
84 2
85 2
86 2
87 1
88 2
89 1
90 1
91 1
92 3
93 2
94 0
95 1
96 0
97 3
98 2
99 0
100 2
101 0
102 0
103 1
104 3
105 1
106 3
107 1
108 2
109 2
110 0
111 2
112 3
113 3
114 3
115 1
116 0
117 2
118 1
119 2
120 2
121 3
122 2
123 1
124 2
125 1
126 2
127 1
128 2
129 2
130 1
131 0
132 3
133 1
134 1
135 3
136 0
137 2
138 0
139 2
140 0
141 0
142 2
143 2
144 0
145 0
146 0
147 2
148 2
149 3
150 2
151 1
152 0
153 1
154 2
155 3
156 1
157 2
158 2
159 1
160 1
161 3
162 3
163 0
164 1
165 0
166 1
167 0
168 1
169 0
170 1
171 2
172 1
173 1
174 0
175 1
176 0
177 1
178 0
179 2
180 0
181 2
182 1
183 2
184 1
185 2
186 3
187 3
188 1
189 2
190 0
191 3
192 0
193 1
194 0
195 0
196 3
197 3
198 2
199 0
200 3
201 1
202 3
203 1
204 2
205 2
206 1
207 2
208 0
209 1
210 1
211 3
212 0
213 3
214 1
215 2
216 2
217 1
218 3
219 1
220 2
221 2
222 0
223 2
224 1
225 0
226 0
227 0
228 0
229 1
230 1
231 0
232 0
233 3
234 0
235 3
236 1
237 2
238 0
239 0
240 2
241 1
242 3
243 0
244 3
245 0
246 3
247 2
248 0
249 0
250 0
251 2
252 1
253 3
254 0
255 2
256 1
257 2
258 1
259 0
260 3
261 2
262 0
263 2
264 1
265 1
266 2
267 0
268 2
269 2
270 0
271 0
