223
1 2
2 2
3 0
4 3
5 2
6 2
7 1
8 0
9 0
10 3
11 0
12 2
13 0
14 2
15 0
16 0
17 3
18 0
19 1
20 3
21 0
22 0
23 2
24 0
25 1
26 2
27 0
28 3
29 1
30 0
31 3
32 3
33 2
34 3
35 2
36 0
37 2
38 1
39 2
40 3
41 1
42 2
43 1
44 2
45 3
46 3
47 2
48 2
49 0
50 2
51 0
52 2
53 2
54 3
55 2
56 0
57 1
58 0
59 0
60 2
61 0
62 0
63 2
64 1
65 0
66 0
67 1
68 2
69 3
70 1
71 0
72 0
73 3
74 1
75 3
76 3
77 3
78 3
79 2
80 3
81 3
82 1
83 0
84 0
85 1
86 1
87 0
88 3
89 0
90 1
91 0
92 2
93 3
94 0
95 3
96 2
97 1
98 1
99 0
100 0
101 2
102 1
103 2
104 1
105 1
106 1
107 3
108 1
109 0
110 2
111 2
112 3
113 3
114 1
115 1
116 0
117 3
118 1
119 3
120 0
121 2
122 1
123 0
124 3
125 3
126 1
127 1
128 0
129 3
130 0
131 0
132 3
133 3
134 2
135 1
136 1
137 3
138 2
139 2
140 3
141 1
142 2
143 1
144 0
145 3
146 1
147 3
148 2
149 2
150 0
151 1
152 3
153 1
154 3
155 0
156 2
157 2
158 0
159 1
160 0
161 3
162 2
163 2
164 0
165 3
166 0
167 1
168 2
169 1
170 0
171 2
172 1
173 3
174 1
175 2
176 0
177 2
178 1
179 2
180 3
181 1
182 1
183 1
184 1
185 3
186 3
187 2
188 0
189 2
190 0
191 3
192 3
193 1
194 1
195 2
196 2
197 1
198 0
199 1
200 2
201 2
202 2
203 0
204 1
205 1
206 0
207 1
208 0
209 2
210 2
211 1
212 1
213 2
214 0
215 1
216 2
217 1
218 2
219 3
220 1
221 1
222 2
223 0
