207
1 1
2 1
3 3
4 3
5 3
6 0
7 0
8 3
9 0
10 3
11 2
12 2
13 2
14 2
15 1
16 0
17 0
18 2
19 2
20 3
21 3
22 1
23 1
24 0
25 1
26 0
27 3
28 1
29 0
30 3
31 3
32 1
33 0
34 0
35 2
36 1
37 2
38 0
39 3
40 2
41 2
42 1
43 3
44 1
45 2
46 3
47 2
48 1
49 0
50 1
51 1
52 0
53 2
54 1
55 0
56 2
57 2
58 1
59 1
60 0
61 3
62 3
63 0
64 0
65 2
66 0
67 1
68 2
69 1
70 2
71 2
72 0
73 2
74 1
75 1
76 2
77 3
78 0
79 1
80 2
81 2
82 1
83 3
84 2
85 3
86 2
87 3
88 3
89 1
90 3
91 3
92 3
93 2
94 2
95 2
96 2
97 0
98 2
99 2
100 1
101 3
102 3
103 1
104 0
105 0
106 1
107 3
108 1
109 3
110 2
111 0
112 0
113 1
114 3
115 3
116 0
117 1
118 1
119 3
120 1
121 3
122 1
123 1
124 0
125 0
126 2
127 3
128 3
129 2
130 1
131 0
132 0
133 0
134 2
135 2
136 0
137 0
138 0
139 1
140 1
141 2
142 1
143 3
144 3
145 1
146 1
147 1
148 1
149 2
150 1
151 0
152 0
153 3
154 1
155 3
156 0
157 0
158 3
159 2
160 2
161 2
162 0
163 3
164 0
165 1
166 2
167 2
168 3
169 0
170 0
171 0
172 0
173 0
174 1
175 1
176 2
177 3
178 1
179 1
180 0
181 1
182 1
183 3
184 2
185 0
186 0
187 3
188 3
189 3
190 0
191 2
192 0
193 0
194 2
195 1
196 2
197 1
198 1
199 3
200 2
201 0
202 0
203 1
204 1
205 0
206 2
207 2
