272
1 3
2 2
3 0
4 0
5 2
6 2
7 1
8 0
9 3
10 3
11 0
12 0
13 1
14 2
15 0
16 1
17 0
18 1
19 0
20 1
21 1
22 1
23 3
24 2
25 2
26 1
27 0
28 3
29 0
30 2
31 3
32 3
33 3
34 2
35 0
36 2
37 0
38 0
39 0
40 3
41 2
42 0
43 0
44 1
45 3
46 3
47 1
48 3
49 0
50 2
51 2
52 2
53 3
54 0
55 1
56 3
57 3
58 1
59 3
60 3
61 3
62 0
63 3
64 2
65 0
66 2
67 3
68 0
69 0
70 3
71 3
72 1
73 1
74 2
75 0
76 2
77 1
78 0
79 2
80 0
81 1
82 3
83 0
84 2
85 0
86 3
87 0
88 2
89 1
90 0
91 3
92 0
93 0
94 1
95 1
96 2
97 3
98 1
99 2
100 0
101 0
102 2
103 2
104 2
105 2
106 1
107 3
108 3
109 0
110 0
111 0
112 3
113 0
114 0
115 1
116 0
117 3
118 2
119 1
120 1
121 2
122 1
123 1
124 2
125 3
126 1
127 3
128 3
129 0
130 0
131 1
132 2
133 3
134 3
135 2
136 1
137 1
138 2
139 2
140 1
141 2
142 2
143 2
144 1
145 3
146 2
147 2
148 1
149 0
150 2
151 3
152 2
153 2
154 2
155 1
156 3
157 0
158 2
159 2
160 0
161 3
162 1
163 3
164 1
165 1
166 1
167 0
168 1
169 1
170 0
171 3
172 1
173 3
174 1
175 3
176 0
177 1
178 2
179 2
180 2
181 2
182 1
183 0
184 2
185 1
186 3
187 1
188 2
189 1
190 0
191 3
192 1
193 3
194 1
195 2
196 1
197 1
198 2
199 3
200 3
201 1
202 0
203 3
204 1
205 3
206 3
207 2
208 3
209 0
210 2
211 1
212 1
213 3
214 2
215 2
216 2
217 1
218 2
219 0
220 0
221 1
222 2
223 2
224 2
225 0
226 0
227 3
228 3
229 1
230 0
231 3
232 3
233 0
234 0
235 0
236 2
237 0
238 2
239 3
240 2
241 1
242 0
243 3
244 3
245 0
246 3
247 1
248 0
249 1
250 1
251 2
252 1
253 1
254 3
255 1
256 1
257 0
258 3
259 0
260 0
261 3
262 0
263 3
264 2
265 2
266 1
267 2
268 2
269 2
270 1
271 0
272 0
