238
1 2
2 1
3 3
4 1
5 3
6 0
7 3
8 2
9 0
10 1
11 0
12 3
13 1
14 1
15 1
16 3
17 1
18 2
19 1
20 0
21 0
22 2
23 2
24 3
25 1
26 3
27 3
28 1
29 0
30 1
31 1
32 3
33 2
34 3
35 1
36 2
37 3
38 0
39 1
40 2
41 2
42 0
43 2
44 3
45 3
46 1
47 2
48 0
49 3
50 3
51 3
52 0
53 3
54 3
55 0
56 1
57 2
58 1
59 0
60 3
61 2
62 3
63 0
64 3
65 2
66 1
67 1
68 0
69 0
70 2
71 0
72 2
73 2
74 1
75 0
76 3
77 3
78 2
79 2
80 2
81 3
82 3
83 2
84 3
85 2
86 0
87 1
88 0
89 1
90 0
91 1
92 1
93 0
94 0
95 3
96 1
97 0
98 2
99 1
100 3
101 2
102 0
103 3
104 1
105 0
106 2
107 1
108 2
109 3
110 0
111 1
112 0
113 1
114 0
115 3
116 3
117 1
118 2
119 0
120 3
121 1
122 2
123 2
124 3
125 2
126 2
127 2
128 1
129 1
130 0
131 0
132 3
133 1
134 3
135 3
136 1
137 1
138 1
139 3
140 0
141 3
142 2
143 2
144 0
145 1
146 1
147 0
148 1
149 1
150 0
151 2
152 0
153 2
154 2
155 1
156 2
157 2
158 0
159 2
160 1
161 3
162 1
163 3
164 3
165 2
166 3
167 3
168 3
169 0
170 0
171 1
172 0
173 0
174 0
175 1
176 3
177 2
178 0
179 2
180 0
181 0
182 0
183 2
184 0
185 3
186 2
187 2
188 0
189 3
190 0
191 1
192 2
193 1
194 0
195 0
196 1
197 3
198 2
199 1
200 2
201 1
202 0
203 0
204 0
205 3
206 0
207 3
208 0
209 1
210 1
211 1
212 2
213 2
214 3
215 1
216 1
217 2
218 2
219 2
220 1
221 1
222 3
223 0
224 2
225 2
226 1
227 2
228 1
229 3
230 1
231 3
232 2
233 0
234 3
235 1
236 2
237 2
238 1
