261
1 3
2 1
3 3
4 0
5 2
6 0
7 2
8 0
9 2
10 1
11 2
12 1
13 0
14 2
15 0
16 2
17 2
18 1
19 3
20 3
21 3
22 0
23 1
24 2
25 2
26 2
27 0
28 3
29 1
30 3
31 0
32 0
33 0
34 3
35 3
36 2
37 0
38 1
39 2
40 2
41 0
42 1
43 1
44 0
45 0
46 0
47 3
48 2
49 0
50 2
51 1
52 2
53 1
54 0
55 0
56 0
57 0
58 2
59 1
60 2
61 3
62 2
63 0
64 0
65 3
66 1
67 0
68 3
69 3
70 0
71 1
72 1
73 3
74 1
75 0
76 0
77 0
78 2
79 3
80 1
81 1
82 2
83 2
84 2
85 2
86 3
87 3
88 0
89 3
90 1
91 1
92 0
93 3
94 3
95 3
96 2
97 1
98 0
99 2
100 1
101 3
102 2
103 2
104 0
105 0
106 2
107 0
108 0
109 0
110 2
111 0
112 0
113 3
114 2
115 1
116 0
117 1
118 3
119 0
120 3
121 2
122 2
123 3
124 0
125 2
126 1
127 3
128 2
129 2
130 0
131 1
132 0
133 2
134 3
135 1
136 2
137 0
138 2
139 3
140 0
141 1
142 0
143 3
144 0
145 3
146 0
147 2
148 3
149 1
150 0
151 1
152 2
153 1
154 1
155 2
156 3
157 3
158 0
159 3
160 0
161 1
162 3
163 0
164 1
165 0
166 3
167 0
168 3
169 0
170 2
171 0
172 1
173 3
174 1
175 2
176 1
177 0
178 2
179 2
180 2
181 1
182 3
183 0
184 1
185 0
186 1
187 2
188 3
189 1
190 0
191 2
192 3
193 3
194 1
195 3
196 3
197 2
198 3
199 2
200 2
201 1
202 1
203 1
204 2
205 3
206 0
207 2
208 1
209 2
210 1
211 1
212 1
213 3
214 2
215 0
216 1
217 3
218 1
219 3
220 1
221 2
222 2
223 1
224 1
225 2
226 2
227 3
228 0
229 0
230 1
231 0
232 0
233 3
234 0
235 0
236 1
237 0
238 2
239 0
240 3
241 2
242 2
243 1
244 1
245 3
246 3
247 1
248 2
249 1
250 0
251 0
252 2
253 3
254 1
255 1
256 3
257 0
258 2
259 1
260 1
261 1
