291
1 0
2 1
3 3
4 1
5 2
6 2
7 0
8 1
9 0
10 1
11 2
12 2
13 0
14 1
15 3
16 3
17 1
18 0
19 3
20 2
21 2
22 0
23 0
24 1
25 2
26 0
27 0
28 3
29 0
30 2
31 0
32 0
33 1
34 3
35 1
36 1
37 2
38 1
39 1
40 2
41 1
42 1
43 1
44 0
45 3
46 2
47 3
48 3
49 2
50 1
51 2
52 0
53 2
54 3
55 3
56 0
57 0
58 2
59 3
60 0
61 1
62 2
63 3
64 3
65 0
66 1
67 3
68 3
69 2
70 0
71 0
72 3
73 3
74 0
75 0
76 1
77 3
78 0
79 3
80 3
81 2
82 1
83 1
84 0
85 0
86 3
87 3
88 0
89 0
90 1
91 1
92 0
93 0
94 3
95 3
96 3
97 0
98 2
99 1
100 3
101 3
102 0
103 2
104 1
105 1
106 1
107 3
108 0
109 2
110 1
111 2
112 3
113 2
114 1
115 1
116 0
117 1
118 3
119 1
120 2
121 2
122 1
123 3
124 1
125 0
126 2
127 2
128 2
129 1
130 3
131 1
132 2
133 1
134 3
135 1
136 2
137 1
138 0
139 3
140 1
141 0
142 3
143 1
144 0
145 0
146 0
147 0
148 0
149 3
150 3
151 2
152 0
153 2
154 0
155 1
156 3
157 2
158 3
159 2
160 1
161 0
162 2
163 1
164 2
165 0
166 3
167 2
168 0
169 0
170 1
171 1
172 2
173 0
174 0
175 0
176 3
177 3
178 1
179 1
180 2
181 1
182 2
183 2
184 3
185 2
186 2
187 2
188 1
189 1
190 1
191 2
192 3
193 0
194 1
195 3
196 0
197 0
198 2
199 3
200 3
201 2
202 2
203 2
204 3
205 2
206 0
207 3
208 1
209 3
210 0
211 0
212 0
213 1
214 2
215 3
216 1
217 0
218 0
219 2
220 1
221 2
222 0
223 3
224 3
225 0
226 2
227 2
228 1
229 1
230 2
231 3
232 0
233 2
234 0
235 3
236 3
237 0
238 2
239 2
240 3
241 2
242 0
243 1
244 3
245 1
246 2
247 1
248 1
249 1
250 1
251 2
252 2
253 3
254 3
255 0
256 3
257 1
258 0
259 2
260 2
261 1
262 0
263 0
264 1
265 1
266 2
267 3
268 1
269 3
270 1
271 0
272 2
273 0
274 2
275 0
276 3
277 2
278 1
279 1
280 1
281 3
282 1
283 2
284 0
285 2
286 1
287 1
288 2
289 2
290 2
291 0
