266
1 3
2 2
3 0
4 3
5 3
6 2
7 2
8 3
9 3
10 3
11 3
12 2
13 0
14 0
15 1
16 3
17 3
18 0
19 1
20 2
21 1
22 0
23 2
24 3
25 2
26 1
27 2
28 2
29 1
30 0
31 1
32 2
33 1
34 1
35 2
36 3
37 0
38 1
39 3
40 3
41 0
42 1
43 0
44 2
45 1
46 1
47 2
48 2
49 3
50 3
51 1
52 3
53 0
54 1
55 0
56 2
57 0
58 0
59 0
60 3
61 0
62 0
63 3
64 3
65 3
66 1
67 3
68 2
69 2
70 1
71 0
72 3
73 3
74 2
75 3
76 1
77 3
78 1
79 0
80 0
81 1
82 2
83 2
84 2
85 2
86 2
87 1
88 1
89 2
90 2
91 3
92 1
93 3
94 1
95 1
96 3
97 1
98 1
99 3
100 3
101 2
102 2
103 1
104 3
105 0
106 2
107 0
108 3
109 0
110 0
111 0
112 3
113 0
114 0
115 2
116 1
117 2
118 0
119 1
120 3
121 1
122 0
123 3
124 1
125 2
126 0
127 0
128 0
129 1
130 1
131 2
132 1
133 1
134 1
135 1
136 1
137 1
138 2
139 0
140 1
141 2
142 2
143 0
144 1
145 2
146 3
147 0
148 1
149 2
150 2
151 0
152 2
153 1
154 3
155 1
156 3
157 1
158 3
159 2
160 2
161 0
162 1
163 0
164 2
165 0
166 0
167 3
168 3
169 0
170 3
171 3
172 0
173 0
174 2
175 1
176 1
177 1
178 1
179 2
180 0
181 3
182 0
183 2
184 2
185 3
186 1
187 0
188 2
189 0
190 2
191 0
192 0
193 0
194 0
195 3
196 0
197 2
198 3
199 1
200 1
201 3
202 3
203 1
204 1
205 3
206 0
207 2
208 2
209 0
210 0
211 1
212 2
213 0
214 1
215 0
216 0
217 2
218 1
219 0
220 3
221 3
222 3
223 2
224 1
225 1
226 2
227 2
228 2
229 0
230 0
231 2
232 1
233 1
234 2
235 1
236 0
237 2
238 2
239 2
240 2
241 3
242 1
243 2
244 2
245 0
246 0
247 3
248 2
249 1
250 2
251 0
252 1
253 1
254 1
255 0
256 3
257 1
258 0
259 1
260 0
261 0
262 3
263 0
264 3
265 3
266 1
