277
1 2
2 1
3 2
4 3
5 1
6 0
7 0
8 2
9 3
10 0
11 3
12 1
13 1
14 2
15 3
16 3
17 3
18 0
19 2
20 3
21 2
22 2
23 0
24 0
25 3
26 3
27 3
28 2
29 3
30 1
31 2
32 0
33 0
34 3
35 3
36 2
37 2
38 0
39 1
40 0
41 3
42 0
43 1
44 0
45 2
46 3
47 2
48 1
49 3
50 2
51 3
52 3
53 1
54 1
55 3
56 2
57 1
58 1
59 2
60 2
61 0
62 1
63 1
64 1
65 3
66 1
67 2
68 2
69 0
70 2
71 3
72 1
73 0
74 0
75 1
76 2
77 3
78 0
79 3
80 1
81 1
82 3
83 0
84 0
85 1
86 2
87 3
88 3
89 2
90 3
91 3
92 3
93 2
94 1
95 2
96 2
97 3
98 0
99 1
100 1
101 0
102 2
103 2
104 0
105 0
106 1
107 2
108 1
109 0
110 2
111 1
112 3
113 0
114 2
115 3
116 0
117 3
118 0
119 2
120 3
121 2
122 2
123 3
124 0
125 0
126 0
127 2
128 2
129 3
130 0
131 0
132 1
133 2
134 0
135 1
136 1
137 0
138 2
139 2
140 3
141 0
142 0
143 3
144 0
145 2
146 1
147 0
148 3
149 0
150 3
151 0
152 1
153 0
154 2
155 0
156 2
157 3
158 0
159 3
160 2
161 0
162 3
163 3
164 1
165 0
166 1
167 1
168 0
169 1
170 1
171 0
172 1
173 0
174 1
175 2
176 0
177 0
178 3
179 0
180 1
181 2
182 2
183 2
184 1
185 0
186 3
187 0
188 2
189 3
190 0
191 0
192 3
193 3
194 1
195 3
196 1
197 0
198 1
199 0
200 1
201 1
202 1
203 2
204 2
205 0
206 1
207 1
208 1
209 1
210 2
211 0
212 3
213 2
214 1
215 1
216 2
217 3
218 1
219 0
220 0
221 3
222 3
223 1
224 0
225 2
226 2
227 0
228 1
229 3
230 3
231 1
232 1
233 0
234 1
235 1
236 3
237 2
238 3
239 2
240 0
241 3
242 2
243 1
244 0
245 1
246 2
247 2
248 2
249 3
250 0
251 2
252 3
253 3
254 2
255 0
256 2
257 0
258 2
259 3
260 3
261 1
262 1
263 2
264 3
265 1
266 3
267 3
268 3
269 2
270 2
271 1
272 0
273 2
274 0
275 1
276 1
277 1
