234
1 0
2 2
3 0
4 3
5 3
6 2
7 0
8 3
9 0
10 3
11 1
12 1
13 2
14 1
15 0
16 3
17 3
18 2
19 0
20 2
21 2
22 3
23 0
24 0
25 3
26 3
27 0
28 1
29 1
30 0
31 2
32 0
33 2
34 3
35 1
36 2
37 1
38 1
39 1
40 1
41 0
42 0
43 3
44 2
45 3
46 3
47 1
48 3
49 2
50 3
51 1
52 1
53 1
54 2
55 1
56 3
57 1
58 3
59 2
60 3
61 1
62 2
63 1
64 3
65 1
66 0
67 3
68 2
69 2
70 1
71 1
72 3
73 2
74 2
75 1
76 3
77 0
78 3
79 0
80 3
81 1
82 2
83 1
84 3
85 3
86 2
87 1
88 3
89 3
90 2
91 0
92 1
93 3
94 0
95 2
96 0
97 3
98 3
99 3
100 2
101 0
102 1
103 2
104 1
105 0
106 0
107 2
108 1
109 3
110 2
111 0
112 0
113 3
114 3
115 2
116 3
117 3
118 0
119 0
120 1
121 1
122 0
123 1
124 1
125 2
126 0
127 1
128 1
129 3
130 1
131 2
132 1
133 0
134 0
135 0
136 2
137 2
138 1
139 1
140 0
141 0
142 1
143 2
144 1
145 2
146 2
147 0
148 1
149 1
150 3
151 0
152 3
153 0
154 2
155 0
156 2
157 3
158 1
159 2
160 1
161 2
162 3
163 0
164 1
165 2
166 2
167 3
168 2
169 3
170 1
171 1
172 2
173 0
174 2
175 0
176 1
177 1
178 3
179 2
180 2
181 0
182 2
183 2
184 1
185 0
186 1
187 2
188 1
189 2
190 3
191 2
192 0
193 3
194 1
195 0
196 1
197 1
198 1
199 1
200 0
201 0
202 1
203 2
204 1
205 0
206 3
207 0
208 0
209 0
210 3
211 2
212 0
213 1
214 3
215 3
216 2
217 1
218 0
219 0
220 2
221 2
222 0
223 1
224 0
225 1
226 2
227 1
228 1
229 0
230 1
231 0
232 3
233 0
234 1
