282
1 0
2 1
3 1
4 2
5 3
6 1
7 2
8 2
9 1
10 2
11 0
12 3
13 2
14 0
15 0
16 2
17 3
18 1
19 0
20 3
21 1
22 1
23 2
24 0
25 1
26 3
27 2
28 0
29 0
30 3
31 2
32 0
33 1
34 0
35 2
36 0
37 0
38 2
39 1
40 2
41 2
42 3
43 1
44 3
45 3
46 3
47 2
48 3
49 0
50 1
51 1
52 3
53 0
54 0
55 1
56 0
57 3
58 3
59 3
60 1
61 3
62 2
63 1
64 2
65 1
66 1
67 0
68 0
69 0
70 2
71 2
72 0
73 1
74 1
75 2
76 0
77 1
78 0
79 2
80 1
81 1
82 2
83 2
84 0
85 3
86 0
87 3
88 1
89 0
90 2
91 3
92 0
93 3
94 3
95 1
96 2
97 1
98 3
99 0
100 0
101 2
102 1
103 2
104 2
105 0
106 0
107 0
108 1
109 0
110 3
111 1
112 0
113 1
114 3
115 2
116 0
117 2
118 2
119 1
120 2
121 3
122 2
123 1
124 3
125 2
126 0
127 0
128 1
129 2
130 3
131 2
132 0
133 2
134 3
135 3
136 0
137 2
138 3
139 2
140 2
141 1
142 3
143 2
144 1
145 0
146 1
147 2
148 0
149 1
150 3
151 1
152 2
153 1
154 0
155 0
156 3
157 3
158 2
159 3
160 3
161 3
162 1
163 3
164 2
165 1
166 2
167 2
168 2
169 3
170 0
171 0
172 2
173 3
174 1
175 1
176 1
177 2
178 0
179 3
180 1
181 0
182 2
183 1
184 3
185 1
186 1
187 0
188 2
189 0
190 2
191 3
192 0
193 1
194 1
195 3
196 1
197 0
198 3
199 1
200 1
201 0
202 1
203 0
204 3
205 2
206 1
207 1
208 1
209 3
210 2
211 1
212 1
213 0
214 3
215 0
216 1
217 0
218 2
219 0
220 0
221 2
222 2
223 3
224 0
225 3
226 3
227 3
228 0
229 3
230 1
231 1
232 3
233 3
234 0
235 1
236 2
237 0
238 3
239 1
240 0
241 3
242 2
243 0
244 0
245 3
246 1
247 0
248 2
249 0
250 2
251 1
252 0
253 3
254 3
255 1
256 2
257 0
258 2
259 3
260 1
261 2
262 2
263 0
264 0
265 2
266 2
267 0
268 3
269 3
270 1
271 2
272 0
273 3
274 3
275 2
276 0
277 2
278 1
279 2
280 2
281 0
282 0
