279
1 1
2 2
3 3
4 0
5 0
6 2
7 1
8 2
9 2
10 3
11 3
12 3
13 0
14 0
15 2
16 2
17 2
18 0
19 2
20 2
21 2
22 3
23 3
24 1
25 3
26 2
27 2
28 3
29 3
30 3
31 1
32 2
33 0
34 2
35 0
36 3
37 2
38 1
39 2
40 1
41 3
42 3
43 3
44 2
45 2
46 1
47 0
48 1
49 3
50 0
51 1
52 3
53 2
54 3
55 0
56 0
57 2
58 0
59 1
60 2
61 2
62 1
63 1
64 1
65 1
66 0
67 2
68 3
69 0
70 0
71 1
72 2
73 1
74 1
75 0
76 3
77 1
78 2
79 1
80 2
81 2
82 0
83 1
84 0
85 1
86 2
87 2
88 0
89 3
90 1
91 1
92 2
93 3
94 2
95 1
96 3
97 0
98 2
99 3
100 0
101 0
102 0
103 0
104 1
105 0
106 2
107 3
108 2
109 1
110 2
111 0
112 2
113 1
114 1
115 1
116 1
117 0
118 1
119 3
120 2
121 3
122 2
123 1
124 2
125 3
126 2
127 0
128 0
129 2
130 0
131 0
132 3
133 0
134 3
135 2
136 3
137 3
138 0
139 1
140 2
141 3
142 1
143 0
144 3
145 0
146 0
147 3
148 1
149 0
150 3
151 3
152 1
153 1
154 2
155 0
156 1
157 3
158 1
159 3
160 2
161 0
162 0
163 2
164 2
165 1
166 2
167 2
168 0
169 0
170 1
171 3
172 1
173 2
174 0
175 1
176 0
177 2
178 0
179 1
180 3
181 3
182 0
183 1
184 1
185 0
186 0
187 3
188 1
189 1
190 2
191 3
192 3
193 1
194 3
195 2
196 3
197 2
198 1
199 1
200 3
201 0
202 1
203 2
204 1
205 0
206 0
207 3
208 0
209 3
210 2
211 3
212 3
213 0
214 2
215 3
216 3
217 1
218 2
219 3
220 1
221 3
222 0
223 2
224 3
225 2
226 3
227 0
228 2
229 0
230 2
231 0
232 1
233 1
234 2
235 0
236 1
237 2
238 1
239 2
240 1
241 0
242 3
243 3
244 0
245 1
246 1
247 1
248 3
249 3
250 0
251 0
252 2
253 3
254 2
255 2
256 0
257 2
258 1
259 0
260 1
261 0
262 3
263 3
264 0
265 1
266 2
267 3
268 0
269 0
270 2
271 0
272 0
273 3
274 3
275 1
276 1
277 3
278 2
279 1
