241
1 2
2 2
3 3
4 3
5 0
6 1
7 2
8 0
9 1
10 3
11 3
12 2
13 2
14 3
15 2
16 2
17 0
18 0
19 3
20 1
21 2
22 0
23 1
24 0
25 1
26 2
27 3
28 1
29 2
30 2
31 3
32 1
33 2
34 1
35 3
36 3
37 3
38 3
39 3
40 1
41 2
42 3
43 2
44 3
45 1
46 3
47 1
48 1
49 1
50 3
51 2
52 3
53 3
54 3
55 3
56 3
57 0
58 1
59 0
60 1
61 3
62 1
63 3
64 0
65 0
66 2
67 1
68 1
69 0
70 3
71 2
72 0
73 3
74 2
75 1
76 3
77 2
78 0
79 3
80 0
81 2
82 2
83 2
84 1
85 1
86 2
87 0
88 0
89 2
90 0
91 1
92 1
93 1
94 2
95 2
96 3
97 0
98 3
99 3
100 2
101 2
102 2
103 0
104 3
105 0
106 3
107 0
108 0
109 2
110 2
111 3
112 0
113 1
114 3
115 2
116 2
117 2
118 1
119 1
120 2
121 1
122 2
123 2
124 0
125 3
126 3
127 1
128 0
129 3
130 0
131 2
132 0
133 3
134 2
135 2
136 2
137 2
138 0
139 1
140 1
141 2
142 2
143 1
144 0
145 0
146 2
147 2
148 1
149 0
150 0
151 0
152 3
153 2
154 2
155 1
156 1
157 0
158 2
159 1
160 3
161 1
162 1
163 1
164 0
165 0
166 2
167 3
168 3
169 2
170 2
171 1
172 3
173 3
174 3
175 0
176 3
177 3
178 1
179 3
180 1
181 3
182 0
183 0
184 3
185 2
186 0
187 3
188 1
189 1
190 0
191 0
192 2
193 2
194 3
195 1
196 0
197 3
198 2
199 1
200 0
201 2
202 0
203 1
204 0
205 2
206 3
207 0
208 0
209 0
210 1
211 3
212 0
213 2
214 1
215 0
216 0
217 0
218 1
219 1
220 2
221 0
222 1
223 2
224 1
225 0
226 1
227 2
228 1
229 0
230 3
231 1
232 0
233 0
234 1
235 0
236 2
237 0
238 2
239 2
240 1
241 1
