296
1 0
2 3
3 3
4 1
5 3
6 0
7 3
8 3
9 0
10 1
11 1
12 1
13 2
14 1
15 3
16 0
17 1
18 1
19 1
20 3
21 2
22 2
23 0
24 3
25 3
26 2
27 2
28 3
29 2
30 2
31 1
32 3
33 1
34 2
35 1
36 1
37 3
38 2
39 3
40 3
41 0
42 1
43 2
44 0
45 3
46 2
47 1
48 3
49 3
50 3
51 1
52 1
53 3
54 2
55 2
56 3
57 3
58 0
59 1
60 1
61 3
62 3
63 2
64 1
65 2
66 3
67 0
68 1
69 3
70 3
71 2
72 1
73 2
74 3
75 2
76 1
77 2
78 1
79 0
80 0
81 1
82 2
83 1
84 1
85 3
86 2
87 2
88 2
89 0
90 1
91 1
92 3
93 3
94 0
95 0
96 0
97 2
98 2
99 0
100 1
101 1
102 0
103 3
104 0
105 2
106 3
107 0
108 0
109 1
110 3
111 3
112 2
113 0
114 2
115 0
116 1
117 0
118 2
119 0
120 0
121 1
122 2
123 2
124 0
125 2
126 1
127 3
128 2
129 0
130 1
131 0
132 2
133 0
134 3
135 0
136 1
137 0
138 3
139 0
140 1
141 0
142 2
143 2
144 2
145 1
146 3
147 1
148 0
149 3
150 3
151 0
152 0
153 3
154 0
155 3
156 0
157 2
158 0
159 1
160 1
161 3
162 2
163 1
164 1
165 2
166 1
167 1
168 3
169 0
170 2
171 2
172 1
173 0
174 0
175 0
176 1
177 0
178 3
179 2
180 0
181 0
182 0
183 3
184 3
185 3
186 0
187 2
188 0
189 3
190 3
191 3
192 3
193 0
194 0
195 2
196 1
197 3
198 0
199 1
200 2
201 0
202 3
203 2
204 2
205 0
206 2
207 0
208 3
209 1
210 1
211 3
212 1
213 3
214 0
215 1
216 1
217 1
218 3
219 0
220 2
221 2
222 1
223 1
224 2
225 1
226 0
227 0
228 1
229 0
230 1
231 2
232 2
233 1
234 2
235 0
236 2
237 1
238 1
239 2
240 2
241 0
242 2
243 2
244 1
245 2
246 0
247 2
248 2
249 2
250 3
251 0
252 1
253 3
254 0
255 0
256 1
257 1
258 0
259 0
260 2
261 3
262 0
263 3
264 0
265 2
266 3
267 0
268 2
269 0
270 1
271 1
272 1
273 2
274 2
275 0
276 2
277 0
278 1
279 2
280 1
281 2
282 2
283 1
284 1
285 3
286 2
287 0
288 3
289 1
290 0
291 2
292 0
293 2
294 3
295 1
296 0
