265
1 0
2 2
3 2
4 1
5 0
6 3
7 1
8 3
9 0
10 0
11 3
12 0
13 0
14 0
15 3
16 3
17 1
18 3
19 3
20 0
21 3
22 3
23 1
24 0
25 2
26 0
27 1
28 2
29 0
30 3
31 1
32 2
33 3
34 3
35 1
36 0
37 1
38 0
39 2
40 1
41 1
42 3
43 3
44 0
45 2
46 0
47 2
48 2
49 0
50 2
51 3
52 2
53 1
54 3
55 3
56 0
57 0
58 3
59 2
60 1
61 1
62 2
63 2
64 0
65 0
66 1
67 2
68 3
69 2
70 3
71 3
72 3
73 3
74 1
75 0
76 0
77 0
78 3
79 1
80 3
81 1
82 0
83 0
84 3
85 2
86 3
87 0
88 3
89 0
90 1
91 0
92 1
93 1
94 0
95 3
96 3
97 3
98 0
99 0
100 2
101 3
102 2
103 1
104 3
105 2
106 3
107 0
108 0
109 3
110 2
111 1
112 1
113 2
114 3
115 2
116 2
117 3
118 2
119 0
120 3
121 0
122 2
123 3
124 3
125 1
126 1
127 2
128 3
129 2
130 2
131 3
132 0
133 3
134 1
135 0
136 2
137 2
138 0
139 3
140 3
141 2
142 0
143 1
144 2
145 2
146 1
147 1
148 2
149 1
150 1
151 2
152 1
153 0
154 3
155 0
156 3
157 2
158 2
159 0
160 3
161 1
162 1
163 1
164 0
165 1
166 3
167 3
168 2
169 2
170 1
171 0
172 0
173 0
174 2
175 1
176 0
177 0
178 3
179 1
180 1
181 1
182 3
183 3
184 1
185 0
186 2
187 2
188 0
189 3
190 1
191 2
192 2
193 1
194 1
195 2
196 1
197 0
198 1
199 0
200 2
201 0
202 0
203 0
204 1
205 1
206 2
207 2
208 1
209 0
210 1
211 2
212 1
213 0
214 3
215 2
216 0
217 3
218 1
219 1
220 3
221 1
222 2
223 3
224 0
225 3
226 1
227 3
228 3
229 1
230 2
231 3
232 1
233 2
234 2
235 0
236 0
237 2
238 1
239 2
240 2
241 2
242 1
243 2
244 0
245 2
246 3
247 1
248 3
249 0
250 2
251 1
252 3
253 0
254 2
255 1
256 3
257 2
258 1
259 0
260 1
261 0
262 0
263 1
264 1
265 1
