288
1 1
2 1
3 3
4 0
5 2
6 1
7 3
8 1
9 3
10 0
11 2
12 3
13 1
14 1
15 3
16 0
17 0
18 2
19 3
20 3
21 3
22 0
23 0
24 1
25 1
26 1
27 3
28 2
29 3
30 2
31 1
32 3
33 0
34 1
35 0
36 3
37 1
38 1
39 1
40 1
41 2
42 3
43 0
44 0
45 3
46 1
47 1
48 0
49 2
50 3
51 2
52 3
53 3
54 1
55 0
56 2
57 1
58 1
59 1
60 0
61 1
62 2
63 0
64 2
65 2
66 2
67 2
68 1
69 1
70 2
71 0
72 2
73 2
74 3
75 1
76 0
77 0
78 1
79 3
80 2
81 3
82 3
83 0
84 1
85 2
86 3
87 1
88 3
89 1
90 1
91 3
92 2
93 0
94 2
95 3
96 3
97 1
98 3
99 0
100 0
101 2
102 1
103 3
104 3
105 3
106 2
107 2
108 0
109 1
110 3
111 2
112 1
113 0
114 2
115 3
116 2
117 3
118 0
119 0
120 2
121 1
122 2
123 0
124 3
125 1
126 0
127 0
128 1
129 1
130 1
131 0
132 0
133 3
134 0
135 1
136 2
137 1
138 2
139 3
140 1
141 2
142 1
143 1
144 2
145 0
146 0
147 0
148 3
149 0
150 2
151 1
152 2
153 1
154 1
155 0
156 2
157 2
158 0
159 1
160 2
161 0
162 1
163 0
164 2
165 1
166 1
167 1
168 1
169 0
170 3
171 1
172 3
173 3
174 0
175 0
176 0
177 2
178 2
179 1
180 3
181 1
182 1
183 3
184 2
185 1
186 3
187 1
188 0
189 3
190 0
191 0
192 0
193 2
194 1
195 1
196 3
197 3
198 2
199 2
200 3
201 0
202 2
203 2
204 2
205 0
206 3
207 1
208 3
209 2
210 2
211 1
212 0
213 1
214 3
215 2
216 1
217 1
218 1
219 3
220 0
221 2
222 0
223 0
224 0
225 0
226 0
227 3
228 2
229 2
230 1
231 2
232 0
233 0
234 0
235 1
236 2
237 3
238 0
239 3
240 3
241 2
242 1
243 2
244 2
245 2
246 2
247 3
248 0
249 3
250 0
251 0
252 0
253 2
254 1
255 0
256 3
257 0
258 2
259 0
260 1
261 1
262 2
263 0
264 1
265 0
266 2
267 2
268 3
269 1
270 3
271 2
272 3
273 1
274 2
275 2
276 0
277 1
278 2
279 1
280 1
281 1
282 0
283 0
284 3
285 2
286 3
287 3
288 0
