220
1 3
2 2
3 1
4 1
5 3
6 3
7 3
8 2
9 1
10 3
11 1
12 0
13 3
14 0
15 1
16 1
17 0
18 3
19 3
20 3
21 1
22 3
23 3
24 0
25 0
26 2
27 3
28 1
29 0
30 3
31 3
32 0
33 1
34 3
35 0
36 1
37 3
38 2
39 3
40 3
41 2
42 1
43 0
44 3
45 2
46 1
47 3
48 2
49 0
50 3
51 1
52 3
53 2
54 0
55 1
56 3
57 2
58 1
59 0
60 2
61 0
62 1
63 0
64 0
65 0
66 2
67 3
68 2
69 3
70 0
71 0
72 3
73 2
74 0
75 0
76 2
77 0
78 3
79 2
80 2
81 3
82 0
83 1
84 2
85 1
86 2
87 1
88 2
89 3
90 0
91 0
92 0
93 1
94 1
95 3
96 2
97 2
98 2
99 1
100 0
101 1
102 0
103 0
104 2
105 3
106 2
107 0
108 2
109 3
110 1
111 2
112 1
113 2
114 0
115 3
116 1
117 0
118 0
119 1
120 2
121 2
122 3
123 0
124 2
125 3
126 0
127 0
128 1
129 1
130 1
131 0
132 1
133 0
134 1
135 2
136 1
137 2
138 0
139 2
140 3
141 1
142 1
143 2
144 2
145 1
146 0
147 0
148 3
149 2
150 2
151 1
152 3
153 0
154 1
155 3
156 0
157 2
158 3
159 1
160 1
161 2
162 1
163 2
164 1
165 1
166 2
167 1
168 1
169 3
170 3
171 2
172 3
173 3
174 1
175 1
176 3
177 2
178 1
179 1
180 1
181 2
182 1
183 2
184 0
185 0
186 1
187 0
188 2
189 2
190 0
191 1
192 0
193 1
194 0
195 1
196 2
197 3
198 1
199 0
200 1
201 0
202 2
203 3
204 2
205 2
206 0
207 1
208 3
209 1
210 0
211 0
212 1
213 0
214 1
215 2
216 0
217 2
218 0
219 0
220 2
