227
1 1
2 0
3 0
4 2
5 3
6 0
7 1
8 0
9 1
10 3
11 2
12 3
13 0
14 2
15 0
16 0
17 2
18 3
19 0
20 3
21 0
22 1
23 2
24 0
25 1
26 2
27 0
28 1
29 2
30 3
31 2
32 3
33 2
34 3
35 0
36 3
37 2
38 2
39 2
40 3
41 0
42 3
43 2
44 1
45 0
46 3
47 2
48 1
49 3
50 2
51 2
52 3
53 3
54 3
55 2
56 3
57 2
58 1
59 1
60 2
61 2
62 0
63 2
64 2
65 0
66 3
67 2
68 3
69 1
70 3
71 0
72 0
73 3
74 0
75 0
76 3
77 1
78 0
79 3
80 1
81 2
82 1
83 2
84 3
85 0
86 3
87 2
88 3
89 1
90 1
91 1
92 1
93 3
94 1
95 1
96 1
97 1
98 1
99 3
100 1
101 1
102 0
103 2
104 3
105 2
106 2
107 2
108 0
109 1
110 1
111 3
112 1
113 0
114 2
115 2
116 1
117 2
118 1
119 3
120 1
121 0
122 3
123 1
124 0
125 1
126 2
127 0
128 3
129 0
130 0
131 2
132 0
133 1
134 3
135 0
136 1
137 0
138 2
139 2
140 1
141 2
142 1
143 0
144 3
145 2
146 1
147 1
148 2
149 1
150 2
151 2
152 1
153 0
154 3
155 0
156 3
157 0
158 2
159 3
160 0
161 3
162 2
163 1
164 2
165 2
166 0
167 0
168 3
169 1
170 1
171 2
172 0
173 3
174 2
175 0
176 3
177 2
178 2
179 2
180 1
181 2
182 1
183 1
184 0
185 1
186 1
187 0
188 0
189 0
190 0
191 2
192 2
193 2
194 2
195 2
196 0
197 2
198 1
199 2
200 1
201 2
202 2
203 0
204 0
205 0
206 2
207 1
208 0
209 1
210 0
211 2
212 0
213 2
214 3
215 0
216 1
217 3
218 3
219 1
220 2
221 1
222 0
223 0
224 1
225 0
226 1
227 1
