253
1 2
2 0
3 3
4 1
5 3
6 3
7 1
8 1
9 2
10 0
11 0
12 3
13 2
14 0
15 0
16 0
17 0
18 3
19 1
20 1
21 1
22 0
23 3
24 3
25 2
26 0
27 0
28 3
29 2
30 3
31 2
32 2
33 1
34 2
35 3
36 0
37 0
38 0
39 3
40 3
41 3
42 1
43 0
44 2
45 3
46 2
47 3
48 2
49 2
50 0
51 0
52 3
53 1
54 3
55 2
56 0
57 1
58 1
59 1
60 2
61 0
62 0
63 3
64 0
65 1
66 1
67 3
68 1
69 2
70 0
71 3
72 1
73 1
74 1
75 0
76 1
77 1
78 3
79 2
80 3
81 2
82 2
83 2
84 2
85 3
86 1
87 3
88 0
89 2
90 2
91 0
92 0
93 0
94 3
95 0
96 0
97 1
98 0
99 2
100 3
101 3
102 2
103 2
104 0
105 3
106 2
107 3
108 1
109 1
110 3
111 3
112 3
113 1
114 1
115 0
116 1
117 0
118 2
119 2
120 0
121 1
122 3
123 1
124 0
125 3
126 2
127 2
128 1
129 1
130 0
131 1
132 1
133 0
134 2
135 1
136 0
137 3
138 2
139 2
140 2
141 1
142 2
143 0
144 3
145 3
146 3
147 2
148 2
149 3
150 2
151 2
152 2
153 0
154 2
155 3
156 0
157 0
158 3
159 1
160 0
161 0
162 2
163 1
164 3
165 3
166 1
167 1
168 1
169 3
170 2
171 1
172 3
173 3
174 3
175 0
176 3
177 3
178 2
179 1
180 2
181 1
182 2
183 0
184 1
185 2
186 2
187 1
188 3
189 0
190 1
191 3
192 2
193 3
194 3
195 1
196 3
197 0
198 1
199 0
200 2
201 2
202 2
203 0
204 2
205 1
206 3
207 3
208 3
209 0
210 0
211 0
212 2
213 3
214 3
215 0
216 1
217 2
218 3
219 2
220 2
221 2
222 1
223 0
224 0
225 0
226 0
227 1
228 0
229 2
230 1
231 1
232 3
233 1
234 1
235 0
236 0
237 3
238 1
239 0
240 1
241 2
242 3
243 2
244 1
245 1
246 1
247 1
248 1
249 1
250 0
251 0
252 1
253 2
