300
1 1
2 1
3 1
4 2
5 3
6 2
7 3
8 1
9 3
10 3
11 3
12 1
13 1
14 1
15 3
16 3
17 0
18 1
19 3
20 3
21 0
22 0
23 0
24 1
25 2
26 3
27 3
28 0
29 1
30 3
31 1
32 3
33 2
34 3
35 3
36 1
37 2
38 2
39 3
40 1
41 0
42 3
43 1
44 2
45 1
46 0
47 3
48 2
49 3
50 1
51 3
52 1
53 0
54 3
55 3
56 1
57 1
58 0
59 2
60 2
61 1
62 0
63 3
64 3
65 3
66 0
67 3
68 0
69 1
70 0
71 0
72 0
73 3
74 3
75 3
76 2
77 2
78 0
79 0
80 2
81 0
82 2
83 0
84 1
85 0
86 3
87 0
88 2
89 1
90 1
91 3
92 2
93 1
94 1
95 1
96 1
97 3
98 3
99 1
100 2
101 0
102 0
103 0
104 2
105 3
106 3
107 1
108 2
109 2
110 2
111 0
112 1
113 0
114 2
115 1
116 1
117 1
118 2
119 0
120 2
121 0
122 3
123 0
124 0
125 2
126 1
127 3
128 1
129 0
130 3
131 2
132 1
133 3
134 3
135 2
136 1
137 3
138 2
139 2
140 0
141 2
142 0
143 1
144 2
145 1
146 2
147 3
148 2
149 1
150 1
151 2
152 3
153 2
154 0
155 2
156 3
157 1
158 0
159 1
160 0
161 3
162 3
163 1
164 2
165 1
166 2
167 3
168 3
169 0
170 0
171 1
172 2
173 2
174 1
175 0
176 0
177 1
178 2
179 1
180 0
181 1
182 3
183 2
184 1
185 3
186 0
187 3
188 2
189 0
190 1
191 2
192 3
193 0
194 3
195 2
196 3
197 2
198 3
199 2
200 3
201 2
202 2
203 2
204 1
205 3
206 0
207 2
208 3
209 0
210 0
211 3
212 1
213 2
214 2
215 0
216 0
217 0
218 2
219 2
220 2
221 1
222 3
223 3
224 1
225 0
226 2
227 2
228 3
229 0
230 3
231 2
232 2
233 0
234 0
235 2
236 0
237 3
238 1
239 0
240 0
241 2
242 3
243 1
244 2
245 2
246 2
247 3
248 2
249 0
250 0
251 3
252 0
253 0
254 3
255 1
256 1
257 1
258 2
259 1
260 1
261 1
262 3
263 1
264 0
265 1
266 2
267 0
268 0
269 0
270 1
271 1
272 0
273 2
274 0
275 0
276 2
277 2
278 1
279 3
280 1
281 2
282 3
283 2
284 0
285 3
286 1
287 3
288 1
289 1
290 2
291 0
292 2
293 1
294 0
295 3
296 0
297 0
298 0
299 3
300 1
