116
0 66
1 33
2 28
3 25
4 29
5 70
6 26
7 1
8 35
9 16
10 27
11 24
12 115
13 41
14 37
15 67
16 89
17 68
18 23
19 30
20 64
21 52
22 75
23 15
24 22
25 65
26 93
27 69
28 111
29 107
30 39
31 21
32 108
33 71
34 88
35 72
36 14
37 20
38 53
39 55
40 86
41 80
42 83
43 114
44 79
45 113
46 54
47 42
48 13
49 19
50 112
51 48
52 100
53 49
54 97
55 104
56 74
57 36
58 103
59 12
60 18
61 73
62 98
63 82
64 78
65 38
66 32
67 96
68 102
69 11
70 17
71 101
72 40
73 45
74 76
75 99
76 57
77 34
78 10
79 85
80 51
81 84
82 56
83 58
84 105
85 44
86 9
87 50
88 92
89 43
90 59
91 90
92 77
93 8
94 61
95 81
96 60
97 47
98 87
99 7
100 110
101 46
102 95
103 5
104 31
105 106
106 62
107 94
108 6
109 109
110 3
111 91
112 63
113 4
114 2
115 0
