115
0 75
1 32
2 25
3 29
4 31
5 26
6 1
7 45
8 16
9 27
10 24
11 62
12 46
13 79
14 57
15 93
16 28
17 23
18 110
19 44
20 30
21 63
22 15
23 22
24 94
25 47
26 59
27 109
28 111
29 61
30 21
31 34
32 89
33 78
34 95
35 14
36 20
37 54
38 58
39 92
40 86
41 91
42 53
43 56
44 80
45 114
46 51
47 13
48 19
49 49
50 106
51 38
52 82
53 112
54 69
55 102
56 97
57 81
58 12
59 18
60 104
61 100
62 39
63 72
64 40
65 37
66 101
67 42
68 11
69 17
70 33
71 99
72 88
73 70
74 103
75 35
76 41
77 10
78 76
79 73
80 65
81 77
82 64
83 50
84 67
85 9
86 36
87 68
88 52
89 108
90 60
91 71
92 8
93 48
94 84
95 87
96 98
97 66
98 7
99 85
100 74
101 90
102 5
103 107
104 105
105 43
106 113
107 6
108 96
109 3
110 83
111 55
112 4
113 2
114 0
