120
0 33
1 30
2 26
3 1
4 40
5 35
6 31
7 25
8 28
9 76
10 71
11 27
12 68
13 16
14 29
15 24
16 110
17 66
18 95
19 45
20 73
21 79
22 23
23 92
24 72
25 65
26 69
27 15
28 22
29 112
30 64
31 115
32 113
33 78
34 102
35 21
36 67
37 34
38 48
39 104
40 14
41 20
42 37
43 82
44 98
45 107
46 109
47 84
48 99
49 39
50 100
51 58
52 13
53 19
54 106
55 32
56 97
57 80
58 96
59 81
60 38
61 74
62 117
63 12
64 18
65 49
66 83
67 114
68 70
69 75
70 116
71 36
72 55
73 11
74 17
75 57
76 47
77 53
78 50
79 54
80 42
81 85
82 10
83 41
84 77
85 44
86 86
87 119
88 51
89 59
90 9
91 118
92 91
93 101
94 105
95 87
96 108
97 8
98 103
99 52
100 56
101 88
102 62
103 7
104 93
105 90
106 63
107 5
108 60
109 89
110 61
111 46
112 6
113 94
114 3
115 111
116 43
117 4
118 2
119 0
