101
0 64
1 48
2 28
3 22
4 27
5 65
6 23
7 52
8 15
9 70
10 66
11 55
12 24
13 34
14 68
15 80
16 21
17 79
18 26
19 1
20 69
21 14
22 20
23 98
24 82
25 67
26 36
27 41
28 100
29 49
30 39
31 74
32 71
33 13
34 19
35 81
36 99
37 40
38 72
39 76
40 73
41 33
42 83
43 32
44 12
45 18
46 96
47 37
48 42
49 97
50 38
51 75
52 35
53 84
54 11
55 16
56 78
57 86
58 25
59 89
60 59
61 47
62 58
63 10
64 17
65 92
66 57
67 51
68 43
69 87
70 85
71 9
72 50
73 31
74 53
75 91
76 77
77 54
78 8
79 90
80 56
81 94
82 63
83 29
84 7
85 45
86 88
87 30
88 5
89 44
90 62
91 95
92 46
93 6
94 60
95 3
96 93
97 61
98 4
99 2
100 0
