118
0 61
1 38
2 30
3 28
4 31
5 25
6 39
7 29
8 26
9 1
10 57
11 16
12 111
13 24
14 63
15 36
16 46
17 79
18 89
19 59
20 23
21 93
22 34
23 88
24 109
25 15
26 22
27 77
28 27
29 84
30 62
31 55
32 47
33 21
34 110
35 58
36 92
37 32
38 14
39 20
40 94
41 60
42 52
43 87
44 83
45 81
46 91
47 95
48 90
49 107
50 13
51 19
52 112
53 53
54 70
55 40
56 99
57 64
58 96
59 76
60 101
61 12
62 18
63 97
64 41
65 35
66 33
67 65
68 72
69 98
70 116
71 11
72 17
73 66
74 100
75 37
76 73
77 48
78 113
79 43
80 10
81 50
82 71
83 69
84 67
85 51
86 117
87 42
88 9
89 68
90 104
91 82
92 105
93 75
94 78
95 8
96 74
97 44
98 106
99 108
100 102
101 7
102 45
103 56
104 54
105 5
106 86
107 80
108 114
109 103
110 6
111 85
112 3
113 49
114 115
115 4
116 2
117 0
