109
0 25
1 45
2 16
3 26
4 24
5 27
6 36
7 33
8 44
9 46
10 95
11 23
12 79
13 28
14 1
15 62
16 15
17 22
18 60
19 70
20 94
21 61
22 57
23 93
24 21
25 59
26 107
27 90
28 108
29 14
30 20
31 89
32 92
33 105
34 63
35 31
36 54
37 58
38 47
39 30
40 81
41 13
42 19
43 82
44 48
45 78
46 56
47 71
48 101
49 38
50 98
51 52
52 12
53 18
54 103
55 72
56 99
57 84
58 74
59 97
60 66
61 37
62 11
63 17
64 64
65 96
66 34
67 29
68 100
69 35
70 65
71 10
72 43
73 80
74 102
75 77
76 68
77 85
78 76
79 9
80 32
81 50
82 40
83 86
84 67
85 55
86 8
87 106
88 51
89 83
90 69
91 39
92 7
93 104
94 49
95 88
96 5
97 53
98 73
99 87
100 42
101 6
102 75
103 3
104 41
105 91
106 4
107 2
108 0
