110
0 31
1 25
2 35
3 16
4 26
5 24
6 27
7 34
8 61
9 58
10 95
11 47
12 23
13 36
14 28
15 1
16 60
17 15
18 22
19 49
20 32
21 56
22 92
23 43
24 62
25 21
26 108
27 88
28 94
29 46
30 14
31 20
32 74
33 93
34 79
35 63
36 52
37 91
38 89
39 103
40 30
41 84
42 13
43 19
44 59
45 39
46 75
47 40
48 85
49 99
50 102
51 69
52 98
53 12
54 18
55 96
56 38
57 97
58 66
59 106
60 37
61 100
62 87
63 11
64 17
65 65
66 71
67 64
68 70
69 48
70 77
71 33
72 10
73 68
74 42
75 44
76 82
77 109
78 45
79 67
80 9
81 107
82 73
83 29
84 83
85 72
86 78
87 8
88 51
89 90
90 50
91 41
92 53
93 7
94 104
95 80
96 105
97 5
98 101
99 54
100 81
101 55
102 6
103 86
104 3
105 57
106 76
107 4
108 2
109 0
