117
0 32
1 37
2 28
3 31
4 25
5 35
6 29
7 26
8 1
9 36
10 16
11 79
12 24
13 46
14 51
15 59
16 45
17 63
18 58
19 23
20 30
21 34
22 61
23 110
24 15
25 22
26 106
27 93
28 109
29 92
30 89
31 56
32 21
33 91
34 88
35 107
36 87
37 14
38 20
39 54
40 90
41 57
42 62
43 95
44 108
45 94
46 60
47 100
48 86
49 13
50 19
51 43
52 99
53 39
54 72
55 98
56 101
57 105
58 67
59 40
60 12
61 18
62 65
63 68
64 27
65 64
66 83
67 38
68 103
69 41
70 11
71 17
72 73
73 114
74 69
75 33
76 52
77 111
78 66
79 10
80 102
81 112
82 78
83 81
84 74
85 70
86 80
87 9
88 71
89 96
90 50
91 44
92 116
93 55
94 8
95 82
96 104
97 97
98 48
99 42
100 7
101 49
102 113
103 76
104 5
105 75
106 84
107 47
108 53
109 6
110 85
111 3
112 77
113 115
114 4
115 2
116 0
