108
0 66
1 33
2 25
3 22
4 69
5 26
6 1
7 31
8 68
9 34
10 23
11 29
12 24
13 72
14 78
15 15
16 74
17 67
18 65
19 28
20 102
21 38
22 53
23 21
24 100
25 64
26 75
27 70
28 14
29 20
30 98
31 101
32 36
33 49
34 96
35 76
36 99
37 81
38 27
39 35
40 13
41 19
42 79
43 97
44 37
45 71
46 73
47 39
48 77
49 50
50 83
51 12
52 18
53 41
54 56
55 89
56 86
57 95
58 55
59 87
60 54
61 11
62 16
63 32
64 48
65 80
66 51
67 103
68 82
69 104
70 10
71 17
72 59
73 93
74 85
75 40
76 84
77 52
78 9
79 58
80 47
81 57
82 44
83 88
84 106
85 8
86 92
87 90
88 60
89 45
90 61
91 7
92 91
93 30
94 62
95 5
96 43
97 107
98 105
99 63
100 6
101 42
102 3
103 46
104 94
105 4
106 2
107 0
