119
0 27
1 33
2 1
3 29
4 55
5 28
6 25
7 56
8 32
9 30
10 26
11 45
12 16
13 53
14 24
15 43
16 51
17 63
18 59
19 57
20 62
21 23
22 92
23 52
24 107
25 61
26 15
27 22
28 37
29 60
30 75
31 84
32 95
33 46
34 21
35 94
36 90
37 109
38 34
39 14
40 20
41 108
42 118
43 93
44 101
45 89
46 110
47 54
48 106
49 86
50 111
51 13
52 19
53 70
54 31
55 115
56 99
57 82
58 113
59 65
60 116
61 91
62 12
63 18
64 35
65 47
66 36
67 100
68 69
69 38
70 68
71 79
72 11
73 17
74 74
75 66
76 98
77 80
78 117
79 64
80 41
81 10
82 97
83 39
84 67
85 96
86 78
87 105
88 85
89 9
90 76
91 103
92 71
93 40
94 114
95 73
96 8
97 87
98 112
99 104
100 42
101 58
102 7
103 44
104 49
105 77
106 5
107 81
108 72
109 102
110 83
111 6
112 88
113 3
114 48
115 50
116 4
117 2
118 0
