104
0 64
1 69
2 23
3 1
4 26
5 29
6 22
7 65
8 80
9 32
10 25
11 15
12 74
13 24
14 71
15 67
16 101
17 36
18 102
19 21
20 59
21 66
22 39
23 98
24 14
25 20
26 72
27 68
28 27
29 77
30 33
31 96
32 81
33 38
34 100
35 73
36 13
37 19
38 31
39 99
40 76
41 70
42 97
43 35
44 75
45 28
46 34
47 12
48 18
49 79
50 57
51 93
52 48
53 90
54 82
55 44
56 41
57 11
58 16
59 50
60 103
61 86
62 30
63 83
64 51
65 49
66 10
67 17
68 54
69 87
70 84
71 52
72 85
73 37
74 9
75 55
76 88
77 56
78 53
79 45
80 89
81 8
82 58
83 42
84 92
85 47
86 43
87 7
88 61
89 95
90 91
91 5
92 63
93 60
94 94
95 46
96 6
97 40
98 3
99 62
100 78
101 4
102 2
103 0
