106
0 77
1 70
2 29
3 26
4 23
5 1
6 28
7 39
8 22
9 34
10 80
11 27
12 53
13 15
14 74
15 24
16 50
17 76
18 55
19 73
20 104
21 21
22 65
23 85
24 71
25 69
26 14
27 20
28 81
29 30
30 25
31 103
32 49
33 68
34 83
35 64
36 75
37 102
38 13
39 19
40 78
41 38
42 99
43 32
44 72
45 101
46 36
47 98
48 35
49 12
50 18
51 33
52 100
53 89
54 96
55 88
56 67
57 97
58 82
59 11
60 16
61 66
62 48
63 57
64 84
65 37
66 87
67 52
68 10
69 17
70 51
71 54
72 41
73 86
74 105
75 40
76 9
77 92
78 90
79 56
80 58
81 47
82 44
83 8
84 63
85 46
86 94
87 42
88 79
89 7
90 61
91 45
92 91
93 5
94 43
95 62
96 60
97 95
98 6
99 59
100 3
101 93
102 31
103 4
104 2
105 0
