102
0 69
1 32
2 65
3 28
4 22
5 27
6 71
7 23
8 76
9 15
10 83
11 72
12 67
13 24
14 64
15 25
16 36
17 21
18 78
19 26
20 1
21 70
22 14
23 20
24 39
25 37
26 35
27 68
28 42
29 91
30 81
31 34
32 66
33 75
34 13
35 19
36 100
37 82
38 96
39 74
40 97
41 77
42 101
43 33
44 73
45 12
46 18
47 99
48 41
49 48
50 98
51 84
52 38
53 80
54 50
55 11
56 16
57 87
58 49
59 53
60 55
61 89
62 60
63 51
64 10
65 17
66 40
67 43
68 85
69 93
70 57
71 54
72 9
73 58
74 31
75 88
76 95
77 52
78 46
79 8
80 62
81 47
82 44
83 56
84 92
85 7
86 86
87 29
88 90
89 5
90 79
91 30
92 63
93 94
94 6
95 45
96 3
97 61
98 59
99 4
100 2
101 0
