105
0 65
1 72
2 26
3 23
4 1
5 28
6 70
7 22
8 34
9 69
10 27
11 50
12 15
13 66
14 24
15 48
16 77
17 79
18 68
19 49
20 21
21 32
22 67
23 75
24 64
25 14
26 20
27 102
28 30
29 35
30 100
31 103
32 99
33 37
34 81
35 73
36 71
37 13
38 19
39 80
40 74
41 33
42 78
43 101
44 98
45 38
46 97
47 54
48 12
49 18
50 96
51 36
52 40
53 82
54 85
55 39
56 84
57 52
58 11
59 16
60 31
61 86
62 104
63 53
64 91
65 83
66 87
67 10
68 17
69 56
70 89
71 41
72 51
73 55
74 88
75 9
76 42
77 44
78 46
79 62
80 76
81 94
82 8
83 43
84 61
85 47
86 25
87 92
88 7
89 63
90 90
91 45
92 5
93 29
94 57
95 93
96 95
97 6
98 59
99 3
100 58
101 60
102 4
103 2
104 0
