107
0 66
1 25
2 22
3 30
4 26
5 1
6 68
7 71
8 65
9 23
10 29
11 24
12 48
13 41
14 15
15 73
16 69
17 64
18 28
19 74
20 38
21 103
22 21
23 34
24 31
25 70
26 101
27 14
28 20
29 67
30 35
31 99
32 40
33 37
34 75
35 98
36 76
37 27
38 97
39 13
40 19
41 39
42 33
43 104
44 100
45 77
46 96
47 36
48 102
49 72
50 12
51 18
52 32
53 84
54 49
55 81
56 85
57 92
58 106
59 89
60 11
61 16
62 105
63 80
64 52
65 50
66 87
67 61
68 51
69 10
70 17
71 46
72 53
73 82
74 86
75 57
76 44
77 9
78 62
79 94
80 43
81 45
82 88
83 83
84 8
85 54
86 59
87 90
88 58
89 91
90 7
91 47
92 42
93 79
94 5
95 56
96 93
97 55
98 63
99 6
100 78
101 3
102 95
103 60
104 4
105 2
106 0
