114
0 47
1 33
2 39
3 29
4 25
5 30
6 34
7 16
8 93
9 24
10 27
11 60
12 83
13 111
14 37
15 58
16 23
17 53
18 28
19 1
20 61
21 15
22 22
23 75
24 55
25 106
26 56
27 82
28 36
29 21
30 109
31 92
32 86
33 72
34 14
35 20
36 71
37 43
38 89
39 63
40 108
41 110
42 88
43 91
44 31
45 95
46 13
47 19
48 90
49 87
50 66
51 78
52 112
53 67
54 113
55 41
56 85
57 12
58 18
59 49
60 57
61 65
62 84
63 107
64 26
65 70
66 79
67 11
68 17
69 64
70 104
71 32
72 105
73 69
74 73
75 68
76 10
77 48
78 97
79 42
80 98
81 38
82 80
83 103
84 9
85 74
86 77
87 35
88 40
89 100
90 102
91 8
92 45
93 59
94 96
95 76
96 99
97 7
98 62
99 50
100 101
101 5
102 52
103 81
104 46
105 51
106 6
107 54
108 3
109 44
110 94
111 4
112 2
113 0
