103
0 64
1 30
2 1
3 27
4 70
5 22
6 65
7 25
8 28
9 81
10 15
11 78
12 23
13 36
14 26
15 69
16 71
17 49
18 21
19 102
20 76
21 40
22 101
23 14
24 20
25 38
26 66
27 24
28 77
29 33
30 67
31 37
32 100
33 74
34 96
35 13
36 19
37 32
38 98
39 39
40 97
41 87
42 35
43 68
44 72
45 34
46 12
47 18
48 46
49 92
50 84
51 99
52 88
53 86
54 55
55 93
56 11
57 16
58 73
59 51
60 48
61 82
62 52
63 50
64 80
65 10
66 17
67 75
68 90
69 43
70 54
71 44
72 53
73 9
74 83
75 47
76 41
77 91
78 42
79 56
80 8
81 57
82 89
83 63
84 94
85 60
86 7
87 31
88 45
89 58
90 5
91 85
92 62
93 95
94 79
95 6
96 59
97 3
98 29
99 61
100 4
101 2
102 0
