112
0 72
1 32
2 25
3 29
4 26
5 16
6 69
7 24
8 27
9 61
10 71
11 78
12 68
13 66
14 23
15 30
16 28
17 1
18 75
19 15
20 22
21 64
22 104
23 67
24 44
25 106
26 102
27 21
28 35
29 65
30 48
31 77
32 14
33 20
34 37
35 70
36 101
37 82
38 97
39 49
40 100
41 41
42 96
43 105
44 13
45 19
46 79
47 74
48 98
49 73
50 36
51 81
52 51
53 34
54 103
55 12
56 18
57 99
58 83
59 42
60 40
61 38
62 52
63 111
64 80
65 11
66 17
67 31
68 39
69 110
70 108
71 92
72 109
73 33
74 10
75 54
76 84
77 43
78 91
79 107
80 85
81 53
82 9
83 50
84 88
85 86
86 59
87 93
88 76
89 8
90 87
91 56
92 60
93 46
94 55
95 7
96 94
97 45
98 90
99 5
100 89
101 57
102 95
103 58
104 6
105 63
106 3
107 47
108 62
109 4
110 2
111 0
