113
0 33
1 65
2 29
3 25
4 30
5 34
6 16
7 69
8 24
9 27
10 109
11 80
12 67
13 37
14 64
15 23
16 72
17 28
18 1
19 40
20 15
21 22
22 68
23 76
24 103
25 97
26 41
27 36
28 21
29 102
30 70
31 98
32 38
33 14
34 20
35 66
36 71
37 96
38 86
39 104
40 110
41 54
42 99
43 101
44 81
45 13
46 19
47 107
48 82
49 74
50 78
51 35
52 52
53 73
54 39
55 85
56 12
57 18
58 112
59 50
60 48
61 55
62 105
63 26
64 56
65 84
66 11
67 17
68 100
69 49
70 32
71 75
72 108
73 42
74 88
75 10
76 83
77 89
78 43
79 57
80 59
81 51
82 53
83 9
84 87
85 90
86 61
87 77
88 111
89 106
90 8
91 93
92 45
93 92
94 58
95 62
96 7
97 79
98 94
99 46
100 5
101 60
102 91
103 31
104 44
105 6
106 63
107 3
108 95
109 47
110 4
111 2
112 0
