111
0 93
1 31
2 25
3 91
4 16
5 26
6 24
7 27
8 47
9 44
10 79
11 110
12 95
13 23
14 36
15 28
16 1
17 45
18 15
19 22
20 61
21 108
22 76
23 63
24 94
25 59
26 21
27 88
28 42
29 87
30 62
31 14
32 20
33 107
34 86
35 106
36 55
37 43
38 89
39 92
40 57
41 30
42 80
43 13
44 19
45 109
46 54
47 58
48 103
49 85
50 52
51 75
52 83
53 102
54 12
55 18
56 81
57 49
58 84
59 66
60 104
61 38
62 77
63 100
64 11
65 17
66 64
67 71
68 68
69 48
70 99
71 33
72 41
73 10
74 40
75 53
76 69
77 67
78 105
79 70
80 96
81 9
82 78
83 82
84 35
85 65
86 72
87 74
88 8
89 98
90 34
91 32
92 97
93 50
94 7
95 37
96 56
97 73
98 5
99 60
100 101
101 46
102 51
103 6
104 29
105 3
106 90
107 39
108 4
109 2
110 0
