88
0 57
1 31
2 52
3 69
4 20
5 51
6 65
7 58
8 14
9 21
10 27
11 64
12 1
13 50
14 85
15 83
16 19
17 73
18 22
19 86
20 13
21 18
22 33
23 24
24 37
25 34
26 48
27 41
28 66
29 68
30 32
31 12
32 17
33 67
34 76
35 35
36 77
37 42
38 70
39 38
40 75
41 11
42 16
43 53
44 39
45 71
46 79
47 45
48 72
49 74
50 10
51 15
52 43
53 49
54 81
55 26
56 84
57 36
58 9
59 25
60 54
61 82
62 80
63 46
64 87
65 8
66 56
67 40
68 23
69 55
70 78
71 7
72 47
73 61
74 30
75 5
76 60
77 44
78 28
79 59
80 6
81 63
82 3
83 29
84 62
85 4
86 2
87 0
