89
0 26
1 28
2 1
3 39
4 78
5 20
6 67
7 63
8 57
9 14
10 31
11 64
12 25
13 58
14 24
15 49
16 76
17 19
18 62
19 86
20 88
21 13
22 18
23 61
24 83
25 66
26 37
27 74
28 65
29 22
30 72
31 38
32 12
33 17
34 43
35 68
36 40
37 23
38 81
39 85
40 69
41 71
42 11
43 16
44 34
45 73
46 70
47 50
48 48
49 80
50 33
51 10
52 15
53 32
54 79
55 77
56 75
57 42
58 36
59 9
60 35
61 59
62 44
63 51
64 53
65 60
66 8
67 54
68 45
69 41
70 30
71 52
72 7
73 87
74 82
75 29
76 5
77 21
78 84
79 55
80 47
81 6
82 46
83 3
84 27
85 56
86 4
87 2
88 0
