95
0 66
1 83
2 15
3 25
4 23
5 28
6 65
7 34
8 22
9 52
10 21
11 67
12 51
13 64
14 86
15 14
16 20
17 43
18 72
19 79
20 68
21 41
22 90
23 35
24 85
25 1
26 42
27 13
28 19
29 44
30 77
31 80
32 38
33 73
34 71
35 69
36 74
37 46
38 12
39 18
40 36
41 76
42 94
43 48
44 37
45 70
46 88
47 75
48 11
49 16
50 32
51 81
52 50
53 55
54 49
55 84
56 33
57 10
58 17
59 40
60 92
61 62
62 24
63 53
64 82
65 9
66 63
67 91
68 89
69 57
70 31
71 26
72 8
73 58
74 47
75 39
76 54
77 60
78 7
79 45
80 87
81 61
82 5
83 93
84 78
85 56
86 27
87 6
88 30
89 3
90 59
91 29
92 4
93 2
94 0
