90
0 44
1 57
2 21
3 1
4 24
5 52
6 20
7 66
8 53
9 25
10 14
11 48
12 64
13 70
14 80
15 84
16 22
17 89
18 19
19 82
20 50
21 71
22 13
23 18
24 42
25 85
26 41
27 38
28 36
29 69
30 65
31 72
32 68
33 12
34 17
35 74
36 35
37 79
38 34
39 39
40 67
41 33
42 51
43 11
44 16
45 78
46 75
47 32
48 37
49 73
50 55
51 76
52 10
53 15
54 23
55 77
56 63
57 83
58 28
59 87
60 9
61 54
62 49
63 86
64 81
65 43
66 30
67 8
68 56
69 59
70 27
71 47
72 58
73 7
74 40
75 29
76 26
77 5
78 88
79 60
80 45
81 61
82 6
83 46
84 3
85 62
86 31
87 4
88 2
89 0
