94
0 57
1 28
2 1
3 64
4 20
5 69
6 72
7 25
8 55
9 52
10 21
11 70
12 65
13 23
14 14
15 82
16 22
17 30
18 67
19 90
20 49
21 62
22 19
23 85
24 80
25 71
26 13
27 18
28 48
29 33
30 68
31 39
32 74
33 35
34 41
35 36
36 66
37 12
38 17
39 73
40 77
41 24
42 78
43 88
44 79
45 76
46 44
47 11
48 16
49 38
50 32
51 75
52 37
53 46
54 34
55 45
56 10
57 15
58 81
59 51
60 54
61 86
62 83
63 40
64 9
65 53
66 92
67 89
68 87
69 50
70 84
71 8
72 56
73 43
74 27
75 61
76 91
77 7
78 29
79 26
80 47
81 5
82 31
83 42
84 58
85 63
86 6
87 59
88 3
89 60
90 93
91 4
92 2
93 0
