93
0 70
1 30
2 65
3 20
4 64
5 61
6 55
7 68
8 52
9 21
10 37
11 22
12 67
13 14
14 62
15 1
16 29
17 69
18 80
19 84
20 23
21 19
22 24
23 90
24 32
25 13
26 18
27 74
28 81
29 66
30 34
31 71
32 48
33 26
34 40
35 73
36 12
37 17
38 35
39 72
40 76
41 82
42 42
43 85
44 75
45 77
46 11
47 16
48 33
49 39
50 46
51 38
52 47
53 44
54 78
55 10
56 15
57 87
58 57
59 53
60 83
61 86
62 25
63 9
64 36
65 49
66 41
67 50
68 88
69 58
70 8
71 89
72 54
73 51
74 79
75 43
76 7
77 28
78 59
79 27
80 5
81 60
82 92
83 56
84 91
85 6
86 63
87 3
88 45
89 31
90 4
91 2
92 0
