98
0 64
1 27
2 22
3 24
4 77
5 15
6 25
7 23
8 66
9 76
10 65
11 82
12 39
13 21
14 47
15 69
16 60
17 42
18 14
19 20
20 71
21 36
22 96
23 35
24 48
25 67
26 29
27 38
28 1
29 79
30 13
31 19
32 78
33 70
34 72
35 34
36 68
37 97
38 81
39 32
40 40
41 12
42 18
43 73
44 50
45 80
46 91
47 83
48 87
49 89
50 55
51 11
52 16
53 75
54 58
55 84
56 30
57 52
58 86
59 41
60 10
61 17
62 49
63 57
64 53
65 37
66 56
67 59
68 9
69 44
70 93
71 85
72 74
73 28
74 33
75 8
76 45
77 94
78 46
79 88
80 43
81 7
82 95
83 62
84 31
85 5
86 63
87 54
88 26
89 51
90 6
91 61
92 3
93 90
94 92
95 4
96 2
97 0
